[0.029s] Invoking command in '/home/claudio/tiago_public_ws/build/pal_robotiq_gripper': AMENT_PREFIX_PATH=/home/claudio/tiago_public_ws/install/pal_robotiq_description:/home/claudio/tiago_public_ws/install/pal_robotiq_controller_configuration:${AMENT_PREFIX_PATH} CMAKE_PREFIX_PATH=/home/claudio/tiago_public_ws/install/pal_robotiq_description:/home/claudio/tiago_public_ws/install/pal_robotiq_controller_configuration:/opt/ros/humble /usr/bin/cmake /home/claudio/tiago_public_ws/src/pal_robotiq_gripper/pal_robotiq_gripper -DAMENT_CMAKE_SYMLINK_INSTALL=1 -DCMAKE_INSTALL_PREFIX=/home/claudio/tiago_public_ws/install/pal_robotiq_gripper
[0.280s] -- The C compiler identification is GNU 11.4.0
[0.530s] -- The CXX compiler identification is GNU 11.4.0
[0.552s] -- Detecting C compiler ABI info
[0.872s] -- Detecting C compiler ABI info - done
[0.945s] -- Check for working C compiler: /usr/bin/cc - skipped
[0.953s] -- Detecting C compile features
[0.954s] -- Detecting C compile features - done
[0.978s] -- Detecting CXX compiler ABI info
[1.365s] -- Detecting CXX compiler ABI info - done
[1.420s] -- Check for working CXX compiler: /usr/bin/c++ - skipped
[1.425s] -- Detecting CXX compile features
[1.425s] -- Detecting CXX compile features - done
[1.428s] -- Found ament_cmake_auto: 1.3.11 (/opt/ros/humble/share/ament_cmake_auto/cmake)
[1.897s] -- Found Python3: /usr/bin/python3 (found version "3.10.12") found components: Interpreter 
[2.148s] -- Override CMake install command with custom implementation using symlinks instead of copying resources
[2.854s] -- Found rosidl_generator_c: 3.1.6 (/opt/ros/humble/share/rosidl_generator_c/cmake)
[2.887s] -- Found rosidl_adapter: 3.1.6 (/opt/ros/humble/share/rosidl_adapter/cmake)
[2.944s] -- Found rosidl_generator_cpp: 3.1.6 (/opt/ros/humble/share/rosidl_generator_cpp/cmake)
[3.001s] -- Using all available rosidl_typesupport_c: rosidl_typesupport_fastrtps_c;rosidl_typesupport_introspection_c
[3.057s] -- Using all available rosidl_typesupport_cpp: rosidl_typesupport_fastrtps_cpp;rosidl_typesupport_introspection_cpp
[3.364s] -- Found rmw_implementation_cmake: 6.1.2 (/opt/ros/humble/share/rmw_implementation_cmake/cmake)
[3.383s] -- Found rmw_fastrtps_cpp: 6.2.7 (/opt/ros/humble/share/rmw_fastrtps_cpp/cmake)
[3.851s] -- Found OpenSSL: /usr/lib/x86_64-linux-gnu/libcrypto.so (found version "3.0.2")  
[3.992s] -- Found FastRTPS: /opt/ros/humble/include  
[4.224s] -- Using RMW implementation 'rmw_fastrtps_cpp' as default
[4.294s] -- Looking for pthread.h
[4.651s] -- Looking for pthread.h - found
[4.654s] -- Performing Test CMAKE_HAVE_LIBC_PTHREAD
[5.029s] -- Performing Test CMAKE_HAVE_LIBC_PTHREAD - Success
[5.032s] -- Found Threads: TRUE  
[5.413s] -- Found ament_lint_auto: 0.12.11 (/opt/ros/humble/share/ament_lint_auto/cmake)
[5.528s] -- Added test 'copyright' to check source files copyright and LICENSE
[5.539s] -- Added test 'lint_cmake' to check CMake code style
[5.540s] -- Added test 'xmllint' to check XML markup files
[5.547s] -- Configuring done
[5.570s] -- Generating done
[5.583s] -- Build files have been written to: /home/claudio/tiago_public_ws/build/pal_robotiq_gripper
[5.630s] Invoked command in '/home/claudio/tiago_public_ws/build/pal_robotiq_gripper' returned '0': AMENT_PREFIX_PATH=/home/claudio/tiago_public_ws/install/pal_robotiq_description:/home/claudio/tiago_public_ws/install/pal_robotiq_controller_configuration:${AMENT_PREFIX_PATH} CMAKE_PREFIX_PATH=/home/claudio/tiago_public_ws/install/pal_robotiq_description:/home/claudio/tiago_public_ws/install/pal_robotiq_controller_configuration:/opt/ros/humble /usr/bin/cmake /home/claudio/tiago_public_ws/src/pal_robotiq_gripper/pal_robotiq_gripper -DAMENT_CMAKE_SYMLINK_INSTALL=1 -DCMAKE_INSTALL_PREFIX=/home/claudio/tiago_public_ws/install/pal_robotiq_gripper
[5.631s] Invoking command in '/home/claudio/tiago_public_ws/build/pal_robotiq_gripper': AMENT_PREFIX_PATH=/home/claudio/tiago_public_ws/install/pal_robotiq_description:/home/claudio/tiago_public_ws/install/pal_robotiq_controller_configuration:${AMENT_PREFIX_PATH} CMAKE_PREFIX_PATH=/home/claudio/tiago_public_ws/install/pal_robotiq_description:/home/claudio/tiago_public_ws/install/pal_robotiq_controller_configuration:/opt/ros/humble /usr/bin/cmake --build /home/claudio/tiago_public_ws/build/pal_robotiq_gripper -- -j4 -l4
[5.792s] Invoked command in '/home/claudio/tiago_public_ws/build/pal_robotiq_gripper' returned '0': AMENT_PREFIX_PATH=/home/claudio/tiago_public_ws/install/pal_robotiq_description:/home/claudio/tiago_public_ws/install/pal_robotiq_controller_configuration:${AMENT_PREFIX_PATH} CMAKE_PREFIX_PATH=/home/claudio/tiago_public_ws/install/pal_robotiq_description:/home/claudio/tiago_public_ws/install/pal_robotiq_controller_configuration:/opt/ros/humble /usr/bin/cmake --build /home/claudio/tiago_public_ws/build/pal_robotiq_gripper -- -j4 -l4
[5.793s] Invoking command in '/home/claudio/tiago_public_ws/build/pal_robotiq_gripper': AMENT_PREFIX_PATH=/home/claudio/tiago_public_ws/install/pal_robotiq_description:/home/claudio/tiago_public_ws/install/pal_robotiq_controller_configuration:${AMENT_PREFIX_PATH} CMAKE_PREFIX_PATH=/home/claudio/tiago_public_ws/install/pal_robotiq_description:/home/claudio/tiago_public_ws/install/pal_robotiq_controller_configuration:/opt/ros/humble /usr/bin/cmake --install /home/claudio/tiago_public_ws/build/pal_robotiq_gripper
[5.830s] -- Install configuration: ""
[5.832s] -- Execute custom install script
[5.833s] -- Symlinking: /home/claudio/tiago_public_ws/install/pal_robotiq_gripper/share/ament_index/resource_index/package_run_dependencies/pal_robotiq_gripper
[5.881s] -- Symlinking: /home/claudio/tiago_public_ws/install/pal_robotiq_gripper/share/ament_index/resource_index/parent_prefix_path/pal_robotiq_gripper
[5.923s] -- Symlinking: /home/claudio/tiago_public_ws/install/pal_robotiq_gripper/share/pal_robotiq_gripper/environment/ament_prefix_path.sh
[5.974s] -- Symlinking: /home/claudio/tiago_public_ws/install/pal_robotiq_gripper/share/pal_robotiq_gripper/environment/ament_prefix_path.dsv
[6.023s] -- Symlinking: /home/claudio/tiago_public_ws/install/pal_robotiq_gripper/share/pal_robotiq_gripper/environment/path.sh
[6.064s] -- Symlinking: /home/claudio/tiago_public_ws/install/pal_robotiq_gripper/share/pal_robotiq_gripper/environment/path.dsv
[6.106s] -- Symlinking: /home/claudio/tiago_public_ws/install/pal_robotiq_gripper/share/pal_robotiq_gripper/local_setup.bash
[6.144s] -- Symlinking: /home/claudio/tiago_public_ws/install/pal_robotiq_gripper/share/pal_robotiq_gripper/local_setup.sh
[6.177s] -- Symlinking: /home/claudio/tiago_public_ws/install/pal_robotiq_gripper/share/pal_robotiq_gripper/local_setup.zsh
[6.214s] -- Symlinking: /home/claudio/tiago_public_ws/install/pal_robotiq_gripper/share/pal_robotiq_gripper/local_setup.dsv
[6.257s] -- Symlinking: /home/claudio/tiago_public_ws/install/pal_robotiq_gripper/share/pal_robotiq_gripper/package.dsv
[6.299s] -- Symlinking: /home/claudio/tiago_public_ws/install/pal_robotiq_gripper/share/ament_index/resource_index/packages/pal_robotiq_gripper
[6.341s] -- Symlinking: /home/claudio/tiago_public_ws/install/pal_robotiq_gripper/share/pal_robotiq_gripper/cmake/pal_robotiq_gripperConfig.cmake
[6.378s] -- Symlinking: /home/claudio/tiago_public_ws/install/pal_robotiq_gripper/share/pal_robotiq_gripper/cmake/pal_robotiq_gripperConfig-version.cmake
[6.413s] -- Symlinking: /home/claudio/tiago_public_ws/install/pal_robotiq_gripper/share/pal_robotiq_gripper/package.xml
[6.478s] Invoked command in '/home/claudio/tiago_public_ws/build/pal_robotiq_gripper' returned '0': AMENT_PREFIX_PATH=/home/claudio/tiago_public_ws/install/pal_robotiq_description:/home/claudio/tiago_public_ws/install/pal_robotiq_controller_configuration:${AMENT_PREFIX_PATH} CMAKE_PREFIX_PATH=/home/claudio/tiago_public_ws/install/pal_robotiq_description:/home/claudio/tiago_public_ws/install/pal_robotiq_controller_configuration:/opt/ros/humble /usr/bin/cmake --install /home/claudio/tiago_public_ws/build/pal_robotiq_gripper
