[0.031s] Invoking command in '/home/claudio/tiago_public_ws/build/tiago_laser_sensors': AMENT_PREFIX_PATH=/home/claudio/tiago_public_ws/install/pmb2_laser_sensors:${AMENT_PREFIX_PATH} CMAKE_PREFIX_PATH=/home/claudio/tiago_public_ws/install/pmb2_laser_sensors:/opt/ros/humble /usr/bin/cmake /home/claudio/tiago_public_ws/src/tiago_navigation/tiago_laser_sensors -DAMENT_CMAKE_SYMLINK_INSTALL=1 -DCMAKE_INSTALL_PREFIX=/home/claudio/tiago_public_ws/install/tiago_laser_sensors
[0.240s] -- The C compiler identification is GNU 11.4.0
[0.482s] -- The CXX compiler identification is GNU 11.4.0
[0.518s] -- Detecting C compiler ABI info
[0.826s] -- Detecting C compiler ABI info - done
[0.878s] -- Check for working C compiler: /usr/bin/cc - skipped
[0.879s] -- Detecting C compile features
[0.883s] -- Detecting C compile features - done
[0.898s] -- Detecting CXX compiler ABI info
[1.208s] -- Detecting CXX compiler ABI info - done
[1.252s] -- Check for working CXX compiler: /usr/bin/c++ - skipped
[1.258s] -- Detecting CXX compile features
[1.258s] -- Detecting CXX compile features - done
[1.268s] -- Found ament_cmake_auto: 1.3.11 (/opt/ros/humble/share/ament_cmake_auto/cmake)
[1.763s] -- Found Python3: /usr/bin/python3 (found version "3.10.12") found components: Interpreter 
[1.926s] -- Override CMake install command with custom implementation using symlinks instead of copying resources
[2.370s] -- Added test 'copyright' to check source files copyright and LICENSE
[2.379s] -- Added test 'lint_cmake' to check CMake code style
[2.382s] -- Added test 'xmllint' to check XML markup files
[2.388s] -- Configuring done
[2.400s] -- Generating done
[2.409s] -- Build files have been written to: /home/claudio/tiago_public_ws/build/tiago_laser_sensors
[2.430s] Invoked command in '/home/claudio/tiago_public_ws/build/tiago_laser_sensors' returned '0': AMENT_PREFIX_PATH=/home/claudio/tiago_public_ws/install/pmb2_laser_sensors:${AMENT_PREFIX_PATH} CMAKE_PREFIX_PATH=/home/claudio/tiago_public_ws/install/pmb2_laser_sensors:/opt/ros/humble /usr/bin/cmake /home/claudio/tiago_public_ws/src/tiago_navigation/tiago_laser_sensors -DAMENT_CMAKE_SYMLINK_INSTALL=1 -DCMAKE_INSTALL_PREFIX=/home/claudio/tiago_public_ws/install/tiago_laser_sensors
[2.431s] Invoking command in '/home/claudio/tiago_public_ws/build/tiago_laser_sensors': AMENT_PREFIX_PATH=/home/claudio/tiago_public_ws/install/pmb2_laser_sensors:${AMENT_PREFIX_PATH} CMAKE_PREFIX_PATH=/home/claudio/tiago_public_ws/install/pmb2_laser_sensors:/opt/ros/humble /usr/bin/cmake --build /home/claudio/tiago_public_ws/build/tiago_laser_sensors -- -j4 -l4
[2.588s] Invoked command in '/home/claudio/tiago_public_ws/build/tiago_laser_sensors' returned '0': AMENT_PREFIX_PATH=/home/claudio/tiago_public_ws/install/pmb2_laser_sensors:${AMENT_PREFIX_PATH} CMAKE_PREFIX_PATH=/home/claudio/tiago_public_ws/install/pmb2_laser_sensors:/opt/ros/humble /usr/bin/cmake --build /home/claudio/tiago_public_ws/build/tiago_laser_sensors -- -j4 -l4
[2.597s] Invoking command in '/home/claudio/tiago_public_ws/build/tiago_laser_sensors': AMENT_PREFIX_PATH=/home/claudio/tiago_public_ws/install/pmb2_laser_sensors:${AMENT_PREFIX_PATH} CMAKE_PREFIX_PATH=/home/claudio/tiago_public_ws/install/pmb2_laser_sensors:/opt/ros/humble /usr/bin/cmake --install /home/claudio/tiago_public_ws/build/tiago_laser_sensors
[2.623s] -- Install configuration: ""
[2.629s] -- Execute custom install script
[2.634s] -- Symlinking: /home/claudio/tiago_public_ws/install/tiago_laser_sensors/share/ament_index/resource_index/package_run_dependencies/tiago_laser_sensors
[2.679s] -- Symlinking: /home/claudio/tiago_public_ws/install/tiago_laser_sensors/share/ament_index/resource_index/parent_prefix_path/tiago_laser_sensors
[2.710s] -- Symlinking: /home/claudio/tiago_public_ws/install/tiago_laser_sensors/share/tiago_laser_sensors/environment/ament_prefix_path.sh
[2.745s] -- Symlinking: /home/claudio/tiago_public_ws/install/tiago_laser_sensors/share/tiago_laser_sensors/environment/ament_prefix_path.dsv
[2.769s] -- Symlinking: /home/claudio/tiago_public_ws/install/tiago_laser_sensors/share/tiago_laser_sensors/environment/path.sh
[2.800s] -- Symlinking: /home/claudio/tiago_public_ws/install/tiago_laser_sensors/share/tiago_laser_sensors/environment/path.dsv
[2.835s] -- Symlinking: /home/claudio/tiago_public_ws/install/tiago_laser_sensors/share/tiago_laser_sensors/local_setup.bash
[2.858s] -- Symlinking: /home/claudio/tiago_public_ws/install/tiago_laser_sensors/share/tiago_laser_sensors/local_setup.sh
[2.874s] -- Symlinking: /home/claudio/tiago_public_ws/install/tiago_laser_sensors/share/tiago_laser_sensors/local_setup.zsh
[2.907s] -- Symlinking: /home/claudio/tiago_public_ws/install/tiago_laser_sensors/share/tiago_laser_sensors/local_setup.dsv
[2.928s] -- Symlinking: /home/claudio/tiago_public_ws/install/tiago_laser_sensors/share/tiago_laser_sensors/package.dsv
[2.946s] -- Symlinking: /home/claudio/tiago_public_ws/install/tiago_laser_sensors/share/ament_index/resource_index/packages/tiago_laser_sensors
[2.968s] -- Symlinking: /home/claudio/tiago_public_ws/install/tiago_laser_sensors/share/tiago_laser_sensors/cmake/tiago_laser_sensorsConfig.cmake
[2.984s] -- Symlinking: /home/claudio/tiago_public_ws/install/tiago_laser_sensors/share/tiago_laser_sensors/cmake/tiago_laser_sensorsConfig-version.cmake
[3.003s] -- Symlinking: /home/claudio/tiago_public_ws/install/tiago_laser_sensors/share/tiago_laser_sensors/package.xml
[3.039s] Invoked command in '/home/claudio/tiago_public_ws/build/tiago_laser_sensors' returned '0': AMENT_PREFIX_PATH=/home/claudio/tiago_public_ws/install/pmb2_laser_sensors:${AMENT_PREFIX_PATH} CMAKE_PREFIX_PATH=/home/claudio/tiago_public_ws/install/pmb2_laser_sensors:/opt/ros/humble /usr/bin/cmake --install /home/claudio/tiago_public_ws/build/tiago_laser_sensors
