-- Found ament_cmake_auto: 1.3.11 (/opt/ros/humble/share/ament_cmake_auto/cmake)
-- Override CMake install command with custom implementation using symlinks instead of copying resources
-- Found ament_lint_auto: 0.12.11 (/opt/ros/humble/share/ament_lint_auto/cmake)
-- Added test 'copyright' to check source files copyright and LICENSE
-- Added test 'flake8' to check Python code syntax and style conventions
-- Added test 'lint_cmake' to check CMake code style
-- Added test 'pep257' to check Python code against some of the docstring style conventions in PEP 257
-- Added test 'xmllint' to check XML markup files
-- Configuring done
-- Generating done
-- Build files have been written to: /home/claudio/tiago_public_ws/build/pal_robotiq_controller_configuration
-- Install configuration: ""
-- Execute custom install script
-- Up-to-date symlink: /home/claudio/tiago_public_ws/install/pal_robotiq_controller_configuration/share/pal_robotiq_controller_configuration/config/robotiq_gripper_controller.yaml
-- Up-to-date symlink: /home/claudio/tiago_public_ws/install/pal_robotiq_controller_configuration/share/pal_robotiq_controller_configuration/launch/robotiq_gripper_controller.launch.py
-- Up-to-date symlink: /home/claudio/tiago_public_ws/install/pal_robotiq_controller_configuration/share/ament_index/resource_index/package_run_dependencies/pal_robotiq_controller_configuration
-- Up-to-date symlink: /home/claudio/tiago_public_ws/install/pal_robotiq_controller_configuration/share/ament_index/resource_index/parent_prefix_path/pal_robotiq_controller_configuration
-- Up-to-date symlink: /home/claudio/tiago_public_ws/install/pal_robotiq_controller_configuration/share/pal_robotiq_controller_configuration/environment/ament_prefix_path.sh
-- Up-to-date symlink: /home/claudio/tiago_public_ws/install/pal_robotiq_controller_configuration/share/pal_robotiq_controller_configuration/environment/ament_prefix_path.dsv
-- Up-to-date symlink: /home/claudio/tiago_public_ws/install/pal_robotiq_controller_configuration/share/pal_robotiq_controller_configuration/environment/path.sh
-- Up-to-date symlink: /home/claudio/tiago_public_ws/install/pal_robotiq_controller_configuration/share/pal_robotiq_controller_configuration/environment/path.dsv
-- Up-to-date symlink: /home/claudio/tiago_public_ws/install/pal_robotiq_controller_configuration/share/pal_robotiq_controller_configuration/local_setup.bash
-- Up-to-date symlink: /home/claudio/tiago_public_ws/install/pal_robotiq_controller_configuration/share/pal_robotiq_controller_configuration/local_setup.sh
-- Up-to-date symlink: /home/claudio/tiago_public_ws/install/pal_robotiq_controller_configuration/share/pal_robotiq_controller_configuration/local_setup.zsh
-- Up-to-date symlink: /home/claudio/tiago_public_ws/install/pal_robotiq_controller_configuration/share/pal_robotiq_controller_configuration/local_setup.dsv
-- Symlinking: /home/claudio/tiago_public_ws/install/pal_robotiq_controller_configuration/share/pal_robotiq_controller_configuration/package.dsv
-- Up-to-date symlink: /home/claudio/tiago_public_ws/install/pal_robotiq_controller_configuration/share/ament_index/resource_index/packages/pal_robotiq_controller_configuration
-- Up-to-date symlink: /home/claudio/tiago_public_ws/install/pal_robotiq_controller_configuration/share/pal_robotiq_controller_configuration/cmake/pal_robotiq_controller_configurationConfig.cmake
-- Up-to-date symlink: /home/claudio/tiago_public_ws/install/pal_robotiq_controller_configuration/share/pal_robotiq_controller_configuration/cmake/pal_robotiq_controller_configurationConfig-version.cmake
-- Up-to-date symlink: /home/claudio/tiago_public_ws/install/pal_robotiq_controller_configuration/share/pal_robotiq_controller_configuration/package.xml
