[0.386s] DEBUG:colcon:Command line arguments: ['/usr/bin/colcon', 'build']
[0.386s] DEBUG:colcon:Parsed command line arguments: Namespace(log_base=None, log_level=None, verb_name='build', build_base='build', install_base='install', merge_install=False, symlink_install=False, test_result_base=None, continue_on_error=False, executor='parallel', parallel_workers=4, event_handlers=None, ignore_user_meta=False, metas=['./colcon.meta'], base_paths=['.'], packages_ignore=None, packages_ignore_regex=None, paths=None, packages_up_to=None, packages_up_to_regex=None, packages_above=None, packages_above_and_dependencies=None, packages_above_depth=None, packages_select_by_dep=None, packages_skip_by_dep=None, packages_skip_up_to=None, packages_select_build_failed=False, packages_skip_build_finished=False, packages_select_test_failures=False, packages_skip_test_passed=False, packages_select=None, packages_skip=None, packages_select_regex=None, packages_skip_regex=None, packages_start=None, packages_end=None, allow_overriding=[], cmake_args=None, cmake_target=None, cmake_target_skip_unavailable=False, cmake_clean_cache=False, cmake_clean_first=False, cmake_force_configure=False, ament_cmake_args=None, catkin_cmake_args=None, catkin_skip_building_tests=False, verb_parser=<colcon_defaults.argument_parser.defaults.DefaultArgumentsDecorator object at 0x7435e371e920>, verb_extension=<colcon_core.verb.build.BuildVerb object at 0x7435e3898400>, main=<bound method BuildVerb.main of <colcon_core.verb.build.BuildVerb object at 0x7435e3898400>>)
[1.096s] Level 1:colcon.colcon_core.package_discovery:discover_packages(colcon_meta) check parameters
[1.096s] Level 1:colcon.colcon_core.package_discovery:discover_packages(recursive) check parameters
[1.096s] Level 1:colcon.colcon_core.package_discovery:discover_packages(ignore) check parameters
[1.096s] Level 1:colcon.colcon_core.package_discovery:discover_packages(path) check parameters
[1.096s] Level 1:colcon.colcon_core.package_discovery:discover_packages(colcon_meta) discover
[1.097s] Level 1:colcon.colcon_core.package_discovery:discover_packages(recursive) discover
[1.097s] INFO:colcon.colcon_core.package_discovery:Crawling recursively for packages in '/home/claudio/progetto_ros2'
[1.097s] Level 1:colcon.colcon_core.package_identification:_identify(.) by extensions ['ignore', 'ignore_ament_install']
[1.097s] Level 1:colcon.colcon_core.package_identification:_identify(.) by extension 'ignore'
[1.098s] Level 1:colcon.colcon_core.package_identification:_identify(.) by extension 'ignore_ament_install'
[1.098s] Level 1:colcon.colcon_core.package_identification:_identify(.) by extensions ['colcon_pkg']
[1.098s] Level 1:colcon.colcon_core.package_identification:_identify(.) by extension 'colcon_pkg'
[1.098s] Level 1:colcon.colcon_core.package_identification:_identify(.) by extensions ['colcon_meta']
[1.099s] Level 1:colcon.colcon_core.package_identification:_identify(.) by extension 'colcon_meta'
[1.099s] Level 1:colcon.colcon_core.package_identification:_identify(.) by extensions ['ros']
[1.099s] Level 1:colcon.colcon_core.package_identification:_identify(.) by extension 'ros'
[1.151s] Level 1:colcon.colcon_core.package_identification:_identify(.) by extensions ['cmake', 'python']
[1.151s] Level 1:colcon.colcon_core.package_identification:_identify(.) by extension 'cmake'
[1.151s] Level 1:colcon.colcon_core.package_identification:_identify(.) by extension 'python'
[1.151s] Level 1:colcon.colcon_core.package_identification:_identify(.) by extensions ['python_setup_py']
[1.151s] Level 1:colcon.colcon_core.package_identification:_identify(.) by extension 'python_setup_py'
[1.152s] Level 1:colcon.colcon_core.package_identification:_identify(build) by extensions ['ignore', 'ignore_ament_install']
[1.152s] Level 1:colcon.colcon_core.package_identification:_identify(build) by extension 'ignore'
[1.152s] Level 1:colcon.colcon_core.package_identification:_identify(build) ignored
[1.153s] Level 1:colcon.colcon_core.package_identification:_identify(install) by extensions ['ignore', 'ignore_ament_install']
[1.153s] Level 1:colcon.colcon_core.package_identification:_identify(install) by extension 'ignore'
[1.153s] Level 1:colcon.colcon_core.package_identification:_identify(install) ignored
[1.153s] Level 1:colcon.colcon_core.package_identification:_identify(log) by extensions ['ignore', 'ignore_ament_install']
[1.154s] Level 1:colcon.colcon_core.package_identification:_identify(log) by extension 'ignore'
[1.154s] Level 1:colcon.colcon_core.package_identification:_identify(log) ignored
[1.155s] Level 1:colcon.colcon_core.package_identification:_identify(src) by extensions ['ignore', 'ignore_ament_install']
[1.155s] Level 1:colcon.colcon_core.package_identification:_identify(src) by extension 'ignore'
[1.155s] Level 1:colcon.colcon_core.package_identification:_identify(src) by extension 'ignore_ament_install'
[1.155s] Level 1:colcon.colcon_core.package_identification:_identify(src) by extensions ['colcon_pkg']
[1.155s] Level 1:colcon.colcon_core.package_identification:_identify(src) by extension 'colcon_pkg'
[1.155s] Level 1:colcon.colcon_core.package_identification:_identify(src) by extensions ['colcon_meta']
[1.156s] Level 1:colcon.colcon_core.package_identification:_identify(src) by extension 'colcon_meta'
[1.156s] Level 1:colcon.colcon_core.package_identification:_identify(src) by extensions ['ros']
[1.156s] Level 1:colcon.colcon_core.package_identification:_identify(src) by extension 'ros'
[1.157s] Level 1:colcon.colcon_core.package_identification:_identify(src) by extensions ['cmake', 'python']
[1.157s] Level 1:colcon.colcon_core.package_identification:_identify(src) by extension 'cmake'
[1.157s] Level 1:colcon.colcon_core.package_identification:_identify(src) by extension 'python'
[1.157s] Level 1:colcon.colcon_core.package_identification:_identify(src) by extensions ['python_setup_py']
[1.157s] Level 1:colcon.colcon_core.package_identification:_identify(src) by extension 'python_setup_py'
[1.158s] Level 1:colcon.colcon_core.package_identification:_identify(src/robot_launcher) by extensions ['ignore', 'ignore_ament_install']
[1.158s] Level 1:colcon.colcon_core.package_identification:_identify(src/robot_launcher) by extension 'ignore'
[1.158s] Level 1:colcon.colcon_core.package_identification:_identify(src/robot_launcher) by extension 'ignore_ament_install'
[1.158s] Level 1:colcon.colcon_core.package_identification:_identify(src/robot_launcher) by extensions ['colcon_pkg']
[1.158s] Level 1:colcon.colcon_core.package_identification:_identify(src/robot_launcher) by extension 'colcon_pkg'
[1.158s] Level 1:colcon.colcon_core.package_identification:_identify(src/robot_launcher) by extensions ['colcon_meta']
[1.159s] Level 1:colcon.colcon_core.package_identification:_identify(src/robot_launcher) by extension 'colcon_meta'
[1.159s] Level 1:colcon.colcon_core.package_identification:_identify(src/robot_launcher) by extensions ['ros']
[1.159s] Level 1:colcon.colcon_core.package_identification:_identify(src/robot_launcher) by extension 'ros'
[1.167s] DEBUG:colcon.colcon_core.package_identification:Package 'src/robot_launcher' with type 'ros.ament_python' and name 'robot_launcher'
[1.167s] Level 1:colcon.colcon_core.package_identification:_identify(src/robot_nodes) by extensions ['ignore', 'ignore_ament_install']
[1.167s] Level 1:colcon.colcon_core.package_identification:_identify(src/robot_nodes) by extension 'ignore'
[1.168s] Level 1:colcon.colcon_core.package_identification:_identify(src/robot_nodes) by extension 'ignore_ament_install'
[1.168s] Level 1:colcon.colcon_core.package_identification:_identify(src/robot_nodes) by extensions ['colcon_pkg']
[1.168s] Level 1:colcon.colcon_core.package_identification:_identify(src/robot_nodes) by extension 'colcon_pkg'
[1.168s] Level 1:colcon.colcon_core.package_identification:_identify(src/robot_nodes) by extensions ['colcon_meta']
[1.168s] Level 1:colcon.colcon_core.package_identification:_identify(src/robot_nodes) by extension 'colcon_meta'
[1.168s] Level 1:colcon.colcon_core.package_identification:_identify(src/robot_nodes) by extensions ['ros']
[1.168s] Level 1:colcon.colcon_core.package_identification:_identify(src/robot_nodes) by extension 'ros'
[1.170s] DEBUG:colcon.colcon_core.package_identification:Package 'src/robot_nodes' with type 'ros.ament_python' and name 'robot_nodes'
[1.171s] Level 1:colcon.colcon_core.package_discovery:discover_packages(recursive) using defaults
[1.171s] Level 1:colcon.colcon_core.package_discovery:discover_packages(ignore) discover
[1.171s] Level 1:colcon.colcon_core.package_discovery:discover_packages(ignore) using defaults
[1.171s] Level 1:colcon.colcon_core.package_discovery:discover_packages(path) discover
[1.171s] Level 1:colcon.colcon_core.package_discovery:discover_packages(path) using defaults
[1.265s] Level 1:colcon.colcon_core.package_discovery:discover_packages(prefix_path) check parameters
[1.265s] Level 1:colcon.colcon_core.package_discovery:discover_packages(prefix_path) discover
[1.275s] DEBUG:colcon.colcon_installed_package_information.package_discovery:Found 2 installed packages in /home/claudio/progetto_ros2/install
[1.281s] DEBUG:colcon.colcon_installed_package_information.package_discovery:Found 39 installed packages in /home/claudio/tiago_public_ws/install
[1.288s] DEBUG:colcon.colcon_installed_package_information.package_discovery:Found 391 installed packages in /opt/ros/humble
[1.296s] Level 1:colcon.colcon_core.package_discovery:discover_packages(prefix_path) using defaults
[1.521s] Level 5:colcon.colcon_core.verb:set package 'robot_launcher' build argument 'cmake_args' from command line to 'None'
[1.521s] Level 5:colcon.colcon_core.verb:set package 'robot_launcher' build argument 'cmake_target' from command line to 'None'
[1.521s] Level 5:colcon.colcon_core.verb:set package 'robot_launcher' build argument 'cmake_target_skip_unavailable' from command line to 'False'
[1.521s] Level 5:colcon.colcon_core.verb:set package 'robot_launcher' build argument 'cmake_clean_cache' from command line to 'False'
[1.521s] Level 5:colcon.colcon_core.verb:set package 'robot_launcher' build argument 'cmake_clean_first' from command line to 'False'
[1.521s] Level 5:colcon.colcon_core.verb:set package 'robot_launcher' build argument 'cmake_force_configure' from command line to 'False'
[1.521s] Level 5:colcon.colcon_core.verb:set package 'robot_launcher' build argument 'ament_cmake_args' from command line to 'None'
[1.522s] Level 5:colcon.colcon_core.verb:set package 'robot_launcher' build argument 'catkin_cmake_args' from command line to 'None'
[1.522s] Level 5:colcon.colcon_core.verb:set package 'robot_launcher' build argument 'catkin_skip_building_tests' from command line to 'False'
[1.522s] DEBUG:colcon.colcon_core.verb:Building package 'robot_launcher' with the following arguments: {'ament_cmake_args': None, 'build_base': '/home/claudio/progetto_ros2/build/robot_launcher', 'catkin_cmake_args': None, 'catkin_skip_building_tests': False, 'cmake_args': None, 'cmake_clean_cache': False, 'cmake_clean_first': False, 'cmake_force_configure': False, 'cmake_target': None, 'cmake_target_skip_unavailable': False, 'install_base': '/home/claudio/progetto_ros2/install/robot_launcher', 'merge_install': False, 'path': '/home/claudio/progetto_ros2/src/robot_launcher', 'symlink_install': False, 'test_result_base': None}
[1.523s] Level 5:colcon.colcon_core.verb:set package 'robot_nodes' build argument 'cmake_args' from command line to 'None'
[1.523s] Level 5:colcon.colcon_core.verb:set package 'robot_nodes' build argument 'cmake_target' from command line to 'None'
[1.523s] Level 5:colcon.colcon_core.verb:set package 'robot_nodes' build argument 'cmake_target_skip_unavailable' from command line to 'False'
[1.523s] Level 5:colcon.colcon_core.verb:set package 'robot_nodes' build argument 'cmake_clean_cache' from command line to 'False'
[1.524s] Level 5:colcon.colcon_core.verb:set package 'robot_nodes' build argument 'cmake_clean_first' from command line to 'False'
[1.524s] Level 5:colcon.colcon_core.verb:set package 'robot_nodes' build argument 'cmake_force_configure' from command line to 'False'
[1.524s] Level 5:colcon.colcon_core.verb:set package 'robot_nodes' build argument 'ament_cmake_args' from command line to 'None'
[1.524s] Level 5:colcon.colcon_core.verb:set package 'robot_nodes' build argument 'catkin_cmake_args' from command line to 'None'
[1.524s] Level 5:colcon.colcon_core.verb:set package 'robot_nodes' build argument 'catkin_skip_building_tests' from command line to 'False'
[1.524s] DEBUG:colcon.colcon_core.verb:Building package 'robot_nodes' with the following arguments: {'ament_cmake_args': None, 'build_base': '/home/claudio/progetto_ros2/build/robot_nodes', 'catkin_cmake_args': None, 'catkin_skip_building_tests': False, 'cmake_args': None, 'cmake_clean_cache': False, 'cmake_clean_first': False, 'cmake_force_configure': False, 'cmake_target': None, 'cmake_target_skip_unavailable': False, 'install_base': '/home/claudio/progetto_ros2/install/robot_nodes', 'merge_install': False, 'path': '/home/claudio/progetto_ros2/src/robot_nodes', 'symlink_install': False, 'test_result_base': None}
[1.525s] INFO:colcon.colcon_core.executor:Executing jobs using 'parallel' executor
[1.529s] DEBUG:colcon.colcon_parallel_executor.executor.parallel:run_until_complete
[1.530s] INFO:colcon.colcon_ros.task.ament_python.build:Building ROS package in '/home/claudio/progetto_ros2/src/robot_launcher' with build type 'ament_python'
[1.531s] Level 1:colcon.colcon_core.shell:create_environment_hook('robot_launcher', 'ament_prefix_path')
[1.537s] INFO:colcon.colcon_core.plugin_system:Skipping extension 'colcon_core.shell.bat': Not used on non-Windows systems
[1.537s] INFO:colcon.colcon_core.shell:Creating environment hook '/home/claudio/progetto_ros2/install/robot_launcher/share/robot_launcher/hook/ament_prefix_path.ps1'
[1.542s] INFO:colcon.colcon_core.shell:Creating environment descriptor '/home/claudio/progetto_ros2/install/robot_launcher/share/robot_launcher/hook/ament_prefix_path.dsv'
[1.544s] INFO:colcon.colcon_core.shell:Creating environment hook '/home/claudio/progetto_ros2/install/robot_launcher/share/robot_launcher/hook/ament_prefix_path.sh'
[1.547s] INFO:colcon.colcon_core.shell:Skip shell extension 'powershell' for command environment: Not usable outside of PowerShell
[1.548s] DEBUG:colcon.colcon_core.shell:Skip shell extension 'dsv' for command environment
[1.583s] INFO:colcon.colcon_ros.task.ament_python.build:Building ROS package in '/home/claudio/progetto_ros2/src/robot_nodes' with build type 'ament_python'
[1.583s] Level 1:colcon.colcon_core.shell:create_environment_hook('robot_nodes', 'ament_prefix_path')
[1.585s] INFO:colcon.colcon_core.shell:Creating environment hook '/home/claudio/progetto_ros2/install/robot_nodes/share/robot_nodes/hook/ament_prefix_path.ps1'
[1.591s] INFO:colcon.colcon_core.shell:Creating environment descriptor '/home/claudio/progetto_ros2/install/robot_nodes/share/robot_nodes/hook/ament_prefix_path.dsv'
[1.592s] INFO:colcon.colcon_core.shell:Creating environment hook '/home/claudio/progetto_ros2/install/robot_nodes/share/robot_nodes/hook/ament_prefix_path.sh'
[1.595s] INFO:colcon.colcon_core.shell:Skip shell extension 'powershell' for command environment: Not usable outside of PowerShell
[1.595s] DEBUG:colcon.colcon_core.shell:Skip shell extension 'dsv' for command environment
[2.620s] WARNING:colcon.colcon_ros.task.ament_python.build:Package 'robot_launcher' doesn't explicitly install the 'package.xml' file (colcon-ros currently does it implicitly but that fallback will be removed in the future)
[2.622s] INFO:colcon.colcon_core.task.python.build:Building Python package in '/home/claudio/progetto_ros2/src/robot_launcher'
[2.623s] INFO:colcon.colcon_core.shell:Skip shell extension 'powershell' for command environment: Not usable outside of PowerShell
[2.625s] DEBUG:colcon.colcon_core.shell:Skip shell extension 'dsv' for command environment
[3.694s] INFO:colcon.colcon_core.task.python.build:Building Python package in '/home/claudio/progetto_ros2/src/robot_nodes'
[3.694s] INFO:colcon.colcon_core.shell:Skip shell extension 'powershell' for command environment: Not usable outside of PowerShell
[3.695s] DEBUG:colcon.colcon_core.shell:Skip shell extension 'dsv' for command environment
[5.184s] DEBUG:colcon.colcon_core.event_handler.log_command:Invoking command in '/home/claudio/progetto_ros2/src/robot_nodes': PYTHONPATH=/home/claudio/progetto_ros2/build/robot_nodes/prefix_override:/usr/lib/python3/dist-packages/colcon_core/task/python/colcon_distutils_commands:/home/claudio/progetto_ros2/install/robot_nodes/lib/python3.10/site-packages:${PYTHONPATH} /usr/bin/python3 -W ignore:setup.py install is deprecated -W ignore:easy_install command is deprecated setup.py egg_info --egg-base ../../build/robot_nodes build --build-base /home/claudio/progetto_ros2/build/robot_nodes/build install --record /home/claudio/progetto_ros2/build/robot_nodes/install.log --single-version-externally-managed install_data
[5.420s] DEBUG:colcon.colcon_core.event_handler.log_command:Invoking command in '/home/claudio/progetto_ros2/src/robot_launcher': PYTHONPATH=/home/claudio/progetto_ros2/build/robot_launcher/prefix_override:/usr/lib/python3/dist-packages/colcon_core/task/python/colcon_distutils_commands:/home/claudio/progetto_ros2/install/robot_launcher/lib/python3.10/site-packages:${PYTHONPATH} /usr/bin/python3 -W ignore:setup.py install is deprecated -W ignore:easy_install command is deprecated setup.py egg_info --egg-base ../../build/robot_launcher build --build-base /home/claudio/progetto_ros2/build/robot_launcher/build install --record /home/claudio/progetto_ros2/build/robot_launcher/install.log --single-version-externally-managed install_data
[6.273s] DEBUG:colcon.colcon_core.event_handler.log_command:Invoked command in '/home/claudio/progetto_ros2/src/robot_nodes' returned '0': PYTHONPATH=/home/claudio/progetto_ros2/build/robot_nodes/prefix_override:/usr/lib/python3/dist-packages/colcon_core/task/python/colcon_distutils_commands:/home/claudio/progetto_ros2/install/robot_nodes/lib/python3.10/site-packages:${PYTHONPATH} /usr/bin/python3 -W ignore:setup.py install is deprecated -W ignore:easy_install command is deprecated setup.py egg_info --egg-base ../../build/robot_nodes build --build-base /home/claudio/progetto_ros2/build/robot_nodes/build install --record /home/claudio/progetto_ros2/build/robot_nodes/install.log --single-version-externally-managed install_data
[6.280s] Level 1:colcon.colcon_core.environment:checking '/home/claudio/progetto_ros2/install/robot_nodes' for CMake module files
[6.281s] Level 1:colcon.colcon_core.environment:checking '/home/claudio/progetto_ros2/install/robot_nodes' for CMake config files
[6.285s] Level 1:colcon.colcon_core.environment:checking '/home/claudio/progetto_ros2/install/robot_nodes/lib'
[6.286s] Level 1:colcon.colcon_core.environment:checking '/home/claudio/progetto_ros2/install/robot_nodes/bin'
[6.286s] Level 1:colcon.colcon_core.environment:checking '/home/claudio/progetto_ros2/install/robot_nodes/lib/pkgconfig/robot_nodes.pc'
[6.288s] Level 1:colcon.colcon_core.environment:checking '/home/claudio/progetto_ros2/install/robot_nodes/lib/python3.10/site-packages'
[6.288s] Level 1:colcon.colcon_core.shell:create_environment_hook('robot_nodes', 'pythonpath')
[6.289s] INFO:colcon.colcon_core.shell:Creating environment hook '/home/claudio/progetto_ros2/install/robot_nodes/share/robot_nodes/hook/pythonpath.ps1'
[6.291s] INFO:colcon.colcon_core.shell:Creating environment descriptor '/home/claudio/progetto_ros2/install/robot_nodes/share/robot_nodes/hook/pythonpath.dsv'
[6.293s] INFO:colcon.colcon_core.shell:Creating environment hook '/home/claudio/progetto_ros2/install/robot_nodes/share/robot_nodes/hook/pythonpath.sh'
[6.296s] Level 1:colcon.colcon_core.environment:checking '/home/claudio/progetto_ros2/install/robot_nodes/bin'
[6.297s] Level 1:colcon.colcon_core.environment:create_environment_scripts_only(robot_nodes)
[6.300s] INFO:colcon.colcon_core.shell:Creating package script '/home/claudio/progetto_ros2/install/robot_nodes/share/robot_nodes/package.ps1'
[6.303s] INFO:colcon.colcon_core.shell:Creating package descriptor '/home/claudio/progetto_ros2/install/robot_nodes/share/robot_nodes/package.dsv'
[6.304s] INFO:colcon.colcon_core.shell:Creating package script '/home/claudio/progetto_ros2/install/robot_nodes/share/robot_nodes/package.sh'
[6.308s] INFO:colcon.colcon_core.shell:Creating package script '/home/claudio/progetto_ros2/install/robot_nodes/share/robot_nodes/package.bash'
[6.312s] INFO:colcon.colcon_core.shell:Creating package script '/home/claudio/progetto_ros2/install/robot_nodes/share/robot_nodes/package.zsh'
[6.314s] Level 1:colcon.colcon_core.environment:create_file_with_runtime_dependencies(/home/claudio/progetto_ros2/install/robot_nodes/share/colcon-core/packages/robot_nodes)
[6.552s] Level 1:colcon.colcon_core.environment:checking '/home/claudio/progetto_ros2/install/robot_launcher' for CMake module files
[6.555s] DEBUG:colcon.colcon_core.event_handler.log_command:Invoked command in '/home/claudio/progetto_ros2/src/robot_launcher' returned '0': PYTHONPATH=/home/claudio/progetto_ros2/build/robot_launcher/prefix_override:/usr/lib/python3/dist-packages/colcon_core/task/python/colcon_distutils_commands:/home/claudio/progetto_ros2/install/robot_launcher/lib/python3.10/site-packages:${PYTHONPATH} /usr/bin/python3 -W ignore:setup.py install is deprecated -W ignore:easy_install command is deprecated setup.py egg_info --egg-base ../../build/robot_launcher build --build-base /home/claudio/progetto_ros2/build/robot_launcher/build install --record /home/claudio/progetto_ros2/build/robot_launcher/install.log --single-version-externally-managed install_data
[6.557s] Level 1:colcon.colcon_core.environment:checking '/home/claudio/progetto_ros2/install/robot_launcher' for CMake config files
[6.563s] Level 1:colcon.colcon_core.environment:checking '/home/claudio/progetto_ros2/install/robot_launcher/lib'
[6.563s] Level 1:colcon.colcon_core.environment:checking '/home/claudio/progetto_ros2/install/robot_launcher/bin'
[6.564s] Level 1:colcon.colcon_core.environment:checking '/home/claudio/progetto_ros2/install/robot_launcher/lib/pkgconfig/robot_launcher.pc'
[6.565s] Level 1:colcon.colcon_core.environment:checking '/home/claudio/progetto_ros2/install/robot_launcher/lib/python3.10/site-packages'
[6.566s] Level 1:colcon.colcon_core.shell:create_environment_hook('robot_launcher', 'pythonpath')
[6.569s] INFO:colcon.colcon_core.shell:Creating environment hook '/home/claudio/progetto_ros2/install/robot_launcher/share/robot_launcher/hook/pythonpath.ps1'
[6.573s] INFO:colcon.colcon_core.shell:Creating environment descriptor '/home/claudio/progetto_ros2/install/robot_launcher/share/robot_launcher/hook/pythonpath.dsv'
[6.576s] INFO:colcon.colcon_core.shell:Creating environment hook '/home/claudio/progetto_ros2/install/robot_launcher/share/robot_launcher/hook/pythonpath.sh'
[6.578s] Level 1:colcon.colcon_core.environment:checking '/home/claudio/progetto_ros2/install/robot_launcher/bin'
[6.578s] Level 1:colcon.colcon_core.environment:create_environment_scripts_only(robot_launcher)
[6.580s] INFO:colcon.colcon_core.shell:Creating package script '/home/claudio/progetto_ros2/install/robot_launcher/share/robot_launcher/package.ps1'
[6.582s] INFO:colcon.colcon_core.shell:Creating package descriptor '/home/claudio/progetto_ros2/install/robot_launcher/share/robot_launcher/package.dsv'
[6.585s] INFO:colcon.colcon_core.shell:Creating package script '/home/claudio/progetto_ros2/install/robot_launcher/share/robot_launcher/package.sh'
[6.588s] INFO:colcon.colcon_core.shell:Creating package script '/home/claudio/progetto_ros2/install/robot_launcher/share/robot_launcher/package.bash'
[6.590s] INFO:colcon.colcon_core.shell:Creating package script '/home/claudio/progetto_ros2/install/robot_launcher/share/robot_launcher/package.zsh'
[6.591s] Level 1:colcon.colcon_core.environment:create_file_with_runtime_dependencies(/home/claudio/progetto_ros2/install/robot_launcher/share/colcon-core/packages/robot_launcher)
[6.592s] DEBUG:colcon.colcon_parallel_executor.executor.parallel:closing loop
[6.593s] DEBUG:colcon.colcon_parallel_executor.executor.parallel:loop closed
[6.594s] DEBUG:colcon.colcon_parallel_executor.executor.parallel:run_until_complete finished with '0'
[6.594s] DEBUG:colcon.colcon_core.event_reactor:joining thread
[6.615s] INFO:colcon.colcon_core.plugin_system:Skipping extension 'colcon_notification.desktop_notification.terminal_notifier': Not used on non-Darwin systems
[6.615s] INFO:colcon.colcon_core.plugin_system:Skipping extension 'colcon_notification.desktop_notification.win32': Not used on non-Windows systems
[6.616s] INFO:colcon.colcon_notification.desktop_notification:Sending desktop notification using 'notify2'
[6.671s] DEBUG:colcon.colcon_core.event_reactor:joined thread
[6.672s] INFO:colcon.colcon_core.shell:Creating prefix script '/home/claudio/progetto_ros2/install/local_setup.ps1'
[6.680s] INFO:colcon.colcon_core.shell:Creating prefix util module '/home/claudio/progetto_ros2/install/_local_setup_util_ps1.py'
[6.684s] INFO:colcon.colcon_core.shell:Creating prefix chain script '/home/claudio/progetto_ros2/install/setup.ps1'
[6.693s] INFO:colcon.colcon_core.shell:Creating prefix script '/home/claudio/progetto_ros2/install/local_setup.sh'
[6.695s] INFO:colcon.colcon_core.shell:Creating prefix util module '/home/claudio/progetto_ros2/install/_local_setup_util_sh.py'
[6.697s] INFO:colcon.colcon_core.shell:Creating prefix chain script '/home/claudio/progetto_ros2/install/setup.sh'
[6.705s] INFO:colcon.colcon_core.shell:Creating prefix script '/home/claudio/progetto_ros2/install/local_setup.bash'
[6.708s] INFO:colcon.colcon_core.shell:Creating prefix chain script '/home/claudio/progetto_ros2/install/setup.bash'
[6.715s] INFO:colcon.colcon_core.shell:Creating prefix script '/home/claudio/progetto_ros2/install/local_setup.zsh'
[6.716s] INFO:colcon.colcon_core.shell:Creating prefix chain script '/home/claudio/progetto_ros2/install/setup.zsh'
