[0.340s] DEBUG:colcon:Command line arguments: ['/usr/bin/colcon', 'list', '-p', '--base-paths', '/home/claudio/progetto_ros2']
[0.340s] DEBUG:colcon:Parsed command line arguments: Namespace(log_base=None, log_level=None, verb_name='list', build_base='build', ignore_user_meta=False, metas=['./colcon.meta'], base_paths=['/home/claudio/progetto_ros2'], packages_ignore=None, packages_ignore_regex=None, paths=None, packages_up_to=None, packages_up_to_regex=None, packages_above=None, packages_above_and_dependencies=None, packages_above_depth=None, packages_select_by_dep=None, packages_skip_by_dep=None, packages_skip_up_to=None, packages_select_build_failed=False, packages_skip_build_finished=False, packages_select_test_failures=False, packages_skip_test_passed=False, packages_select=None, packages_skip=None, packages_select_regex=None, packages_skip_regex=None, packages_start=None, packages_end=None, allow_overriding=[], topological_order=False, names_only=False, paths_only=True, topological_graph=False, topological_graph_dot=False, topological_graph_density=False, topological_graph_legend=False, topological_graph_dot_cluster=False, topological_graph_dot_include_skipped=False, verb_parser=<colcon_defaults.argument_parser.defaults.DefaultArgumentsDecorator object at 0x785bc22432e0>, verb_extension=<colcon_package_information.verb.list.ListVerb object at 0x785bc2242350>, main=<bound method ListVerb.main of <colcon_package_information.verb.list.ListVerb object at 0x785bc2242350>>)
[0.913s] Level 1:colcon.colcon_core.package_discovery:discover_packages(colcon_meta) check parameters
[0.914s] Level 1:colcon.colcon_core.package_discovery:discover_packages(recursive) check parameters
[0.914s] Level 1:colcon.colcon_core.package_discovery:discover_packages(ignore) check parameters
[0.914s] Level 1:colcon.colcon_core.package_discovery:discover_packages(path) check parameters
[0.914s] Level 1:colcon.colcon_core.package_discovery:discover_packages(recursive) discover
[0.914s] INFO:colcon.colcon_core.package_discovery:Crawling recursively for packages in '/home/claudio/progetto_ros2'
[0.915s] Level 1:colcon.colcon_core.package_identification:_identify(/home/claudio/progetto_ros2) by extensions ['ignore', 'ignore_ament_install']
[0.915s] Level 1:colcon.colcon_core.package_identification:_identify(/home/claudio/progetto_ros2) by extension 'ignore'
[0.915s] Level 1:colcon.colcon_core.package_identification:_identify(/home/claudio/progetto_ros2) by extension 'ignore_ament_install'
[0.915s] Level 1:colcon.colcon_core.package_identification:_identify(/home/claudio/progetto_ros2) by extensions ['colcon_pkg']
[0.916s] Level 1:colcon.colcon_core.package_identification:_identify(/home/claudio/progetto_ros2) by extension 'colcon_pkg'
[0.916s] Level 1:colcon.colcon_core.package_identification:_identify(/home/claudio/progetto_ros2) by extensions ['colcon_meta']
[0.916s] Level 1:colcon.colcon_core.package_identification:_identify(/home/claudio/progetto_ros2) by extension 'colcon_meta'
[0.916s] Level 1:colcon.colcon_core.package_identification:_identify(/home/claudio/progetto_ros2) by extensions ['ros']
[0.916s] Level 1:colcon.colcon_core.package_identification:_identify(/home/claudio/progetto_ros2) by extension 'ros'
[0.949s] Level 1:colcon.colcon_core.package_identification:_identify(/home/claudio/progetto_ros2) by extensions ['cmake', 'python']
[0.949s] Level 1:colcon.colcon_core.package_identification:_identify(/home/claudio/progetto_ros2) by extension 'cmake'
[0.949s] Level 1:colcon.colcon_core.package_identification:_identify(/home/claudio/progetto_ros2) by extension 'python'
[0.950s] Level 1:colcon.colcon_core.package_identification:_identify(/home/claudio/progetto_ros2) by extensions ['python_setup_py']
[0.950s] Level 1:colcon.colcon_core.package_identification:_identify(/home/claudio/progetto_ros2) by extension 'python_setup_py'
[0.950s] Level 1:colcon.colcon_core.package_identification:_identify(/home/claudio/progetto_ros2/build) by extensions ['ignore', 'ignore_ament_install']
[0.950s] Level 1:colcon.colcon_core.package_identification:_identify(/home/claudio/progetto_ros2/build) by extension 'ignore'
[0.950s] Level 1:colcon.colcon_core.package_identification:_identify(/home/claudio/progetto_ros2/build) ignored
[0.951s] Level 1:colcon.colcon_core.package_identification:_identify(/home/claudio/progetto_ros2/install) by extensions ['ignore', 'ignore_ament_install']
[0.951s] Level 1:colcon.colcon_core.package_identification:_identify(/home/claudio/progetto_ros2/install) by extension 'ignore'
[0.951s] Level 1:colcon.colcon_core.package_identification:_identify(/home/claudio/progetto_ros2/install) ignored
[0.951s] Level 1:colcon.colcon_core.package_identification:_identify(/home/claudio/progetto_ros2/log) by extensions ['ignore', 'ignore_ament_install']
[0.952s] Level 1:colcon.colcon_core.package_identification:_identify(/home/claudio/progetto_ros2/log) by extension 'ignore'
[0.952s] Level 1:colcon.colcon_core.package_identification:_identify(/home/claudio/progetto_ros2/log) ignored
[0.952s] Level 1:colcon.colcon_core.package_identification:_identify(/home/claudio/progetto_ros2/src) by extensions ['ignore', 'ignore_ament_install']
[0.952s] Level 1:colcon.colcon_core.package_identification:_identify(/home/claudio/progetto_ros2/src) by extension 'ignore'
[0.952s] Level 1:colcon.colcon_core.package_identification:_identify(/home/claudio/progetto_ros2/src) by extension 'ignore_ament_install'
[0.953s] Level 1:colcon.colcon_core.package_identification:_identify(/home/claudio/progetto_ros2/src) by extensions ['colcon_pkg']
[0.953s] Level 1:colcon.colcon_core.package_identification:_identify(/home/claudio/progetto_ros2/src) by extension 'colcon_pkg'
[0.953s] Level 1:colcon.colcon_core.package_identification:_identify(/home/claudio/progetto_ros2/src) by extensions ['colcon_meta']
[0.953s] Level 1:colcon.colcon_core.package_identification:_identify(/home/claudio/progetto_ros2/src) by extension 'colcon_meta'
[0.953s] Level 1:colcon.colcon_core.package_identification:_identify(/home/claudio/progetto_ros2/src) by extensions ['ros']
[0.953s] Level 1:colcon.colcon_core.package_identification:_identify(/home/claudio/progetto_ros2/src) by extension 'ros'
[0.953s] Level 1:colcon.colcon_core.package_identification:_identify(/home/claudio/progetto_ros2/src) by extensions ['cmake', 'python']
[0.953s] Level 1:colcon.colcon_core.package_identification:_identify(/home/claudio/progetto_ros2/src) by extension 'cmake'
[0.953s] Level 1:colcon.colcon_core.package_identification:_identify(/home/claudio/progetto_ros2/src) by extension 'python'
[0.954s] Level 1:colcon.colcon_core.package_identification:_identify(/home/claudio/progetto_ros2/src) by extensions ['python_setup_py']
[0.954s] Level 1:colcon.colcon_core.package_identification:_identify(/home/claudio/progetto_ros2/src) by extension 'python_setup_py'
[0.954s] Level 1:colcon.colcon_core.package_identification:_identify(/home/claudio/progetto_ros2/src/robot_launcher) by extensions ['ignore', 'ignore_ament_install']
[0.954s] Level 1:colcon.colcon_core.package_identification:_identify(/home/claudio/progetto_ros2/src/robot_launcher) by extension 'ignore'
[0.954s] Level 1:colcon.colcon_core.package_identification:_identify(/home/claudio/progetto_ros2/src/robot_launcher) by extension 'ignore_ament_install'
[0.954s] Level 1:colcon.colcon_core.package_identification:_identify(/home/claudio/progetto_ros2/src/robot_launcher) by extensions ['colcon_pkg']
[0.954s] Level 1:colcon.colcon_core.package_identification:_identify(/home/claudio/progetto_ros2/src/robot_launcher) by extension 'colcon_pkg'
[0.955s] Level 1:colcon.colcon_core.package_identification:_identify(/home/claudio/progetto_ros2/src/robot_launcher) by extensions ['colcon_meta']
[0.955s] Level 1:colcon.colcon_core.package_identification:_identify(/home/claudio/progetto_ros2/src/robot_launcher) by extension 'colcon_meta'
[0.955s] Level 1:colcon.colcon_core.package_identification:_identify(/home/claudio/progetto_ros2/src/robot_launcher) by extensions ['ros']
[0.955s] Level 1:colcon.colcon_core.package_identification:_identify(/home/claudio/progetto_ros2/src/robot_launcher) by extension 'ros'
[0.961s] DEBUG:colcon.colcon_core.package_identification:Package '/home/claudio/progetto_ros2/src/robot_launcher' with type 'ros.ament_python' and name 'robot_launcher'
[0.961s] Level 1:colcon.colcon_core.package_identification:_identify(/home/claudio/progetto_ros2/src/robot_nodes) by extensions ['ignore', 'ignore_ament_install']
[0.962s] Level 1:colcon.colcon_core.package_identification:_identify(/home/claudio/progetto_ros2/src/robot_nodes) by extension 'ignore'
[0.962s] Level 1:colcon.colcon_core.package_identification:_identify(/home/claudio/progetto_ros2/src/robot_nodes) by extension 'ignore_ament_install'
[0.962s] Level 1:colcon.colcon_core.package_identification:_identify(/home/claudio/progetto_ros2/src/robot_nodes) by extensions ['colcon_pkg']
[0.962s] Level 1:colcon.colcon_core.package_identification:_identify(/home/claudio/progetto_ros2/src/robot_nodes) by extension 'colcon_pkg'
[0.962s] Level 1:colcon.colcon_core.package_identification:_identify(/home/claudio/progetto_ros2/src/robot_nodes) by extensions ['colcon_meta']
[0.962s] Level 1:colcon.colcon_core.package_identification:_identify(/home/claudio/progetto_ros2/src/robot_nodes) by extension 'colcon_meta'
[0.962s] Level 1:colcon.colcon_core.package_identification:_identify(/home/claudio/progetto_ros2/src/robot_nodes) by extensions ['ros']
[0.962s] Level 1:colcon.colcon_core.package_identification:_identify(/home/claudio/progetto_ros2/src/robot_nodes) by extension 'ros'
[0.965s] DEBUG:colcon.colcon_core.package_identification:Package '/home/claudio/progetto_ros2/src/robot_nodes' with type 'ros.ament_python' and name 'robot_nodes'
[0.965s] Level 1:colcon.colcon_core.package_discovery:discover_packages(recursive) using defaults
