-- Found ament_cmake_auto: 1.3.11 (/opt/ros/humble/share/ament_cmake_auto/cmake)
-- Override CMake install command with custom implementation using symlinks instead of copying resources
-- Added test 'copyright' to check source files copyright and LICENSE
-- Added test 'lint_cmake' to check CMake code style
-- Added test 'xmllint' to check XML markup files
-- Configuring done
-- Generating done
-- Build files have been written to: /home/claudio/tiago_public_ws/build/tiago_laser_sensors
-- Install configuration: ""
-- Execute custom install script
-- Up-to-date symlink: /home/claudio/tiago_public_ws/install/tiago_laser_sensors/share/ament_index/resource_index/package_run_dependencies/tiago_laser_sensors
-- Up-to-date symlink: /home/claudio/tiago_public_ws/install/tiago_laser_sensors/share/ament_index/resource_index/parent_prefix_path/tiago_laser_sensors
-- Up-to-date symlink: /home/claudio/tiago_public_ws/install/tiago_laser_sensors/share/tiago_laser_sensors/environment/ament_prefix_path.sh
-- Up-to-date symlink: /home/claudio/tiago_public_ws/install/tiago_laser_sensors/share/tiago_laser_sensors/environment/ament_prefix_path.dsv
-- Up-to-date symlink: /home/claudio/tiago_public_ws/install/tiago_laser_sensors/share/tiago_laser_sensors/environment/path.sh
-- Up-to-date symlink: /home/claudio/tiago_public_ws/install/tiago_laser_sensors/share/tiago_laser_sensors/environment/path.dsv
-- Up-to-date symlink: /home/claudio/tiago_public_ws/install/tiago_laser_sensors/share/tiago_laser_sensors/local_setup.bash
-- Up-to-date symlink: /home/claudio/tiago_public_ws/install/tiago_laser_sensors/share/tiago_laser_sensors/local_setup.sh
-- Up-to-date symlink: /home/claudio/tiago_public_ws/install/tiago_laser_sensors/share/tiago_laser_sensors/local_setup.zsh
-- Up-to-date symlink: /home/claudio/tiago_public_ws/install/tiago_laser_sensors/share/tiago_laser_sensors/local_setup.dsv
-- Symlinking: /home/claudio/tiago_public_ws/install/tiago_laser_sensors/share/tiago_laser_sensors/package.dsv
-- Up-to-date symlink: /home/claudio/tiago_public_ws/install/tiago_laser_sensors/share/ament_index/resource_index/packages/tiago_laser_sensors
-- Up-to-date symlink: /home/claudio/tiago_public_ws/install/tiago_laser_sensors/share/tiago_laser_sensors/cmake/tiago_laser_sensorsConfig.cmake
-- Up-to-date symlink: /home/claudio/tiago_public_ws/install/tiago_laser_sensors/share/tiago_laser_sensors/cmake/tiago_laser_sensorsConfig-version.cmake
-- Up-to-date symlink: /home/claudio/tiago_public_ws/install/tiago_laser_sensors/share/tiago_laser_sensors/package.xml
