[0.014s] Invoking command in '/home/claudio/tiago_public_ws/build/tiago_laser_sensors': AMENT_PREFIX_PATH=/home/claudio/tiago_public_ws/install/pmb2_laser_sensors:${AMENT_PREFIX_PATH} CMAKE_PREFIX_PATH=/home/claudio/tiago_public_ws/install/pmb2_laser_sensors:/opt/ros/humble /usr/bin/cmake /home/claudio/tiago_public_ws/src/tiago_navigation/tiago_laser_sensors -DCMAKE_INSTALL_PREFIX=/home/claudio/tiago_public_ws/install/tiago_laser_sensors
[0.042s] -- Found ament_cmake_auto: 1.3.11 (/opt/ros/humble/share/ament_cmake_auto/cmake)
[0.333s] -- Override CMake install command with custom implementation using symlinks instead of copying resources
[0.541s] -- Added test 'copyright' to check source files copyright and LICENSE
[0.545s] -- Added test 'lint_cmake' to check CMake code style
[0.548s] -- Added test 'xmllint' to check XML markup files
[0.552s] -- Configuring done
[0.566s] -- Generating done
[0.569s] -- Build files have been written to: /home/claudio/tiago_public_ws/build/tiago_laser_sensors
[0.575s] Invoked command in '/home/claudio/tiago_public_ws/build/tiago_laser_sensors' returned '0': AMENT_PREFIX_PATH=/home/claudio/tiago_public_ws/install/pmb2_laser_sensors:${AMENT_PREFIX_PATH} CMAKE_PREFIX_PATH=/home/claudio/tiago_public_ws/install/pmb2_laser_sensors:/opt/ros/humble /usr/bin/cmake /home/claudio/tiago_public_ws/src/tiago_navigation/tiago_laser_sensors -DCMAKE_INSTALL_PREFIX=/home/claudio/tiago_public_ws/install/tiago_laser_sensors
[0.576s] Invoking command in '/home/claudio/tiago_public_ws/build/tiago_laser_sensors': AMENT_PREFIX_PATH=/home/claudio/tiago_public_ws/install/pmb2_laser_sensors:${AMENT_PREFIX_PATH} CMAKE_PREFIX_PATH=/home/claudio/tiago_public_ws/install/pmb2_laser_sensors:/opt/ros/humble /usr/bin/cmake --build /home/claudio/tiago_public_ws/build/tiago_laser_sensors -- -j4 -l4
[0.668s] Invoked command in '/home/claudio/tiago_public_ws/build/tiago_laser_sensors' returned '0': AMENT_PREFIX_PATH=/home/claudio/tiago_public_ws/install/pmb2_laser_sensors:${AMENT_PREFIX_PATH} CMAKE_PREFIX_PATH=/home/claudio/tiago_public_ws/install/pmb2_laser_sensors:/opt/ros/humble /usr/bin/cmake --build /home/claudio/tiago_public_ws/build/tiago_laser_sensors -- -j4 -l4
[0.671s] Invoking command in '/home/claudio/tiago_public_ws/build/tiago_laser_sensors': AMENT_PREFIX_PATH=/home/claudio/tiago_public_ws/install/pmb2_laser_sensors:${AMENT_PREFIX_PATH} CMAKE_PREFIX_PATH=/home/claudio/tiago_public_ws/install/pmb2_laser_sensors:/opt/ros/humble /usr/bin/cmake --install /home/claudio/tiago_public_ws/build/tiago_laser_sensors
[0.690s] -- Install configuration: ""
[0.691s] -- Execute custom install script
[0.693s] -- Up-to-date symlink: /home/claudio/tiago_public_ws/install/tiago_laser_sensors/share/ament_index/resource_index/package_run_dependencies/tiago_laser_sensors
[0.694s] -- Up-to-date symlink: /home/claudio/tiago_public_ws/install/tiago_laser_sensors/share/ament_index/resource_index/parent_prefix_path/tiago_laser_sensors
[0.696s] -- Up-to-date symlink: /home/claudio/tiago_public_ws/install/tiago_laser_sensors/share/tiago_laser_sensors/environment/ament_prefix_path.sh
[0.697s] -- Up-to-date symlink: /home/claudio/tiago_public_ws/install/tiago_laser_sensors/share/tiago_laser_sensors/environment/ament_prefix_path.dsv
[0.698s] -- Up-to-date symlink: /home/claudio/tiago_public_ws/install/tiago_laser_sensors/share/tiago_laser_sensors/environment/path.sh
[0.699s] -- Up-to-date symlink: /home/claudio/tiago_public_ws/install/tiago_laser_sensors/share/tiago_laser_sensors/environment/path.dsv
[0.701s] -- Up-to-date symlink: /home/claudio/tiago_public_ws/install/tiago_laser_sensors/share/tiago_laser_sensors/local_setup.bash
[0.702s] -- Up-to-date symlink: /home/claudio/tiago_public_ws/install/tiago_laser_sensors/share/tiago_laser_sensors/local_setup.sh
[0.704s] -- Up-to-date symlink: /home/claudio/tiago_public_ws/install/tiago_laser_sensors/share/tiago_laser_sensors/local_setup.zsh
[0.704s] -- Up-to-date symlink: /home/claudio/tiago_public_ws/install/tiago_laser_sensors/share/tiago_laser_sensors/local_setup.dsv
[0.705s] -- Symlinking: /home/claudio/tiago_public_ws/install/tiago_laser_sensors/share/tiago_laser_sensors/package.dsv
[0.726s] -- Up-to-date symlink: /home/claudio/tiago_public_ws/install/tiago_laser_sensors/share/ament_index/resource_index/packages/tiago_laser_sensors
[0.728s] -- Up-to-date symlink: /home/claudio/tiago_public_ws/install/tiago_laser_sensors/share/tiago_laser_sensors/cmake/tiago_laser_sensorsConfig.cmake
[0.731s] -- Up-to-date symlink: /home/claudio/tiago_public_ws/install/tiago_laser_sensors/share/tiago_laser_sensors/cmake/tiago_laser_sensorsConfig-version.cmake
[0.734s] -- Up-to-date symlink: /home/claudio/tiago_public_ws/install/tiago_laser_sensors/share/tiago_laser_sensors/package.xml
[0.744s] Invoked command in '/home/claudio/tiago_public_ws/build/tiago_laser_sensors' returned '0': AMENT_PREFIX_PATH=/home/claudio/tiago_public_ws/install/pmb2_laser_sensors:${AMENT_PREFIX_PATH} CMAKE_PREFIX_PATH=/home/claudio/tiago_public_ws/install/pmb2_laser_sensors:/opt/ros/humble /usr/bin/cmake --install /home/claudio/tiago_public_ws/build/tiago_laser_sensors
