[0.026s] Invoking command in '/home/claudio/tiago_public_ws/build/pal_robotiq_gripper': AMENT_PREFIX_PATH=/home/claudio/tiago_public_ws/install/pal_robotiq_description:/home/claudio/tiago_public_ws/install/pal_robotiq_controller_configuration:${AMENT_PREFIX_PATH} CMAKE_PREFIX_PATH=/home/claudio/tiago_public_ws/install/pal_robotiq_description:/home/claudio/tiago_public_ws/install/pal_robotiq_controller_configuration:/opt/ros/humble /usr/bin/cmake /home/claudio/tiago_public_ws/src/pal_robotiq_gripper/pal_robotiq_gripper -DCMAKE_INSTALL_PREFIX=/home/claudio/tiago_public_ws/install/pal_robotiq_gripper
[0.051s] -- Found ament_cmake_auto: 1.3.11 (/opt/ros/humble/share/ament_cmake_auto/cmake)
[0.350s] -- Override CMake install command with custom implementation using symlinks instead of copying resources
[0.598s] -- Found rosidl_generator_c: 3.1.6 (/opt/ros/humble/share/rosidl_generator_c/cmake)
[0.605s] -- Found rosidl_adapter: 3.1.6 (/opt/ros/humble/share/rosidl_adapter/cmake)
[0.621s] -- Found rosidl_generator_cpp: 3.1.6 (/opt/ros/humble/share/rosidl_generator_cpp/cmake)
[0.648s] -- Using all available rosidl_typesupport_c: rosidl_typesupport_fastrtps_c;rosidl_typesupport_introspection_c
[0.684s] -- Using all available rosidl_typesupport_cpp: rosidl_typesupport_fastrtps_cpp;rosidl_typesupport_introspection_cpp
[0.794s] -- Found rmw_implementation_cmake: 6.1.2 (/opt/ros/humble/share/rmw_implementation_cmake/cmake)
[0.802s] -- Found rmw_fastrtps_cpp: 6.2.7 (/opt/ros/humble/share/rmw_fastrtps_cpp/cmake)
[1.028s] -- Using RMW implementation 'rmw_fastrtps_cpp' as default
[1.170s] -- Found ament_lint_auto: 0.12.11 (/opt/ros/humble/share/ament_lint_auto/cmake)
[1.192s] -- Added test 'copyright' to check source files copyright and LICENSE
[1.196s] -- Added test 'lint_cmake' to check CMake code style
[1.197s] -- Added test 'xmllint' to check XML markup files
[1.204s] -- Configuring done
[1.213s] -- Generating done
[1.220s] -- Build files have been written to: /home/claudio/tiago_public_ws/build/pal_robotiq_gripper
[1.238s] Invoked command in '/home/claudio/tiago_public_ws/build/pal_robotiq_gripper' returned '0': AMENT_PREFIX_PATH=/home/claudio/tiago_public_ws/install/pal_robotiq_description:/home/claudio/tiago_public_ws/install/pal_robotiq_controller_configuration:${AMENT_PREFIX_PATH} CMAKE_PREFIX_PATH=/home/claudio/tiago_public_ws/install/pal_robotiq_description:/home/claudio/tiago_public_ws/install/pal_robotiq_controller_configuration:/opt/ros/humble /usr/bin/cmake /home/claudio/tiago_public_ws/src/pal_robotiq_gripper/pal_robotiq_gripper -DCMAKE_INSTALL_PREFIX=/home/claudio/tiago_public_ws/install/pal_robotiq_gripper
[1.239s] Invoking command in '/home/claudio/tiago_public_ws/build/pal_robotiq_gripper': AMENT_PREFIX_PATH=/home/claudio/tiago_public_ws/install/pal_robotiq_description:/home/claudio/tiago_public_ws/install/pal_robotiq_controller_configuration:${AMENT_PREFIX_PATH} CMAKE_PREFIX_PATH=/home/claudio/tiago_public_ws/install/pal_robotiq_description:/home/claudio/tiago_public_ws/install/pal_robotiq_controller_configuration:/opt/ros/humble /usr/bin/cmake --build /home/claudio/tiago_public_ws/build/pal_robotiq_gripper -- -j4 -l4
[1.320s] Invoked command in '/home/claudio/tiago_public_ws/build/pal_robotiq_gripper' returned '0': AMENT_PREFIX_PATH=/home/claudio/tiago_public_ws/install/pal_robotiq_description:/home/claudio/tiago_public_ws/install/pal_robotiq_controller_configuration:${AMENT_PREFIX_PATH} CMAKE_PREFIX_PATH=/home/claudio/tiago_public_ws/install/pal_robotiq_description:/home/claudio/tiago_public_ws/install/pal_robotiq_controller_configuration:/opt/ros/humble /usr/bin/cmake --build /home/claudio/tiago_public_ws/build/pal_robotiq_gripper -- -j4 -l4
[1.326s] Invoking command in '/home/claudio/tiago_public_ws/build/pal_robotiq_gripper': AMENT_PREFIX_PATH=/home/claudio/tiago_public_ws/install/pal_robotiq_description:/home/claudio/tiago_public_ws/install/pal_robotiq_controller_configuration:${AMENT_PREFIX_PATH} CMAKE_PREFIX_PATH=/home/claudio/tiago_public_ws/install/pal_robotiq_description:/home/claudio/tiago_public_ws/install/pal_robotiq_controller_configuration:/opt/ros/humble /usr/bin/cmake --install /home/claudio/tiago_public_ws/build/pal_robotiq_gripper
[1.343s] -- Install configuration: ""
[1.343s] -- Execute custom install script
[1.344s] -- Up-to-date symlink: /home/claudio/tiago_public_ws/install/pal_robotiq_gripper/share/ament_index/resource_index/package_run_dependencies/pal_robotiq_gripper
[1.345s] -- Up-to-date symlink: /home/claudio/tiago_public_ws/install/pal_robotiq_gripper/share/ament_index/resource_index/parent_prefix_path/pal_robotiq_gripper
[1.347s] -- Up-to-date symlink: /home/claudio/tiago_public_ws/install/pal_robotiq_gripper/share/pal_robotiq_gripper/environment/ament_prefix_path.sh
[1.348s] -- Up-to-date symlink: /home/claudio/tiago_public_ws/install/pal_robotiq_gripper/share/pal_robotiq_gripper/environment/ament_prefix_path.dsv
[1.349s] -- Up-to-date symlink: /home/claudio/tiago_public_ws/install/pal_robotiq_gripper/share/pal_robotiq_gripper/environment/path.sh
[1.350s] -- Up-to-date symlink: /home/claudio/tiago_public_ws/install/pal_robotiq_gripper/share/pal_robotiq_gripper/environment/path.dsv
[1.351s] -- Up-to-date symlink: /home/claudio/tiago_public_ws/install/pal_robotiq_gripper/share/pal_robotiq_gripper/local_setup.bash
[1.351s] -- Up-to-date symlink: /home/claudio/tiago_public_ws/install/pal_robotiq_gripper/share/pal_robotiq_gripper/local_setup.sh
[1.352s] -- Up-to-date symlink: /home/claudio/tiago_public_ws/install/pal_robotiq_gripper/share/pal_robotiq_gripper/local_setup.zsh
[1.352s] -- Up-to-date symlink: /home/claudio/tiago_public_ws/install/pal_robotiq_gripper/share/pal_robotiq_gripper/local_setup.dsv
[1.352s] -- Symlinking: /home/claudio/tiago_public_ws/install/pal_robotiq_gripper/share/pal_robotiq_gripper/package.dsv
[1.370s] -- Up-to-date symlink: /home/claudio/tiago_public_ws/install/pal_robotiq_gripper/share/ament_index/resource_index/packages/pal_robotiq_gripper
[1.371s] -- Up-to-date symlink: /home/claudio/tiago_public_ws/install/pal_robotiq_gripper/share/pal_robotiq_gripper/cmake/pal_robotiq_gripperConfig.cmake
[1.372s] -- Up-to-date symlink: /home/claudio/tiago_public_ws/install/pal_robotiq_gripper/share/pal_robotiq_gripper/cmake/pal_robotiq_gripperConfig-version.cmake
[1.373s] -- Up-to-date symlink: /home/claudio/tiago_public_ws/install/pal_robotiq_gripper/share/pal_robotiq_gripper/package.xml
[1.379s] Invoked command in '/home/claudio/tiago_public_ws/build/pal_robotiq_gripper' returned '0': AMENT_PREFIX_PATH=/home/claudio/tiago_public_ws/install/pal_robotiq_description:/home/claudio/tiago_public_ws/install/pal_robotiq_controller_configuration:${AMENT_PREFIX_PATH} CMAKE_PREFIX_PATH=/home/claudio/tiago_public_ws/install/pal_robotiq_description:/home/claudio/tiago_public_ws/install/pal_robotiq_controller_configuration:/opt/ros/humble /usr/bin/cmake --install /home/claudio/tiago_public_ws/build/pal_robotiq_gripper
