[0.052s] Invoking command in '/home/claudio/tiago_public_ws/build/pal_navigation_cfg_bringup': AMENT_PREFIX_PATH=/home/claudio/tiago_public_ws/install/pal_navigation_cfg_params:/home/claudio/tiago_public_ws/install/launch_pal:${AMENT_PREFIX_PATH} CMAKE_PREFIX_PATH=/home/claudio/tiago_public_ws/install/pal_navigation_cfg_params:/opt/ros/humble PYTHONPATH=/home/claudio/tiago_public_ws/build/launch_pal:/home/claudio/tiago_public_ws/install/launch_pal/lib/python3.10/site-packages:${PYTHONPATH} /usr/bin/cmake /home/claudio/tiago_public_ws/src/pal_navigation_cfg_public/pal_navigation_cfg_bringup -DAMENT_CMAKE_SYMLINK_INSTALL=1 -DCMAKE_INSTALL_PREFIX=/home/claudio/tiago_public_ws/install/pal_navigation_cfg_bringup
[0.325s] -- The C compiler identification is GNU 11.4.0
[0.568s] -- The CXX compiler identification is GNU 11.4.0
[0.612s] -- Detecting C compiler ABI info
[0.873s] -- Detecting C compiler ABI info - done
[0.903s] -- Check for working C compiler: /usr/bin/cc - skipped
[0.904s] -- Detecting C compile features
[0.904s] -- Detecting C compile features - done
[0.922s] -- Detecting CXX compiler ABI info
[1.277s] -- Detecting CXX compiler ABI info - done
[1.330s] -- Check for working CXX compiler: /usr/bin/c++ - skipped
[1.330s] -- Detecting CXX compile features
[1.334s] -- Detecting CXX compile features - done
[1.348s] -- Found ament_cmake_auto: 1.3.11 (/opt/ros/humble/share/ament_cmake_auto/cmake)
[1.871s] -- Found Python3: /usr/bin/python3 (found version "3.10.12") found components: Interpreter 
[2.146s] -- Override CMake install command with custom implementation using symlinks instead of copying resources
[2.478s] -- Found ament_lint_auto: 0.12.11 (/opt/ros/humble/share/ament_lint_auto/cmake)
[2.620s] -- Added test 'copyright' to check source files copyright and LICENSE
[2.631s] -- Added test 'flake8' to check Python code syntax and style conventions
[2.637s] -- Added test 'lint_cmake' to check CMake code style
[2.638s] -- Added test 'pep257' to check Python code against some of the docstring style conventions in PEP 257
[2.640s] -- Added test 'xmllint' to check XML markup files
[2.649s] -- Configuring done
[2.661s] -- Generating done
[2.667s] -- Build files have been written to: /home/claudio/tiago_public_ws/build/pal_navigation_cfg_bringup
[2.697s] Invoked command in '/home/claudio/tiago_public_ws/build/pal_navigation_cfg_bringup' returned '0': AMENT_PREFIX_PATH=/home/claudio/tiago_public_ws/install/pal_navigation_cfg_params:/home/claudio/tiago_public_ws/install/launch_pal:${AMENT_PREFIX_PATH} CMAKE_PREFIX_PATH=/home/claudio/tiago_public_ws/install/pal_navigation_cfg_params:/opt/ros/humble PYTHONPATH=/home/claudio/tiago_public_ws/build/launch_pal:/home/claudio/tiago_public_ws/install/launch_pal/lib/python3.10/site-packages:${PYTHONPATH} /usr/bin/cmake /home/claudio/tiago_public_ws/src/pal_navigation_cfg_public/pal_navigation_cfg_bringup -DAMENT_CMAKE_SYMLINK_INSTALL=1 -DCMAKE_INSTALL_PREFIX=/home/claudio/tiago_public_ws/install/pal_navigation_cfg_bringup
[2.699s] Invoking command in '/home/claudio/tiago_public_ws/build/pal_navigation_cfg_bringup': AMENT_PREFIX_PATH=/home/claudio/tiago_public_ws/install/pal_navigation_cfg_params:/home/claudio/tiago_public_ws/install/launch_pal:${AMENT_PREFIX_PATH} CMAKE_PREFIX_PATH=/home/claudio/tiago_public_ws/install/pal_navigation_cfg_params:/opt/ros/humble PYTHONPATH=/home/claudio/tiago_public_ws/build/launch_pal:/home/claudio/tiago_public_ws/install/launch_pal/lib/python3.10/site-packages:${PYTHONPATH} /usr/bin/cmake --build /home/claudio/tiago_public_ws/build/pal_navigation_cfg_bringup -- -j4 -l4
[2.862s] Invoked command in '/home/claudio/tiago_public_ws/build/pal_navigation_cfg_bringup' returned '0': AMENT_PREFIX_PATH=/home/claudio/tiago_public_ws/install/pal_navigation_cfg_params:/home/claudio/tiago_public_ws/install/launch_pal:${AMENT_PREFIX_PATH} CMAKE_PREFIX_PATH=/home/claudio/tiago_public_ws/install/pal_navigation_cfg_params:/opt/ros/humble PYTHONPATH=/home/claudio/tiago_public_ws/build/launch_pal:/home/claudio/tiago_public_ws/install/launch_pal/lib/python3.10/site-packages:${PYTHONPATH} /usr/bin/cmake --build /home/claudio/tiago_public_ws/build/pal_navigation_cfg_bringup -- -j4 -l4
[2.863s] Invoking command in '/home/claudio/tiago_public_ws/build/pal_navigation_cfg_bringup': AMENT_PREFIX_PATH=/home/claudio/tiago_public_ws/install/pal_navigation_cfg_params:/home/claudio/tiago_public_ws/install/launch_pal:${AMENT_PREFIX_PATH} CMAKE_PREFIX_PATH=/home/claudio/tiago_public_ws/install/pal_navigation_cfg_params:/opt/ros/humble PYTHONPATH=/home/claudio/tiago_public_ws/build/launch_pal:/home/claudio/tiago_public_ws/install/launch_pal/lib/python3.10/site-packages:${PYTHONPATH} /usr/bin/cmake --install /home/claudio/tiago_public_ws/build/pal_navigation_cfg_bringup
[2.897s] -- Install configuration: ""
[2.899s] -- Execute custom install script
[2.901s] -- Symlinking: /home/claudio/tiago_public_ws/install/pal_navigation_cfg_bringup/share/pal_navigation_cfg_bringup/launch/nav_bringup.launch.py
[2.941s] -- Symlinking: /home/claudio/tiago_public_ws/install/pal_navigation_cfg_bringup/share/ament_index/resource_index/package_run_dependencies/pal_navigation_cfg_bringup
[2.978s] -- Symlinking: /home/claudio/tiago_public_ws/install/pal_navigation_cfg_bringup/share/ament_index/resource_index/parent_prefix_path/pal_navigation_cfg_bringup
[3.018s] -- Symlinking: /home/claudio/tiago_public_ws/install/pal_navigation_cfg_bringup/share/pal_navigation_cfg_bringup/environment/ament_prefix_path.sh
[3.053s] -- Symlinking: /home/claudio/tiago_public_ws/install/pal_navigation_cfg_bringup/share/pal_navigation_cfg_bringup/environment/ament_prefix_path.dsv
[3.093s] -- Symlinking: /home/claudio/tiago_public_ws/install/pal_navigation_cfg_bringup/share/pal_navigation_cfg_bringup/environment/path.sh
[3.136s] -- Symlinking: /home/claudio/tiago_public_ws/install/pal_navigation_cfg_bringup/share/pal_navigation_cfg_bringup/environment/path.dsv
[3.167s] -- Symlinking: /home/claudio/tiago_public_ws/install/pal_navigation_cfg_bringup/share/pal_navigation_cfg_bringup/local_setup.bash
[3.191s] -- Symlinking: /home/claudio/tiago_public_ws/install/pal_navigation_cfg_bringup/share/pal_navigation_cfg_bringup/local_setup.sh
[3.210s] -- Symlinking: /home/claudio/tiago_public_ws/install/pal_navigation_cfg_bringup/share/pal_navigation_cfg_bringup/local_setup.zsh
[3.230s] -- Symlinking: /home/claudio/tiago_public_ws/install/pal_navigation_cfg_bringup/share/pal_navigation_cfg_bringup/local_setup.dsv
[3.250s] -- Symlinking: /home/claudio/tiago_public_ws/install/pal_navigation_cfg_bringup/share/pal_navigation_cfg_bringup/package.dsv
[3.270s] -- Symlinking: /home/claudio/tiago_public_ws/install/pal_navigation_cfg_bringup/share/ament_index/resource_index/packages/pal_navigation_cfg_bringup
[3.289s] -- Symlinking: /home/claudio/tiago_public_ws/install/pal_navigation_cfg_bringup/share/pal_navigation_cfg_bringup/cmake/pal_navigation_cfg_bringupConfig.cmake
[3.307s] -- Symlinking: /home/claudio/tiago_public_ws/install/pal_navigation_cfg_bringup/share/pal_navigation_cfg_bringup/cmake/pal_navigation_cfg_bringupConfig-version.cmake
[3.327s] -- Symlinking: /home/claudio/tiago_public_ws/install/pal_navigation_cfg_bringup/share/pal_navigation_cfg_bringup/package.xml
[3.350s] Invoked command in '/home/claudio/tiago_public_ws/build/pal_navigation_cfg_bringup' returned '0': AMENT_PREFIX_PATH=/home/claudio/tiago_public_ws/install/pal_navigation_cfg_params:/home/claudio/tiago_public_ws/install/launch_pal:${AMENT_PREFIX_PATH} CMAKE_PREFIX_PATH=/home/claudio/tiago_public_ws/install/pal_navigation_cfg_params:/opt/ros/humble PYTHONPATH=/home/claudio/tiago_public_ws/build/launch_pal:/home/claudio/tiago_public_ws/install/launch_pal/lib/python3.10/site-packages:${PYTHONPATH} /usr/bin/cmake --install /home/claudio/tiago_public_ws/build/pal_navigation_cfg_bringup
