[0.592s] Invoking command in '/home/claudio/Desktop/progetto_ros2/build/robot_nodes': PYTHONPATH=/home/claudio/Desktop/progetto_ros2/build/robot_nodes/prefix_override:/usr/lib/python3/dist-packages/colcon_core/task/python/colcon_distutils_commands:/home/claudio/Desktop/progetto_ros2/install/robot_nodes/lib/python3.10/site-packages:${PYTHONPATH} /usr/bin/python3 -W ignore:setup.py install is deprecated -W ignore:easy_install command is deprecated setup.py develop --editable --build-directory /home/claudio/Desktop/progetto_ros2/build/robot_nodes/build --no-deps symlink_data
[0.779s] running develop
[0.877s] running egg_info
[0.877s] writing robot_nodes.egg-info/PKG-INFO
[0.877s] writing dependency_links to robot_nodes.egg-info/dependency_links.txt
[0.877s] writing entry points to robot_nodes.egg-info/entry_points.txt
[0.878s] writing requirements to robot_nodes.egg-info/requires.txt
[0.878s] writing top-level names to robot_nodes.egg-info/top_level.txt
[0.879s] reading manifest file 'robot_nodes.egg-info/SOURCES.txt'
[0.879s] writing manifest file 'robot_nodes.egg-info/SOURCES.txt'
[0.880s] running build_ext
[0.880s] Creating /home/claudio/Desktop/progetto_ros2/install/robot_nodes/lib/python3.10/site-packages/robot-nodes.egg-link (link to .)
[0.881s] Installing aruco_detector_node script to /home/claudio/Desktop/progetto_ros2/install/robot_nodes/lib/robot_nodes
[0.881s] Installing head_movement_action_node script to /home/claudio/Desktop/progetto_ros2/install/robot_nodes/lib/robot_nodes
[0.881s] Installing ik script to /home/claudio/Desktop/progetto_ros2/install/robot_nodes/lib/robot_nodes
[0.881s] Installing state_machine script to /home/claudio/Desktop/progetto_ros2/install/robot_nodes/lib/robot_nodes
[0.881s] 
[0.881s] Installed /home/claudio/Desktop/progetto_ros2/build/robot_nodes
[0.881s] running symlink_data
[0.902s] Invoked command in '/home/claudio/Desktop/progetto_ros2/build/robot_nodes' returned '0': PYTHONPATH=/home/claudio/Desktop/progetto_ros2/build/robot_nodes/prefix_override:/usr/lib/python3/dist-packages/colcon_core/task/python/colcon_distutils_commands:/home/claudio/Desktop/progetto_ros2/install/robot_nodes/lib/python3.10/site-packages:${PYTHONPATH} /usr/bin/python3 -W ignore:setup.py install is deprecated -W ignore:easy_install command is deprecated setup.py develop --editable --build-directory /home/claudio/Desktop/progetto_ros2/build/robot_nodes/build --no-deps symlink_data
