[0.039s] Invoking command in '/home/claudio/tiago_public_ws/build/play_motion2': CMAKE_PREFIX_PATH=/home/claudio/tiago_public_ws/install/play_motion2_msgs:/home/claudio/tiago_public_ws/install/urdf_test:/home/claudio/tiago_public_ws/install/tiago_simulation:/home/claudio/tiago_public_ws/install/tiago_robot:/home/claudio/tiago_public_ws/install/tiago_navigation:/home/claudio/tiago_public_ws/install/tiago_rgbd_sensors:/home/claudio/tiago_public_ws/install/tiago_gazebo:/home/claudio/tiago_public_ws/install/tiago_moveit_config:/home/claudio/tiago_public_ws/install/tiago_laser_sensors:/home/claudio/tiago_public_ws/install/tiago_bringup:/home/claudio/tiago_public_ws/install/tiago_description:/home/claudio/tiago_public_ws/install/tiago_controller_configuration:/home/claudio/tiago_public_ws/install/tiago_2dnav:/home/claudio/tiago_public_ws/install/launch_pal:/opt/ros/humble:/home/claudio/tiago_public_ws/install/progetto_tiago:/home/claudio/tiago_public_ws/install/pmb2_robot:/home/claudio/tiago_public_ws/install/pmb2_rgbd_sensors:/home/claudio/tiago_public_ws/install/pmb2_navigation:/home/claudio/tiago_public_ws/install/pmb2_laser_sensors:/home/claudio/tiago_public_ws/install/pmb2_bringup:/home/claudio/tiago_public_ws/install/pmb2_description:/home/claudio/tiago_public_ws/install/pmb2_controller_configuration:/home/claudio/tiago_public_ws/install/pmb2_2dnav:/home/claudio/tiago_public_ws/install/play_motion2:/home/claudio/tiago_public_ws/install/pal_hey5:/home/claudio/tiago_public_ws/install/pal_hey5_description:/home/claudio/tiago_public_ws/install/pal_gripper_simulation:/home/claudio/tiago_public_ws/install/pal_gripper:/home/claudio/tiago_public_ws/install/pal_gripper_description:/home/claudio/tiago_public_ws/install/pal_urdf_utils:/home/claudio/tiago_public_ws/install/pal_robotiq_gripper:/home/claudio/tiago_public_ws/install/pal_robotiq_description:/home/claudio/tiago_public_ws/install/pal_robotiq_controller_configuration:/home/claudio/tiago_public_ws/install/pal_navigation_cfg:/home/claudio/tiago_public_ws/install/pal_navigation_cfg_bringup:/home/claudio/tiago_public_ws/install/pal_navigation_cfg_params:/home/claudio/tiago_public_ws/install/pal_hey5_controller_configuration:/home/claudio/tiago_public_ws/install/pal_gripper_controller_configuration:/home/claudio/tiago_public_ws/install/pal_gazebo_worlds LD_LIBRARY_PATH=/home/claudio/tiago_public_ws/install/play_motion2_msgs/lib:/home/claudio/tiago_public_ws/install/play_motion2/lib:/usr/lib/x86_64-linux-gnu/gazebo-11/plugins:/opt/ros/humble/opt/rviz_ogre_vendor/lib:/opt/ros/humble/lib/x86_64-linux-gnu:/opt/ros/humble/lib /usr/bin/cmake --build /home/claudio/tiago_public_ws/build/play_motion2 -- -j8 -l8
[0.130s] [  7%] Built target gtest_main
[0.130s] [ 15%] Built target passthrough_controller_parameters
[0.132s] [ 23%] Built target gtest
[0.172s] [ 38%] Built target play_motion2
[0.185s] [ 46%] Built target play_motion2_node_test
[0.185s] [ 53%] Built target passthrough_controller
[0.211s] [ 61%] Built target client
[0.263s] [ 69%] Built target run_motion
[0.269s] [ 76%] Built target rrbot_system
[0.288s] [ 84%] Built target play_motion2_node
[0.322s] [ 92%] Built target motion_loader_test
[0.332s] [100%] Built target play_motion2_test
[0.405s] Invoked command in '/home/claudio/tiago_public_ws/build/play_motion2' returned '0': CMAKE_PREFIX_PATH=/home/claudio/tiago_public_ws/install/play_motion2_msgs:/home/claudio/tiago_public_ws/install/urdf_test:/home/claudio/tiago_public_ws/install/tiago_simulation:/home/claudio/tiago_public_ws/install/tiago_robot:/home/claudio/tiago_public_ws/install/tiago_navigation:/home/claudio/tiago_public_ws/install/tiago_rgbd_sensors:/home/claudio/tiago_public_ws/install/tiago_gazebo:/home/claudio/tiago_public_ws/install/tiago_moveit_config:/home/claudio/tiago_public_ws/install/tiago_laser_sensors:/home/claudio/tiago_public_ws/install/tiago_bringup:/home/claudio/tiago_public_ws/install/tiago_description:/home/claudio/tiago_public_ws/install/tiago_controller_configuration:/home/claudio/tiago_public_ws/install/tiago_2dnav:/home/claudio/tiago_public_ws/install/launch_pal:/opt/ros/humble:/home/claudio/tiago_public_ws/install/progetto_tiago:/home/claudio/tiago_public_ws/install/pmb2_robot:/home/claudio/tiago_public_ws/install/pmb2_rgbd_sensors:/home/claudio/tiago_public_ws/install/pmb2_navigation:/home/claudio/tiago_public_ws/install/pmb2_laser_sensors:/home/claudio/tiago_public_ws/install/pmb2_bringup:/home/claudio/tiago_public_ws/install/pmb2_description:/home/claudio/tiago_public_ws/install/pmb2_controller_configuration:/home/claudio/tiago_public_ws/install/pmb2_2dnav:/home/claudio/tiago_public_ws/install/play_motion2:/home/claudio/tiago_public_ws/install/pal_hey5:/home/claudio/tiago_public_ws/install/pal_hey5_description:/home/claudio/tiago_public_ws/install/pal_gripper_simulation:/home/claudio/tiago_public_ws/install/pal_gripper:/home/claudio/tiago_public_ws/install/pal_gripper_description:/home/claudio/tiago_public_ws/install/pal_urdf_utils:/home/claudio/tiago_public_ws/install/pal_robotiq_gripper:/home/claudio/tiago_public_ws/install/pal_robotiq_description:/home/claudio/tiago_public_ws/install/pal_robotiq_controller_configuration:/home/claudio/tiago_public_ws/install/pal_navigation_cfg:/home/claudio/tiago_public_ws/install/pal_navigation_cfg_bringup:/home/claudio/tiago_public_ws/install/pal_navigation_cfg_params:/home/claudio/tiago_public_ws/install/pal_hey5_controller_configuration:/home/claudio/tiago_public_ws/install/pal_gripper_controller_configuration:/home/claudio/tiago_public_ws/install/pal_gazebo_worlds LD_LIBRARY_PATH=/home/claudio/tiago_public_ws/install/play_motion2_msgs/lib:/home/claudio/tiago_public_ws/install/play_motion2/lib:/usr/lib/x86_64-linux-gnu/gazebo-11/plugins:/opt/ros/humble/opt/rviz_ogre_vendor/lib:/opt/ros/humble/lib/x86_64-linux-gnu:/opt/ros/humble/lib /usr/bin/cmake --build /home/claudio/tiago_public_ws/build/play_motion2 -- -j8 -l8
[0.412s] Invoking command in '/home/claudio/tiago_public_ws/build/play_motion2': CMAKE_PREFIX_PATH=/home/claudio/tiago_public_ws/install/play_motion2_msgs:/home/claudio/tiago_public_ws/install/urdf_test:/home/claudio/tiago_public_ws/install/tiago_simulation:/home/claudio/tiago_public_ws/install/tiago_robot:/home/claudio/tiago_public_ws/install/tiago_navigation:/home/claudio/tiago_public_ws/install/tiago_rgbd_sensors:/home/claudio/tiago_public_ws/install/tiago_gazebo:/home/claudio/tiago_public_ws/install/tiago_moveit_config:/home/claudio/tiago_public_ws/install/tiago_laser_sensors:/home/claudio/tiago_public_ws/install/tiago_bringup:/home/claudio/tiago_public_ws/install/tiago_description:/home/claudio/tiago_public_ws/install/tiago_controller_configuration:/home/claudio/tiago_public_ws/install/tiago_2dnav:/home/claudio/tiago_public_ws/install/launch_pal:/opt/ros/humble:/home/claudio/tiago_public_ws/install/progetto_tiago:/home/claudio/tiago_public_ws/install/pmb2_robot:/home/claudio/tiago_public_ws/install/pmb2_rgbd_sensors:/home/claudio/tiago_public_ws/install/pmb2_navigation:/home/claudio/tiago_public_ws/install/pmb2_laser_sensors:/home/claudio/tiago_public_ws/install/pmb2_bringup:/home/claudio/tiago_public_ws/install/pmb2_description:/home/claudio/tiago_public_ws/install/pmb2_controller_configuration:/home/claudio/tiago_public_ws/install/pmb2_2dnav:/home/claudio/tiago_public_ws/install/play_motion2:/home/claudio/tiago_public_ws/install/pal_hey5:/home/claudio/tiago_public_ws/install/pal_hey5_description:/home/claudio/tiago_public_ws/install/pal_gripper_simulation:/home/claudio/tiago_public_ws/install/pal_gripper:/home/claudio/tiago_public_ws/install/pal_gripper_description:/home/claudio/tiago_public_ws/install/pal_urdf_utils:/home/claudio/tiago_public_ws/install/pal_robotiq_gripper:/home/claudio/tiago_public_ws/install/pal_robotiq_description:/home/claudio/tiago_public_ws/install/pal_robotiq_controller_configuration:/home/claudio/tiago_public_ws/install/pal_navigation_cfg:/home/claudio/tiago_public_ws/install/pal_navigation_cfg_bringup:/home/claudio/tiago_public_ws/install/pal_navigation_cfg_params:/home/claudio/tiago_public_ws/install/pal_hey5_controller_configuration:/home/claudio/tiago_public_ws/install/pal_gripper_controller_configuration:/home/claudio/tiago_public_ws/install/pal_gazebo_worlds LD_LIBRARY_PATH=/home/claudio/tiago_public_ws/install/play_motion2_msgs/lib:/home/claudio/tiago_public_ws/install/play_motion2/lib:/usr/lib/x86_64-linux-gnu/gazebo-11/plugins:/opt/ros/humble/opt/rviz_ogre_vendor/lib:/opt/ros/humble/lib/x86_64-linux-gnu:/opt/ros/humble/lib /usr/bin/cmake --install /home/claudio/tiago_public_ws/build/play_motion2
[0.423s] -- Install configuration: ""
[0.423s] -- Execute custom install script
[0.423s] -- Up-to-date symlink: /home/claudio/tiago_public_ws/install/play_motion2/share/play_motion2/test/rrbot/rrbot_system.xml
[0.424s] -- Up-to-date symlink: /home/claudio/tiago_public_ws/install/play_motion2/include/play_motion2/passthrough_controller_parameters.hpp
[0.424s] -- Up-to-date symlink: /home/claudio/tiago_public_ws/install/play_motion2/share/play_motion2/test/controllers/passthrough_controller.xml
[0.424s] -- Up-to-date symlink: /home/claudio/tiago_public_ws/install/play_motion2/lib/libpassthrough_controller.so
[0.424s] -- Up-to-date symlink: /home/claudio/tiago_public_ws/install/play_motion2/lib/play_motion2/play_motion2_node_test
[0.425s] -- Up-to-date symlink: /home/claudio/tiago_public_ws/install/play_motion2/include/play_motion2/client.hpp
[0.433s] -- Up-to-date symlink: /home/claudio/tiago_public_ws/install/play_motion2/include/play_motion2/motion_loader.hpp
[0.433s] -- Up-to-date symlink: /home/claudio/tiago_public_ws/install/play_motion2/include/play_motion2/motion_planner.hpp
[0.433s] -- Up-to-date symlink: /home/claudio/tiago_public_ws/install/play_motion2/include/play_motion2/play_motion2.hpp
[0.434s] -- Up-to-date symlink: /home/claudio/tiago_public_ws/install/play_motion2/include/play_motion2/types.hpp
[0.434s] -- Up-to-date symlink: /home/claudio/tiago_public_ws/install/play_motion2/share/play_motion2/environment/library_path.sh
[0.434s] -- Up-to-date symlink: /home/claudio/tiago_public_ws/install/play_motion2/share/play_motion2/environment/library_path.dsv
[0.434s] -- Up-to-date symlink: /home/claudio/tiago_public_ws/install/play_motion2/lib/libplay_motion2.so
[0.434s] -- Up-to-date symlink: /home/claudio/tiago_public_ws/install/play_motion2/lib/libclient.a
[0.434s] -- Up-to-date symlink: /home/claudio/tiago_public_ws/install/play_motion2/lib/librrbot_system.so
[0.434s] -- Up-to-date symlink: /home/claudio/tiago_public_ws/install/play_motion2/lib/play_motion2/play_motion2_node
[0.434s] -- Up-to-date symlink: /home/claudio/tiago_public_ws/install/play_motion2/lib/play_motion2/run_motion
[0.434s] -- Up-to-date symlink: /home/claudio/tiago_public_ws/install/play_motion2/share/play_motion2/config/motion_planner_config.yaml
[0.434s] -- Up-to-date symlink: /home/claudio/tiago_public_ws/install/play_motion2/share/play_motion2/launch/play_motion2.launch.py
[0.434s] -- Up-to-date symlink: /home/claudio/tiago_public_ws/install/play_motion2/share/ament_index/resource_index/package_run_dependencies/play_motion2
[0.435s] -- Up-to-date symlink: /home/claudio/tiago_public_ws/install/play_motion2/share/ament_index/resource_index/parent_prefix_path/play_motion2
[0.435s] -- Up-to-date symlink: /home/claudio/tiago_public_ws/install/play_motion2/share/play_motion2/environment/ament_prefix_path.sh
[0.435s] -- Up-to-date symlink: /home/claudio/tiago_public_ws/install/play_motion2/share/play_motion2/environment/ament_prefix_path.dsv
[0.436s] -- Up-to-date symlink: /home/claudio/tiago_public_ws/install/play_motion2/share/play_motion2/environment/path.sh
[0.436s] -- Up-to-date symlink: /home/claudio/tiago_public_ws/install/play_motion2/share/play_motion2/environment/path.dsv
[0.436s] -- Up-to-date symlink: /home/claudio/tiago_public_ws/install/play_motion2/share/play_motion2/local_setup.bash
[0.436s] -- Up-to-date symlink: /home/claudio/tiago_public_ws/install/play_motion2/share/play_motion2/local_setup.sh
[0.436s] -- Up-to-date symlink: /home/claudio/tiago_public_ws/install/play_motion2/share/play_motion2/local_setup.zsh
[0.436s] -- Up-to-date symlink: /home/claudio/tiago_public_ws/install/play_motion2/share/play_motion2/local_setup.dsv
[0.436s] -- Symlinking: /home/claudio/tiago_public_ws/install/play_motion2/share/play_motion2/package.dsv
[0.458s] -- Up-to-date symlink: /home/claudio/tiago_public_ws/install/play_motion2/share/ament_index/resource_index/packages/play_motion2
[0.458s] -- Up-to-date symlink: /home/claudio/tiago_public_ws/install/play_motion2/share/ament_index/resource_index/hardware_interface__pluginlib__plugin/play_motion2
[0.459s] -- Up-to-date symlink: /home/claudio/tiago_public_ws/install/play_motion2/share/ament_index/resource_index/controller_interface__pluginlib__plugin/play_motion2
[0.459s] -- Up-to-date symlink: /home/claudio/tiago_public_ws/install/play_motion2/share/play_motion2/cmake/ament_cmake_export_dependencies-extras.cmake
[0.459s] -- Up-to-date symlink: /home/claudio/tiago_public_ws/install/play_motion2/share/play_motion2/cmake/ament_cmake_export_include_directories-extras.cmake
[0.459s] -- Up-to-date symlink: /home/claudio/tiago_public_ws/install/play_motion2/share/play_motion2/cmake/ament_cmake_export_libraries-extras.cmake
[0.459s] -- Up-to-date symlink: /home/claudio/tiago_public_ws/install/play_motion2/share/play_motion2/cmake/play_motion2Config.cmake
[0.459s] -- Up-to-date symlink: /home/claudio/tiago_public_ws/install/play_motion2/share/play_motion2/cmake/play_motion2Config-version.cmake
[0.459s] -- Up-to-date symlink: /home/claudio/tiago_public_ws/install/play_motion2/share/play_motion2/package.xml
[0.461s] Invoked command in '/home/claudio/tiago_public_ws/build/play_motion2' returned '0': CMAKE_PREFIX_PATH=/home/claudio/tiago_public_ws/install/play_motion2_msgs:/home/claudio/tiago_public_ws/install/urdf_test:/home/claudio/tiago_public_ws/install/tiago_simulation:/home/claudio/tiago_public_ws/install/tiago_robot:/home/claudio/tiago_public_ws/install/tiago_navigation:/home/claudio/tiago_public_ws/install/tiago_rgbd_sensors:/home/claudio/tiago_public_ws/install/tiago_gazebo:/home/claudio/tiago_public_ws/install/tiago_moveit_config:/home/claudio/tiago_public_ws/install/tiago_laser_sensors:/home/claudio/tiago_public_ws/install/tiago_bringup:/home/claudio/tiago_public_ws/install/tiago_description:/home/claudio/tiago_public_ws/install/tiago_controller_configuration:/home/claudio/tiago_public_ws/install/tiago_2dnav:/home/claudio/tiago_public_ws/install/launch_pal:/opt/ros/humble:/home/claudio/tiago_public_ws/install/progetto_tiago:/home/claudio/tiago_public_ws/install/pmb2_robot:/home/claudio/tiago_public_ws/install/pmb2_rgbd_sensors:/home/claudio/tiago_public_ws/install/pmb2_navigation:/home/claudio/tiago_public_ws/install/pmb2_laser_sensors:/home/claudio/tiago_public_ws/install/pmb2_bringup:/home/claudio/tiago_public_ws/install/pmb2_description:/home/claudio/tiago_public_ws/install/pmb2_controller_configuration:/home/claudio/tiago_public_ws/install/pmb2_2dnav:/home/claudio/tiago_public_ws/install/play_motion2:/home/claudio/tiago_public_ws/install/pal_hey5:/home/claudio/tiago_public_ws/install/pal_hey5_description:/home/claudio/tiago_public_ws/install/pal_gripper_simulation:/home/claudio/tiago_public_ws/install/pal_gripper:/home/claudio/tiago_public_ws/install/pal_gripper_description:/home/claudio/tiago_public_ws/install/pal_urdf_utils:/home/claudio/tiago_public_ws/install/pal_robotiq_gripper:/home/claudio/tiago_public_ws/install/pal_robotiq_description:/home/claudio/tiago_public_ws/install/pal_robotiq_controller_configuration:/home/claudio/tiago_public_ws/install/pal_navigation_cfg:/home/claudio/tiago_public_ws/install/pal_navigation_cfg_bringup:/home/claudio/tiago_public_ws/install/pal_navigation_cfg_params:/home/claudio/tiago_public_ws/install/pal_hey5_controller_configuration:/home/claudio/tiago_public_ws/install/pal_gripper_controller_configuration:/home/claudio/tiago_public_ws/install/pal_gazebo_worlds LD_LIBRARY_PATH=/home/claudio/tiago_public_ws/install/play_motion2_msgs/lib:/home/claudio/tiago_public_ws/install/play_motion2/lib:/usr/lib/x86_64-linux-gnu/gazebo-11/plugins:/opt/ros/humble/opt/rviz_ogre_vendor/lib:/opt/ros/humble/lib/x86_64-linux-gnu:/opt/ros/humble/lib /usr/bin/cmake --install /home/claudio/tiago_public_ws/build/play_motion2
