-- Found ament_cmake_auto: 1.3.11 (/opt/ros/humble/share/ament_cmake_auto/cmake)
-- Override CMake install command with custom implementation using symlinks instead of copying resources
-- Configuring done
-- Generating done
-- Build files have been written to: /home/claudio/tiago_public_ws/build/pal_hey5
-- Install configuration: ""
-- Execute custom install script
-- Up-to-date symlink: /home/claudio/tiago_public_ws/install/pal_hey5/share/ament_index/resource_index/package_run_dependencies/pal_hey5
-- Up-to-date symlink: /home/claudio/tiago_public_ws/install/pal_hey5/share/ament_index/resource_index/parent_prefix_path/pal_hey5
-- Up-to-date symlink: /home/claudio/tiago_public_ws/install/pal_hey5/share/pal_hey5/environment/ament_prefix_path.sh
-- Up-to-date symlink: /home/claudio/tiago_public_ws/install/pal_hey5/share/pal_hey5/environment/ament_prefix_path.dsv
-- Up-to-date symlink: /home/claudio/tiago_public_ws/install/pal_hey5/share/pal_hey5/environment/path.sh
-- Up-to-date symlink: /home/claudio/tiago_public_ws/install/pal_hey5/share/pal_hey5/environment/path.dsv
-- Up-to-date symlink: /home/claudio/tiago_public_ws/install/pal_hey5/share/pal_hey5/local_setup.bash
-- Up-to-date symlink: /home/claudio/tiago_public_ws/install/pal_hey5/share/pal_hey5/local_setup.sh
-- Up-to-date symlink: /home/claudio/tiago_public_ws/install/pal_hey5/share/pal_hey5/local_setup.zsh
-- Up-to-date symlink: /home/claudio/tiago_public_ws/install/pal_hey5/share/pal_hey5/local_setup.dsv
-- Symlinking: /home/claudio/tiago_public_ws/install/pal_hey5/share/pal_hey5/package.dsv
-- Up-to-date symlink: /home/claudio/tiago_public_ws/install/pal_hey5/share/ament_index/resource_index/packages/pal_hey5
-- Up-to-date symlink: /home/claudio/tiago_public_ws/install/pal_hey5/share/pal_hey5/cmake/pal_hey5Config.cmake
-- Up-to-date symlink: /home/claudio/tiago_public_ws/install/pal_hey5/share/pal_hey5/cmake/pal_hey5Config-version.cmake
-- Up-to-date symlink: /home/claudio/tiago_public_ws/install/pal_hey5/share/pal_hey5/package.xml
