[0.055s] Invoking command in '/home/claudio/tiago_public_ws/build/pal_hey5': AMENT_PREFIX_PATH=/home/claudio/tiago_public_ws/install/pal_hey5_description:/home/claudio/tiago_public_ws/install/pal_urdf_utils:/home/claudio/tiago_public_ws/install/pal_hey5_controller_configuration:${AMENT_PREFIX_PATH} CMAKE_PREFIX_PATH=/home/claudio/tiago_public_ws/install/pal_hey5_description:/home/claudio/tiago_public_ws/install/pal_urdf_utils:/home/claudio/tiago_public_ws/install/pal_hey5_controller_configuration:/opt/ros/humble /usr/bin/cmake /home/claudio/tiago_public_ws/src/pal_hey5/pal_hey5 -DCMAKE_INSTALL_PREFIX=/home/claudio/tiago_public_ws/install/pal_hey5
[0.086s] -- Found ament_cmake_auto: 1.3.11 (/opt/ros/humble/share/ament_cmake_auto/cmake)
[0.383s] -- Override CMake install command with custom implementation using symlinks instead of copying resources
[0.571s] -- Configuring done
[0.581s] -- Generating done
[0.585s] -- Build files have been written to: /home/claudio/tiago_public_ws/build/pal_hey5
[0.592s] Invoked command in '/home/claudio/tiago_public_ws/build/pal_hey5' returned '0': AMENT_PREFIX_PATH=/home/claudio/tiago_public_ws/install/pal_hey5_description:/home/claudio/tiago_public_ws/install/pal_urdf_utils:/home/claudio/tiago_public_ws/install/pal_hey5_controller_configuration:${AMENT_PREFIX_PATH} CMAKE_PREFIX_PATH=/home/claudio/tiago_public_ws/install/pal_hey5_description:/home/claudio/tiago_public_ws/install/pal_urdf_utils:/home/claudio/tiago_public_ws/install/pal_hey5_controller_configuration:/opt/ros/humble /usr/bin/cmake /home/claudio/tiago_public_ws/src/pal_hey5/pal_hey5 -DCMAKE_INSTALL_PREFIX=/home/claudio/tiago_public_ws/install/pal_hey5
[0.596s] Invoking command in '/home/claudio/tiago_public_ws/build/pal_hey5': AMENT_PREFIX_PATH=/home/claudio/tiago_public_ws/install/pal_hey5_description:/home/claudio/tiago_public_ws/install/pal_urdf_utils:/home/claudio/tiago_public_ws/install/pal_hey5_controller_configuration:${AMENT_PREFIX_PATH} CMAKE_PREFIX_PATH=/home/claudio/tiago_public_ws/install/pal_hey5_description:/home/claudio/tiago_public_ws/install/pal_urdf_utils:/home/claudio/tiago_public_ws/install/pal_hey5_controller_configuration:/opt/ros/humble /usr/bin/cmake --build /home/claudio/tiago_public_ws/build/pal_hey5 -- -j4 -l4
[0.676s] Invoked command in '/home/claudio/tiago_public_ws/build/pal_hey5' returned '0': AMENT_PREFIX_PATH=/home/claudio/tiago_public_ws/install/pal_hey5_description:/home/claudio/tiago_public_ws/install/pal_urdf_utils:/home/claudio/tiago_public_ws/install/pal_hey5_controller_configuration:${AMENT_PREFIX_PATH} CMAKE_PREFIX_PATH=/home/claudio/tiago_public_ws/install/pal_hey5_description:/home/claudio/tiago_public_ws/install/pal_urdf_utils:/home/claudio/tiago_public_ws/install/pal_hey5_controller_configuration:/opt/ros/humble /usr/bin/cmake --build /home/claudio/tiago_public_ws/build/pal_hey5 -- -j4 -l4
[0.680s] Invoking command in '/home/claudio/tiago_public_ws/build/pal_hey5': AMENT_PREFIX_PATH=/home/claudio/tiago_public_ws/install/pal_hey5_description:/home/claudio/tiago_public_ws/install/pal_urdf_utils:/home/claudio/tiago_public_ws/install/pal_hey5_controller_configuration:${AMENT_PREFIX_PATH} CMAKE_PREFIX_PATH=/home/claudio/tiago_public_ws/install/pal_hey5_description:/home/claudio/tiago_public_ws/install/pal_urdf_utils:/home/claudio/tiago_public_ws/install/pal_hey5_controller_configuration:/opt/ros/humble /usr/bin/cmake --install /home/claudio/tiago_public_ws/build/pal_hey5
[0.695s] -- Install configuration: ""
[0.696s] -- Execute custom install script
[0.698s] -- Up-to-date symlink: /home/claudio/tiago_public_ws/install/pal_hey5/share/ament_index/resource_index/package_run_dependencies/pal_hey5
[0.698s] -- Up-to-date symlink: /home/claudio/tiago_public_ws/install/pal_hey5/share/ament_index/resource_index/parent_prefix_path/pal_hey5
[0.700s] -- Up-to-date symlink: /home/claudio/tiago_public_ws/install/pal_hey5/share/pal_hey5/environment/ament_prefix_path.sh
[0.701s] -- Up-to-date symlink: /home/claudio/tiago_public_ws/install/pal_hey5/share/pal_hey5/environment/ament_prefix_path.dsv
[0.702s] -- Up-to-date symlink: /home/claudio/tiago_public_ws/install/pal_hey5/share/pal_hey5/environment/path.sh
[0.703s] -- Up-to-date symlink: /home/claudio/tiago_public_ws/install/pal_hey5/share/pal_hey5/environment/path.dsv
[0.704s] -- Up-to-date symlink: /home/claudio/tiago_public_ws/install/pal_hey5/share/pal_hey5/local_setup.bash
[0.705s] -- Up-to-date symlink: /home/claudio/tiago_public_ws/install/pal_hey5/share/pal_hey5/local_setup.sh
[0.707s] -- Up-to-date symlink: /home/claudio/tiago_public_ws/install/pal_hey5/share/pal_hey5/local_setup.zsh
[0.708s] -- Up-to-date symlink: /home/claudio/tiago_public_ws/install/pal_hey5/share/pal_hey5/local_setup.dsv
[0.708s] -- Symlinking: /home/claudio/tiago_public_ws/install/pal_hey5/share/pal_hey5/package.dsv
[0.729s] -- Up-to-date symlink: /home/claudio/tiago_public_ws/install/pal_hey5/share/ament_index/resource_index/packages/pal_hey5
[0.730s] -- Up-to-date symlink: /home/claudio/tiago_public_ws/install/pal_hey5/share/pal_hey5/cmake/pal_hey5Config.cmake
[0.731s] -- Up-to-date symlink: /home/claudio/tiago_public_ws/install/pal_hey5/share/pal_hey5/cmake/pal_hey5Config-version.cmake
[0.732s] -- Up-to-date symlink: /home/claudio/tiago_public_ws/install/pal_hey5/share/pal_hey5/package.xml
[0.736s] Invoked command in '/home/claudio/tiago_public_ws/build/pal_hey5' returned '0': AMENT_PREFIX_PATH=/home/claudio/tiago_public_ws/install/pal_hey5_description:/home/claudio/tiago_public_ws/install/pal_urdf_utils:/home/claudio/tiago_public_ws/install/pal_hey5_controller_configuration:${AMENT_PREFIX_PATH} CMAKE_PREFIX_PATH=/home/claudio/tiago_public_ws/install/pal_hey5_description:/home/claudio/tiago_public_ws/install/pal_urdf_utils:/home/claudio/tiago_public_ws/install/pal_hey5_controller_configuration:/opt/ros/humble /usr/bin/cmake --install /home/claudio/tiago_public_ws/build/pal_hey5
