[0.027s] Invoking command in '/home/claudio/tiago_public_ws/build/pmb2_navigation': AMENT_PREFIX_PATH=/home/claudio/tiago_public_ws/install/pmb2_2dnav:/home/claudio/tiago_public_ws/install/pmb2_laser_sensors:/home/claudio/tiago_public_ws/install/launch_pal:${AMENT_PREFIX_PATH} CMAKE_PREFIX_PATH=/home/claudio/tiago_public_ws/install/pmb2_2dnav:/home/claudio/tiago_public_ws/install/pmb2_laser_sensors:/opt/ros/humble PYTHONPATH=/home/claudio/tiago_public_ws/install/launch_pal/lib/python3.10/site-packages:${PYTHONPATH} /usr/bin/cmake /home/claudio/tiago_public_ws/src/pmb2_navigation/pmb2_navigation -DCMAKE_INSTALL_PREFIX=/home/claudio/tiago_public_ws/install/pmb2_navigation
[0.052s] -- Found ament_cmake_auto: 1.3.11 (/opt/ros/humble/share/ament_cmake_auto/cmake)
[0.357s] -- Override CMake install command with custom implementation using symlinks instead of copying resources
[0.539s] -- Configuring done
[0.554s] -- Generating done
[0.556s] -- Build files have been written to: /home/claudio/tiago_public_ws/build/pmb2_navigation
[0.568s] Invoked command in '/home/claudio/tiago_public_ws/build/pmb2_navigation' returned '0': AMENT_PREFIX_PATH=/home/claudio/tiago_public_ws/install/pmb2_2dnav:/home/claudio/tiago_public_ws/install/pmb2_laser_sensors:/home/claudio/tiago_public_ws/install/launch_pal:${AMENT_PREFIX_PATH} CMAKE_PREFIX_PATH=/home/claudio/tiago_public_ws/install/pmb2_2dnav:/home/claudio/tiago_public_ws/install/pmb2_laser_sensors:/opt/ros/humble PYTHONPATH=/home/claudio/tiago_public_ws/install/launch_pal/lib/python3.10/site-packages:${PYTHONPATH} /usr/bin/cmake /home/claudio/tiago_public_ws/src/pmb2_navigation/pmb2_navigation -DCMAKE_INSTALL_PREFIX=/home/claudio/tiago_public_ws/install/pmb2_navigation
[0.570s] Invoking command in '/home/claudio/tiago_public_ws/build/pmb2_navigation': AMENT_PREFIX_PATH=/home/claudio/tiago_public_ws/install/pmb2_2dnav:/home/claudio/tiago_public_ws/install/pmb2_laser_sensors:/home/claudio/tiago_public_ws/install/launch_pal:${AMENT_PREFIX_PATH} CMAKE_PREFIX_PATH=/home/claudio/tiago_public_ws/install/pmb2_2dnav:/home/claudio/tiago_public_ws/install/pmb2_laser_sensors:/opt/ros/humble PYTHONPATH=/home/claudio/tiago_public_ws/install/launch_pal/lib/python3.10/site-packages:${PYTHONPATH} /usr/bin/cmake --build /home/claudio/tiago_public_ws/build/pmb2_navigation -- -j4 -l4
[0.670s] Invoked command in '/home/claudio/tiago_public_ws/build/pmb2_navigation' returned '0': AMENT_PREFIX_PATH=/home/claudio/tiago_public_ws/install/pmb2_2dnav:/home/claudio/tiago_public_ws/install/pmb2_laser_sensors:/home/claudio/tiago_public_ws/install/launch_pal:${AMENT_PREFIX_PATH} CMAKE_PREFIX_PATH=/home/claudio/tiago_public_ws/install/pmb2_2dnav:/home/claudio/tiago_public_ws/install/pmb2_laser_sensors:/opt/ros/humble PYTHONPATH=/home/claudio/tiago_public_ws/install/launch_pal/lib/python3.10/site-packages:${PYTHONPATH} /usr/bin/cmake --build /home/claudio/tiago_public_ws/build/pmb2_navigation -- -j4 -l4
[0.677s] Invoking command in '/home/claudio/tiago_public_ws/build/pmb2_navigation': AMENT_PREFIX_PATH=/home/claudio/tiago_public_ws/install/pmb2_2dnav:/home/claudio/tiago_public_ws/install/pmb2_laser_sensors:/home/claudio/tiago_public_ws/install/launch_pal:${AMENT_PREFIX_PATH} CMAKE_PREFIX_PATH=/home/claudio/tiago_public_ws/install/pmb2_2dnav:/home/claudio/tiago_public_ws/install/pmb2_laser_sensors:/opt/ros/humble PYTHONPATH=/home/claudio/tiago_public_ws/install/launch_pal/lib/python3.10/site-packages:${PYTHONPATH} /usr/bin/cmake --install /home/claudio/tiago_public_ws/build/pmb2_navigation
[0.693s] -- Install configuration: ""
[0.694s] -- Execute custom install script
[0.697s] -- Up-to-date symlink: /home/claudio/tiago_public_ws/install/pmb2_navigation/share/ament_index/resource_index/package_run_dependencies/pmb2_navigation
[0.699s] -- Up-to-date symlink: /home/claudio/tiago_public_ws/install/pmb2_navigation/share/ament_index/resource_index/parent_prefix_path/pmb2_navigation
[0.700s] -- Up-to-date symlink: /home/claudio/tiago_public_ws/install/pmb2_navigation/share/pmb2_navigation/environment/ament_prefix_path.sh
[0.702s] -- Up-to-date symlink: /home/claudio/tiago_public_ws/install/pmb2_navigation/share/pmb2_navigation/environment/ament_prefix_path.dsv
[0.703s] -- Up-to-date symlink: /home/claudio/tiago_public_ws/install/pmb2_navigation/share/pmb2_navigation/environment/path.sh
[0.705s] -- Up-to-date symlink: /home/claudio/tiago_public_ws/install/pmb2_navigation/share/pmb2_navigation/environment/path.dsv
[0.705s] -- Up-to-date symlink: /home/claudio/tiago_public_ws/install/pmb2_navigation/share/pmb2_navigation/local_setup.bash
[0.707s] -- Up-to-date symlink: /home/claudio/tiago_public_ws/install/pmb2_navigation/share/pmb2_navigation/local_setup.sh
[0.708s] -- Up-to-date symlink: /home/claudio/tiago_public_ws/install/pmb2_navigation/share/pmb2_navigation/local_setup.zsh
[0.709s] -- Up-to-date symlink: /home/claudio/tiago_public_ws/install/pmb2_navigation/share/pmb2_navigation/local_setup.dsv
[0.710s] -- Symlinking: /home/claudio/tiago_public_ws/install/pmb2_navigation/share/pmb2_navigation/package.dsv
[0.734s] -- Up-to-date symlink: /home/claudio/tiago_public_ws/install/pmb2_navigation/share/ament_index/resource_index/packages/pmb2_navigation
[0.735s] -- Up-to-date symlink: /home/claudio/tiago_public_ws/install/pmb2_navigation/share/pmb2_navigation/cmake/pmb2_navigationConfig.cmake
[0.736s] -- Up-to-date symlink: /home/claudio/tiago_public_ws/install/pmb2_navigation/share/pmb2_navigation/cmake/pmb2_navigationConfig-version.cmake
[0.739s] -- Up-to-date symlink: /home/claudio/tiago_public_ws/install/pmb2_navigation/share/pmb2_navigation/package.xml
[0.742s] Invoked command in '/home/claudio/tiago_public_ws/build/pmb2_navigation' returned '0': AMENT_PREFIX_PATH=/home/claudio/tiago_public_ws/install/pmb2_2dnav:/home/claudio/tiago_public_ws/install/pmb2_laser_sensors:/home/claudio/tiago_public_ws/install/launch_pal:${AMENT_PREFIX_PATH} CMAKE_PREFIX_PATH=/home/claudio/tiago_public_ws/install/pmb2_2dnav:/home/claudio/tiago_public_ws/install/pmb2_laser_sensors:/opt/ros/humble PYTHONPATH=/home/claudio/tiago_public_ws/install/launch_pal/lib/python3.10/site-packages:${PYTHONPATH} /usr/bin/cmake --install /home/claudio/tiago_public_ws/build/pmb2_navigation
