[6.376s] Invoking command in '/home/claudio/progetto_ros2/src/robot_nodes': PYTHONPATH=/home/claudio/progetto_ros2/build/robot_nodes/prefix_override:/usr/lib/python3/dist-packages/colcon_core/task/python/colcon_distutils_commands:/home/claudio/progetto_ros2/install/robot_nodes/lib/python3.10/site-packages:${PYTHONPATH} /usr/bin/python3 -W ignore:setup.py install is deprecated -W ignore:easy_install command is deprecated setup.py egg_info --egg-base ../../build/robot_nodes build --build-base /home/claudio/progetto_ros2/build/robot_nodes/build install --record /home/claudio/progetto_ros2/build/robot_nodes/install.log --single-version-externally-managed install_data
[7.659s] running egg_info
[7.661s] writing ../../build/robot_nodes/robot_nodes.egg-info/PKG-INFO
[7.661s] writing dependency_links to ../../build/robot_nodes/robot_nodes.egg-info/dependency_links.txt
[7.662s] writing entry points to ../../build/robot_nodes/robot_nodes.egg-info/entry_points.txt
[7.662s] writing requirements to ../../build/robot_nodes/robot_nodes.egg-info/requires.txt
[7.662s] writing top-level names to ../../build/robot_nodes/robot_nodes.egg-info/top_level.txt
[7.666s] reading manifest file '../../build/robot_nodes/robot_nodes.egg-info/SOURCES.txt'
[7.668s] writing manifest file '../../build/robot_nodes/robot_nodes.egg-info/SOURCES.txt'
[7.668s] running build
[7.669s] running build_py
[7.669s] running install
[7.670s] running install_lib
[7.672s] running install_data
[7.673s] running install_egg_info
[7.676s] removing '/home/claudio/progetto_ros2/install/robot_nodes/lib/python3.10/site-packages/robot_nodes-0.0.0-py3.10.egg-info' (and everything under it)
[7.677s] Copying ../../build/robot_nodes/robot_nodes.egg-info to /home/claudio/progetto_ros2/install/robot_nodes/lib/python3.10/site-packages/robot_nodes-0.0.0-py3.10.egg-info
[7.678s] running install_scripts
[7.710s] Installing macchina_a_stati script to /home/claudio/progetto_ros2/install/robot_nodes/lib/robot_nodes
[7.710s] Installing testa_e_aruco script to /home/claudio/progetto_ros2/install/robot_nodes/lib/robot_nodes
[7.711s] writing list of installed files to '/home/claudio/progetto_ros2/build/robot_nodes/install.log'
[7.752s] Invoked command in '/home/claudio/progetto_ros2/src/robot_nodes' returned '0': PYTHONPATH=/home/claudio/progetto_ros2/build/robot_nodes/prefix_override:/usr/lib/python3/dist-packages/colcon_core/task/python/colcon_distutils_commands:/home/claudio/progetto_ros2/install/robot_nodes/lib/python3.10/site-packages:${PYTHONPATH} /usr/bin/python3 -W ignore:setup.py install is deprecated -W ignore:easy_install command is deprecated setup.py egg_info --egg-base ../../build/robot_nodes build --build-base /home/claudio/progetto_ros2/build/robot_nodes/build install --record /home/claudio/progetto_ros2/build/robot_nodes/install.log --single-version-externally-managed install_data
