[1.423s] Invoking command in '/home/claudio/progetto_ros2/src/robot_launcher': PYTHONPATH=/home/claudio/progetto_ros2/build/robot_launcher/prefix_override:/usr/lib/python3/dist-packages/colcon_core/task/python/colcon_distutils_commands:/home/claudio/progetto_ros2/install/robot_launcher/lib/python3.10/site-packages:${PYTHONPATH} /usr/bin/python3 -W ignore:setup.py install is deprecated -W ignore:easy_install command is deprecated setup.py egg_info --egg-base ../../build/robot_launcher build --build-base /home/claudio/progetto_ros2/build/robot_launcher/build install --record /home/claudio/progetto_ros2/build/robot_launcher/install.log --single-version-externally-managed install_data
[1.810s] running egg_info
[1.811s] writing ../../build/robot_launcher/robot_launcher.egg-info/PKG-INFO
[1.812s] writing dependency_links to ../../build/robot_launcher/robot_launcher.egg-info/dependency_links.txt
[1.812s] writing entry points to ../../build/robot_launcher/robot_launcher.egg-info/entry_points.txt
[1.812s] writing requirements to ../../build/robot_launcher/robot_launcher.egg-info/requires.txt
[1.813s] writing top-level names to ../../build/robot_launcher/robot_launcher.egg-info/top_level.txt
[1.815s] reading manifest file '../../build/robot_launcher/robot_launcher.egg-info/SOURCES.txt'
[1.817s] writing manifest file '../../build/robot_launcher/robot_launcher.egg-info/SOURCES.txt'
[1.818s] running build
[1.818s] running build_py
[1.818s] running install
[1.819s] running install_lib
[1.821s] running install_data
[1.821s] running install_egg_info
[1.825s] removing '/home/claudio/progetto_ros2/install/robot_launcher/lib/python3.10/site-packages/robot_launcher-0.0.0-py3.10.egg-info' (and everything under it)
[1.825s] Copying ../../build/robot_launcher/robot_launcher.egg-info to /home/claudio/progetto_ros2/install/robot_launcher/lib/python3.10/site-packages/robot_launcher-0.0.0-py3.10.egg-info
[1.827s] running install_scripts
[1.872s] writing list of installed files to '/home/claudio/progetto_ros2/build/robot_launcher/install.log'
[1.920s] Invoked command in '/home/claudio/progetto_ros2/src/robot_launcher' returned '0': PYTHONPATH=/home/claudio/progetto_ros2/build/robot_launcher/prefix_override:/usr/lib/python3/dist-packages/colcon_core/task/python/colcon_distutils_commands:/home/claudio/progetto_ros2/install/robot_launcher/lib/python3.10/site-packages:${PYTHONPATH} /usr/bin/python3 -W ignore:setup.py install is deprecated -W ignore:easy_install command is deprecated setup.py egg_info --egg-base ../../build/robot_launcher build --build-base /home/claudio/progetto_ros2/build/robot_launcher/build install --record /home/claudio/progetto_ros2/build/robot_launcher/install.log --single-version-externally-managed install_data
