[0.253s] Invoking command in '/home/claudio/tiago_public_ws/build/pal_urdf_utils': CMAKE_PREFIX_PATH=${CMAKE_PREFIX_PATH}:/home/claudio/tiago_public_ws/install/launch_pal:/opt/ros/humble /usr/bin/cmake --build /home/claudio/tiago_public_ws/build/pal_urdf_utils -- -j8 -l8
[0.347s] Invoked command in '/home/claudio/tiago_public_ws/build/pal_urdf_utils' returned '0': CMAKE_PREFIX_PATH=${CMAKE_PREFIX_PATH}:/home/claudio/tiago_public_ws/install/launch_pal:/opt/ros/humble /usr/bin/cmake --build /home/claudio/tiago_public_ws/build/pal_urdf_utils -- -j8 -l8
[0.359s] Invoking command in '/home/claudio/tiago_public_ws/build/pal_urdf_utils': CMAKE_PREFIX_PATH=${CMAKE_PREFIX_PATH}:/home/claudio/tiago_public_ws/install/launch_pal:/opt/ros/humble /usr/bin/cmake --install /home/claudio/tiago_public_ws/build/pal_urdf_utils
[0.370s] -- Install configuration: ""
[0.377s] -- Execute custom install script
[0.377s] -- Up-to-date symlink: /home/claudio/tiago_public_ws/install/pal_urdf_utils/share/pal_urdf_utils/urdf/deg_to_rad.urdf.xacro
[0.377s] -- Up-to-date symlink: /home/claudio/tiago_public_ws/install/pal_urdf_utils/share/pal_urdf_utils/urdf/materials.urdf.xacro
[0.377s] -- Up-to-date symlink: /home/claudio/tiago_public_ws/install/pal_urdf_utils/share/pal_urdf_utils/urdf/pi.urdf.xacro
[0.377s] -- Up-to-date symlink: /home/claudio/tiago_public_ws/install/pal_urdf_utils/share/ament_index/resource_index/package_run_dependencies/pal_urdf_utils
[0.377s] -- Up-to-date symlink: /home/claudio/tiago_public_ws/install/pal_urdf_utils/share/ament_index/resource_index/parent_prefix_path/pal_urdf_utils
[0.377s] -- Up-to-date symlink: /home/claudio/tiago_public_ws/install/pal_urdf_utils/share/pal_urdf_utils/environment/ament_prefix_path.sh
[0.377s] -- Up-to-date symlink: /home/claudio/tiago_public_ws/install/pal_urdf_utils/share/pal_urdf_utils/environment/ament_prefix_path.dsv
[0.377s] -- Up-to-date symlink: /home/claudio/tiago_public_ws/install/pal_urdf_utils/share/pal_urdf_utils/environment/path.sh
[0.377s] -- Up-to-date symlink: /home/claudio/tiago_public_ws/install/pal_urdf_utils/share/pal_urdf_utils/environment/path.dsv
[0.377s] -- Up-to-date symlink: /home/claudio/tiago_public_ws/install/pal_urdf_utils/share/pal_urdf_utils/local_setup.bash
[0.379s] -- Up-to-date symlink: /home/claudio/tiago_public_ws/install/pal_urdf_utils/share/pal_urdf_utils/local_setup.sh
[0.379s] -- Up-to-date symlink: /home/claudio/tiago_public_ws/install/pal_urdf_utils/share/pal_urdf_utils/local_setup.zsh
[0.379s] -- Up-to-date symlink: /home/claudio/tiago_public_ws/install/pal_urdf_utils/share/pal_urdf_utils/local_setup.dsv
[0.379s] -- Symlinking: /home/claudio/tiago_public_ws/install/pal_urdf_utils/share/pal_urdf_utils/package.dsv
[0.388s] -- Up-to-date symlink: /home/claudio/tiago_public_ws/install/pal_urdf_utils/share/ament_index/resource_index/packages/pal_urdf_utils
[0.388s] -- Up-to-date symlink: /home/claudio/tiago_public_ws/install/pal_urdf_utils/share/pal_urdf_utils/cmake/pal_urdf_utilsConfig.cmake
[0.388s] -- Up-to-date symlink: /home/claudio/tiago_public_ws/install/pal_urdf_utils/share/pal_urdf_utils/cmake/pal_urdf_utilsConfig-version.cmake
[0.388s] -- Up-to-date symlink: /home/claudio/tiago_public_ws/install/pal_urdf_utils/share/pal_urdf_utils/package.xml
[0.401s] Invoked command in '/home/claudio/tiago_public_ws/build/pal_urdf_utils' returned '0': CMAKE_PREFIX_PATH=${CMAKE_PREFIX_PATH}:/home/claudio/tiago_public_ws/install/launch_pal:/opt/ros/humble /usr/bin/cmake --install /home/claudio/tiago_public_ws/build/pal_urdf_utils
