-- Found ament_cmake_auto: 1.3.11 (/opt/ros/humble/share/ament_cmake_auto/cmake)
-- Override CMake install command with custom implementation using symlinks instead of copying resources
-- Found ament_lint_auto: 0.12.11 (/opt/ros/humble/share/ament_lint_auto/cmake)
-- Added test 'copyright' to check source files copyright and LICENSE
-- Added test 'lint_cmake' to check CMake code style
-- Added test 'xmllint' to check XML markup files
-- Configuring done
-- Generating done
-- Build files have been written to: /home/claudio/tiago_public_ws/build/tiago_2dnav
-- Install configuration: ""
-- Execute custom install script
-- Up-to-date symlink: /home/claudio/tiago_public_ws/install/tiago_2dnav/share/ament_index/resource_index/package_run_dependencies/tiago_2dnav
-- Up-to-date symlink: /home/claudio/tiago_public_ws/install/tiago_2dnav/share/ament_index/resource_index/parent_prefix_path/tiago_2dnav
-- Up-to-date symlink: /home/claudio/tiago_public_ws/install/tiago_2dnav/share/tiago_2dnav/environment/ament_prefix_path.sh
-- Up-to-date symlink: /home/claudio/tiago_public_ws/install/tiago_2dnav/share/tiago_2dnav/environment/ament_prefix_path.dsv
-- Up-to-date symlink: /home/claudio/tiago_public_ws/install/tiago_2dnav/share/tiago_2dnav/environment/path.sh
-- Up-to-date symlink: /home/claudio/tiago_public_ws/install/tiago_2dnav/share/tiago_2dnav/environment/path.dsv
-- Up-to-date symlink: /home/claudio/tiago_public_ws/install/tiago_2dnav/share/tiago_2dnav/local_setup.bash
-- Up-to-date symlink: /home/claudio/tiago_public_ws/install/tiago_2dnav/share/tiago_2dnav/local_setup.sh
-- Up-to-date symlink: /home/claudio/tiago_public_ws/install/tiago_2dnav/share/tiago_2dnav/local_setup.zsh
-- Up-to-date symlink: /home/claudio/tiago_public_ws/install/tiago_2dnav/share/tiago_2dnav/local_setup.dsv
-- Symlinking: /home/claudio/tiago_public_ws/install/tiago_2dnav/share/tiago_2dnav/package.dsv
-- Up-to-date symlink: /home/claudio/tiago_public_ws/install/tiago_2dnav/share/ament_index/resource_index/packages/tiago_2dnav
-- Up-to-date symlink: /home/claudio/tiago_public_ws/install/tiago_2dnav/share/tiago_2dnav/cmake/tiago_2dnavConfig.cmake
-- Up-to-date symlink: /home/claudio/tiago_public_ws/install/tiago_2dnav/share/tiago_2dnav/cmake/tiago_2dnavConfig-version.cmake
-- Up-to-date symlink: /home/claudio/tiago_public_ws/install/tiago_2dnav/share/tiago_2dnav/package.xml
