[0.042s] Invoking command in '/home/claudio/tiago_public_ws/build/tiago_2dnav': AMENT_PREFIX_PATH=/home/claudio/tiago_public_ws/install/pmb2_2dnav:/home/claudio/tiago_public_ws/install/launch_pal:${AMENT_PREFIX_PATH} CMAKE_PREFIX_PATH=/home/claudio/tiago_public_ws/install/pmb2_2dnav:/opt/ros/humble PYTHONPATH=/home/claudio/tiago_public_ws/install/launch_pal/lib/python3.10/site-packages:${PYTHONPATH} /usr/bin/cmake /home/claudio/tiago_public_ws/src/tiago_navigation/tiago_2dnav -DCMAKE_INSTALL_PREFIX=/home/claudio/tiago_public_ws/install/tiago_2dnav
[0.092s] -- Found ament_cmake_auto: 1.3.11 (/opt/ros/humble/share/ament_cmake_auto/cmake)
[0.498s] -- Override CMake install command with custom implementation using symlinks instead of copying resources
[0.719s] -- Found ament_lint_auto: 0.12.11 (/opt/ros/humble/share/ament_lint_auto/cmake)
[0.745s] -- Added test 'copyright' to check source files copyright and LICENSE
[0.751s] -- Added test 'lint_cmake' to check CMake code style
[0.751s] -- Added test 'xmllint' to check XML markup files
[0.754s] -- Configuring done
[0.765s] -- Generating done
[0.770s] -- Build files have been written to: /home/claudio/tiago_public_ws/build/tiago_2dnav
[0.779s] Invoked command in '/home/claudio/tiago_public_ws/build/tiago_2dnav' returned '0': AMENT_PREFIX_PATH=/home/claudio/tiago_public_ws/install/pmb2_2dnav:/home/claudio/tiago_public_ws/install/launch_pal:${AMENT_PREFIX_PATH} CMAKE_PREFIX_PATH=/home/claudio/tiago_public_ws/install/pmb2_2dnav:/opt/ros/humble PYTHONPATH=/home/claudio/tiago_public_ws/install/launch_pal/lib/python3.10/site-packages:${PYTHONPATH} /usr/bin/cmake /home/claudio/tiago_public_ws/src/tiago_navigation/tiago_2dnav -DCMAKE_INSTALL_PREFIX=/home/claudio/tiago_public_ws/install/tiago_2dnav
[0.780s] Invoking command in '/home/claudio/tiago_public_ws/build/tiago_2dnav': AMENT_PREFIX_PATH=/home/claudio/tiago_public_ws/install/pmb2_2dnav:/home/claudio/tiago_public_ws/install/launch_pal:${AMENT_PREFIX_PATH} CMAKE_PREFIX_PATH=/home/claudio/tiago_public_ws/install/pmb2_2dnav:/opt/ros/humble PYTHONPATH=/home/claudio/tiago_public_ws/install/launch_pal/lib/python3.10/site-packages:${PYTHONPATH} /usr/bin/cmake --build /home/claudio/tiago_public_ws/build/tiago_2dnav -- -j4 -l4
[0.854s] Invoked command in '/home/claudio/tiago_public_ws/build/tiago_2dnav' returned '0': AMENT_PREFIX_PATH=/home/claudio/tiago_public_ws/install/pmb2_2dnav:/home/claudio/tiago_public_ws/install/launch_pal:${AMENT_PREFIX_PATH} CMAKE_PREFIX_PATH=/home/claudio/tiago_public_ws/install/pmb2_2dnav:/opt/ros/humble PYTHONPATH=/home/claudio/tiago_public_ws/install/launch_pal/lib/python3.10/site-packages:${PYTHONPATH} /usr/bin/cmake --build /home/claudio/tiago_public_ws/build/tiago_2dnav -- -j4 -l4
[0.861s] Invoking command in '/home/claudio/tiago_public_ws/build/tiago_2dnav': AMENT_PREFIX_PATH=/home/claudio/tiago_public_ws/install/pmb2_2dnav:/home/claudio/tiago_public_ws/install/launch_pal:${AMENT_PREFIX_PATH} CMAKE_PREFIX_PATH=/home/claudio/tiago_public_ws/install/pmb2_2dnav:/opt/ros/humble PYTHONPATH=/home/claudio/tiago_public_ws/install/launch_pal/lib/python3.10/site-packages:${PYTHONPATH} /usr/bin/cmake --install /home/claudio/tiago_public_ws/build/tiago_2dnav
[0.877s] -- Install configuration: ""
[0.877s] -- Execute custom install script
[0.880s] -- Up-to-date symlink: /home/claudio/tiago_public_ws/install/tiago_2dnav/share/ament_index/resource_index/package_run_dependencies/tiago_2dnav
[0.880s] -- Up-to-date symlink: /home/claudio/tiago_public_ws/install/tiago_2dnav/share/ament_index/resource_index/parent_prefix_path/tiago_2dnav
[0.881s] -- Up-to-date symlink: /home/claudio/tiago_public_ws/install/tiago_2dnav/share/tiago_2dnav/environment/ament_prefix_path.sh
[0.882s] -- Up-to-date symlink: /home/claudio/tiago_public_ws/install/tiago_2dnav/share/tiago_2dnav/environment/ament_prefix_path.dsv
[0.883s] -- Up-to-date symlink: /home/claudio/tiago_public_ws/install/tiago_2dnav/share/tiago_2dnav/environment/path.sh
[0.884s] -- Up-to-date symlink: /home/claudio/tiago_public_ws/install/tiago_2dnav/share/tiago_2dnav/environment/path.dsv
[0.885s] -- Up-to-date symlink: /home/claudio/tiago_public_ws/install/tiago_2dnav/share/tiago_2dnav/local_setup.bash
[0.887s] -- Up-to-date symlink: /home/claudio/tiago_public_ws/install/tiago_2dnav/share/tiago_2dnav/local_setup.sh
[0.888s] -- Up-to-date symlink: /home/claudio/tiago_public_ws/install/tiago_2dnav/share/tiago_2dnav/local_setup.zsh
[0.889s] -- Up-to-date symlink: /home/claudio/tiago_public_ws/install/tiago_2dnav/share/tiago_2dnav/local_setup.dsv
[0.890s] -- Symlinking: /home/claudio/tiago_public_ws/install/tiago_2dnav/share/tiago_2dnav/package.dsv
[0.910s] -- Up-to-date symlink: /home/claudio/tiago_public_ws/install/tiago_2dnav/share/ament_index/resource_index/packages/tiago_2dnav
[0.912s] -- Up-to-date symlink: /home/claudio/tiago_public_ws/install/tiago_2dnav/share/tiago_2dnav/cmake/tiago_2dnavConfig.cmake
[0.913s] -- Up-to-date symlink: /home/claudio/tiago_public_ws/install/tiago_2dnav/share/tiago_2dnav/cmake/tiago_2dnavConfig-version.cmake
[0.915s] -- Up-to-date symlink: /home/claudio/tiago_public_ws/install/tiago_2dnav/share/tiago_2dnav/package.xml
[0.918s] Invoked command in '/home/claudio/tiago_public_ws/build/tiago_2dnav' returned '0': AMENT_PREFIX_PATH=/home/claudio/tiago_public_ws/install/pmb2_2dnav:/home/claudio/tiago_public_ws/install/launch_pal:${AMENT_PREFIX_PATH} CMAKE_PREFIX_PATH=/home/claudio/tiago_public_ws/install/pmb2_2dnav:/opt/ros/humble PYTHONPATH=/home/claudio/tiago_public_ws/install/launch_pal/lib/python3.10/site-packages:${PYTHONPATH} /usr/bin/cmake --install /home/claudio/tiago_public_ws/build/tiago_2dnav
