[7.021s] Invoking command in '/home/claudio/progetto_ros2/src/robot_nodes': PYTHONPATH=/home/claudio/progetto_ros2/build/robot_nodes/prefix_override:/usr/lib/python3/dist-packages/colcon_core/task/python/colcon_distutils_commands:/home/claudio/progetto_ros2/install/robot_nodes/lib/python3.10/site-packages:${PYTHONPATH} /usr/bin/python3 -W ignore:setup.py install is deprecated -W ignore:easy_install command is deprecated setup.py egg_info --egg-base ../../build/robot_nodes build --build-base /home/claudio/progetto_ros2/build/robot_nodes/build install --record /home/claudio/progetto_ros2/build/robot_nodes/install.log --single-version-externally-managed install_data
[9.285s] running egg_info
[9.291s] writing ../../build/robot_nodes/robot_nodes.egg-info/PKG-INFO
[9.292s] writing dependency_links to ../../build/robot_nodes/robot_nodes.egg-info/dependency_links.txt
[9.294s] writing entry points to ../../build/robot_nodes/robot_nodes.egg-info/entry_points.txt
[9.295s] writing requirements to ../../build/robot_nodes/robot_nodes.egg-info/requires.txt
[9.298s] writing top-level names to ../../build/robot_nodes/robot_nodes.egg-info/top_level.txt
[9.307s] reading manifest file '../../build/robot_nodes/robot_nodes.egg-info/SOURCES.txt'
[9.314s] writing manifest file '../../build/robot_nodes/robot_nodes.egg-info/SOURCES.txt'
[9.315s] running build
[9.317s] running build_py
[9.319s] running install
[9.328s] running install_lib
[9.335s] running install_data
[9.338s] running install_egg_info
[9.355s] removing '/home/claudio/progetto_ros2/install/robot_nodes/lib/python3.10/site-packages/robot_nodes-0.0.0-py3.10.egg-info' (and everything under it)
[9.355s] Copying ../../build/robot_nodes/robot_nodes.egg-info to /home/claudio/progetto_ros2/install/robot_nodes/lib/python3.10/site-packages/robot_nodes-0.0.0-py3.10.egg-info
[9.360s] running install_scripts
[9.513s] Installing macchina_a_stati script to /home/claudio/progetto_ros2/install/robot_nodes/lib/robot_nodes
[9.520s] Installing testa_e_aruco script to /home/claudio/progetto_ros2/install/robot_nodes/lib/robot_nodes
[9.522s] writing list of installed files to '/home/claudio/progetto_ros2/build/robot_nodes/install.log'
[9.724s] Invoked command in '/home/claudio/progetto_ros2/src/robot_nodes' returned '0': PYTHONPATH=/home/claudio/progetto_ros2/build/robot_nodes/prefix_override:/usr/lib/python3/dist-packages/colcon_core/task/python/colcon_distutils_commands:/home/claudio/progetto_ros2/install/robot_nodes/lib/python3.10/site-packages:${PYTHONPATH} /usr/bin/python3 -W ignore:setup.py install is deprecated -W ignore:easy_install command is deprecated setup.py egg_info --egg-base ../../build/robot_nodes build --build-base /home/claudio/progetto_ros2/build/robot_nodes/build install --record /home/claudio/progetto_ros2/build/robot_nodes/install.log --single-version-externally-managed install_data
