[1.430s] Invoking command in '/home/claudio/progetto_ros2/build/robot_nodes': PYTHONPATH=/home/claudio/progetto_ros2/build/robot_nodes/prefix_override:/usr/lib/python3/dist-packages/colcon_core/task/python/colcon_distutils_commands:/home/claudio/progetto_ros2/install/robot_nodes/lib/python3.10/site-packages:${PYTHONPATH} /usr/bin/python3 -W ignore:setup.py install is deprecated -W ignore:easy_install command is deprecated setup.py develop --editable --build-directory /home/claudio/progetto_ros2/build/robot_nodes/build --no-deps symlink_data --force
[1.858s] running develop
[2.134s] running egg_info
[2.134s] writing robot_nodes.egg-info/PKG-INFO
[2.135s] writing dependency_links to robot_nodes.egg-info/dependency_links.txt
[2.135s] writing entry points to robot_nodes.egg-info/entry_points.txt
[2.135s] writing requirements to robot_nodes.egg-info/requires.txt
[2.136s] writing top-level names to robot_nodes.egg-info/top_level.txt
[2.140s] reading manifest file 'robot_nodes.egg-info/SOURCES.txt'
[2.142s] writing manifest file 'robot_nodes.egg-info/SOURCES.txt'
[2.145s] running build_ext
[2.145s] Creating /home/claudio/progetto_ros2/install/robot_nodes/lib/python3.10/site-packages/robot-nodes.egg-link (link to .)
[2.147s] Installing macchina_a_stati script to /home/claudio/progetto_ros2/install/robot_nodes/lib/robot_nodes
[2.148s] Installing testa_e_aruco script to /home/claudio/progetto_ros2/install/robot_nodes/lib/robot_nodes
[2.149s] 
[2.149s] Installed /home/claudio/progetto_ros2/build/robot_nodes
[2.149s] running symlink_data
[2.149s] symbolically linking /home/claudio/progetto_ros2/build/robot_nodes/resource/robot_nodes -> /home/claudio/progetto_ros2/install/robot_nodes/share/ament_index/resource_index/packages
[2.149s] symbolically linking /home/claudio/progetto_ros2/build/robot_nodes/package.xml -> /home/claudio/progetto_ros2/install/robot_nodes/share/robot_nodes
[2.204s] Invoked command in '/home/claudio/progetto_ros2/build/robot_nodes' returned '0': PYTHONPATH=/home/claudio/progetto_ros2/build/robot_nodes/prefix_override:/usr/lib/python3/dist-packages/colcon_core/task/python/colcon_distutils_commands:/home/claudio/progetto_ros2/install/robot_nodes/lib/python3.10/site-packages:${PYTHONPATH} /usr/bin/python3 -W ignore:setup.py install is deprecated -W ignore:easy_install command is deprecated setup.py develop --editable --build-directory /home/claudio/progetto_ros2/build/robot_nodes/build --no-deps symlink_data --force
