[0.011s] Invoking command in '/home/claudio/tiago_public_ws/build/progetto_tiago': /usr/bin/cmake --build /home/claudio/tiago_public_ws/build/progetto_tiago -- -j8 -l8
[0.039s] Invoked command in '/home/claudio/tiago_public_ws/build/progetto_tiago' returned '0': /usr/bin/cmake --build /home/claudio/tiago_public_ws/build/progetto_tiago -- -j8 -l8
[0.047s] Invoking command in '/home/claudio/tiago_public_ws/build/progetto_tiago': /usr/bin/cmake --install /home/claudio/tiago_public_ws/build/progetto_tiago
[0.053s] -- Install configuration: ""
[0.053s] -- Up-to-date: /home/claudio/tiago_public_ws/install/progetto_tiago/share/ament_index/resource_index/package_run_dependencies/progetto_tiago
[0.053s] -- Up-to-date: /home/claudio/tiago_public_ws/install/progetto_tiago/share/ament_index/resource_index/parent_prefix_path/progetto_tiago
[0.053s] -- Up-to-date: /home/claudio/tiago_public_ws/install/progetto_tiago/share/progetto_tiago/environment/ament_prefix_path.sh
[0.053s] -- Up-to-date: /home/claudio/tiago_public_ws/install/progetto_tiago/share/progetto_tiago/environment/ament_prefix_path.dsv
[0.053s] -- Up-to-date: /home/claudio/tiago_public_ws/install/progetto_tiago/share/progetto_tiago/environment/path.sh
[0.053s] -- Up-to-date: /home/claudio/tiago_public_ws/install/progetto_tiago/share/progetto_tiago/environment/path.dsv
[0.053s] -- Up-to-date: /home/claudio/tiago_public_ws/install/progetto_tiago/share/progetto_tiago/local_setup.bash
[0.053s] -- Up-to-date: /home/claudio/tiago_public_ws/install/progetto_tiago/share/progetto_tiago/local_setup.sh
[0.053s] -- Up-to-date: /home/claudio/tiago_public_ws/install/progetto_tiago/share/progetto_tiago/local_setup.zsh
[0.053s] -- Up-to-date: /home/claudio/tiago_public_ws/install/progetto_tiago/share/progetto_tiago/local_setup.dsv
[0.053s] -- Installing: /home/claudio/tiago_public_ws/install/progetto_tiago/share/progetto_tiago/package.dsv
[0.054s] -- Up-to-date: /home/claudio/tiago_public_ws/install/progetto_tiago/share/ament_index/resource_index/packages/progetto_tiago
[0.054s] -- Up-to-date: /home/claudio/tiago_public_ws/install/progetto_tiago/share/progetto_tiago/cmake/progetto_tiagoConfig.cmake
[0.054s] -- Up-to-date: /home/claudio/tiago_public_ws/install/progetto_tiago/share/progetto_tiago/cmake/progetto_tiagoConfig-version.cmake
[0.054s] -- Up-to-date: /home/claudio/tiago_public_ws/install/progetto_tiago/share/progetto_tiago/package.xml
[0.055s] Invoked command in '/home/claudio/tiago_public_ws/build/progetto_tiago' returned '0': /usr/bin/cmake --install /home/claudio/tiago_public_ws/build/progetto_tiago
