[0.028s] Invoking command in '/home/claudio/tiago_public_ws/build/pmb2_description': AMENT_PREFIX_PATH=/home/claudio/tiago_public_ws/install/urdf_test:/home/claudio/tiago_public_ws/install/pal_urdf_utils:/home/claudio/tiago_public_ws/install/launch_pal:${AMENT_PREFIX_PATH} CMAKE_PREFIX_PATH=/home/claudio/tiago_public_ws/install/urdf_test:/home/claudio/tiago_public_ws/install/pal_urdf_utils:/opt/ros/humble PYTHONPATH=/home/claudio/tiago_public_ws/install/urdf_test/local/lib/python3.10/dist-packages:/home/claudio/tiago_public_ws/install/launch_pal/lib/python3.10/site-packages:${PYTHONPATH} /usr/bin/cmake /home/claudio/tiago_public_ws/src/pmb2_robot/pmb2_description -DCMAKE_INSTALL_PREFIX=/home/claudio/tiago_public_ws/install/pmb2_description
[0.064s] -- Found ament_cmake_auto: 1.3.11 (/opt/ros/humble/share/ament_cmake_auto/cmake)
[0.373s] -- Override CMake install command with custom implementation using symlinks instead of copying resources
[0.557s] -- Found ament_lint_auto: 0.12.11 (/opt/ros/humble/share/ament_lint_auto/cmake)
[0.575s] -- Found python_cmake_module: 0.10.0 (/opt/ros/humble/share/python_cmake_module/cmake)
[0.630s] -- Using PYTHON_EXECUTABLE: /usr/bin/python3
[0.632s] -- Using PYTHON_INCLUDE_DIRS: /usr/include/python3.10
[0.632s] -- Using PYTHON_LIBRARIES: /usr/lib/x86_64-linux-gnu/libpython3.10.so
[1.508s] -- Added test 'copyright' to check source files copyright and LICENSE
[1.535s] -- Added test 'flake8' to check Python code syntax and style conventions
[1.538s] -- Added test 'lint_cmake' to check CMake code style
[1.540s] -- Added test 'pep257' to check Python code against some of the docstring style conventions in PEP 257
[1.554s] -- Added test 'xmllint' to check XML markup files
[1.560s] -- Configuring done
[1.577s] -- Generating done
[1.581s] -- Build files have been written to: /home/claudio/tiago_public_ws/build/pmb2_description
[1.594s] Invoked command in '/home/claudio/tiago_public_ws/build/pmb2_description' returned '0': AMENT_PREFIX_PATH=/home/claudio/tiago_public_ws/install/urdf_test:/home/claudio/tiago_public_ws/install/pal_urdf_utils:/home/claudio/tiago_public_ws/install/launch_pal:${AMENT_PREFIX_PATH} CMAKE_PREFIX_PATH=/home/claudio/tiago_public_ws/install/urdf_test:/home/claudio/tiago_public_ws/install/pal_urdf_utils:/opt/ros/humble PYTHONPATH=/home/claudio/tiago_public_ws/install/urdf_test/local/lib/python3.10/dist-packages:/home/claudio/tiago_public_ws/install/launch_pal/lib/python3.10/site-packages:${PYTHONPATH} /usr/bin/cmake /home/claudio/tiago_public_ws/src/pmb2_robot/pmb2_description -DCMAKE_INSTALL_PREFIX=/home/claudio/tiago_public_ws/install/pmb2_description
[1.596s] Invoking command in '/home/claudio/tiago_public_ws/build/pmb2_description': AMENT_PREFIX_PATH=/home/claudio/tiago_public_ws/install/urdf_test:/home/claudio/tiago_public_ws/install/pal_urdf_utils:/home/claudio/tiago_public_ws/install/launch_pal:${AMENT_PREFIX_PATH} CMAKE_PREFIX_PATH=/home/claudio/tiago_public_ws/install/urdf_test:/home/claudio/tiago_public_ws/install/pal_urdf_utils:/opt/ros/humble PYTHONPATH=/home/claudio/tiago_public_ws/install/urdf_test/local/lib/python3.10/dist-packages:/home/claudio/tiago_public_ws/install/launch_pal/lib/python3.10/site-packages:${PYTHONPATH} /usr/bin/cmake --build /home/claudio/tiago_public_ws/build/pmb2_description -- -j4 -l4
[1.705s] Built target ament_cmake_python_symlink_pmb2_description
[2.396s] running egg_info
[2.401s] writing pmb2_description.egg-info/PKG-INFO
[2.401s] writing dependency_links to pmb2_description.egg-info/dependency_links.txt
[2.401s] writing top-level names to pmb2_description.egg-info/top_level.txt
[2.410s] reading manifest file 'pmb2_description.egg-info/SOURCES.txt'
[2.414s] writing manifest file 'pmb2_description.egg-info/SOURCES.txt'
[2.484s] Built target ament_cmake_python_build_pmb2_description_egg
[2.562s] Invoked command in '/home/claudio/tiago_public_ws/build/pmb2_description' returned '0': AMENT_PREFIX_PATH=/home/claudio/tiago_public_ws/install/urdf_test:/home/claudio/tiago_public_ws/install/pal_urdf_utils:/home/claudio/tiago_public_ws/install/launch_pal:${AMENT_PREFIX_PATH} CMAKE_PREFIX_PATH=/home/claudio/tiago_public_ws/install/urdf_test:/home/claudio/tiago_public_ws/install/pal_urdf_utils:/opt/ros/humble PYTHONPATH=/home/claudio/tiago_public_ws/install/urdf_test/local/lib/python3.10/dist-packages:/home/claudio/tiago_public_ws/install/launch_pal/lib/python3.10/site-packages:${PYTHONPATH} /usr/bin/cmake --build /home/claudio/tiago_public_ws/build/pmb2_description -- -j4 -l4
[2.569s] Invoking command in '/home/claudio/tiago_public_ws/build/pmb2_description': AMENT_PREFIX_PATH=/home/claudio/tiago_public_ws/install/urdf_test:/home/claudio/tiago_public_ws/install/pal_urdf_utils:/home/claudio/tiago_public_ws/install/launch_pal:${AMENT_PREFIX_PATH} CMAKE_PREFIX_PATH=/home/claudio/tiago_public_ws/install/urdf_test:/home/claudio/tiago_public_ws/install/pal_urdf_utils:/opt/ros/humble PYTHONPATH=/home/claudio/tiago_public_ws/install/urdf_test/local/lib/python3.10/dist-packages:/home/claudio/tiago_public_ws/install/launch_pal/lib/python3.10/site-packages:${PYTHONPATH} /usr/bin/cmake --install /home/claudio/tiago_public_ws/build/pmb2_description
[2.592s] -- Install configuration: ""
[2.592s] -- Execute custom install script
[2.601s] -- Up-to-date symlink: /home/claudio/tiago_public_ws/install/pmb2_description/share/pmb2_description/environment/pythonpath.sh
[2.601s] -- Up-to-date symlink: /home/claudio/tiago_public_ws/install/pmb2_description/share/pmb2_description/environment/pythonpath.dsv
[2.602s] -- Up-to-date symlink: /home/claudio/tiago_public_ws/install/pmb2_description/local/lib/python3.10/dist-packages/pmb2_description-5.8.2-py3.10.egg-info/PKG-INFO
[2.602s] -- Up-to-date symlink: /home/claudio/tiago_public_ws/install/pmb2_description/local/lib/python3.10/dist-packages/pmb2_description-5.8.2-py3.10.egg-info/SOURCES.txt
[2.602s] -- Up-to-date symlink: /home/claudio/tiago_public_ws/install/pmb2_description/local/lib/python3.10/dist-packages/pmb2_description-5.8.2-py3.10.egg-info/dependency_links.txt
[2.606s] -- Up-to-date symlink: /home/claudio/tiago_public_ws/install/pmb2_description/local/lib/python3.10/dist-packages/pmb2_description-5.8.2-py3.10.egg-info/top_level.txt
[2.606s] -- Up-to-date symlink: /home/claudio/tiago_public_ws/install/pmb2_description/local/lib/python3.10/dist-packages/pmb2_description/__init__.py
[2.606s] -- Up-to-date symlink: /home/claudio/tiago_public_ws/install/pmb2_description/local/lib/python3.10/dist-packages/pmb2_description/launch_arguments.py
[2.610s] -- Up-to-date symlink: /home/claudio/tiago_public_ws/install/pmb2_description/share/pmb2_description/rviz/pmb2.rviz
[2.613s] -- Up-to-date symlink: /home/claudio/tiago_public_ws/install/pmb2_description/share/pmb2_description/launch/robot_state_publisher.launch.py
[2.613s] -- Up-to-date symlink: /home/claudio/tiago_public_ws/install/pmb2_description/share/pmb2_description/launch/show.launch.py
[2.619s] -- Up-to-date symlink: /home/claudio/tiago_public_ws/install/pmb2_description/share/pmb2_description/meshes/base/base.stl
[2.619s] -- Up-to-date symlink: /home/claudio/tiago_public_ws/install/pmb2_description/share/pmb2_description/meshes/base/base_collision.dae
[2.619s] -- Up-to-date symlink: /home/claudio/tiago_public_ws/install/pmb2_description/share/pmb2_description/meshes/base/base_dock_link.stl
[2.620s] -- Up-to-date symlink: /home/claudio/tiago_public_ws/install/pmb2_description/share/pmb2_description/meshes/base/base_ring.stl
[2.622s] -- Up-to-date symlink: /home/claudio/tiago_public_ws/install/pmb2_description/share/pmb2_description/meshes/base/high_resolution/base.stl
[2.624s] -- Up-to-date symlink: /home/claudio/tiago_public_ws/install/pmb2_description/share/pmb2_description/meshes/base/high_resolution/base_collision.stl
[2.629s] -- Up-to-date symlink: /home/claudio/tiago_public_ws/install/pmb2_description/share/pmb2_description/meshes/cameras_add_on/cameras_add_on.stl
[2.630s] -- Up-to-date symlink: /home/claudio/tiago_public_ws/install/pmb2_description/share/pmb2_description/meshes/cameras_add_on/cameras_add_on_collision.stl
[2.633s] -- Up-to-date symlink: /home/claudio/tiago_public_ws/install/pmb2_description/share/pmb2_description/meshes/dock/dock.stl
[2.633s] -- Up-to-date symlink: /home/claudio/tiago_public_ws/install/pmb2_description/share/pmb2_description/meshes/dock/dock_collision.stl
[2.635s] -- Up-to-date symlink: /home/claudio/tiago_public_ws/install/pmb2_description/share/pmb2_description/meshes/objects/antenna.stl
[2.635s] -- Up-to-date symlink: /home/claudio/tiago_public_ws/install/pmb2_description/share/pmb2_description/meshes/objects/cover.stl
[2.641s] -- Up-to-date symlink: /home/claudio/tiago_public_ws/install/pmb2_description/share/pmb2_description/meshes/objects/high_resolution/cover.stl
[2.641s] -- Up-to-date symlink: /home/claudio/tiago_public_ws/install/pmb2_description/share/pmb2_description/meshes/sensors/bumper.stl
[2.641s] -- Up-to-date symlink: /home/claudio/tiago_public_ws/install/pmb2_description/share/pmb2_description/meshes/sensors/bumper_collision.stl
[2.642s] -- Up-to-date symlink: /home/claudio/tiago_public_ws/install/pmb2_description/share/pmb2_description/meshes/sensors/elp_camera.stl
[2.642s] -- Up-to-date symlink: /home/claudio/tiago_public_ws/install/pmb2_description/share/pmb2_description/meshes/sensors/high_resolution/bumper.stl
[2.643s] -- Up-to-date symlink: /home/claudio/tiago_public_ws/install/pmb2_description/share/pmb2_description/meshes/sensors/high_resolution/hokuyo_urg_04lx_ug01.stl
[2.644s] -- Up-to-date symlink: /home/claudio/tiago_public_ws/install/pmb2_description/share/pmb2_description/meshes/sensors/high_resolution/sick_tim551.stl
[2.645s] -- Up-to-date symlink: /home/claudio/tiago_public_ws/install/pmb2_description/share/pmb2_description/meshes/sensors/high_resolution/srf05.stl
[2.647s] -- Up-to-date symlink: /home/claudio/tiago_public_ws/install/pmb2_description/share/pmb2_description/meshes/sensors/high_resolution/xtion_pro_live.stl
[2.647s] -- Up-to-date symlink: /home/claudio/tiago_public_ws/install/pmb2_description/share/pmb2_description/meshes/sensors/hokuyo_urg_04lx_ug01.stl
[2.648s] -- Up-to-date symlink: /home/claudio/tiago_public_ws/install/pmb2_description/share/pmb2_description/meshes/sensors/sick_tim551.stl
[2.648s] -- Up-to-date symlink: /home/claudio/tiago_public_ws/install/pmb2_description/share/pmb2_description/meshes/sensors/srf05.stl
[2.651s] -- Up-to-date symlink: /home/claudio/tiago_public_ws/install/pmb2_description/share/pmb2_description/meshes/sensors/structure_sensor.stl
[2.651s] -- Up-to-date symlink: /home/claudio/tiago_public_ws/install/pmb2_description/share/pmb2_description/meshes/sensors/xtion_pro_live.dae
[2.652s] -- Up-to-date symlink: /home/claudio/tiago_public_ws/install/pmb2_description/share/pmb2_description/meshes/wheels/caster_1.stl
[2.653s] -- Up-to-date symlink: /home/claudio/tiago_public_ws/install/pmb2_description/share/pmb2_description/meshes/wheels/caster_2.stl
[2.653s] -- Up-to-date symlink: /home/claudio/tiago_public_ws/install/pmb2_description/share/pmb2_description/meshes/wheels/high_resolution/caster_1.stl
[2.657s] -- Up-to-date symlink: /home/claudio/tiago_public_ws/install/pmb2_description/share/pmb2_description/meshes/wheels/high_resolution/caster_2.stl
[2.659s] -- Up-to-date symlink: /home/claudio/tiago_public_ws/install/pmb2_description/share/pmb2_description/meshes/wheels/high_resolution/wheel.stl
[2.660s] -- Up-to-date symlink: /home/claudio/tiago_public_ws/install/pmb2_description/share/pmb2_description/meshes/wheels/wheel.stl
[2.663s] -- Up-to-date symlink: /home/claudio/tiago_public_ws/install/pmb2_description/share/pmb2_description/config/pmb2_configuration.yaml
[2.664s] -- Up-to-date symlink: /home/claudio/tiago_public_ws/install/pmb2_description/share/pmb2_description/robots/pmb2.urdf.xacro
[2.668s] -- Up-to-date symlink: /home/claudio/tiago_public_ws/install/pmb2_description/share/pmb2_description/ros2_control/gazebo_controller_manager_cfg.yaml
[2.672s] -- Up-to-date symlink: /home/claudio/tiago_public_ws/install/pmb2_description/share/pmb2_description/ros2_control/ros2_control.urdf.xacro
[2.675s] -- Up-to-date symlink: /home/claudio/tiago_public_ws/install/pmb2_description/share/pmb2_description/urdf/base/base.gazebo.xacro
[2.675s] -- Up-to-date symlink: /home/claudio/tiago_public_ws/install/pmb2_description/share/pmb2_description/urdf/base/base.urdf.xacro
[2.679s] -- Up-to-date symlink: /home/claudio/tiago_public_ws/install/pmb2_description/share/pmb2_description/urdf/base/base_sensors.urdf.xacro
[2.680s] -- Up-to-date symlink: /home/claudio/tiago_public_ws/install/pmb2_description/share/pmb2_description/urdf/cameras_add_on/cameras_add_on.urdf.xacro
[2.680s] -- Up-to-date symlink: /home/claudio/tiago_public_ws/install/pmb2_description/share/pmb2_description/urdf/dock/dock.urdf.xacro
[2.682s] -- Up-to-date symlink: /home/claudio/tiago_public_ws/install/pmb2_description/share/pmb2_description/urdf/objects/antenna.urdf.xacro
[2.683s] -- Up-to-date symlink: /home/claudio/tiago_public_ws/install/pmb2_description/share/pmb2_description/urdf/objects/cover.urdf.xacro
[2.685s] -- Up-to-date symlink: /home/claudio/tiago_public_ws/install/pmb2_description/share/pmb2_description/urdf/sensors/bumper.gazebo.xacro
[2.689s] -- Up-to-date symlink: /home/claudio/tiago_public_ws/install/pmb2_description/share/pmb2_description/urdf/sensors/bumper.urdf.xacro
[2.690s] -- Up-to-date symlink: /home/claudio/tiago_public_ws/install/pmb2_description/share/pmb2_description/urdf/sensors/courier.urdf.xacro
[2.692s] -- Up-to-date symlink: /home/claudio/tiago_public_ws/install/pmb2_description/share/pmb2_description/urdf/sensors/elp_rgb.gazebo.xacro
[2.693s] -- Up-to-date symlink: /home/claudio/tiago_public_ws/install/pmb2_description/share/pmb2_description/urdf/sensors/elp_rgb.urdf.xacro
[2.693s] -- Up-to-date symlink: /home/claudio/tiago_public_ws/install/pmb2_description/share/pmb2_description/urdf/sensors/hokuyo_urg_04lx_ug01_laser.gazebo.xacro
[2.696s] -- Up-to-date symlink: /home/claudio/tiago_public_ws/install/pmb2_description/share/pmb2_description/urdf/sensors/hokuyo_urg_04lx_ug01_laser.urdf.xacro
[2.697s] -- Up-to-date symlink: /home/claudio/tiago_public_ws/install/pmb2_description/share/pmb2_description/urdf/sensors/imu.gazebo.xacro
[2.698s] -- Up-to-date symlink: /home/claudio/tiago_public_ws/install/pmb2_description/share/pmb2_description/urdf/sensors/imu.urdf.xacro
[2.703s] -- Up-to-date symlink: /home/claudio/tiago_public_ws/install/pmb2_description/share/pmb2_description/urdf/sensors/microphone.urdf.xacro
[2.707s] -- Up-to-date symlink: /home/claudio/tiago_public_ws/install/pmb2_description/share/pmb2_description/urdf/sensors/range.gazebo.xacro
[2.708s] -- Up-to-date symlink: /home/claudio/tiago_public_ws/install/pmb2_description/share/pmb2_description/urdf/sensors/range.urdf.xacro
[2.708s] -- Up-to-date symlink: /home/claudio/tiago_public_ws/install/pmb2_description/share/pmb2_description/urdf/sensors/sensors.ros2_control.xacro
[2.708s] -- Up-to-date symlink: /home/claudio/tiago_public_ws/install/pmb2_description/share/pmb2_description/urdf/sensors/sick_tim551_laser.gazebo.xacro
[2.709s] -- Up-to-date symlink: /home/claudio/tiago_public_ws/install/pmb2_description/share/pmb2_description/urdf/sensors/sick_tim551_laser.urdf.xacro
[2.709s] -- Up-to-date symlink: /home/claudio/tiago_public_ws/install/pmb2_description/share/pmb2_description/urdf/sensors/sick_tim561_laser.gazebo.xacro
[2.710s] -- Up-to-date symlink: /home/claudio/tiago_public_ws/install/pmb2_description/share/pmb2_description/urdf/sensors/sick_tim561_laser.urdf.xacro
[2.711s] -- Up-to-date symlink: /home/claudio/tiago_public_ws/install/pmb2_description/share/pmb2_description/urdf/sensors/sick_tim571_laser.gazebo.xacro
[2.714s] -- Up-to-date symlink: /home/claudio/tiago_public_ws/install/pmb2_description/share/pmb2_description/urdf/sensors/sick_tim571_laser.urdf.xacro
[2.714s] -- Up-to-date symlink: /home/claudio/tiago_public_ws/install/pmb2_description/share/pmb2_description/urdf/sensors/structure_sensor.gazebo.xacro
[2.716s] -- Up-to-date symlink: /home/claudio/tiago_public_ws/install/pmb2_description/share/pmb2_description/urdf/sensors/structure_sensor.urdf.xacro
[2.716s] -- Up-to-date symlink: /home/claudio/tiago_public_ws/install/pmb2_description/share/pmb2_description/urdf/wheels/caster.gazebo.xacro
[2.718s] -- Up-to-date symlink: /home/claudio/tiago_public_ws/install/pmb2_description/share/pmb2_description/urdf/wheels/caster.urdf.xacro
[2.718s] -- Up-to-date symlink: /home/claudio/tiago_public_ws/install/pmb2_description/share/pmb2_description/urdf/wheels/wheel.gazebo.xacro
[2.719s] -- Up-to-date symlink: /home/claudio/tiago_public_ws/install/pmb2_description/share/pmb2_description/urdf/wheels/wheel.ros2_control.xacro
[2.719s] -- Up-to-date symlink: /home/claudio/tiago_public_ws/install/pmb2_description/share/pmb2_description/urdf/wheels/wheel.urdf.xacro
[2.721s] -- Up-to-date symlink: /home/claudio/tiago_public_ws/install/pmb2_description/share/ament_index/resource_index/package_run_dependencies/pmb2_description
[2.723s] -- Up-to-date symlink: /home/claudio/tiago_public_ws/install/pmb2_description/share/ament_index/resource_index/parent_prefix_path/pmb2_description
[2.723s] -- Up-to-date symlink: /home/claudio/tiago_public_ws/install/pmb2_description/share/pmb2_description/environment/ament_prefix_path.sh
[2.724s] -- Up-to-date symlink: /home/claudio/tiago_public_ws/install/pmb2_description/share/pmb2_description/environment/ament_prefix_path.dsv
[2.724s] -- Up-to-date symlink: /home/claudio/tiago_public_ws/install/pmb2_description/share/pmb2_description/environment/path.sh
[2.724s] -- Up-to-date symlink: /home/claudio/tiago_public_ws/install/pmb2_description/share/pmb2_description/environment/path.dsv
[2.728s] -- Up-to-date symlink: /home/claudio/tiago_public_ws/install/pmb2_description/share/pmb2_description/local_setup.bash
[2.728s] -- Up-to-date symlink: /home/claudio/tiago_public_ws/install/pmb2_description/share/pmb2_description/local_setup.sh
[2.729s] -- Up-to-date symlink: /home/claudio/tiago_public_ws/install/pmb2_description/share/pmb2_description/local_setup.zsh
[2.729s] -- Up-to-date symlink: /home/claudio/tiago_public_ws/install/pmb2_description/share/pmb2_description/local_setup.dsv
[2.730s] -- Symlinking: /home/claudio/tiago_public_ws/install/pmb2_description/share/pmb2_description/package.dsv
[2.759s] -- Up-to-date symlink: /home/claudio/tiago_public_ws/install/pmb2_description/share/ament_index/resource_index/packages/pmb2_description
[2.762s] -- Up-to-date symlink: /home/claudio/tiago_public_ws/install/pmb2_description/share/pmb2_description/cmake/pmb2_descriptionConfig.cmake
[2.763s] -- Up-to-date symlink: /home/claudio/tiago_public_ws/install/pmb2_description/share/pmb2_description/cmake/pmb2_descriptionConfig-version.cmake
[2.765s] -- Up-to-date symlink: /home/claudio/tiago_public_ws/install/pmb2_description/share/pmb2_description/package.xml
[2.859s] Listing '/home/claudio/tiago_public_ws/install/pmb2_description/local/lib/python3.10/dist-packages/pmb2_description'...
[2.874s] Invoked command in '/home/claudio/tiago_public_ws/build/pmb2_description' returned '0': AMENT_PREFIX_PATH=/home/claudio/tiago_public_ws/install/urdf_test:/home/claudio/tiago_public_ws/install/pal_urdf_utils:/home/claudio/tiago_public_ws/install/launch_pal:${AMENT_PREFIX_PATH} CMAKE_PREFIX_PATH=/home/claudio/tiago_public_ws/install/urdf_test:/home/claudio/tiago_public_ws/install/pal_urdf_utils:/opt/ros/humble PYTHONPATH=/home/claudio/tiago_public_ws/install/urdf_test/local/lib/python3.10/dist-packages:/home/claudio/tiago_public_ws/install/launch_pal/lib/python3.10/site-packages:${PYTHONPATH} /usr/bin/cmake --install /home/claudio/tiago_public_ws/build/pmb2_description
