[0.245s] Invoking command in '/home/claudio/tiago_public_ws/build/play_motion2_msgs': CMAKE_PREFIX_PATH=/home/claudio/tiago_public_ws/install/urdf_test:/home/claudio/tiago_public_ws/install/tiago_simulation:/home/claudio/tiago_public_ws/install/tiago_robot:/home/claudio/tiago_public_ws/install/tiago_navigation:/home/claudio/tiago_public_ws/install/tiago_rgbd_sensors:/home/claudio/tiago_public_ws/install/tiago_gazebo:/home/claudio/tiago_public_ws/install/tiago_moveit_config:/home/claudio/tiago_public_ws/install/tiago_laser_sensors:/home/claudio/tiago_public_ws/install/tiago_bringup:/home/claudio/tiago_public_ws/install/tiago_description:/home/claudio/tiago_public_ws/install/tiago_controller_configuration:/home/claudio/tiago_public_ws/install/tiago_2dnav:/home/claudio/tiago_public_ws/install/launch_pal:/opt/ros/humble:/home/claudio/tiago_public_ws/install/progetto_tiago:/home/claudio/tiago_public_ws/install/pmb2_robot:/home/claudio/tiago_public_ws/install/pmb2_rgbd_sensors:/home/claudio/tiago_public_ws/install/pmb2_navigation:/home/claudio/tiago_public_ws/install/pmb2_laser_sensors:/home/claudio/tiago_public_ws/install/pmb2_bringup:/home/claudio/tiago_public_ws/install/pmb2_description:/home/claudio/tiago_public_ws/install/pmb2_controller_configuration:/home/claudio/tiago_public_ws/install/pmb2_2dnav:/home/claudio/tiago_public_ws/install/play_motion2:/home/claudio/tiago_public_ws/install/play_motion2_msgs:/home/claudio/tiago_public_ws/install/pal_hey5:/home/claudio/tiago_public_ws/install/pal_hey5_description:/home/claudio/tiago_public_ws/install/pal_gripper_simulation:/home/claudio/tiago_public_ws/install/pal_gripper:/home/claudio/tiago_public_ws/install/pal_gripper_description:/home/claudio/tiago_public_ws/install/pal_urdf_utils:/home/claudio/tiago_public_ws/install/pal_robotiq_gripper:/home/claudio/tiago_public_ws/install/pal_robotiq_description:/home/claudio/tiago_public_ws/install/pal_robotiq_controller_configuration:/home/claudio/tiago_public_ws/install/pal_navigation_cfg:/home/claudio/tiago_public_ws/install/pal_navigation_cfg_bringup:/home/claudio/tiago_public_ws/install/pal_navigation_cfg_params:/home/claudio/tiago_public_ws/install/pal_hey5_controller_configuration:/home/claudio/tiago_public_ws/install/pal_gripper_controller_configuration:/home/claudio/tiago_public_ws/install/pal_gazebo_worlds /usr/bin/cmake --build /home/claudio/tiago_public_ws/build/play_motion2_msgs -- -j8 -l8
[0.323s] [  1%] Built target play_motion2_msgs__cpp
[0.325s] [ 12%] Built target play_motion2_msgs__rosidl_generator_c
[0.325s] [ 12%] Built target ament_cmake_python_symlink_play_motion2_msgs
[0.360s] [ 25%] Built target play_motion2_msgs__rosidl_typesupport_fastrtps_cpp
[0.363s] [ 35%] Built target play_motion2_msgs__rosidl_typesupport_introspection_cpp
[0.363s] [ 46%] Built target play_motion2_msgs__rosidl_typesupport_introspection_c
[0.364s] [ 65%] Built target play_motion2_msgs__rosidl_typesupport_cpp
[0.364s] [ 69%] Built target play_motion2_msgs__rosidl_typesupport_c
[0.366s] [ 81%] Built target play_motion2_msgs__rosidl_typesupport_fastrtps_c
[0.387s] [ 81%] Built target play_motion2_msgs
[0.405s] [ 82%] Built target play_motion2_msgs__py
[0.428s] [ 92%] Built target play_motion2_msgs__rosidl_generator_py
[0.456s] [ 94%] Built target play_motion2_msgs__rosidl_typesupport_fastrtps_c__pyext
[0.458s] [ 97%] Built target play_motion2_msgs__rosidl_typesupport_c__pyext
[0.461s] [100%] Built target play_motion2_msgs__rosidl_typesupport_introspection_c__pyext
[0.648s] running egg_info
[0.650s] writing play_motion2_msgs.egg-info/PKG-INFO
[0.650s] writing dependency_links to play_motion2_msgs.egg-info/dependency_links.txt
[0.650s] writing top-level names to play_motion2_msgs.egg-info/top_level.txt
[0.652s] reading manifest file 'play_motion2_msgs.egg-info/SOURCES.txt'
[0.655s] writing manifest file 'play_motion2_msgs.egg-info/SOURCES.txt'
[0.701s] [100%] Built target ament_cmake_python_build_play_motion2_msgs_egg
[0.726s] Invoked command in '/home/claudio/tiago_public_ws/build/play_motion2_msgs' returned '0': CMAKE_PREFIX_PATH=/home/claudio/tiago_public_ws/install/urdf_test:/home/claudio/tiago_public_ws/install/tiago_simulation:/home/claudio/tiago_public_ws/install/tiago_robot:/home/claudio/tiago_public_ws/install/tiago_navigation:/home/claudio/tiago_public_ws/install/tiago_rgbd_sensors:/home/claudio/tiago_public_ws/install/tiago_gazebo:/home/claudio/tiago_public_ws/install/tiago_moveit_config:/home/claudio/tiago_public_ws/install/tiago_laser_sensors:/home/claudio/tiago_public_ws/install/tiago_bringup:/home/claudio/tiago_public_ws/install/tiago_description:/home/claudio/tiago_public_ws/install/tiago_controller_configuration:/home/claudio/tiago_public_ws/install/tiago_2dnav:/home/claudio/tiago_public_ws/install/launch_pal:/opt/ros/humble:/home/claudio/tiago_public_ws/install/progetto_tiago:/home/claudio/tiago_public_ws/install/pmb2_robot:/home/claudio/tiago_public_ws/install/pmb2_rgbd_sensors:/home/claudio/tiago_public_ws/install/pmb2_navigation:/home/claudio/tiago_public_ws/install/pmb2_laser_sensors:/home/claudio/tiago_public_ws/install/pmb2_bringup:/home/claudio/tiago_public_ws/install/pmb2_description:/home/claudio/tiago_public_ws/install/pmb2_controller_configuration:/home/claudio/tiago_public_ws/install/pmb2_2dnav:/home/claudio/tiago_public_ws/install/play_motion2:/home/claudio/tiago_public_ws/install/play_motion2_msgs:/home/claudio/tiago_public_ws/install/pal_hey5:/home/claudio/tiago_public_ws/install/pal_hey5_description:/home/claudio/tiago_public_ws/install/pal_gripper_simulation:/home/claudio/tiago_public_ws/install/pal_gripper:/home/claudio/tiago_public_ws/install/pal_gripper_description:/home/claudio/tiago_public_ws/install/pal_urdf_utils:/home/claudio/tiago_public_ws/install/pal_robotiq_gripper:/home/claudio/tiago_public_ws/install/pal_robotiq_description:/home/claudio/tiago_public_ws/install/pal_robotiq_controller_configuration:/home/claudio/tiago_public_ws/install/pal_navigation_cfg:/home/claudio/tiago_public_ws/install/pal_navigation_cfg_bringup:/home/claudio/tiago_public_ws/install/pal_navigation_cfg_params:/home/claudio/tiago_public_ws/install/pal_hey5_controller_configuration:/home/claudio/tiago_public_ws/install/pal_gripper_controller_configuration:/home/claudio/tiago_public_ws/install/pal_gazebo_worlds /usr/bin/cmake --build /home/claudio/tiago_public_ws/build/play_motion2_msgs -- -j8 -l8
[0.729s] Invoking command in '/home/claudio/tiago_public_ws/build/play_motion2_msgs': CMAKE_PREFIX_PATH=/home/claudio/tiago_public_ws/install/urdf_test:/home/claudio/tiago_public_ws/install/tiago_simulation:/home/claudio/tiago_public_ws/install/tiago_robot:/home/claudio/tiago_public_ws/install/tiago_navigation:/home/claudio/tiago_public_ws/install/tiago_rgbd_sensors:/home/claudio/tiago_public_ws/install/tiago_gazebo:/home/claudio/tiago_public_ws/install/tiago_moveit_config:/home/claudio/tiago_public_ws/install/tiago_laser_sensors:/home/claudio/tiago_public_ws/install/tiago_bringup:/home/claudio/tiago_public_ws/install/tiago_description:/home/claudio/tiago_public_ws/install/tiago_controller_configuration:/home/claudio/tiago_public_ws/install/tiago_2dnav:/home/claudio/tiago_public_ws/install/launch_pal:/opt/ros/humble:/home/claudio/tiago_public_ws/install/progetto_tiago:/home/claudio/tiago_public_ws/install/pmb2_robot:/home/claudio/tiago_public_ws/install/pmb2_rgbd_sensors:/home/claudio/tiago_public_ws/install/pmb2_navigation:/home/claudio/tiago_public_ws/install/pmb2_laser_sensors:/home/claudio/tiago_public_ws/install/pmb2_bringup:/home/claudio/tiago_public_ws/install/pmb2_description:/home/claudio/tiago_public_ws/install/pmb2_controller_configuration:/home/claudio/tiago_public_ws/install/pmb2_2dnav:/home/claudio/tiago_public_ws/install/play_motion2:/home/claudio/tiago_public_ws/install/play_motion2_msgs:/home/claudio/tiago_public_ws/install/pal_hey5:/home/claudio/tiago_public_ws/install/pal_hey5_description:/home/claudio/tiago_public_ws/install/pal_gripper_simulation:/home/claudio/tiago_public_ws/install/pal_gripper:/home/claudio/tiago_public_ws/install/pal_gripper_description:/home/claudio/tiago_public_ws/install/pal_urdf_utils:/home/claudio/tiago_public_ws/install/pal_robotiq_gripper:/home/claudio/tiago_public_ws/install/pal_robotiq_description:/home/claudio/tiago_public_ws/install/pal_robotiq_controller_configuration:/home/claudio/tiago_public_ws/install/pal_navigation_cfg:/home/claudio/tiago_public_ws/install/pal_navigation_cfg_bringup:/home/claudio/tiago_public_ws/install/pal_navigation_cfg_params:/home/claudio/tiago_public_ws/install/pal_hey5_controller_configuration:/home/claudio/tiago_public_ws/install/pal_gripper_controller_configuration:/home/claudio/tiago_public_ws/install/pal_gazebo_worlds /usr/bin/cmake --install /home/claudio/tiago_public_ws/build/play_motion2_msgs
[0.741s] -- Install configuration: ""
[0.741s] -- Execute custom install script
[0.742s] -- Up-to-date symlink: /home/claudio/tiago_public_ws/install/play_motion2_msgs/share/ament_index/resource_index/rosidl_interfaces/play_motion2_msgs
[0.744s] -- Up-to-date symlink: /home/claudio/tiago_public_ws/install/play_motion2_msgs/include/play_motion2_msgs/play_motion2_msgs/action/detail/play_motion2__functions.h
[0.745s] -- Up-to-date symlink: /home/claudio/tiago_public_ws/install/play_motion2_msgs/include/play_motion2_msgs/play_motion2_msgs/action/detail/play_motion2__struct.h
[0.745s] -- Up-to-date symlink: /home/claudio/tiago_public_ws/install/play_motion2_msgs/include/play_motion2_msgs/play_motion2_msgs/action/detail/play_motion2__type_support.h
[0.745s] -- Up-to-date symlink: /home/claudio/tiago_public_ws/install/play_motion2_msgs/include/play_motion2_msgs/play_motion2_msgs/action/play_motion2.h
[0.745s] -- Up-to-date symlink: /home/claudio/tiago_public_ws/install/play_motion2_msgs/include/play_motion2_msgs/play_motion2_msgs/msg/detail/motion__functions.h
[0.745s] -- Up-to-date symlink: /home/claudio/tiago_public_ws/install/play_motion2_msgs/include/play_motion2_msgs/play_motion2_msgs/msg/detail/motion__struct.h
[0.745s] -- Up-to-date symlink: /home/claudio/tiago_public_ws/install/play_motion2_msgs/include/play_motion2_msgs/play_motion2_msgs/msg/detail/motion__type_support.h
[0.745s] -- Up-to-date symlink: /home/claudio/tiago_public_ws/install/play_motion2_msgs/include/play_motion2_msgs/play_motion2_msgs/msg/motion.h
[0.746s] -- Up-to-date symlink: /home/claudio/tiago_public_ws/install/play_motion2_msgs/include/play_motion2_msgs/play_motion2_msgs/msg/rosidl_generator_c__visibility_control.h
[0.746s] -- Up-to-date symlink: /home/claudio/tiago_public_ws/install/play_motion2_msgs/include/play_motion2_msgs/play_motion2_msgs/srv/add_motion.h
[0.746s] -- Up-to-date symlink: /home/claudio/tiago_public_ws/install/play_motion2_msgs/include/play_motion2_msgs/play_motion2_msgs/srv/detail/add_motion__functions.h
[0.746s] -- Up-to-date symlink: /home/claudio/tiago_public_ws/install/play_motion2_msgs/include/play_motion2_msgs/play_motion2_msgs/srv/detail/add_motion__struct.h
[0.746s] -- Up-to-date symlink: /home/claudio/tiago_public_ws/install/play_motion2_msgs/include/play_motion2_msgs/play_motion2_msgs/srv/detail/add_motion__type_support.h
[0.746s] -- Up-to-date symlink: /home/claudio/tiago_public_ws/install/play_motion2_msgs/include/play_motion2_msgs/play_motion2_msgs/srv/detail/get_motion_info__functions.h
[0.746s] -- Up-to-date symlink: /home/claudio/tiago_public_ws/install/play_motion2_msgs/include/play_motion2_msgs/play_motion2_msgs/srv/detail/get_motion_info__struct.h
[0.746s] -- Up-to-date symlink: /home/claudio/tiago_public_ws/install/play_motion2_msgs/include/play_motion2_msgs/play_motion2_msgs/srv/detail/get_motion_info__type_support.h
[0.746s] -- Up-to-date symlink: /home/claudio/tiago_public_ws/install/play_motion2_msgs/include/play_motion2_msgs/play_motion2_msgs/srv/detail/is_motion_ready__functions.h
[0.746s] -- Up-to-date symlink: /home/claudio/tiago_public_ws/install/play_motion2_msgs/include/play_motion2_msgs/play_motion2_msgs/srv/detail/is_motion_ready__struct.h
[0.746s] -- Up-to-date symlink: /home/claudio/tiago_public_ws/install/play_motion2_msgs/include/play_motion2_msgs/play_motion2_msgs/srv/detail/is_motion_ready__type_support.h
[0.747s] -- Up-to-date symlink: /home/claudio/tiago_public_ws/install/play_motion2_msgs/include/play_motion2_msgs/play_motion2_msgs/srv/detail/list_motions__functions.h
[0.747s] -- Up-to-date symlink: /home/claudio/tiago_public_ws/install/play_motion2_msgs/include/play_motion2_msgs/play_motion2_msgs/srv/detail/list_motions__struct.h
[0.747s] -- Up-to-date symlink: /home/claudio/tiago_public_ws/install/play_motion2_msgs/include/play_motion2_msgs/play_motion2_msgs/srv/detail/list_motions__type_support.h
[0.747s] -- Up-to-date symlink: /home/claudio/tiago_public_ws/install/play_motion2_msgs/include/play_motion2_msgs/play_motion2_msgs/srv/detail/remove_motion__functions.h
[0.747s] -- Up-to-date symlink: /home/claudio/tiago_public_ws/install/play_motion2_msgs/include/play_motion2_msgs/play_motion2_msgs/srv/detail/remove_motion__struct.h
[0.747s] -- Up-to-date symlink: /home/claudio/tiago_public_ws/install/play_motion2_msgs/include/play_motion2_msgs/play_motion2_msgs/srv/detail/remove_motion__type_support.h
[0.747s] -- Up-to-date symlink: /home/claudio/tiago_public_ws/install/play_motion2_msgs/include/play_motion2_msgs/play_motion2_msgs/srv/get_motion_info.h
[0.747s] -- Up-to-date symlink: /home/claudio/tiago_public_ws/install/play_motion2_msgs/include/play_motion2_msgs/play_motion2_msgs/srv/is_motion_ready.h
[0.747s] -- Up-to-date symlink: /home/claudio/tiago_public_ws/install/play_motion2_msgs/include/play_motion2_msgs/play_motion2_msgs/srv/list_motions.h
[0.747s] -- Up-to-date symlink: /home/claudio/tiago_public_ws/install/play_motion2_msgs/include/play_motion2_msgs/play_motion2_msgs/srv/remove_motion.h
[0.748s] -- Up-to-date symlink: /home/claudio/tiago_public_ws/install/play_motion2_msgs/share/play_motion2_msgs/environment/library_path.sh
[0.748s] -- Up-to-date symlink: /home/claudio/tiago_public_ws/install/play_motion2_msgs/share/play_motion2_msgs/environment/library_path.dsv
[0.749s] -- Up-to-date symlink: /home/claudio/tiago_public_ws/install/play_motion2_msgs/include/play_motion2_msgs/play_motion2_msgs/action/detail/play_motion2__rosidl_typesupport_fastrtps_c.h
[0.749s] -- Up-to-date symlink: /home/claudio/tiago_public_ws/install/play_motion2_msgs/include/play_motion2_msgs/play_motion2_msgs/msg/detail/motion__rosidl_typesupport_fastrtps_c.h
[0.749s] -- Up-to-date symlink: /home/claudio/tiago_public_ws/install/play_motion2_msgs/include/play_motion2_msgs/play_motion2_msgs/msg/rosidl_typesupport_fastrtps_c__visibility_control.h
[0.751s] -- Up-to-date symlink: /home/claudio/tiago_public_ws/install/play_motion2_msgs/include/play_motion2_msgs/play_motion2_msgs/srv/detail/add_motion__rosidl_typesupport_fastrtps_c.h
[0.751s] -- Up-to-date symlink: /home/claudio/tiago_public_ws/install/play_motion2_msgs/include/play_motion2_msgs/play_motion2_msgs/srv/detail/get_motion_info__rosidl_typesupport_fastrtps_c.h
[0.751s] -- Up-to-date symlink: /home/claudio/tiago_public_ws/install/play_motion2_msgs/include/play_motion2_msgs/play_motion2_msgs/srv/detail/is_motion_ready__rosidl_typesupport_fastrtps_c.h
[0.751s] -- Up-to-date symlink: /home/claudio/tiago_public_ws/install/play_motion2_msgs/include/play_motion2_msgs/play_motion2_msgs/srv/detail/list_motions__rosidl_typesupport_fastrtps_c.h
[0.752s] -- Up-to-date symlink: /home/claudio/tiago_public_ws/install/play_motion2_msgs/include/play_motion2_msgs/play_motion2_msgs/srv/detail/remove_motion__rosidl_typesupport_fastrtps_c.h
[0.754s] -- Up-to-date symlink: /home/claudio/tiago_public_ws/install/play_motion2_msgs/include/play_motion2_msgs/play_motion2_msgs/action/detail/play_motion2__builder.hpp
[0.755s] -- Up-to-date symlink: /home/claudio/tiago_public_ws/install/play_motion2_msgs/include/play_motion2_msgs/play_motion2_msgs/action/detail/play_motion2__struct.hpp
[0.756s] -- Up-to-date symlink: /home/claudio/tiago_public_ws/install/play_motion2_msgs/include/play_motion2_msgs/play_motion2_msgs/action/detail/play_motion2__traits.hpp
[0.756s] -- Up-to-date symlink: /home/claudio/tiago_public_ws/install/play_motion2_msgs/include/play_motion2_msgs/play_motion2_msgs/action/detail/play_motion2__type_support.hpp
[0.757s] -- Up-to-date symlink: /home/claudio/tiago_public_ws/install/play_motion2_msgs/include/play_motion2_msgs/play_motion2_msgs/action/play_motion2.hpp
[0.757s] -- Up-to-date symlink: /home/claudio/tiago_public_ws/install/play_motion2_msgs/include/play_motion2_msgs/play_motion2_msgs/msg/detail/motion__builder.hpp
[0.757s] -- Up-to-date symlink: /home/claudio/tiago_public_ws/install/play_motion2_msgs/include/play_motion2_msgs/play_motion2_msgs/msg/detail/motion__struct.hpp
[0.757s] -- Up-to-date symlink: /home/claudio/tiago_public_ws/install/play_motion2_msgs/include/play_motion2_msgs/play_motion2_msgs/msg/detail/motion__traits.hpp
[0.757s] -- Up-to-date symlink: /home/claudio/tiago_public_ws/install/play_motion2_msgs/include/play_motion2_msgs/play_motion2_msgs/msg/detail/motion__type_support.hpp
[0.757s] -- Up-to-date symlink: /home/claudio/tiago_public_ws/install/play_motion2_msgs/include/play_motion2_msgs/play_motion2_msgs/msg/motion.hpp
[0.757s] -- Up-to-date symlink: /home/claudio/tiago_public_ws/install/play_motion2_msgs/include/play_motion2_msgs/play_motion2_msgs/msg/rosidl_generator_cpp__visibility_control.hpp
[0.757s] -- Up-to-date symlink: /home/claudio/tiago_public_ws/install/play_motion2_msgs/include/play_motion2_msgs/play_motion2_msgs/srv/add_motion.hpp
[0.758s] -- Up-to-date symlink: /home/claudio/tiago_public_ws/install/play_motion2_msgs/include/play_motion2_msgs/play_motion2_msgs/srv/detail/add_motion__builder.hpp
[0.759s] -- Up-to-date symlink: /home/claudio/tiago_public_ws/install/play_motion2_msgs/include/play_motion2_msgs/play_motion2_msgs/srv/detail/add_motion__struct.hpp
[0.760s] -- Up-to-date symlink: /home/claudio/tiago_public_ws/install/play_motion2_msgs/include/play_motion2_msgs/play_motion2_msgs/srv/detail/add_motion__traits.hpp
[0.760s] -- Up-to-date symlink: /home/claudio/tiago_public_ws/install/play_motion2_msgs/include/play_motion2_msgs/play_motion2_msgs/srv/detail/add_motion__type_support.hpp
[0.760s] -- Up-to-date symlink: /home/claudio/tiago_public_ws/install/play_motion2_msgs/include/play_motion2_msgs/play_motion2_msgs/srv/detail/get_motion_info__builder.hpp
[0.760s] -- Up-to-date symlink: /home/claudio/tiago_public_ws/install/play_motion2_msgs/include/play_motion2_msgs/play_motion2_msgs/srv/detail/get_motion_info__struct.hpp
[0.760s] -- Up-to-date symlink: /home/claudio/tiago_public_ws/install/play_motion2_msgs/include/play_motion2_msgs/play_motion2_msgs/srv/detail/get_motion_info__traits.hpp
[0.760s] -- Up-to-date symlink: /home/claudio/tiago_public_ws/install/play_motion2_msgs/include/play_motion2_msgs/play_motion2_msgs/srv/detail/get_motion_info__type_support.hpp
[0.760s] -- Up-to-date symlink: /home/claudio/tiago_public_ws/install/play_motion2_msgs/include/play_motion2_msgs/play_motion2_msgs/srv/detail/is_motion_ready__builder.hpp
[0.760s] -- Up-to-date symlink: /home/claudio/tiago_public_ws/install/play_motion2_msgs/include/play_motion2_msgs/play_motion2_msgs/srv/detail/is_motion_ready__struct.hpp
[0.760s] -- Up-to-date symlink: /home/claudio/tiago_public_ws/install/play_motion2_msgs/include/play_motion2_msgs/play_motion2_msgs/srv/detail/is_motion_ready__traits.hpp
[0.760s] -- Up-to-date symlink: /home/claudio/tiago_public_ws/install/play_motion2_msgs/include/play_motion2_msgs/play_motion2_msgs/srv/detail/is_motion_ready__type_support.hpp
[0.760s] -- Up-to-date symlink: /home/claudio/tiago_public_ws/install/play_motion2_msgs/include/play_motion2_msgs/play_motion2_msgs/srv/detail/list_motions__builder.hpp
[0.760s] -- Up-to-date symlink: /home/claudio/tiago_public_ws/install/play_motion2_msgs/include/play_motion2_msgs/play_motion2_msgs/srv/detail/list_motions__struct.hpp
[0.760s] -- Up-to-date symlink: /home/claudio/tiago_public_ws/install/play_motion2_msgs/include/play_motion2_msgs/play_motion2_msgs/srv/detail/list_motions__traits.hpp
[0.760s] -- Up-to-date symlink: /home/claudio/tiago_public_ws/install/play_motion2_msgs/include/play_motion2_msgs/play_motion2_msgs/srv/detail/list_motions__type_support.hpp
[0.761s] -- Up-to-date symlink: /home/claudio/tiago_public_ws/install/play_motion2_msgs/include/play_motion2_msgs/play_motion2_msgs/srv/detail/remove_motion__builder.hpp
[0.761s] -- Up-to-date symlink: /home/claudio/tiago_public_ws/install/play_motion2_msgs/include/play_motion2_msgs/play_motion2_msgs/srv/detail/remove_motion__struct.hpp
[0.761s] -- Up-to-date symlink: /home/claudio/tiago_public_ws/install/play_motion2_msgs/include/play_motion2_msgs/play_motion2_msgs/srv/detail/remove_motion__traits.hpp
[0.761s] -- Up-to-date symlink: /home/claudio/tiago_public_ws/install/play_motion2_msgs/include/play_motion2_msgs/play_motion2_msgs/srv/detail/remove_motion__type_support.hpp
[0.761s] -- Up-to-date symlink: /home/claudio/tiago_public_ws/install/play_motion2_msgs/include/play_motion2_msgs/play_motion2_msgs/srv/get_motion_info.hpp
[0.761s] -- Up-to-date symlink: /home/claudio/tiago_public_ws/install/play_motion2_msgs/include/play_motion2_msgs/play_motion2_msgs/srv/is_motion_ready.hpp
[0.762s] -- Up-to-date symlink: /home/claudio/tiago_public_ws/install/play_motion2_msgs/include/play_motion2_msgs/play_motion2_msgs/srv/list_motions.hpp
[0.762s] -- Up-to-date symlink: /home/claudio/tiago_public_ws/install/play_motion2_msgs/include/play_motion2_msgs/play_motion2_msgs/srv/remove_motion.hpp
[0.762s] -- Up-to-date symlink: /home/claudio/tiago_public_ws/install/play_motion2_msgs/include/play_motion2_msgs/play_motion2_msgs/action/detail/play_motion2__rosidl_typesupport_fastrtps_cpp.hpp
[0.762s] -- Up-to-date symlink: /home/claudio/tiago_public_ws/install/play_motion2_msgs/include/play_motion2_msgs/play_motion2_msgs/msg/detail/motion__rosidl_typesupport_fastrtps_cpp.hpp
[0.762s] -- Up-to-date symlink: /home/claudio/tiago_public_ws/install/play_motion2_msgs/include/play_motion2_msgs/play_motion2_msgs/msg/rosidl_typesupport_fastrtps_cpp__visibility_control.h
[0.762s] -- Up-to-date symlink: /home/claudio/tiago_public_ws/install/play_motion2_msgs/include/play_motion2_msgs/play_motion2_msgs/srv/detail/add_motion__rosidl_typesupport_fastrtps_cpp.hpp
[0.762s] -- Up-to-date symlink: /home/claudio/tiago_public_ws/install/play_motion2_msgs/include/play_motion2_msgs/play_motion2_msgs/srv/detail/get_motion_info__rosidl_typesupport_fastrtps_cpp.hpp
[0.762s] -- Up-to-date symlink: /home/claudio/tiago_public_ws/install/play_motion2_msgs/include/play_motion2_msgs/play_motion2_msgs/srv/detail/is_motion_ready__rosidl_typesupport_fastrtps_cpp.hpp
[0.763s] -- Up-to-date symlink: /home/claudio/tiago_public_ws/install/play_motion2_msgs/include/play_motion2_msgs/play_motion2_msgs/srv/detail/list_motions__rosidl_typesupport_fastrtps_cpp.hpp
[0.763s] -- Up-to-date symlink: /home/claudio/tiago_public_ws/install/play_motion2_msgs/include/play_motion2_msgs/play_motion2_msgs/srv/detail/remove_motion__rosidl_typesupport_fastrtps_cpp.hpp
[0.763s] -- Up-to-date symlink: /home/claudio/tiago_public_ws/install/play_motion2_msgs/include/play_motion2_msgs/play_motion2_msgs/action/detail/play_motion2__rosidl_typesupport_introspection_c.h
[0.763s] -- Up-to-date symlink: /home/claudio/tiago_public_ws/install/play_motion2_msgs/include/play_motion2_msgs/play_motion2_msgs/msg/detail/motion__rosidl_typesupport_introspection_c.h
[0.763s] -- Up-to-date symlink: /home/claudio/tiago_public_ws/install/play_motion2_msgs/include/play_motion2_msgs/play_motion2_msgs/msg/rosidl_typesupport_introspection_c__visibility_control.h
[0.763s] -- Up-to-date symlink: /home/claudio/tiago_public_ws/install/play_motion2_msgs/include/play_motion2_msgs/play_motion2_msgs/srv/detail/add_motion__rosidl_typesupport_introspection_c.h
[0.763s] -- Up-to-date symlink: /home/claudio/tiago_public_ws/install/play_motion2_msgs/include/play_motion2_msgs/play_motion2_msgs/srv/detail/get_motion_info__rosidl_typesupport_introspection_c.h
[0.763s] -- Up-to-date symlink: /home/claudio/tiago_public_ws/install/play_motion2_msgs/include/play_motion2_msgs/play_motion2_msgs/srv/detail/is_motion_ready__rosidl_typesupport_introspection_c.h
[0.763s] -- Up-to-date symlink: /home/claudio/tiago_public_ws/install/play_motion2_msgs/include/play_motion2_msgs/play_motion2_msgs/srv/detail/list_motions__rosidl_typesupport_introspection_c.h
[0.763s] -- Up-to-date symlink: /home/claudio/tiago_public_ws/install/play_motion2_msgs/include/play_motion2_msgs/play_motion2_msgs/srv/detail/remove_motion__rosidl_typesupport_introspection_c.h
[0.763s] -- Up-to-date symlink: /home/claudio/tiago_public_ws/install/play_motion2_msgs/include/play_motion2_msgs/play_motion2_msgs/action/detail/play_motion2__rosidl_typesupport_introspection_cpp.hpp
[0.763s] -- Up-to-date symlink: /home/claudio/tiago_public_ws/install/play_motion2_msgs/include/play_motion2_msgs/play_motion2_msgs/msg/detail/motion__rosidl_typesupport_introspection_cpp.hpp
[0.764s] -- Up-to-date symlink: /home/claudio/tiago_public_ws/install/play_motion2_msgs/include/play_motion2_msgs/play_motion2_msgs/srv/detail/add_motion__rosidl_typesupport_introspection_cpp.hpp
[0.764s] -- Up-to-date symlink: /home/claudio/tiago_public_ws/install/play_motion2_msgs/include/play_motion2_msgs/play_motion2_msgs/srv/detail/get_motion_info__rosidl_typesupport_introspection_cpp.hpp
[0.764s] -- Up-to-date symlink: /home/claudio/tiago_public_ws/install/play_motion2_msgs/include/play_motion2_msgs/play_motion2_msgs/srv/detail/is_motion_ready__rosidl_typesupport_introspection_cpp.hpp
[0.764s] -- Up-to-date symlink: /home/claudio/tiago_public_ws/install/play_motion2_msgs/include/play_motion2_msgs/play_motion2_msgs/srv/detail/list_motions__rosidl_typesupport_introspection_cpp.hpp
[0.764s] -- Up-to-date symlink: /home/claudio/tiago_public_ws/install/play_motion2_msgs/include/play_motion2_msgs/play_motion2_msgs/srv/detail/remove_motion__rosidl_typesupport_introspection_cpp.hpp
[0.764s] -- Up-to-date symlink: /home/claudio/tiago_public_ws/install/play_motion2_msgs/share/play_motion2_msgs/environment/pythonpath.sh
[0.765s] -- Up-to-date symlink: /home/claudio/tiago_public_ws/install/play_motion2_msgs/share/play_motion2_msgs/environment/pythonpath.dsv
[0.765s] -- Up-to-date symlink: /home/claudio/tiago_public_ws/install/play_motion2_msgs/local/lib/python3.10/dist-packages/play_motion2_msgs-1.5.1-py3.10.egg-info/PKG-INFO
[0.765s] -- Up-to-date symlink: /home/claudio/tiago_public_ws/install/play_motion2_msgs/local/lib/python3.10/dist-packages/play_motion2_msgs-1.5.1-py3.10.egg-info/SOURCES.txt
[0.766s] -- Up-to-date symlink: /home/claudio/tiago_public_ws/install/play_motion2_msgs/local/lib/python3.10/dist-packages/play_motion2_msgs-1.5.1-py3.10.egg-info/dependency_links.txt
[0.766s] -- Up-to-date symlink: /home/claudio/tiago_public_ws/install/play_motion2_msgs/local/lib/python3.10/dist-packages/play_motion2_msgs-1.5.1-py3.10.egg-info/top_level.txt
[0.766s] -- Up-to-date symlink: /home/claudio/tiago_public_ws/install/play_motion2_msgs/local/lib/python3.10/dist-packages/play_motion2_msgs/__init__.py
[0.766s] -- Up-to-date symlink: /home/claudio/tiago_public_ws/install/play_motion2_msgs/local/lib/python3.10/dist-packages/play_motion2_msgs/_play_motion2_msgs_s.ep.rosidl_typesupport_c.c
[0.766s] -- Up-to-date symlink: /home/claudio/tiago_public_ws/install/play_motion2_msgs/local/lib/python3.10/dist-packages/play_motion2_msgs/_play_motion2_msgs_s.ep.rosidl_typesupport_fastrtps_c.c
[0.766s] -- Up-to-date symlink: /home/claudio/tiago_public_ws/install/play_motion2_msgs/local/lib/python3.10/dist-packages/play_motion2_msgs/_play_motion2_msgs_s.ep.rosidl_typesupport_introspection_c.c
[0.767s] -- Up-to-date symlink: /home/claudio/tiago_public_ws/install/play_motion2_msgs/local/lib/python3.10/dist-packages/play_motion2_msgs/action/__init__.py
[0.767s] -- Up-to-date symlink: /home/claudio/tiago_public_ws/install/play_motion2_msgs/local/lib/python3.10/dist-packages/play_motion2_msgs/action/_play_motion2.py
[0.767s] -- Up-to-date symlink: /home/claudio/tiago_public_ws/install/play_motion2_msgs/local/lib/python3.10/dist-packages/play_motion2_msgs/action/_play_motion2_s.c
[0.767s] -- Up-to-date symlink: /home/claudio/tiago_public_ws/install/play_motion2_msgs/local/lib/python3.10/dist-packages/play_motion2_msgs/libplay_motion2_msgs__rosidl_generator_py.so
[0.767s] -- Up-to-date symlink: /home/claudio/tiago_public_ws/install/play_motion2_msgs/local/lib/python3.10/dist-packages/play_motion2_msgs/msg/__init__.py
[0.767s] -- Up-to-date symlink: /home/claudio/tiago_public_ws/install/play_motion2_msgs/local/lib/python3.10/dist-packages/play_motion2_msgs/msg/_motion.py
[0.767s] -- Up-to-date symlink: /home/claudio/tiago_public_ws/install/play_motion2_msgs/local/lib/python3.10/dist-packages/play_motion2_msgs/msg/_motion_s.c
[0.767s] -- Up-to-date symlink: /home/claudio/tiago_public_ws/install/play_motion2_msgs/local/lib/python3.10/dist-packages/play_motion2_msgs/play_motion2_msgs_s__rosidl_typesupport_c.cpython-310-x86_64-linux-gnu.so
[0.767s] -- Up-to-date symlink: /home/claudio/tiago_public_ws/install/play_motion2_msgs/local/lib/python3.10/dist-packages/play_motion2_msgs/play_motion2_msgs_s__rosidl_typesupport_fastrtps_c.cpython-310-x86_64-linux-gnu.so
[0.767s] -- Up-to-date symlink: /home/claudio/tiago_public_ws/install/play_motion2_msgs/local/lib/python3.10/dist-packages/play_motion2_msgs/play_motion2_msgs_s__rosidl_typesupport_introspection_c.cpython-310-x86_64-linux-gnu.so
[0.767s] -- Up-to-date symlink: /home/claudio/tiago_public_ws/install/play_motion2_msgs/local/lib/python3.10/dist-packages/play_motion2_msgs/srv/__init__.py
[0.767s] -- Up-to-date symlink: /home/claudio/tiago_public_ws/install/play_motion2_msgs/local/lib/python3.10/dist-packages/play_motion2_msgs/srv/_add_motion.py
[0.767s] -- Up-to-date symlink: /home/claudio/tiago_public_ws/install/play_motion2_msgs/local/lib/python3.10/dist-packages/play_motion2_msgs/srv/_add_motion_s.c
[0.767s] -- Up-to-date symlink: /home/claudio/tiago_public_ws/install/play_motion2_msgs/local/lib/python3.10/dist-packages/play_motion2_msgs/srv/_get_motion_info.py
[0.767s] -- Up-to-date symlink: /home/claudio/tiago_public_ws/install/play_motion2_msgs/local/lib/python3.10/dist-packages/play_motion2_msgs/srv/_get_motion_info_s.c
[0.768s] -- Up-to-date symlink: /home/claudio/tiago_public_ws/install/play_motion2_msgs/local/lib/python3.10/dist-packages/play_motion2_msgs/srv/_is_motion_ready.py
[0.768s] -- Up-to-date symlink: /home/claudio/tiago_public_ws/install/play_motion2_msgs/local/lib/python3.10/dist-packages/play_motion2_msgs/srv/_is_motion_ready_s.c
[0.768s] -- Up-to-date symlink: /home/claudio/tiago_public_ws/install/play_motion2_msgs/local/lib/python3.10/dist-packages/play_motion2_msgs/srv/_list_motions.py
[0.768s] -- Up-to-date symlink: /home/claudio/tiago_public_ws/install/play_motion2_msgs/local/lib/python3.10/dist-packages/play_motion2_msgs/srv/_list_motions_s.c
[0.768s] -- Up-to-date symlink: /home/claudio/tiago_public_ws/install/play_motion2_msgs/local/lib/python3.10/dist-packages/play_motion2_msgs/srv/_remove_motion.py
[0.768s] -- Up-to-date symlink: /home/claudio/tiago_public_ws/install/play_motion2_msgs/local/lib/python3.10/dist-packages/play_motion2_msgs/srv/_remove_motion_s.c
[0.768s] -- Up-to-date symlink: /home/claudio/tiago_public_ws/install/play_motion2_msgs/local/lib/python3.10/dist-packages/play_motion2_msgs/play_motion2_msgs_s__rosidl_typesupport_fastrtps_c.cpython-310-x86_64-linux-gnu.so
[0.768s] -- Up-to-date symlink: /home/claudio/tiago_public_ws/install/play_motion2_msgs/local/lib/python3.10/dist-packages/play_motion2_msgs/play_motion2_msgs_s__rosidl_typesupport_introspection_c.cpython-310-x86_64-linux-gnu.so
[0.768s] -- Up-to-date symlink: /home/claudio/tiago_public_ws/install/play_motion2_msgs/local/lib/python3.10/dist-packages/play_motion2_msgs/play_motion2_msgs_s__rosidl_typesupport_c.cpython-310-x86_64-linux-gnu.so
[0.768s] -- Up-to-date symlink: /home/claudio/tiago_public_ws/install/play_motion2_msgs/share/play_motion2_msgs/action/PlayMotion2.idl
[0.769s] -- Up-to-date symlink: /home/claudio/tiago_public_ws/install/play_motion2_msgs/share/play_motion2_msgs/msg/Motion.idl
[0.769s] -- Up-to-date symlink: /home/claudio/tiago_public_ws/install/play_motion2_msgs/share/play_motion2_msgs/srv/AddMotion.idl
[0.769s] -- Up-to-date symlink: /home/claudio/tiago_public_ws/install/play_motion2_msgs/share/play_motion2_msgs/srv/GetMotionInfo.idl
[0.769s] -- Up-to-date symlink: /home/claudio/tiago_public_ws/install/play_motion2_msgs/share/play_motion2_msgs/srv/IsMotionReady.idl
[0.771s] -- Up-to-date symlink: /home/claudio/tiago_public_ws/install/play_motion2_msgs/share/play_motion2_msgs/srv/ListMotions.idl
[0.771s] -- Up-to-date symlink: /home/claudio/tiago_public_ws/install/play_motion2_msgs/share/play_motion2_msgs/srv/RemoveMotion.idl
[0.771s] -- Up-to-date symlink: /home/claudio/tiago_public_ws/install/play_motion2_msgs/share/play_motion2_msgs/action/PlayMotion2.action
[0.771s] -- Up-to-date symlink: /home/claudio/tiago_public_ws/install/play_motion2_msgs/share/play_motion2_msgs/msg/Motion.msg
[0.772s] -- Up-to-date symlink: /home/claudio/tiago_public_ws/install/play_motion2_msgs/share/play_motion2_msgs/srv/AddMotion.srv
[0.772s] -- Up-to-date symlink: /home/claudio/tiago_public_ws/install/play_motion2_msgs/share/play_motion2_msgs/srv/AddMotion_Request.msg
[0.772s] -- Up-to-date symlink: /home/claudio/tiago_public_ws/install/play_motion2_msgs/share/play_motion2_msgs/srv/AddMotion_Response.msg
[0.772s] -- Up-to-date symlink: /home/claudio/tiago_public_ws/install/play_motion2_msgs/share/play_motion2_msgs/srv/GetMotionInfo.srv
[0.772s] -- Up-to-date symlink: /home/claudio/tiago_public_ws/install/play_motion2_msgs/share/play_motion2_msgs/srv/GetMotionInfo_Request.msg
[0.773s] -- Up-to-date symlink: /home/claudio/tiago_public_ws/install/play_motion2_msgs/share/play_motion2_msgs/srv/GetMotionInfo_Response.msg
[0.773s] -- Up-to-date symlink: /home/claudio/tiago_public_ws/install/play_motion2_msgs/share/play_motion2_msgs/srv/IsMotionReady.srv
[0.773s] -- Up-to-date symlink: /home/claudio/tiago_public_ws/install/play_motion2_msgs/share/play_motion2_msgs/srv/IsMotionReady_Request.msg
[0.773s] -- Up-to-date symlink: /home/claudio/tiago_public_ws/install/play_motion2_msgs/share/play_motion2_msgs/srv/IsMotionReady_Response.msg
[0.773s] -- Up-to-date symlink: /home/claudio/tiago_public_ws/install/play_motion2_msgs/share/play_motion2_msgs/srv/ListMotions.srv
[0.773s] -- Up-to-date symlink: /home/claudio/tiago_public_ws/install/play_motion2_msgs/share/play_motion2_msgs/srv/ListMotions_Request.msg
[0.773s] -- Up-to-date symlink: /home/claudio/tiago_public_ws/install/play_motion2_msgs/share/play_motion2_msgs/srv/ListMotions_Response.msg
[0.776s] -- Up-to-date symlink: /home/claudio/tiago_public_ws/install/play_motion2_msgs/share/play_motion2_msgs/srv/RemoveMotion.srv
[0.776s] -- Up-to-date symlink: /home/claudio/tiago_public_ws/install/play_motion2_msgs/share/play_motion2_msgs/srv/RemoveMotion_Request.msg
[0.776s] -- Up-to-date symlink: /home/claudio/tiago_public_ws/install/play_motion2_msgs/share/play_motion2_msgs/srv/RemoveMotion_Response.msg
[0.776s] -- Up-to-date symlink: /home/claudio/tiago_public_ws/install/play_motion2_msgs/share/ament_index/resource_index/package_run_dependencies/play_motion2_msgs
[0.776s] -- Up-to-date symlink: /home/claudio/tiago_public_ws/install/play_motion2_msgs/share/ament_index/resource_index/parent_prefix_path/play_motion2_msgs
[0.776s] -- Up-to-date symlink: /home/claudio/tiago_public_ws/install/play_motion2_msgs/share/play_motion2_msgs/environment/ament_prefix_path.sh
[0.777s] -- Up-to-date symlink: /home/claudio/tiago_public_ws/install/play_motion2_msgs/share/play_motion2_msgs/environment/ament_prefix_path.dsv
[0.777s] -- Up-to-date symlink: /home/claudio/tiago_public_ws/install/play_motion2_msgs/share/play_motion2_msgs/environment/path.sh
[0.777s] -- Up-to-date symlink: /home/claudio/tiago_public_ws/install/play_motion2_msgs/share/play_motion2_msgs/environment/path.dsv
[0.777s] -- Up-to-date symlink: /home/claudio/tiago_public_ws/install/play_motion2_msgs/share/play_motion2_msgs/local_setup.bash
[0.777s] -- Up-to-date symlink: /home/claudio/tiago_public_ws/install/play_motion2_msgs/share/play_motion2_msgs/local_setup.sh
[0.777s] -- Up-to-date symlink: /home/claudio/tiago_public_ws/install/play_motion2_msgs/share/play_motion2_msgs/local_setup.zsh
[0.777s] -- Up-to-date symlink: /home/claudio/tiago_public_ws/install/play_motion2_msgs/share/play_motion2_msgs/local_setup.dsv
[0.777s] -- Symlinking: /home/claudio/tiago_public_ws/install/play_motion2_msgs/share/play_motion2_msgs/package.dsv
[0.787s] -- Up-to-date symlink: /home/claudio/tiago_public_ws/install/play_motion2_msgs/share/ament_index/resource_index/packages/play_motion2_msgs
[0.787s] -- Up-to-date symlink: /home/claudio/tiago_public_ws/install/play_motion2_msgs/share/play_motion2_msgs/cmake/rosidl_cmake-extras.cmake
[0.788s] -- Up-to-date symlink: /home/claudio/tiago_public_ws/install/play_motion2_msgs/share/play_motion2_msgs/cmake/ament_cmake_export_dependencies-extras.cmake
[0.788s] -- Up-to-date symlink: /home/claudio/tiago_public_ws/install/play_motion2_msgs/share/play_motion2_msgs/cmake/ament_cmake_export_include_directories-extras.cmake
[0.788s] -- Up-to-date symlink: /home/claudio/tiago_public_ws/install/play_motion2_msgs/share/play_motion2_msgs/cmake/ament_cmake_export_libraries-extras.cmake
[0.788s] -- Up-to-date symlink: /home/claudio/tiago_public_ws/install/play_motion2_msgs/share/play_motion2_msgs/cmake/ament_cmake_export_targets-extras.cmake
[0.788s] -- Up-to-date symlink: /home/claudio/tiago_public_ws/install/play_motion2_msgs/share/play_motion2_msgs/cmake/rosidl_cmake_export_typesupport_targets-extras.cmake
[0.788s] -- Up-to-date symlink: /home/claudio/tiago_public_ws/install/play_motion2_msgs/share/play_motion2_msgs/cmake/rosidl_cmake_export_typesupport_libraries-extras.cmake
[0.788s] -- Up-to-date symlink: /home/claudio/tiago_public_ws/install/play_motion2_msgs/share/play_motion2_msgs/cmake/play_motion2_msgsConfig.cmake
[0.789s] -- Up-to-date symlink: /home/claudio/tiago_public_ws/install/play_motion2_msgs/share/play_motion2_msgs/cmake/play_motion2_msgsConfig-version.cmake
[0.789s] -- Up-to-date symlink: /home/claudio/tiago_public_ws/install/play_motion2_msgs/share/play_motion2_msgs/package.xml
[0.789s] -- Up-to-date: /home/claudio/tiago_public_ws/install/play_motion2_msgs/lib/libplay_motion2_msgs__rosidl_generator_c.so
[0.789s] -- Up-to-date: /home/claudio/tiago_public_ws/install/play_motion2_msgs/lib/libplay_motion2_msgs__rosidl_typesupport_fastrtps_c.so
[0.790s] -- Up-to-date: /home/claudio/tiago_public_ws/install/play_motion2_msgs/lib/libplay_motion2_msgs__rosidl_typesupport_fastrtps_cpp.so
[0.790s] -- Up-to-date: /home/claudio/tiago_public_ws/install/play_motion2_msgs/lib/libplay_motion2_msgs__rosidl_typesupport_introspection_c.so
[0.790s] -- Up-to-date: /home/claudio/tiago_public_ws/install/play_motion2_msgs/lib/libplay_motion2_msgs__rosidl_typesupport_c.so
[0.791s] -- Up-to-date: /home/claudio/tiago_public_ws/install/play_motion2_msgs/lib/libplay_motion2_msgs__rosidl_typesupport_introspection_cpp.so
[0.793s] -- Up-to-date: /home/claudio/tiago_public_ws/install/play_motion2_msgs/lib/libplay_motion2_msgs__rosidl_typesupport_cpp.so
[0.828s] Listing '/home/claudio/tiago_public_ws/install/play_motion2_msgs/local/lib/python3.10/dist-packages/play_motion2_msgs'...
[0.828s] Listing '/home/claudio/tiago_public_ws/install/play_motion2_msgs/local/lib/python3.10/dist-packages/play_motion2_msgs/action'...
[0.828s] Listing '/home/claudio/tiago_public_ws/install/play_motion2_msgs/local/lib/python3.10/dist-packages/play_motion2_msgs/msg'...
[0.829s] Listing '/home/claudio/tiago_public_ws/install/play_motion2_msgs/local/lib/python3.10/dist-packages/play_motion2_msgs/srv'...
[0.832s] -- Up-to-date: /home/claudio/tiago_public_ws/install/play_motion2_msgs/lib/libplay_motion2_msgs__rosidl_generator_py.so
[0.832s] -- Up-to-date: /home/claudio/tiago_public_ws/install/play_motion2_msgs/share/play_motion2_msgs/cmake/export_play_motion2_msgs__rosidl_generator_cExport.cmake
[0.832s] -- Up-to-date: /home/claudio/tiago_public_ws/install/play_motion2_msgs/share/play_motion2_msgs/cmake/export_play_motion2_msgs__rosidl_generator_cExport-noconfig.cmake
[0.832s] -- Up-to-date: /home/claudio/tiago_public_ws/install/play_motion2_msgs/share/play_motion2_msgs/cmake/export_play_motion2_msgs__rosidl_typesupport_fastrtps_cExport.cmake
[0.832s] -- Up-to-date: /home/claudio/tiago_public_ws/install/play_motion2_msgs/share/play_motion2_msgs/cmake/export_play_motion2_msgs__rosidl_typesupport_fastrtps_cExport-noconfig.cmake
[0.832s] -- Up-to-date: /home/claudio/tiago_public_ws/install/play_motion2_msgs/share/play_motion2_msgs/cmake/export_play_motion2_msgs__rosidl_generator_cppExport.cmake
[0.832s] -- Up-to-date: /home/claudio/tiago_public_ws/install/play_motion2_msgs/share/play_motion2_msgs/cmake/export_play_motion2_msgs__rosidl_typesupport_fastrtps_cppExport.cmake
[0.832s] -- Up-to-date: /home/claudio/tiago_public_ws/install/play_motion2_msgs/share/play_motion2_msgs/cmake/export_play_motion2_msgs__rosidl_typesupport_fastrtps_cppExport-noconfig.cmake
[0.833s] -- Up-to-date: /home/claudio/tiago_public_ws/install/play_motion2_msgs/share/play_motion2_msgs/cmake/play_motion2_msgs__rosidl_typesupport_introspection_cExport.cmake
[0.833s] -- Up-to-date: /home/claudio/tiago_public_ws/install/play_motion2_msgs/share/play_motion2_msgs/cmake/play_motion2_msgs__rosidl_typesupport_introspection_cExport-noconfig.cmake
[0.833s] -- Up-to-date: /home/claudio/tiago_public_ws/install/play_motion2_msgs/share/play_motion2_msgs/cmake/play_motion2_msgs__rosidl_typesupport_cExport.cmake
[0.833s] -- Up-to-date: /home/claudio/tiago_public_ws/install/play_motion2_msgs/share/play_motion2_msgs/cmake/play_motion2_msgs__rosidl_typesupport_cExport-noconfig.cmake
[0.833s] -- Up-to-date: /home/claudio/tiago_public_ws/install/play_motion2_msgs/share/play_motion2_msgs/cmake/play_motion2_msgs__rosidl_typesupport_introspection_cppExport.cmake
[0.833s] -- Up-to-date: /home/claudio/tiago_public_ws/install/play_motion2_msgs/share/play_motion2_msgs/cmake/play_motion2_msgs__rosidl_typesupport_introspection_cppExport-noconfig.cmake
[0.833s] -- Up-to-date: /home/claudio/tiago_public_ws/install/play_motion2_msgs/share/play_motion2_msgs/cmake/play_motion2_msgs__rosidl_typesupport_cppExport.cmake
[0.833s] -- Up-to-date: /home/claudio/tiago_public_ws/install/play_motion2_msgs/share/play_motion2_msgs/cmake/play_motion2_msgs__rosidl_typesupport_cppExport-noconfig.cmake
[0.833s] -- Up-to-date: /home/claudio/tiago_public_ws/install/play_motion2_msgs/share/play_motion2_msgs/cmake/export_play_motion2_msgs__rosidl_generator_pyExport.cmake
[0.833s] -- Up-to-date: /home/claudio/tiago_public_ws/install/play_motion2_msgs/share/play_motion2_msgs/cmake/export_play_motion2_msgs__rosidl_generator_pyExport-noconfig.cmake
[0.861s] Invoked command in '/home/claudio/tiago_public_ws/build/play_motion2_msgs' returned '0': CMAKE_PREFIX_PATH=/home/claudio/tiago_public_ws/install/urdf_test:/home/claudio/tiago_public_ws/install/tiago_simulation:/home/claudio/tiago_public_ws/install/tiago_robot:/home/claudio/tiago_public_ws/install/tiago_navigation:/home/claudio/tiago_public_ws/install/tiago_rgbd_sensors:/home/claudio/tiago_public_ws/install/tiago_gazebo:/home/claudio/tiago_public_ws/install/tiago_moveit_config:/home/claudio/tiago_public_ws/install/tiago_laser_sensors:/home/claudio/tiago_public_ws/install/tiago_bringup:/home/claudio/tiago_public_ws/install/tiago_description:/home/claudio/tiago_public_ws/install/tiago_controller_configuration:/home/claudio/tiago_public_ws/install/tiago_2dnav:/home/claudio/tiago_public_ws/install/launch_pal:/opt/ros/humble:/home/claudio/tiago_public_ws/install/progetto_tiago:/home/claudio/tiago_public_ws/install/pmb2_robot:/home/claudio/tiago_public_ws/install/pmb2_rgbd_sensors:/home/claudio/tiago_public_ws/install/pmb2_navigation:/home/claudio/tiago_public_ws/install/pmb2_laser_sensors:/home/claudio/tiago_public_ws/install/pmb2_bringup:/home/claudio/tiago_public_ws/install/pmb2_description:/home/claudio/tiago_public_ws/install/pmb2_controller_configuration:/home/claudio/tiago_public_ws/install/pmb2_2dnav:/home/claudio/tiago_public_ws/install/play_motion2:/home/claudio/tiago_public_ws/install/play_motion2_msgs:/home/claudio/tiago_public_ws/install/pal_hey5:/home/claudio/tiago_public_ws/install/pal_hey5_description:/home/claudio/tiago_public_ws/install/pal_gripper_simulation:/home/claudio/tiago_public_ws/install/pal_gripper:/home/claudio/tiago_public_ws/install/pal_gripper_description:/home/claudio/tiago_public_ws/install/pal_urdf_utils:/home/claudio/tiago_public_ws/install/pal_robotiq_gripper:/home/claudio/tiago_public_ws/install/pal_robotiq_description:/home/claudio/tiago_public_ws/install/pal_robotiq_controller_configuration:/home/claudio/tiago_public_ws/install/pal_navigation_cfg:/home/claudio/tiago_public_ws/install/pal_navigation_cfg_bringup:/home/claudio/tiago_public_ws/install/pal_navigation_cfg_params:/home/claudio/tiago_public_ws/install/pal_hey5_controller_configuration:/home/claudio/tiago_public_ws/install/pal_gripper_controller_configuration:/home/claudio/tiago_public_ws/install/pal_gazebo_worlds /usr/bin/cmake --install /home/claudio/tiago_public_ws/build/play_motion2_msgs
