[0.021s] Invoking command in '/home/claudio/tiago_public_ws/build/pal_navigation_cfg_params': CMAKE_PREFIX_PATH=/opt/ros/humble /usr/bin/cmake /home/claudio/tiago_public_ws/src/pal_navigation_cfg_public/pal_navigation_cfg_params -DCMAKE_INSTALL_PREFIX=/home/claudio/tiago_public_ws/install/pal_navigation_cfg_params
[0.053s] -- Found ament_cmake_auto: 1.3.11 (/opt/ros/humble/share/ament_cmake_auto/cmake)
[0.350s] -- Override CMake install command with custom implementation using symlinks instead of copying resources
[0.544s] -- Found ament_lint_auto: 0.12.11 (/opt/ros/humble/share/ament_lint_auto/cmake)
[0.570s] -- Added test 'copyright' to check source files copyright and LICENSE
[0.578s] -- Added test 'lint_cmake' to check CMake code style
[0.578s] -- Added test 'xmllint' to check XML markup files
[0.581s] -- Configuring done
[0.594s] -- Generating done
[0.601s] -- Build files have been written to: /home/claudio/tiago_public_ws/build/pal_navigation_cfg_params
[0.606s] Invoked command in '/home/claudio/tiago_public_ws/build/pal_navigation_cfg_params' returned '0': CMAKE_PREFIX_PATH=/opt/ros/humble /usr/bin/cmake /home/claudio/tiago_public_ws/src/pal_navigation_cfg_public/pal_navigation_cfg_params -DCMAKE_INSTALL_PREFIX=/home/claudio/tiago_public_ws/install/pal_navigation_cfg_params
[0.610s] Invoking command in '/home/claudio/tiago_public_ws/build/pal_navigation_cfg_params': CMAKE_PREFIX_PATH=/opt/ros/humble /usr/bin/cmake --build /home/claudio/tiago_public_ws/build/pal_navigation_cfg_params -- -j4 -l4
[0.722s] Invoked command in '/home/claudio/tiago_public_ws/build/pal_navigation_cfg_params' returned '0': CMAKE_PREFIX_PATH=/opt/ros/humble /usr/bin/cmake --build /home/claudio/tiago_public_ws/build/pal_navigation_cfg_params -- -j4 -l4
[0.723s] Invoking command in '/home/claudio/tiago_public_ws/build/pal_navigation_cfg_params': CMAKE_PREFIX_PATH=/opt/ros/humble /usr/bin/cmake --install /home/claudio/tiago_public_ws/build/pal_navigation_cfg_params
[0.743s] -- Install configuration: ""
[0.743s] -- Execute custom install script
[0.746s] -- Up-to-date symlink: /home/claudio/tiago_public_ws/install/pal_navigation_cfg_params/share/pal_navigation_cfg_params/params/omni_base_nav2.yaml
[0.746s] -- Up-to-date symlink: /home/claudio/tiago_public_ws/install/pal_navigation_cfg_params/share/pal_navigation_cfg_params/params/pmb2_nav2.yaml
[0.747s] -- Up-to-date symlink: /home/claudio/tiago_public_ws/install/pal_navigation_cfg_params/share/pal_navigation_cfg_params/params/tiago_dual_nav2.yaml
[0.748s] -- Up-to-date symlink: /home/claudio/tiago_public_ws/install/pal_navigation_cfg_params/share/pal_navigation_cfg_params/params/tiago_nav2.yaml
[0.750s] -- Up-to-date symlink: /home/claudio/tiago_public_ws/install/pal_navigation_cfg_params/share/ament_index/resource_index/package_run_dependencies/pal_navigation_cfg_params
[0.751s] -- Up-to-date symlink: /home/claudio/tiago_public_ws/install/pal_navigation_cfg_params/share/ament_index/resource_index/parent_prefix_path/pal_navigation_cfg_params
[0.752s] -- Up-to-date symlink: /home/claudio/tiago_public_ws/install/pal_navigation_cfg_params/share/pal_navigation_cfg_params/environment/ament_prefix_path.sh
[0.754s] -- Up-to-date symlink: /home/claudio/tiago_public_ws/install/pal_navigation_cfg_params/share/pal_navigation_cfg_params/environment/ament_prefix_path.dsv
[0.754s] -- Up-to-date symlink: /home/claudio/tiago_public_ws/install/pal_navigation_cfg_params/share/pal_navigation_cfg_params/environment/path.sh
[0.755s] -- Up-to-date symlink: /home/claudio/tiago_public_ws/install/pal_navigation_cfg_params/share/pal_navigation_cfg_params/environment/path.dsv
[0.756s] -- Up-to-date symlink: /home/claudio/tiago_public_ws/install/pal_navigation_cfg_params/share/pal_navigation_cfg_params/local_setup.bash
[0.758s] -- Up-to-date symlink: /home/claudio/tiago_public_ws/install/pal_navigation_cfg_params/share/pal_navigation_cfg_params/local_setup.sh
[0.758s] -- Up-to-date symlink: /home/claudio/tiago_public_ws/install/pal_navigation_cfg_params/share/pal_navigation_cfg_params/local_setup.zsh
[0.758s] -- Up-to-date symlink: /home/claudio/tiago_public_ws/install/pal_navigation_cfg_params/share/pal_navigation_cfg_params/local_setup.dsv
[0.759s] -- Symlinking: /home/claudio/tiago_public_ws/install/pal_navigation_cfg_params/share/pal_navigation_cfg_params/package.dsv
[0.779s] -- Up-to-date symlink: /home/claudio/tiago_public_ws/install/pal_navigation_cfg_params/share/ament_index/resource_index/packages/pal_navigation_cfg_params
[0.779s] -- Up-to-date symlink: /home/claudio/tiago_public_ws/install/pal_navigation_cfg_params/share/pal_navigation_cfg_params/cmake/pal_navigation_cfg_paramsConfig.cmake
[0.780s] -- Up-to-date symlink: /home/claudio/tiago_public_ws/install/pal_navigation_cfg_params/share/pal_navigation_cfg_params/cmake/pal_navigation_cfg_paramsConfig-version.cmake
[0.780s] -- Up-to-date symlink: /home/claudio/tiago_public_ws/install/pal_navigation_cfg_params/share/pal_navigation_cfg_params/package.xml
[0.787s] Invoked command in '/home/claudio/tiago_public_ws/build/pal_navigation_cfg_params' returned '0': CMAKE_PREFIX_PATH=/opt/ros/humble /usr/bin/cmake --install /home/claudio/tiago_public_ws/build/pal_navigation_cfg_params
