[0.025s] Invoking command in '/home/claudio/tiago_public_ws/build/pal_gripper': AMENT_PREFIX_PATH=/home/claudio/tiago_public_ws/install/pal_gripper_description:/home/claudio/tiago_public_ws/install/urdf_test:/home/claudio/tiago_public_ws/install/pal_urdf_utils:/home/claudio/tiago_public_ws/install/pal_gripper_controller_configuration:${AMENT_PREFIX_PATH} CMAKE_PREFIX_PATH=/home/claudio/tiago_public_ws/install/pal_gripper_description:/home/claudio/tiago_public_ws/install/urdf_test:/home/claudio/tiago_public_ws/install/pal_urdf_utils:/home/claudio/tiago_public_ws/install/pal_gripper_controller_configuration:/opt/ros/humble PYTHONPATH=/home/claudio/tiago_public_ws/install/urdf_test/local/lib/python3.10/dist-packages:${PYTHONPATH} /usr/bin/cmake /home/claudio/tiago_public_ws/src/pal_gripper/pal_gripper -DCMAKE_INSTALL_PREFIX=/home/claudio/tiago_public_ws/install/pal_gripper
[0.057s] -- Found ament_cmake: 1.3.11 (/opt/ros/humble/share/ament_cmake/cmake)
[0.356s] -- Override CMake install command with custom implementation using symlinks instead of copying resources
[0.548s] -- Configuring done
[0.557s] -- Generating done
[0.562s] -- Build files have been written to: /home/claudio/tiago_public_ws/build/pal_gripper
[0.571s] Invoked command in '/home/claudio/tiago_public_ws/build/pal_gripper' returned '0': AMENT_PREFIX_PATH=/home/claudio/tiago_public_ws/install/pal_gripper_description:/home/claudio/tiago_public_ws/install/urdf_test:/home/claudio/tiago_public_ws/install/pal_urdf_utils:/home/claudio/tiago_public_ws/install/pal_gripper_controller_configuration:${AMENT_PREFIX_PATH} CMAKE_PREFIX_PATH=/home/claudio/tiago_public_ws/install/pal_gripper_description:/home/claudio/tiago_public_ws/install/urdf_test:/home/claudio/tiago_public_ws/install/pal_urdf_utils:/home/claudio/tiago_public_ws/install/pal_gripper_controller_configuration:/opt/ros/humble PYTHONPATH=/home/claudio/tiago_public_ws/install/urdf_test/local/lib/python3.10/dist-packages:${PYTHONPATH} /usr/bin/cmake /home/claudio/tiago_public_ws/src/pal_gripper/pal_gripper -DCMAKE_INSTALL_PREFIX=/home/claudio/tiago_public_ws/install/pal_gripper
[0.572s] Invoking command in '/home/claudio/tiago_public_ws/build/pal_gripper': AMENT_PREFIX_PATH=/home/claudio/tiago_public_ws/install/pal_gripper_description:/home/claudio/tiago_public_ws/install/urdf_test:/home/claudio/tiago_public_ws/install/pal_urdf_utils:/home/claudio/tiago_public_ws/install/pal_gripper_controller_configuration:${AMENT_PREFIX_PATH} CMAKE_PREFIX_PATH=/home/claudio/tiago_public_ws/install/pal_gripper_description:/home/claudio/tiago_public_ws/install/urdf_test:/home/claudio/tiago_public_ws/install/pal_urdf_utils:/home/claudio/tiago_public_ws/install/pal_gripper_controller_configuration:/opt/ros/humble PYTHONPATH=/home/claudio/tiago_public_ws/install/urdf_test/local/lib/python3.10/dist-packages:${PYTHONPATH} /usr/bin/cmake --build /home/claudio/tiago_public_ws/build/pal_gripper -- -j4 -l4
[0.648s] Invoked command in '/home/claudio/tiago_public_ws/build/pal_gripper' returned '0': AMENT_PREFIX_PATH=/home/claudio/tiago_public_ws/install/pal_gripper_description:/home/claudio/tiago_public_ws/install/urdf_test:/home/claudio/tiago_public_ws/install/pal_urdf_utils:/home/claudio/tiago_public_ws/install/pal_gripper_controller_configuration:${AMENT_PREFIX_PATH} CMAKE_PREFIX_PATH=/home/claudio/tiago_public_ws/install/pal_gripper_description:/home/claudio/tiago_public_ws/install/urdf_test:/home/claudio/tiago_public_ws/install/pal_urdf_utils:/home/claudio/tiago_public_ws/install/pal_gripper_controller_configuration:/opt/ros/humble PYTHONPATH=/home/claudio/tiago_public_ws/install/urdf_test/local/lib/python3.10/dist-packages:${PYTHONPATH} /usr/bin/cmake --build /home/claudio/tiago_public_ws/build/pal_gripper -- -j4 -l4
[0.653s] Invoking command in '/home/claudio/tiago_public_ws/build/pal_gripper': AMENT_PREFIX_PATH=/home/claudio/tiago_public_ws/install/pal_gripper_description:/home/claudio/tiago_public_ws/install/urdf_test:/home/claudio/tiago_public_ws/install/pal_urdf_utils:/home/claudio/tiago_public_ws/install/pal_gripper_controller_configuration:${AMENT_PREFIX_PATH} CMAKE_PREFIX_PATH=/home/claudio/tiago_public_ws/install/pal_gripper_description:/home/claudio/tiago_public_ws/install/urdf_test:/home/claudio/tiago_public_ws/install/pal_urdf_utils:/home/claudio/tiago_public_ws/install/pal_gripper_controller_configuration:/opt/ros/humble PYTHONPATH=/home/claudio/tiago_public_ws/install/urdf_test/local/lib/python3.10/dist-packages:${PYTHONPATH} /usr/bin/cmake --install /home/claudio/tiago_public_ws/build/pal_gripper
[0.667s] -- Install configuration: ""
[0.667s] -- Execute custom install script
[0.670s] -- Up-to-date symlink: /home/claudio/tiago_public_ws/install/pal_gripper/share/ament_index/resource_index/package_run_dependencies/pal_gripper
[0.671s] -- Up-to-date symlink: /home/claudio/tiago_public_ws/install/pal_gripper/share/ament_index/resource_index/parent_prefix_path/pal_gripper
[0.672s] -- Up-to-date symlink: /home/claudio/tiago_public_ws/install/pal_gripper/share/pal_gripper/environment/ament_prefix_path.sh
[0.673s] -- Up-to-date symlink: /home/claudio/tiago_public_ws/install/pal_gripper/share/pal_gripper/environment/ament_prefix_path.dsv
[0.674s] -- Up-to-date symlink: /home/claudio/tiago_public_ws/install/pal_gripper/share/pal_gripper/environment/path.sh
[0.675s] -- Up-to-date symlink: /home/claudio/tiago_public_ws/install/pal_gripper/share/pal_gripper/environment/path.dsv
[0.676s] -- Up-to-date symlink: /home/claudio/tiago_public_ws/install/pal_gripper/share/pal_gripper/local_setup.bash
[0.677s] -- Up-to-date symlink: /home/claudio/tiago_public_ws/install/pal_gripper/share/pal_gripper/local_setup.sh
[0.679s] -- Up-to-date symlink: /home/claudio/tiago_public_ws/install/pal_gripper/share/pal_gripper/local_setup.zsh
[0.680s] -- Up-to-date symlink: /home/claudio/tiago_public_ws/install/pal_gripper/share/pal_gripper/local_setup.dsv
[0.681s] -- Symlinking: /home/claudio/tiago_public_ws/install/pal_gripper/share/pal_gripper/package.dsv
[0.699s] -- Up-to-date symlink: /home/claudio/tiago_public_ws/install/pal_gripper/share/ament_index/resource_index/packages/pal_gripper
[0.700s] -- Up-to-date symlink: /home/claudio/tiago_public_ws/install/pal_gripper/share/pal_gripper/cmake/pal_gripperConfig.cmake
[0.700s] -- Up-to-date symlink: /home/claudio/tiago_public_ws/install/pal_gripper/share/pal_gripper/cmake/pal_gripperConfig-version.cmake
[0.701s] -- Up-to-date symlink: /home/claudio/tiago_public_ws/install/pal_gripper/share/pal_gripper/package.xml
[0.709s] Invoked command in '/home/claudio/tiago_public_ws/build/pal_gripper' returned '0': AMENT_PREFIX_PATH=/home/claudio/tiago_public_ws/install/pal_gripper_description:/home/claudio/tiago_public_ws/install/urdf_test:/home/claudio/tiago_public_ws/install/pal_urdf_utils:/home/claudio/tiago_public_ws/install/pal_gripper_controller_configuration:${AMENT_PREFIX_PATH} CMAKE_PREFIX_PATH=/home/claudio/tiago_public_ws/install/pal_gripper_description:/home/claudio/tiago_public_ws/install/urdf_test:/home/claudio/tiago_public_ws/install/pal_urdf_utils:/home/claudio/tiago_public_ws/install/pal_gripper_controller_configuration:/opt/ros/humble PYTHONPATH=/home/claudio/tiago_public_ws/install/urdf_test/local/lib/python3.10/dist-packages:${PYTHONPATH} /usr/bin/cmake --install /home/claudio/tiago_public_ws/build/pal_gripper
