[5.512s] Invoking command in '/home/claudio/progetto_ros2/src/robot_launcher': PYTHONPATH=/home/claudio/progetto_ros2/build/robot_launcher/prefix_override:/usr/lib/python3/dist-packages/colcon_core/task/python/colcon_distutils_commands:/home/claudio/progetto_ros2/install/robot_launcher/lib/python3.10/site-packages:${PYTHONPATH} /usr/bin/python3 -W ignore:setup.py install is deprecated -W ignore:easy_install command is deprecated setup.py egg_info --egg-base ../../build/robot_launcher build --build-base /home/claudio/progetto_ros2/build/robot_launcher/build install --record /home/claudio/progetto_ros2/build/robot_launcher/install.log --single-version-externally-managed install_data
[7.599s] running egg_info
[7.605s] writing ../../build/robot_launcher/robot_launcher.egg-info/PKG-INFO
[7.605s] writing dependency_links to ../../build/robot_launcher/robot_launcher.egg-info/dependency_links.txt
[7.605s] writing entry points to ../../build/robot_launcher/robot_launcher.egg-info/entry_points.txt
[7.605s] writing requirements to ../../build/robot_launcher/robot_launcher.egg-info/requires.txt
[7.606s] writing top-level names to ../../build/robot_launcher/robot_launcher.egg-info/top_level.txt
[7.617s] reading manifest file '../../build/robot_launcher/robot_launcher.egg-info/SOURCES.txt'
[7.626s] writing manifest file '../../build/robot_launcher/robot_launcher.egg-info/SOURCES.txt'
[7.629s] running build
[7.632s] running build_py
[7.634s] running install
[7.638s] running install_lib
[7.643s] running install_data
[7.644s] running install_egg_info
[7.656s] removing '/home/claudio/progetto_ros2/install/robot_launcher/lib/python3.10/site-packages/robot_launcher-0.0.0-py3.10.egg-info' (and everything under it)
[7.658s] Copying ../../build/robot_launcher/robot_launcher.egg-info to /home/claudio/progetto_ros2/install/robot_launcher/lib/python3.10/site-packages/robot_launcher-0.0.0-py3.10.egg-info
[7.664s] running install_scripts
[7.777s] writing list of installed files to '/home/claudio/progetto_ros2/build/robot_launcher/install.log'
[7.905s] Invoked command in '/home/claudio/progetto_ros2/src/robot_launcher' returned '0': PYTHONPATH=/home/claudio/progetto_ros2/build/robot_launcher/prefix_override:/usr/lib/python3/dist-packages/colcon_core/task/python/colcon_distutils_commands:/home/claudio/progetto_ros2/install/robot_launcher/lib/python3.10/site-packages:${PYTHONPATH} /usr/bin/python3 -W ignore:setup.py install is deprecated -W ignore:easy_install command is deprecated setup.py egg_info --egg-base ../../build/robot_launcher build --build-base /home/claudio/progetto_ros2/build/robot_launcher/build install --record /home/claudio/progetto_ros2/build/robot_launcher/install.log --single-version-externally-managed install_data
