[4.801s] Invoking command in '/home/claudio/progetto_ros2/src/robot_nodes': PYTHONPATH=/home/claudio/progetto_ros2/build/robot_nodes/prefix_override:/usr/lib/python3/dist-packages/colcon_core/task/python/colcon_distutils_commands:/home/claudio/progetto_ros2/install/robot_nodes/lib/python3.10/site-packages:${PYTHONPATH} /usr/bin/python3 -W ignore:setup.py install is deprecated -W ignore:easy_install command is deprecated setup.py egg_info --egg-base ../../build/robot_nodes build --build-base /home/claudio/progetto_ros2/build/robot_nodes/build install --record /home/claudio/progetto_ros2/build/robot_nodes/install.log --single-version-externally-managed install_data
[6.079s] running egg_info
[6.081s] writing ../../build/robot_nodes/robot_nodes.egg-info/PKG-INFO
[6.087s] writing dependency_links to ../../build/robot_nodes/robot_nodes.egg-info/dependency_links.txt
[6.088s] writing entry points to ../../build/robot_nodes/robot_nodes.egg-info/entry_points.txt
[6.091s] writing requirements to ../../build/robot_nodes/robot_nodes.egg-info/requires.txt
[6.091s] writing top-level names to ../../build/robot_nodes/robot_nodes.egg-info/top_level.txt
[6.103s] reading manifest file '../../build/robot_nodes/robot_nodes.egg-info/SOURCES.txt'
[6.110s] writing manifest file '../../build/robot_nodes/robot_nodes.egg-info/SOURCES.txt'
[6.112s] running build
[6.112s] running build_py
[6.115s] running install
[6.120s] running install_lib
[6.129s] running install_data
[6.133s] running install_egg_info
[6.148s] removing '/home/claudio/progetto_ros2/install/robot_nodes/lib/python3.10/site-packages/robot_nodes-0.0.0-py3.10.egg-info' (and everything under it)
[6.152s] Copying ../../build/robot_nodes/robot_nodes.egg-info to /home/claudio/progetto_ros2/install/robot_nodes/lib/python3.10/site-packages/robot_nodes-0.0.0-py3.10.egg-info
[6.155s] running install_scripts
[6.241s] Installing macchina_a_stati script to /home/claudio/progetto_ros2/install/robot_nodes/lib/robot_nodes
[6.246s] Installing testa_e_aruco script to /home/claudio/progetto_ros2/install/robot_nodes/lib/robot_nodes
[6.249s] writing list of installed files to '/home/claudio/progetto_ros2/build/robot_nodes/install.log'
[6.428s] Invoked command in '/home/claudio/progetto_ros2/src/robot_nodes' returned '0': PYTHONPATH=/home/claudio/progetto_ros2/build/robot_nodes/prefix_override:/usr/lib/python3/dist-packages/colcon_core/task/python/colcon_distutils_commands:/home/claudio/progetto_ros2/install/robot_nodes/lib/python3.10/site-packages:${PYTHONPATH} /usr/bin/python3 -W ignore:setup.py install is deprecated -W ignore:easy_install command is deprecated setup.py egg_info --egg-base ../../build/robot_nodes build --build-base /home/claudio/progetto_ros2/build/robot_nodes/build install --record /home/claudio/progetto_ros2/build/robot_nodes/install.log --single-version-externally-managed install_data
