[0.053s] Invoking command in '/home/claudio/tiago_public_ws/build/pmb2_navigation': AMENT_PREFIX_PATH=/home/claudio/tiago_public_ws/install/pmb2_2dnav:/home/claudio/tiago_public_ws/install/pmb2_laser_sensors:/home/claudio/tiago_public_ws/install/launch_pal:${AMENT_PREFIX_PATH} CMAKE_PREFIX_PATH=/home/claudio/tiago_public_ws/install/pmb2_2dnav:/home/claudio/tiago_public_ws/install/pmb2_laser_sensors:/opt/ros/humble PYTHONPATH=/home/claudio/tiago_public_ws/build/launch_pal:/home/claudio/tiago_public_ws/install/launch_pal/lib/python3.10/site-packages:${PYTHONPATH} /usr/bin/cmake /home/claudio/tiago_public_ws/src/pmb2_navigation/pmb2_navigation -DAMENT_CMAKE_SYMLINK_INSTALL=1 -DCMAKE_INSTALL_PREFIX=/home/claudio/tiago_public_ws/install/pmb2_navigation
[0.308s] -- The C compiler identification is GNU 11.4.0
[0.534s] -- The CXX compiler identification is GNU 11.4.0
[0.587s] -- Detecting C compiler ABI info
[0.963s] -- Detecting C compiler ABI info - done
[1.029s] -- Check for working C compiler: /usr/bin/cc - skipped
[1.029s] -- Detecting C compile features
[1.029s] -- Detecting C compile features - done
[1.062s] -- Detecting CXX compiler ABI info
[1.398s] -- Detecting CXX compiler ABI info - done
[1.438s] -- Check for working CXX compiler: /usr/bin/c++ - skipped
[1.438s] -- Detecting CXX compile features
[1.440s] -- Detecting CXX compile features - done
[1.445s] -- Found ament_cmake_auto: 1.3.11 (/opt/ros/humble/share/ament_cmake_auto/cmake)
[1.861s] -- Found Python3: /usr/bin/python3 (found version "3.10.12") found components: Interpreter 
[2.047s] -- Override CMake install command with custom implementation using symlinks instead of copying resources
[2.410s] -- Configuring done
[2.416s] -- Generating done
[2.421s] -- Build files have been written to: /home/claudio/tiago_public_ws/build/pmb2_navigation
[2.431s] Invoked command in '/home/claudio/tiago_public_ws/build/pmb2_navigation' returned '0': AMENT_PREFIX_PATH=/home/claudio/tiago_public_ws/install/pmb2_2dnav:/home/claudio/tiago_public_ws/install/pmb2_laser_sensors:/home/claudio/tiago_public_ws/install/launch_pal:${AMENT_PREFIX_PATH} CMAKE_PREFIX_PATH=/home/claudio/tiago_public_ws/install/pmb2_2dnav:/home/claudio/tiago_public_ws/install/pmb2_laser_sensors:/opt/ros/humble PYTHONPATH=/home/claudio/tiago_public_ws/build/launch_pal:/home/claudio/tiago_public_ws/install/launch_pal/lib/python3.10/site-packages:${PYTHONPATH} /usr/bin/cmake /home/claudio/tiago_public_ws/src/pmb2_navigation/pmb2_navigation -DAMENT_CMAKE_SYMLINK_INSTALL=1 -DCMAKE_INSTALL_PREFIX=/home/claudio/tiago_public_ws/install/pmb2_navigation
[2.435s] Invoking command in '/home/claudio/tiago_public_ws/build/pmb2_navigation': AMENT_PREFIX_PATH=/home/claudio/tiago_public_ws/install/pmb2_2dnav:/home/claudio/tiago_public_ws/install/pmb2_laser_sensors:/home/claudio/tiago_public_ws/install/launch_pal:${AMENT_PREFIX_PATH} CMAKE_PREFIX_PATH=/home/claudio/tiago_public_ws/install/pmb2_2dnav:/home/claudio/tiago_public_ws/install/pmb2_laser_sensors:/opt/ros/humble PYTHONPATH=/home/claudio/tiago_public_ws/build/launch_pal:/home/claudio/tiago_public_ws/install/launch_pal/lib/python3.10/site-packages:${PYTHONPATH} /usr/bin/cmake --build /home/claudio/tiago_public_ws/build/pmb2_navigation -- -j4 -l4
[2.535s] Invoked command in '/home/claudio/tiago_public_ws/build/pmb2_navigation' returned '0': AMENT_PREFIX_PATH=/home/claudio/tiago_public_ws/install/pmb2_2dnav:/home/claudio/tiago_public_ws/install/pmb2_laser_sensors:/home/claudio/tiago_public_ws/install/launch_pal:${AMENT_PREFIX_PATH} CMAKE_PREFIX_PATH=/home/claudio/tiago_public_ws/install/pmb2_2dnav:/home/claudio/tiago_public_ws/install/pmb2_laser_sensors:/opt/ros/humble PYTHONPATH=/home/claudio/tiago_public_ws/build/launch_pal:/home/claudio/tiago_public_ws/install/launch_pal/lib/python3.10/site-packages:${PYTHONPATH} /usr/bin/cmake --build /home/claudio/tiago_public_ws/build/pmb2_navigation -- -j4 -l4
[2.537s] Invoking command in '/home/claudio/tiago_public_ws/build/pmb2_navigation': AMENT_PREFIX_PATH=/home/claudio/tiago_public_ws/install/pmb2_2dnav:/home/claudio/tiago_public_ws/install/pmb2_laser_sensors:/home/claudio/tiago_public_ws/install/launch_pal:${AMENT_PREFIX_PATH} CMAKE_PREFIX_PATH=/home/claudio/tiago_public_ws/install/pmb2_2dnav:/home/claudio/tiago_public_ws/install/pmb2_laser_sensors:/opt/ros/humble PYTHONPATH=/home/claudio/tiago_public_ws/build/launch_pal:/home/claudio/tiago_public_ws/install/launch_pal/lib/python3.10/site-packages:${PYTHONPATH} /usr/bin/cmake --install /home/claudio/tiago_public_ws/build/pmb2_navigation
[2.557s] -- Install configuration: ""
[2.557s] -- Execute custom install script
[2.558s] -- Symlinking: /home/claudio/tiago_public_ws/install/pmb2_navigation/share/ament_index/resource_index/package_run_dependencies/pmb2_navigation
[2.577s] -- Symlinking: /home/claudio/tiago_public_ws/install/pmb2_navigation/share/ament_index/resource_index/parent_prefix_path/pmb2_navigation
[2.595s] -- Symlinking: /home/claudio/tiago_public_ws/install/pmb2_navigation/share/pmb2_navigation/environment/ament_prefix_path.sh
[2.618s] -- Symlinking: /home/claudio/tiago_public_ws/install/pmb2_navigation/share/pmb2_navigation/environment/ament_prefix_path.dsv
[2.645s] -- Symlinking: /home/claudio/tiago_public_ws/install/pmb2_navigation/share/pmb2_navigation/environment/path.sh
[2.686s] -- Symlinking: /home/claudio/tiago_public_ws/install/pmb2_navigation/share/pmb2_navigation/environment/path.dsv
[2.721s] -- Symlinking: /home/claudio/tiago_public_ws/install/pmb2_navigation/share/pmb2_navigation/local_setup.bash
[2.755s] -- Symlinking: /home/claudio/tiago_public_ws/install/pmb2_navigation/share/pmb2_navigation/local_setup.sh
[2.816s] -- Symlinking: /home/claudio/tiago_public_ws/install/pmb2_navigation/share/pmb2_navigation/local_setup.zsh
[2.872s] -- Symlinking: /home/claudio/tiago_public_ws/install/pmb2_navigation/share/pmb2_navigation/local_setup.dsv
[2.894s] -- Symlinking: /home/claudio/tiago_public_ws/install/pmb2_navigation/share/pmb2_navigation/package.dsv
[2.933s] -- Symlinking: /home/claudio/tiago_public_ws/install/pmb2_navigation/share/ament_index/resource_index/packages/pmb2_navigation
[2.979s] -- Symlinking: /home/claudio/tiago_public_ws/install/pmb2_navigation/share/pmb2_navigation/cmake/pmb2_navigationConfig.cmake
[3.013s] -- Symlinking: /home/claudio/tiago_public_ws/install/pmb2_navigation/share/pmb2_navigation/cmake/pmb2_navigationConfig-version.cmake
[3.047s] -- Symlinking: /home/claudio/tiago_public_ws/install/pmb2_navigation/share/pmb2_navigation/package.xml
[3.082s] Invoked command in '/home/claudio/tiago_public_ws/build/pmb2_navigation' returned '0': AMENT_PREFIX_PATH=/home/claudio/tiago_public_ws/install/pmb2_2dnav:/home/claudio/tiago_public_ws/install/pmb2_laser_sensors:/home/claudio/tiago_public_ws/install/launch_pal:${AMENT_PREFIX_PATH} CMAKE_PREFIX_PATH=/home/claudio/tiago_public_ws/install/pmb2_2dnav:/home/claudio/tiago_public_ws/install/pmb2_laser_sensors:/opt/ros/humble PYTHONPATH=/home/claudio/tiago_public_ws/build/launch_pal:/home/claudio/tiago_public_ws/install/launch_pal/lib/python3.10/site-packages:${PYTHONPATH} /usr/bin/cmake --install /home/claudio/tiago_public_ws/build/pmb2_navigation
