[0.379s] Invoking command in '/home/claudio/tiago_public_ws/build/pal_gripper_controller_configuration': CMAKE_PREFIX_PATH=/opt/ros/humble /usr/bin/cmake /home/claudio/tiago_public_ws/src/pal_gripper/pal_gripper_controller_configuration -DAMENT_CMAKE_SYMLINK_INSTALL=1 -DCMAKE_INSTALL_PREFIX=/home/claudio/tiago_public_ws/install/pal_gripper_controller_configuration
[0.605s] -- The C compiler identification is GNU 11.4.0
[0.797s] -- The CXX compiler identification is GNU 11.4.0
[0.815s] -- Detecting C compiler ABI info
[0.972s] -- Detecting C compiler ABI info - done
[0.996s] -- Check for working C compiler: /usr/bin/cc - skipped
[0.997s] -- Detecting C compile features
[0.998s] -- Detecting C compile features - done
[1.005s] -- Detecting CXX compiler ABI info
[1.190s] -- Detecting CXX compiler ABI info - done
[1.216s] -- Check for working CXX compiler: /usr/bin/c++ - skipped
[1.217s] -- Detecting CXX compile features
[1.218s] -- Detecting CXX compile features - done
[1.226s] -- Found ament_cmake_auto: 1.3.11 (/opt/ros/humble/share/ament_cmake_auto/cmake)
[1.617s] -- Found Python3: /usr/bin/python3 (found version "3.10.12") found components: Interpreter 
[1.762s] -- Override CMake install command with custom implementation using symlinks instead of copying resources
[1.824s] -- Found ament_lint_auto: 0.12.11 (/opt/ros/humble/share/ament_lint_auto/cmake)
[2.046s] -- Added test 'copyright' to check source files copyright and LICENSE
[2.051s] -- Added test 'flake8' to check Python code syntax and style conventions
[2.054s] -- Added test 'lint_cmake' to check CMake code style
[2.055s] -- Added test 'pep257' to check Python code against some of the docstring style conventions in PEP 257
[2.061s] -- Added test 'xmllint' to check XML markup files
[2.066s] -- Configuring done
[2.070s] -- Generating done
[2.075s] -- Build files have been written to: /home/claudio/tiago_public_ws/build/pal_gripper_controller_configuration
[2.086s] Invoked command in '/home/claudio/tiago_public_ws/build/pal_gripper_controller_configuration' returned '0': CMAKE_PREFIX_PATH=/opt/ros/humble /usr/bin/cmake /home/claudio/tiago_public_ws/src/pal_gripper/pal_gripper_controller_configuration -DAMENT_CMAKE_SYMLINK_INSTALL=1 -DCMAKE_INSTALL_PREFIX=/home/claudio/tiago_public_ws/install/pal_gripper_controller_configuration
[2.086s] Invoking command in '/home/claudio/tiago_public_ws/build/pal_gripper_controller_configuration': CMAKE_PREFIX_PATH=/opt/ros/humble /usr/bin/cmake --build /home/claudio/tiago_public_ws/build/pal_gripper_controller_configuration -- -j4 -l4
[2.172s] Invoked command in '/home/claudio/tiago_public_ws/build/pal_gripper_controller_configuration' returned '0': CMAKE_PREFIX_PATH=/opt/ros/humble /usr/bin/cmake --build /home/claudio/tiago_public_ws/build/pal_gripper_controller_configuration -- -j4 -l4
[2.193s] Invoking command in '/home/claudio/tiago_public_ws/build/pal_gripper_controller_configuration': CMAKE_PREFIX_PATH=/opt/ros/humble /usr/bin/cmake --install /home/claudio/tiago_public_ws/build/pal_gripper_controller_configuration
[2.214s] -- Install configuration: ""
[2.215s] -- Execute custom install script
[2.216s] -- Symlinking: /home/claudio/tiago_public_ws/install/pal_gripper_controller_configuration/share/pal_gripper_controller_configuration/config/current_limit_controllers.yaml
[2.237s] -- Symlinking: /home/claudio/tiago_public_ws/install/pal_gripper_controller_configuration/share/pal_gripper_controller_configuration/config/current_limit_controllers_left.yaml
[2.254s] -- Symlinking: /home/claudio/tiago_public_ws/install/pal_gripper_controller_configuration/share/pal_gripper_controller_configuration/config/current_limit_controllers_right.yaml
[2.275s] -- Symlinking: /home/claudio/tiago_public_ws/install/pal_gripper_controller_configuration/share/pal_gripper_controller_configuration/config/gazebo_controller_manager_cfg.yaml
[2.289s] -- Symlinking: /home/claudio/tiago_public_ws/install/pal_gripper_controller_configuration/share/pal_gripper_controller_configuration/config/gripper_controller.yaml
[2.308s] -- Symlinking: /home/claudio/tiago_public_ws/install/pal_gripper_controller_configuration/share/pal_gripper_controller_configuration/config/joint_state_broadcaster.yaml
[2.328s] -- Symlinking: /home/claudio/tiago_public_ws/install/pal_gripper_controller_configuration/share/pal_gripper_controller_configuration/config/joint_trajectory_controllers.yaml
[2.345s] -- Symlinking: /home/claudio/tiago_public_ws/install/pal_gripper_controller_configuration/share/pal_gripper_controller_configuration/config/pids.yaml
[2.366s] -- Symlinking: /home/claudio/tiago_public_ws/install/pal_gripper_controller_configuration/share/pal_gripper_controller_configuration/launch/current_limit_controllers.launch
[2.383s] -- Symlinking: /home/claudio/tiago_public_ws/install/pal_gripper_controller_configuration/share/pal_gripper_controller_configuration/launch/gripper_controller.launch
[2.400s] -- Symlinking: /home/claudio/tiago_public_ws/install/pal_gripper_controller_configuration/share/pal_gripper_controller_configuration/launch/joint_state_broadcaster.launch.py
[2.420s] -- Symlinking: /home/claudio/tiago_public_ws/install/pal_gripper_controller_configuration/share/pal_gripper_controller_configuration/launch/pal_gripper_controller.launch.py
[2.439s] -- Symlinking: /home/claudio/tiago_public_ws/install/pal_gripper_controller_configuration/share/ament_index/resource_index/package_run_dependencies/pal_gripper_controller_configuration
[2.457s] -- Symlinking: /home/claudio/tiago_public_ws/install/pal_gripper_controller_configuration/share/ament_index/resource_index/parent_prefix_path/pal_gripper_controller_configuration
[2.475s] -- Symlinking: /home/claudio/tiago_public_ws/install/pal_gripper_controller_configuration/share/pal_gripper_controller_configuration/environment/ament_prefix_path.sh
[2.494s] -- Symlinking: /home/claudio/tiago_public_ws/install/pal_gripper_controller_configuration/share/pal_gripper_controller_configuration/environment/ament_prefix_path.dsv
[2.511s] -- Symlinking: /home/claudio/tiago_public_ws/install/pal_gripper_controller_configuration/share/pal_gripper_controller_configuration/environment/path.sh
[2.533s] -- Symlinking: /home/claudio/tiago_public_ws/install/pal_gripper_controller_configuration/share/pal_gripper_controller_configuration/environment/path.dsv
[2.548s] -- Symlinking: /home/claudio/tiago_public_ws/install/pal_gripper_controller_configuration/share/pal_gripper_controller_configuration/local_setup.bash
[2.567s] -- Symlinking: /home/claudio/tiago_public_ws/install/pal_gripper_controller_configuration/share/pal_gripper_controller_configuration/local_setup.sh
[2.585s] -- Symlinking: /home/claudio/tiago_public_ws/install/pal_gripper_controller_configuration/share/pal_gripper_controller_configuration/local_setup.zsh
[2.607s] -- Symlinking: /home/claudio/tiago_public_ws/install/pal_gripper_controller_configuration/share/pal_gripper_controller_configuration/local_setup.dsv
[2.630s] -- Symlinking: /home/claudio/tiago_public_ws/install/pal_gripper_controller_configuration/share/pal_gripper_controller_configuration/package.dsv
[2.649s] -- Symlinking: /home/claudio/tiago_public_ws/install/pal_gripper_controller_configuration/share/ament_index/resource_index/packages/pal_gripper_controller_configuration
[2.670s] -- Symlinking: /home/claudio/tiago_public_ws/install/pal_gripper_controller_configuration/share/pal_gripper_controller_configuration/cmake/pal_gripper_controller_configurationConfig.cmake
[2.690s] -- Symlinking: /home/claudio/tiago_public_ws/install/pal_gripper_controller_configuration/share/pal_gripper_controller_configuration/cmake/pal_gripper_controller_configurationConfig-version.cmake
[2.708s] -- Symlinking: /home/claudio/tiago_public_ws/install/pal_gripper_controller_configuration/share/pal_gripper_controller_configuration/package.xml
[2.730s] Invoked command in '/home/claudio/tiago_public_ws/build/pal_gripper_controller_configuration' returned '0': CMAKE_PREFIX_PATH=/opt/ros/humble /usr/bin/cmake --install /home/claudio/tiago_public_ws/build/pal_gripper_controller_configuration
