[0.040s] Invoking command in '/home/claudio/tiago_public_ws/build/pmb2_laser_sensors': CMAKE_PREFIX_PATH=${CMAKE_PREFIX_PATH}:/home/claudio/tiago_public_ws/install/launch_pal:/opt/ros/humble /usr/bin/cmake --build /home/claudio/tiago_public_ws/build/pmb2_laser_sensors -- -j8 -l8
[0.088s] Invoked command in '/home/claudio/tiago_public_ws/build/pmb2_laser_sensors' returned '0': CMAKE_PREFIX_PATH=${CMAKE_PREFIX_PATH}:/home/claudio/tiago_public_ws/install/launch_pal:/opt/ros/humble /usr/bin/cmake --build /home/claudio/tiago_public_ws/build/pmb2_laser_sensors -- -j8 -l8
[0.089s] Invoking command in '/home/claudio/tiago_public_ws/build/pmb2_laser_sensors': CMAKE_PREFIX_PATH=${CMAKE_PREFIX_PATH}:/home/claudio/tiago_public_ws/install/launch_pal:/opt/ros/humble /usr/bin/cmake --install /home/claudio/tiago_public_ws/build/pmb2_laser_sensors
[0.099s] -- Install configuration: ""
[0.099s] -- Execute custom install script
[0.101s] -- Up-to-date symlink: /home/claudio/tiago_public_ws/install/pmb2_laser_sensors/share/pmb2_laser_sensors/launch/laser_hokuyo.launch.py
[0.102s] -- Up-to-date symlink: /home/claudio/tiago_public_ws/install/pmb2_laser_sensors/share/pmb2_laser_sensors/launch/laser_sick-561.launch.py
[0.104s] -- Up-to-date symlink: /home/claudio/tiago_public_ws/install/pmb2_laser_sensors/share/pmb2_laser_sensors/launch/laser_sick-571.launch.py
[0.104s] -- Up-to-date symlink: /home/claudio/tiago_public_ws/install/pmb2_laser_sensors/share/pmb2_laser_sensors/launch/laser_sim.launch.py
[0.104s] -- Up-to-date symlink: /home/claudio/tiago_public_ws/install/pmb2_laser_sensors/share/ament_index/resource_index/package_run_dependencies/pmb2_laser_sensors
[0.106s] -- Up-to-date symlink: /home/claudio/tiago_public_ws/install/pmb2_laser_sensors/share/ament_index/resource_index/parent_prefix_path/pmb2_laser_sensors
[0.106s] -- Up-to-date symlink: /home/claudio/tiago_public_ws/install/pmb2_laser_sensors/share/pmb2_laser_sensors/environment/ament_prefix_path.sh
[0.107s] -- Up-to-date symlink: /home/claudio/tiago_public_ws/install/pmb2_laser_sensors/share/pmb2_laser_sensors/environment/ament_prefix_path.dsv
[0.107s] -- Up-to-date symlink: /home/claudio/tiago_public_ws/install/pmb2_laser_sensors/share/pmb2_laser_sensors/environment/path.sh
[0.107s] -- Up-to-date symlink: /home/claudio/tiago_public_ws/install/pmb2_laser_sensors/share/pmb2_laser_sensors/environment/path.dsv
[0.107s] -- Up-to-date symlink: /home/claudio/tiago_public_ws/install/pmb2_laser_sensors/share/pmb2_laser_sensors/local_setup.bash
[0.107s] -- Up-to-date symlink: /home/claudio/tiago_public_ws/install/pmb2_laser_sensors/share/pmb2_laser_sensors/local_setup.sh
[0.107s] -- Up-to-date symlink: /home/claudio/tiago_public_ws/install/pmb2_laser_sensors/share/pmb2_laser_sensors/local_setup.zsh
[0.107s] -- Up-to-date symlink: /home/claudio/tiago_public_ws/install/pmb2_laser_sensors/share/pmb2_laser_sensors/local_setup.dsv
[0.107s] -- Symlinking: /home/claudio/tiago_public_ws/install/pmb2_laser_sensors/share/pmb2_laser_sensors/package.dsv
[0.113s] -- Up-to-date symlink: /home/claudio/tiago_public_ws/install/pmb2_laser_sensors/share/ament_index/resource_index/packages/pmb2_laser_sensors
[0.113s] -- Up-to-date symlink: /home/claudio/tiago_public_ws/install/pmb2_laser_sensors/share/pmb2_laser_sensors/cmake/pmb2_laser_sensorsConfig.cmake
[0.113s] -- Up-to-date symlink: /home/claudio/tiago_public_ws/install/pmb2_laser_sensors/share/pmb2_laser_sensors/cmake/pmb2_laser_sensorsConfig-version.cmake
[0.113s] -- Up-to-date symlink: /home/claudio/tiago_public_ws/install/pmb2_laser_sensors/share/pmb2_laser_sensors/package.xml
[0.185s] Invoked command in '/home/claudio/tiago_public_ws/build/pmb2_laser_sensors' returned '0': CMAKE_PREFIX_PATH=${CMAKE_PREFIX_PATH}:/home/claudio/tiago_public_ws/install/launch_pal:/opt/ros/humble /usr/bin/cmake --install /home/claudio/tiago_public_ws/build/pmb2_laser_sensors
