running egg_info
writing ../../build/robot_nodes/robot_nodes.egg-info/PKG-INFO
writing dependency_links to ../../build/robot_nodes/robot_nodes.egg-info/dependency_links.txt
writing entry points to ../../build/robot_nodes/robot_nodes.egg-info/entry_points.txt
writing requirements to ../../build/robot_nodes/robot_nodes.egg-info/requires.txt
writing top-level names to ../../build/robot_nodes/robot_nodes.egg-info/top_level.txt
reading manifest file '../../build/robot_nodes/robot_nodes.egg-info/SOURCES.txt'
writing manifest file '../../build/robot_nodes/robot_nodes.egg-info/SOURCES.txt'
running build
running build_py
copying robot_nodes/state_machine.py -> /home/claudio/Desktop/progetto_ros2/build/robot_nodes/build/lib/robot_nodes
copying robot_nodes/ik.py -> /home/claudio/Desktop/progetto_ros2/build/robot_nodes/build/lib/robot_nodes
copying robot_nodes/system_monitor.py -> /home/claudio/Desktop/progetto_ros2/build/robot_nodes/build/lib/robot_nodes
copying robot_nodes/__init__.py -> /home/claudio/Desktop/progetto_ros2/build/robot_nodes/build/lib/robot_nodes
copying robot_nodes/head_movement_action_node.py -> /home/claudio/Desktop/progetto_ros2/build/robot_nodes/build/lib/robot_nodes
copying robot_nodes/aruco_detector_node.py -> /home/claudio/Desktop/progetto_ros2/build/robot_nodes/build/lib/robot_nodes
running install
running install_lib
copying /home/claudio/Desktop/progetto_ros2/build/robot_nodes/build/lib/robot_nodes/state_machine.py -> /home/claudio/Desktop/progetto_ros2/install/robot_nodes/lib/python3.10/site-packages/robot_nodes
copying /home/claudio/Desktop/progetto_ros2/build/robot_nodes/build/lib/robot_nodes/ik.py -> /home/claudio/Desktop/progetto_ros2/install/robot_nodes/lib/python3.10/site-packages/robot_nodes
copying /home/claudio/Desktop/progetto_ros2/build/robot_nodes/build/lib/robot_nodes/system_monitor.py -> /home/claudio/Desktop/progetto_ros2/install/robot_nodes/lib/python3.10/site-packages/robot_nodes
copying /home/claudio/Desktop/progetto_ros2/build/robot_nodes/build/lib/robot_nodes/__init__.py -> /home/claudio/Desktop/progetto_ros2/install/robot_nodes/lib/python3.10/site-packages/robot_nodes
copying /home/claudio/Desktop/progetto_ros2/build/robot_nodes/build/lib/robot_nodes/head_movement_action_node.py -> /home/claudio/Desktop/progetto_ros2/install/robot_nodes/lib/python3.10/site-packages/robot_nodes
copying /home/claudio/Desktop/progetto_ros2/build/robot_nodes/build/lib/robot_nodes/aruco_detector_node.py -> /home/claudio/Desktop/progetto_ros2/install/robot_nodes/lib/python3.10/site-packages/robot_nodes
byte-compiling /home/claudio/Desktop/progetto_ros2/install/robot_nodes/lib/python3.10/site-packages/robot_nodes/state_machine.py to state_machine.cpython-310.pyc
byte-compiling /home/claudio/Desktop/progetto_ros2/install/robot_nodes/lib/python3.10/site-packages/robot_nodes/ik.py to ik.cpython-310.pyc
byte-compiling /home/claudio/Desktop/progetto_ros2/install/robot_nodes/lib/python3.10/site-packages/robot_nodes/system_monitor.py to system_monitor.cpython-310.pyc
byte-compiling /home/claudio/Desktop/progetto_ros2/install/robot_nodes/lib/python3.10/site-packages/robot_nodes/__init__.py to __init__.cpython-310.pyc
byte-compiling /home/claudio/Desktop/progetto_ros2/install/robot_nodes/lib/python3.10/site-packages/robot_nodes/head_movement_action_node.py to head_movement_action_node.cpython-310.pyc
byte-compiling /home/claudio/Desktop/progetto_ros2/install/robot_nodes/lib/python3.10/site-packages/robot_nodes/aruco_detector_node.py to aruco_detector_node.cpython-310.pyc
running install_data
copying resource/robot_nodes -> /home/claudio/Desktop/progetto_ros2/install/robot_nodes/share/ament_index/resource_index/packages
copying package.xml -> /home/claudio/Desktop/progetto_ros2/install/robot_nodes/share/robot_nodes
running install_egg_info
removing '/home/claudio/Desktop/progetto_ros2/install/robot_nodes/lib/python3.10/site-packages/robot_nodes-0.0.0-py3.10.egg-info' (and everything under it)
Copying ../../build/robot_nodes/robot_nodes.egg-info to /home/claudio/Desktop/progetto_ros2/install/robot_nodes/lib/python3.10/site-packages/robot_nodes-0.0.0-py3.10.egg-info
running install_scripts
Installing aruco_detector_node script to /home/claudio/Desktop/progetto_ros2/install/robot_nodes/lib/robot_nodes
Installing head_movement_action_node script to /home/claudio/Desktop/progetto_ros2/install/robot_nodes/lib/robot_nodes
Installing ik script to /home/claudio/Desktop/progetto_ros2/install/robot_nodes/lib/robot_nodes
Installing state_machine script to /home/claudio/Desktop/progetto_ros2/install/robot_nodes/lib/robot_nodes
Installing system_monitor script to /home/claudio/Desktop/progetto_ros2/install/robot_nodes/lib/robot_nodes
writing list of installed files to '/home/claudio/Desktop/progetto_ros2/build/robot_nodes/install.log'
