-- Found ament_cmake: 1.3.11 (/opt/ros/humble/share/ament_cmake/cmake)
-- Found rclpy: 3.3.15 (/opt/ros/humble/share/rclpy/cmake)
-- Configuring done
-- Generating done
-- Build files have been written to: /home/claudio/tiago_public_ws/build/progetto_tiago
-- Install configuration: ""
-- Up-to-date: /home/claudio/tiago_public_ws/install/progetto_tiago/share/ament_index/resource_index/package_run_dependencies/progetto_tiago
-- Up-to-date: /home/claudio/tiago_public_ws/install/progetto_tiago/share/ament_index/resource_index/parent_prefix_path/progetto_tiago
-- Up-to-date: /home/claudio/tiago_public_ws/install/progetto_tiago/share/progetto_tiago/environment/ament_prefix_path.sh
-- Installing: /home/claudio/tiago_public_ws/install/progetto_tiago/share/progetto_tiago/environment/ament_prefix_path.dsv
-- Up-to-date: /home/claudio/tiago_public_ws/install/progetto_tiago/share/progetto_tiago/environment/path.sh
-- Installing: /home/claudio/tiago_public_ws/install/progetto_tiago/share/progetto_tiago/environment/path.dsv
-- Up-to-date: /home/claudio/tiago_public_ws/install/progetto_tiago/share/progetto_tiago/local_setup.bash
-- Up-to-date: /home/claudio/tiago_public_ws/install/progetto_tiago/share/progetto_tiago/local_setup.sh
-- Up-to-date: /home/claudio/tiago_public_ws/install/progetto_tiago/share/progetto_tiago/local_setup.zsh
-- Installing: /home/claudio/tiago_public_ws/install/progetto_tiago/share/progetto_tiago/local_setup.dsv
-- Installing: /home/claudio/tiago_public_ws/install/progetto_tiago/share/progetto_tiago/package.dsv
-- Up-to-date: /home/claudio/tiago_public_ws/install/progetto_tiago/share/ament_index/resource_index/packages/progetto_tiago
-- Up-to-date: /home/claudio/tiago_public_ws/install/progetto_tiago/share/progetto_tiago/cmake/progetto_tiagoConfig.cmake
-- Up-to-date: /home/claudio/tiago_public_ws/install/progetto_tiago/share/progetto_tiago/cmake/progetto_tiagoConfig-version.cmake
-- Up-to-date: /home/claudio/tiago_public_ws/install/progetto_tiago/share/progetto_tiago/package.xml
