[0.100s] Invoking command in '/home/claudio/tiago_public_ws/build/progetto_tiago': /usr/bin/cmake --build /home/claudio/tiago_public_ws/build/progetto_tiago -- -j8 -l8
[0.134s] -- Found ament_cmake: 1.3.11 (/opt/ros/humble/share/ament_cmake/cmake)
[0.335s] -- Found rclpy: 3.3.15 (/opt/ros/humble/share/rclpy/cmake)
[0.426s] -- Configuring done
[0.428s] -- Generating done
[0.433s] -- Build files have been written to: /home/claudio/tiago_public_ws/build/progetto_tiago
[0.471s] Invoked command in '/home/claudio/tiago_public_ws/build/progetto_tiago' returned '0': /usr/bin/cmake --build /home/claudio/tiago_public_ws/build/progetto_tiago -- -j8 -l8
[0.475s] Invoking command in '/home/claudio/tiago_public_ws/build/progetto_tiago': /usr/bin/cmake --install /home/claudio/tiago_public_ws/build/progetto_tiago
[0.487s] -- Install configuration: ""
[0.487s] -- Up-to-date: /home/claudio/tiago_public_ws/install/progetto_tiago/share/ament_index/resource_index/package_run_dependencies/progetto_tiago
[0.487s] -- Up-to-date: /home/claudio/tiago_public_ws/install/progetto_tiago/share/ament_index/resource_index/parent_prefix_path/progetto_tiago
[0.487s] -- Up-to-date: /home/claudio/tiago_public_ws/install/progetto_tiago/share/progetto_tiago/environment/ament_prefix_path.sh
[0.487s] -- Installing: /home/claudio/tiago_public_ws/install/progetto_tiago/share/progetto_tiago/environment/ament_prefix_path.dsv
[0.488s] -- Up-to-date: /home/claudio/tiago_public_ws/install/progetto_tiago/share/progetto_tiago/environment/path.sh
[0.489s] -- Installing: /home/claudio/tiago_public_ws/install/progetto_tiago/share/progetto_tiago/environment/path.dsv
[0.490s] -- Up-to-date: /home/claudio/tiago_public_ws/install/progetto_tiago/share/progetto_tiago/local_setup.bash
[0.490s] -- Up-to-date: /home/claudio/tiago_public_ws/install/progetto_tiago/share/progetto_tiago/local_setup.sh
[0.490s] -- Up-to-date: /home/claudio/tiago_public_ws/install/progetto_tiago/share/progetto_tiago/local_setup.zsh
[0.490s] -- Installing: /home/claudio/tiago_public_ws/install/progetto_tiago/share/progetto_tiago/local_setup.dsv
[0.491s] -- Installing: /home/claudio/tiago_public_ws/install/progetto_tiago/share/progetto_tiago/package.dsv
[0.491s] -- Up-to-date: /home/claudio/tiago_public_ws/install/progetto_tiago/share/ament_index/resource_index/packages/progetto_tiago
[0.492s] -- Up-to-date: /home/claudio/tiago_public_ws/install/progetto_tiago/share/progetto_tiago/cmake/progetto_tiagoConfig.cmake
[0.492s] -- Up-to-date: /home/claudio/tiago_public_ws/install/progetto_tiago/share/progetto_tiago/cmake/progetto_tiagoConfig-version.cmake
[0.492s] -- Up-to-date: /home/claudio/tiago_public_ws/install/progetto_tiago/share/progetto_tiago/package.xml
[0.493s] Invoked command in '/home/claudio/tiago_public_ws/build/progetto_tiago' returned '0': /usr/bin/cmake --install /home/claudio/tiago_public_ws/build/progetto_tiago
