[0.053s] Invoking command in '/home/claudio/tiago_public_ws/build/pal_hey5_controller_configuration': CMAKE_PREFIX_PATH=/opt/ros/humble /usr/bin/cmake /home/claudio/tiago_public_ws/src/pal_hey5/pal_hey5_controller_configuration -DCMAKE_INSTALL_PREFIX=/home/claudio/tiago_public_ws/install/pal_hey5_controller_configuration
[0.083s] -- Found ament_cmake_auto: 1.3.11 (/opt/ros/humble/share/ament_cmake_auto/cmake)
[0.368s] -- Override CMake install command with custom implementation using symlinks instead of copying resources
[0.388s] -- Found ament_lint_auto: 0.12.11 (/opt/ros/humble/share/ament_lint_auto/cmake)
[0.567s] -- Added test 'copyright' to check source files copyright and LICENSE
[0.574s] -- Added test 'flake8' to check Python code syntax and style conventions
[0.574s] -- Added test 'lint_cmake' to check CMake code style
[0.574s] -- Added test 'pep257' to check Python code against some of the docstring style conventions in PEP 257
[0.577s] -- Added test 'xmllint' to check XML markup files
[0.581s] -- Configuring done
[0.593s] -- Generating done
[0.597s] -- Build files have been written to: /home/claudio/tiago_public_ws/build/pal_hey5_controller_configuration
[0.608s] Invoked command in '/home/claudio/tiago_public_ws/build/pal_hey5_controller_configuration' returned '0': CMAKE_PREFIX_PATH=/opt/ros/humble /usr/bin/cmake /home/claudio/tiago_public_ws/src/pal_hey5/pal_hey5_controller_configuration -DCMAKE_INSTALL_PREFIX=/home/claudio/tiago_public_ws/install/pal_hey5_controller_configuration
[0.610s] Invoking command in '/home/claudio/tiago_public_ws/build/pal_hey5_controller_configuration': CMAKE_PREFIX_PATH=/opt/ros/humble /usr/bin/cmake --build /home/claudio/tiago_public_ws/build/pal_hey5_controller_configuration -- -j4 -l4
[0.690s] Invoked command in '/home/claudio/tiago_public_ws/build/pal_hey5_controller_configuration' returned '0': CMAKE_PREFIX_PATH=/opt/ros/humble /usr/bin/cmake --build /home/claudio/tiago_public_ws/build/pal_hey5_controller_configuration -- -j4 -l4
[0.696s] Invoking command in '/home/claudio/tiago_public_ws/build/pal_hey5_controller_configuration': CMAKE_PREFIX_PATH=/opt/ros/humble /usr/bin/cmake --install /home/claudio/tiago_public_ws/build/pal_hey5_controller_configuration
[0.712s] -- Install configuration: ""
[0.713s] -- Execute custom install script
[0.715s] -- Up-to-date symlink: /home/claudio/tiago_public_ws/install/pal_hey5_controller_configuration/share/pal_hey5_controller_configuration/config/pal_hey5_controller.yaml
[0.716s] -- Up-to-date symlink: /home/claudio/tiago_public_ws/install/pal_hey5_controller_configuration/share/pal_hey5_controller_configuration/launch/pal_hey5_controller.launch.py
[0.718s] -- Up-to-date symlink: /home/claudio/tiago_public_ws/install/pal_hey5_controller_configuration/share/ament_index/resource_index/package_run_dependencies/pal_hey5_controller_configuration
[0.720s] -- Up-to-date symlink: /home/claudio/tiago_public_ws/install/pal_hey5_controller_configuration/share/ament_index/resource_index/parent_prefix_path/pal_hey5_controller_configuration
[0.721s] -- Up-to-date symlink: /home/claudio/tiago_public_ws/install/pal_hey5_controller_configuration/share/pal_hey5_controller_configuration/environment/ament_prefix_path.sh
[0.722s] -- Up-to-date symlink: /home/claudio/tiago_public_ws/install/pal_hey5_controller_configuration/share/pal_hey5_controller_configuration/environment/ament_prefix_path.dsv
[0.723s] -- Up-to-date symlink: /home/claudio/tiago_public_ws/install/pal_hey5_controller_configuration/share/pal_hey5_controller_configuration/environment/path.sh
[0.724s] -- Up-to-date symlink: /home/claudio/tiago_public_ws/install/pal_hey5_controller_configuration/share/pal_hey5_controller_configuration/environment/path.dsv
[0.725s] -- Up-to-date symlink: /home/claudio/tiago_public_ws/install/pal_hey5_controller_configuration/share/pal_hey5_controller_configuration/local_setup.bash
[0.725s] -- Up-to-date symlink: /home/claudio/tiago_public_ws/install/pal_hey5_controller_configuration/share/pal_hey5_controller_configuration/local_setup.sh
[0.725s] -- Up-to-date symlink: /home/claudio/tiago_public_ws/install/pal_hey5_controller_configuration/share/pal_hey5_controller_configuration/local_setup.zsh
[0.731s] -- Up-to-date symlink: /home/claudio/tiago_public_ws/install/pal_hey5_controller_configuration/share/pal_hey5_controller_configuration/local_setup.dsv
[0.731s] -- Symlinking: /home/claudio/tiago_public_ws/install/pal_hey5_controller_configuration/share/pal_hey5_controller_configuration/package.dsv
[0.745s] -- Up-to-date symlink: /home/claudio/tiago_public_ws/install/pal_hey5_controller_configuration/share/ament_index/resource_index/packages/pal_hey5_controller_configuration
[0.746s] -- Up-to-date symlink: /home/claudio/tiago_public_ws/install/pal_hey5_controller_configuration/share/pal_hey5_controller_configuration/cmake/pal_hey5_controller_configurationConfig.cmake
[0.746s] -- Up-to-date symlink: /home/claudio/tiago_public_ws/install/pal_hey5_controller_configuration/share/pal_hey5_controller_configuration/cmake/pal_hey5_controller_configurationConfig-version.cmake
[0.749s] -- Up-to-date symlink: /home/claudio/tiago_public_ws/install/pal_hey5_controller_configuration/share/pal_hey5_controller_configuration/package.xml
[0.752s] Invoked command in '/home/claudio/tiago_public_ws/build/pal_hey5_controller_configuration' returned '0': CMAKE_PREFIX_PATH=/opt/ros/humble /usr/bin/cmake --install /home/claudio/tiago_public_ws/build/pal_hey5_controller_configuration
