[0.037s] Invoking command in '/home/claudio/tiago_public_ws/build/tiago_controller_configuration': AMENT_PREFIX_PATH=/home/claudio/tiago_public_ws/install/pmb2_controller_configuration:/home/claudio/tiago_public_ws/install/pal_robotiq_controller_configuration:/home/claudio/tiago_public_ws/install/pal_hey5_controller_configuration:/home/claudio/tiago_public_ws/install/pal_gripper_controller_configuration:/home/claudio/tiago_public_ws/install/launch_pal:${AMENT_PREFIX_PATH} CMAKE_PREFIX_PATH=/home/claudio/tiago_public_ws/install/pmb2_controller_configuration:/home/claudio/tiago_public_ws/install/pal_robotiq_controller_configuration:/home/claudio/tiago_public_ws/install/pal_hey5_controller_configuration:/home/claudio/tiago_public_ws/install/pal_gripper_controller_configuration:/opt/ros/humble PYTHONPATH=/home/claudio/tiago_public_ws/install/launch_pal/lib/python3.10/site-packages:${PYTHONPATH} /usr/bin/cmake /home/claudio/tiago_public_ws/src/tiago_robot/tiago_controller_configuration -DCMAKE_INSTALL_PREFIX=/home/claudio/tiago_public_ws/install/tiago_controller_configuration
[0.062s] -- Found ament_cmake_auto: 1.3.11 (/opt/ros/humble/share/ament_cmake_auto/cmake)
[0.367s] -- Override CMake install command with custom implementation using symlinks instead of copying resources
[0.562s] -- Found ament_lint_auto: 0.12.11 (/opt/ros/humble/share/ament_lint_auto/cmake)
[0.589s] -- Added test 'copyright' to check source files copyright and LICENSE
[0.595s] -- Added test 'flake8' to check Python code syntax and style conventions
[0.596s] -- Added test 'lint_cmake' to check CMake code style
[0.597s] -- Added test 'pep257' to check Python code against some of the docstring style conventions in PEP 257
[0.601s] -- Added test 'xmllint' to check XML markup files
[0.604s] -- Configuring done
[0.617s] -- Generating done
[0.620s] -- Build files have been written to: /home/claudio/tiago_public_ws/build/tiago_controller_configuration
[0.627s] Invoked command in '/home/claudio/tiago_public_ws/build/tiago_controller_configuration' returned '0': AMENT_PREFIX_PATH=/home/claudio/tiago_public_ws/install/pmb2_controller_configuration:/home/claudio/tiago_public_ws/install/pal_robotiq_controller_configuration:/home/claudio/tiago_public_ws/install/pal_hey5_controller_configuration:/home/claudio/tiago_public_ws/install/pal_gripper_controller_configuration:/home/claudio/tiago_public_ws/install/launch_pal:${AMENT_PREFIX_PATH} CMAKE_PREFIX_PATH=/home/claudio/tiago_public_ws/install/pmb2_controller_configuration:/home/claudio/tiago_public_ws/install/pal_robotiq_controller_configuration:/home/claudio/tiago_public_ws/install/pal_hey5_controller_configuration:/home/claudio/tiago_public_ws/install/pal_gripper_controller_configuration:/opt/ros/humble PYTHONPATH=/home/claudio/tiago_public_ws/install/launch_pal/lib/python3.10/site-packages:${PYTHONPATH} /usr/bin/cmake /home/claudio/tiago_public_ws/src/tiago_robot/tiago_controller_configuration -DCMAKE_INSTALL_PREFIX=/home/claudio/tiago_public_ws/install/tiago_controller_configuration
[0.631s] Invoking command in '/home/claudio/tiago_public_ws/build/tiago_controller_configuration': AMENT_PREFIX_PATH=/home/claudio/tiago_public_ws/install/pmb2_controller_configuration:/home/claudio/tiago_public_ws/install/pal_robotiq_controller_configuration:/home/claudio/tiago_public_ws/install/pal_hey5_controller_configuration:/home/claudio/tiago_public_ws/install/pal_gripper_controller_configuration:/home/claudio/tiago_public_ws/install/launch_pal:${AMENT_PREFIX_PATH} CMAKE_PREFIX_PATH=/home/claudio/tiago_public_ws/install/pmb2_controller_configuration:/home/claudio/tiago_public_ws/install/pal_robotiq_controller_configuration:/home/claudio/tiago_public_ws/install/pal_hey5_controller_configuration:/home/claudio/tiago_public_ws/install/pal_gripper_controller_configuration:/opt/ros/humble PYTHONPATH=/home/claudio/tiago_public_ws/install/launch_pal/lib/python3.10/site-packages:${PYTHONPATH} /usr/bin/cmake --build /home/claudio/tiago_public_ws/build/tiago_controller_configuration -- -j4 -l4
[0.706s] Invoked command in '/home/claudio/tiago_public_ws/build/tiago_controller_configuration' returned '0': AMENT_PREFIX_PATH=/home/claudio/tiago_public_ws/install/pmb2_controller_configuration:/home/claudio/tiago_public_ws/install/pal_robotiq_controller_configuration:/home/claudio/tiago_public_ws/install/pal_hey5_controller_configuration:/home/claudio/tiago_public_ws/install/pal_gripper_controller_configuration:/home/claudio/tiago_public_ws/install/launch_pal:${AMENT_PREFIX_PATH} CMAKE_PREFIX_PATH=/home/claudio/tiago_public_ws/install/pmb2_controller_configuration:/home/claudio/tiago_public_ws/install/pal_robotiq_controller_configuration:/home/claudio/tiago_public_ws/install/pal_hey5_controller_configuration:/home/claudio/tiago_public_ws/install/pal_gripper_controller_configuration:/opt/ros/humble PYTHONPATH=/home/claudio/tiago_public_ws/install/launch_pal/lib/python3.10/site-packages:${PYTHONPATH} /usr/bin/cmake --build /home/claudio/tiago_public_ws/build/tiago_controller_configuration -- -j4 -l4
[0.708s] Invoking command in '/home/claudio/tiago_public_ws/build/tiago_controller_configuration': AMENT_PREFIX_PATH=/home/claudio/tiago_public_ws/install/pmb2_controller_configuration:/home/claudio/tiago_public_ws/install/pal_robotiq_controller_configuration:/home/claudio/tiago_public_ws/install/pal_hey5_controller_configuration:/home/claudio/tiago_public_ws/install/pal_gripper_controller_configuration:/home/claudio/tiago_public_ws/install/launch_pal:${AMENT_PREFIX_PATH} CMAKE_PREFIX_PATH=/home/claudio/tiago_public_ws/install/pmb2_controller_configuration:/home/claudio/tiago_public_ws/install/pal_robotiq_controller_configuration:/home/claudio/tiago_public_ws/install/pal_hey5_controller_configuration:/home/claudio/tiago_public_ws/install/pal_gripper_controller_configuration:/opt/ros/humble PYTHONPATH=/home/claudio/tiago_public_ws/install/launch_pal/lib/python3.10/site-packages:${PYTHONPATH} /usr/bin/cmake --install /home/claudio/tiago_public_ws/build/tiago_controller_configuration
[0.729s] -- Install configuration: ""
[0.729s] -- Execute custom install script
[0.734s] -- Up-to-date symlink: /home/claudio/tiago_public_ws/install/tiago_controller_configuration/share/tiago_controller_configuration/config/arm_controller.yaml
[0.735s] -- Up-to-date symlink: /home/claudio/tiago_public_ws/install/tiago_controller_configuration/share/tiago_controller_configuration/config/ft_sensor_controller.yaml
[0.736s] -- Up-to-date symlink: /home/claudio/tiago_public_ws/install/tiago_controller_configuration/share/tiago_controller_configuration/config/gravity_compensation_controller_ilm.yaml
[0.737s] -- Up-to-date symlink: /home/claudio/tiago_public_ws/install/tiago_controller_configuration/share/tiago_controller_configuration/config/gravity_compensation_controller_parker.yaml
[0.738s] -- Up-to-date symlink: /home/claudio/tiago_public_ws/install/tiago_controller_configuration/share/tiago_controller_configuration/config/head_controller.yaml
[0.739s] -- Up-to-date symlink: /home/claudio/tiago_public_ws/install/tiago_controller_configuration/share/tiago_controller_configuration/config/joint_state_broadcaster.yaml
[0.741s] -- Up-to-date symlink: /home/claudio/tiago_public_ws/install/tiago_controller_configuration/share/tiago_controller_configuration/config/torso_controller.yaml
[0.742s] -- Up-to-date symlink: /home/claudio/tiago_public_ws/install/tiago_controller_configuration/share/tiago_controller_configuration/launch/default_controllers.launch.py
[0.743s] -- Up-to-date symlink: /home/claudio/tiago_public_ws/install/tiago_controller_configuration/share/tiago_controller_configuration/launch/gravity_compensation_controller.launch.py
[0.745s] -- Up-to-date symlink: /home/claudio/tiago_public_ws/install/tiago_controller_configuration/share/ament_index/resource_index/package_run_dependencies/tiago_controller_configuration
[0.746s] -- Up-to-date symlink: /home/claudio/tiago_public_ws/install/tiago_controller_configuration/share/ament_index/resource_index/parent_prefix_path/tiago_controller_configuration
[0.748s] -- Up-to-date symlink: /home/claudio/tiago_public_ws/install/tiago_controller_configuration/share/tiago_controller_configuration/environment/ament_prefix_path.sh
[0.749s] -- Up-to-date symlink: /home/claudio/tiago_public_ws/install/tiago_controller_configuration/share/tiago_controller_configuration/environment/ament_prefix_path.dsv
[0.750s] -- Up-to-date symlink: /home/claudio/tiago_public_ws/install/tiago_controller_configuration/share/tiago_controller_configuration/environment/path.sh
[0.750s] -- Up-to-date symlink: /home/claudio/tiago_public_ws/install/tiago_controller_configuration/share/tiago_controller_configuration/environment/path.dsv
[0.752s] -- Up-to-date symlink: /home/claudio/tiago_public_ws/install/tiago_controller_configuration/share/tiago_controller_configuration/local_setup.bash
[0.753s] -- Up-to-date symlink: /home/claudio/tiago_public_ws/install/tiago_controller_configuration/share/tiago_controller_configuration/local_setup.sh
[0.754s] -- Up-to-date symlink: /home/claudio/tiago_public_ws/install/tiago_controller_configuration/share/tiago_controller_configuration/local_setup.zsh
[0.755s] -- Up-to-date symlink: /home/claudio/tiago_public_ws/install/tiago_controller_configuration/share/tiago_controller_configuration/local_setup.dsv
[0.755s] -- Symlinking: /home/claudio/tiago_public_ws/install/tiago_controller_configuration/share/tiago_controller_configuration/package.dsv
[0.773s] -- Up-to-date symlink: /home/claudio/tiago_public_ws/install/tiago_controller_configuration/share/ament_index/resource_index/packages/tiago_controller_configuration
[0.774s] -- Up-to-date symlink: /home/claudio/tiago_public_ws/install/tiago_controller_configuration/share/tiago_controller_configuration/cmake/tiago_controller_configurationConfig.cmake
[0.775s] -- Up-to-date symlink: /home/claudio/tiago_public_ws/install/tiago_controller_configuration/share/tiago_controller_configuration/cmake/tiago_controller_configurationConfig-version.cmake
[0.778s] -- Up-to-date symlink: /home/claudio/tiago_public_ws/install/tiago_controller_configuration/share/tiago_controller_configuration/package.xml
[0.780s] Invoked command in '/home/claudio/tiago_public_ws/build/tiago_controller_configuration' returned '0': AMENT_PREFIX_PATH=/home/claudio/tiago_public_ws/install/pmb2_controller_configuration:/home/claudio/tiago_public_ws/install/pal_robotiq_controller_configuration:/home/claudio/tiago_public_ws/install/pal_hey5_controller_configuration:/home/claudio/tiago_public_ws/install/pal_gripper_controller_configuration:/home/claudio/tiago_public_ws/install/launch_pal:${AMENT_PREFIX_PATH} CMAKE_PREFIX_PATH=/home/claudio/tiago_public_ws/install/pmb2_controller_configuration:/home/claudio/tiago_public_ws/install/pal_robotiq_controller_configuration:/home/claudio/tiago_public_ws/install/pal_hey5_controller_configuration:/home/claudio/tiago_public_ws/install/pal_gripper_controller_configuration:/opt/ros/humble PYTHONPATH=/home/claudio/tiago_public_ws/install/launch_pal/lib/python3.10/site-packages:${PYTHONPATH} /usr/bin/cmake --install /home/claudio/tiago_public_ws/build/tiago_controller_configuration
