[0.012s] Invoking command in '/home/claudio/tiago_public_ws/build/play_motion2': AMENT_PREFIX_PATH=/home/claudio/tiago_public_ws/install/play_motion2_msgs:${AMENT_PREFIX_PATH} CMAKE_PREFIX_PATH=/home/claudio/tiago_public_ws/install/play_motion2_msgs:/opt/ros/humble LD_LIBRARY_PATH=/home/claudio/tiago_public_ws/install/play_motion2_msgs/lib:${LD_LIBRARY_PATH} PYTHONPATH=/home/claudio/tiago_public_ws/install/play_motion2_msgs/local/lib/python3.10/dist-packages:${PYTHONPATH} /usr/bin/cmake /home/claudio/tiago_public_ws/src/play_motion2/play_motion2 -DAMENT_CMAKE_SYMLINK_INSTALL=1 -DCMAKE_INSTALL_PREFIX=/home/claudio/tiago_public_ws/install/play_motion2
[0.100s] -- The C compiler identification is GNU 11.4.0
[0.183s] -- The CXX compiler identification is GNU 11.4.0
[0.193s] -- Detecting C compiler ABI info
[0.290s] -- Detecting C compiler ABI info - done
[0.302s] -- Check for working C compiler: /usr/bin/cc - skipped
[0.302s] -- Detecting C compile features
[0.303s] -- Detecting C compile features - done
[0.308s] -- Detecting CXX compiler ABI info
[0.426s] -- Detecting CXX compiler ABI info - done
[0.447s] -- Check for working CXX compiler: /usr/bin/c++ - skipped
[0.448s] -- Detecting CXX compile features
[0.449s] -- Detecting CXX compile features - done
[0.454s] -- Found ament_cmake_auto: 1.3.11 (/opt/ros/humble/share/ament_cmake_auto/cmake)
[0.685s] -- Found Python3: /usr/bin/python3 (found version "3.10.12") found components: Interpreter 
[0.784s] -- Override CMake install command with custom implementation using symlinks instead of copying resources
[0.993s] -- Found rosidl_generator_c: 3.1.6 (/opt/ros/humble/share/rosidl_generator_c/cmake)
[1.002s] -- Found rosidl_adapter: 3.1.6 (/opt/ros/humble/share/rosidl_adapter/cmake)
[1.015s] -- Found rosidl_generator_cpp: 3.1.6 (/opt/ros/humble/share/rosidl_generator_cpp/cmake)
[1.035s] -- Using all available rosidl_typesupport_c: rosidl_typesupport_fastrtps_c;rosidl_typesupport_introspection_c
[1.062s] -- Using all available rosidl_typesupport_cpp: rosidl_typesupport_fastrtps_cpp;rosidl_typesupport_introspection_cpp
[1.585s] -- Found Boost: /usr/lib/x86_64-linux-gnu/cmake/Boost-1.74.0/BoostConfig.cmake (found version "1.74.0") found components: date_time filesystem program_options system thread 
[1.773s] -- Found Boost: /usr/lib/x86_64-linux-gnu/cmake/Boost-1.74.0/BoostConfig.cmake (found version "1.74.0") found components: chrono date_time filesystem iostreams program_options regex serialization system thread 
[1.874s] -- Found parameter_traits: 0.4.0 (/opt/ros/humble/share/parameter_traits/cmake)
[1.938s] -- Found rmw_implementation_cmake: 6.1.2 (/opt/ros/humble/share/rmw_implementation_cmake/cmake)
[1.943s] -- Found rmw_fastrtps_cpp: 6.2.7 (/opt/ros/humble/share/rmw_fastrtps_cpp/cmake)
[2.077s] -- Found OpenSSL: /usr/lib/x86_64-linux-gnu/libcrypto.so (found version "3.0.2")  
[2.112s] -- Found FastRTPS: /opt/ros/humble/include  
[2.173s] -- Using RMW implementation 'rmw_fastrtps_cpp' as default
[2.188s] -- Found Threads: TRUE  
[2.267s] -- Found Eigen3: TRUE (found version "3.4.0") 
[2.273s] -- Found rclcpp_lifecycle: 16.0.11 (/opt/ros/humble/share/rclcpp_lifecycle/cmake)
[2.299s] -- Found Boost: /usr/lib/x86_64-linux-gnu/cmake/Boost-1.74.0/BoostConfig.cmake (found version "1.74.0") found components: filesystem 
[2.439s] -- library: /usr/lib/x86_64-linux-gnu/libcurl.so
[2.505s] -- Ensuring Eigen3 include directory is part of orocos-kdl CMake target
[2.765s] -- Found Boost: /usr/lib/x86_64-linux-gnu/cmake/Boost-1.74.0/BoostConfig.cmake (found version "1.74.0") found components: system filesystem date_time program_options thread chrono 
[2.818s] -- Found Boost: /usr/lib/x86_64-linux-gnu/cmake/Boost-1.74.0/BoostConfig.cmake (found version "1.74.0") found components: thread system filesystem regex date_time program_options 
[2.855s] -- Found Boost: /usr/lib/x86_64-linux-gnu/cmake/Boost-1.74.0/BoostConfig.cmake (found version "1.74.0") found components: system filesystem date_time program_options thread 
[3.126s] -- Found python_cmake_module: 0.10.0 (/opt/ros/humble/share/python_cmake_module/cmake)
[3.159s] -- Found PythonInterp: /usr/bin/python3 (found suitable version "3.10.12", minimum required is "3.6") 
[3.167s] -- Found PythonLibs: /usr/lib/x86_64-linux-gnu/libpython3.10.so (found suitable version "3.10.12", minimum required is "3.5") 
[3.167s] -- Using PYTHON_EXECUTABLE: /usr/bin/python3
[3.167s] -- Using PYTHON_INCLUDE_DIRS: /usr/include/python3.10
[3.167s] -- Using PYTHON_LIBRARIES: /usr/lib/x86_64-linux-gnu/libpython3.10.so
[3.201s] -- Found PythonExtra: .so  
[3.261s] -- Found gtest sources under '/opt/ros/humble/src/gtest_vendor': C++ tests using 'Google Test' will be built
[3.618s] -- Added test 'copyright' to check source files copyright and LICENSE
[3.623s] -- Added test 'cppcheck' to perform static code analysis on C / C++ code
[3.626s] -- Configured cppcheck include dirs: /home/claudio/tiago_public_ws/src/play_motion2/play_motion2/include
[3.626s] -- Configured cppcheck exclude dirs and/or files: 
[3.629s] -- Added test 'cpplint' to check C / C++ code against the Google style
[3.630s] -- Configured cpplint exclude dirs and/or files: 
[3.631s] -- Added test 'flake8' to check Python code syntax and style conventions
[3.632s] -- Added test 'lint_cmake' to check CMake code style
[3.633s] -- Added test 'pep257' to check Python code against some of the docstring style conventions in PEP 257
[3.637s] -- Added test 'uncrustify' to check C / C++ code style
[3.637s] -- Configured uncrustify additional arguments: 
[3.638s] -- Added test 'xmllint' to check XML markup files
[3.643s] -- Configuring done
[3.963s] -- Generating done
[4.033s] -- Build files have been written to: /home/claudio/tiago_public_ws/build/play_motion2
[4.063s] Invoked command in '/home/claudio/tiago_public_ws/build/play_motion2' returned '0': AMENT_PREFIX_PATH=/home/claudio/tiago_public_ws/install/play_motion2_msgs:${AMENT_PREFIX_PATH} CMAKE_PREFIX_PATH=/home/claudio/tiago_public_ws/install/play_motion2_msgs:/opt/ros/humble LD_LIBRARY_PATH=/home/claudio/tiago_public_ws/install/play_motion2_msgs/lib:${LD_LIBRARY_PATH} PYTHONPATH=/home/claudio/tiago_public_ws/install/play_motion2_msgs/local/lib/python3.10/dist-packages:${PYTHONPATH} /usr/bin/cmake /home/claudio/tiago_public_ws/src/play_motion2/play_motion2 -DAMENT_CMAKE_SYMLINK_INSTALL=1 -DCMAKE_INSTALL_PREFIX=/home/claudio/tiago_public_ws/install/play_motion2
[4.065s] Invoking command in '/home/claudio/tiago_public_ws/build/play_motion2': AMENT_PREFIX_PATH=/home/claudio/tiago_public_ws/install/play_motion2_msgs:${AMENT_PREFIX_PATH} CMAKE_PREFIX_PATH=/home/claudio/tiago_public_ws/install/play_motion2_msgs:/opt/ros/humble LD_LIBRARY_PATH=/home/claudio/tiago_public_ws/install/play_motion2_msgs/lib:${LD_LIBRARY_PATH} PYTHONPATH=/home/claudio/tiago_public_ws/install/play_motion2_msgs/local/lib/python3.10/dist-packages:${PYTHONPATH} /usr/bin/cmake --build /home/claudio/tiago_public_ws/build/play_motion2 -- -j4 -l4
[4.148s] [  3%] [34m[1mRunning `/opt/ros/humble/bin/generate_parameter_library_cpp /home/claudio/tiago_public_ws/build/play_motion2/include/play_motion2/passthrough_controller_parameters.hpp /home/claudio/tiago_public_ws/src/play_motion2/play_motion2/test/controllers/src/passthrough_controller_parameters.yaml `[0m
[4.153s] [  7%] [32mBuilding CXX object CMakeFiles/play_motion2.dir/src/play_motion2/motion_loader.cpp.o[0m
[4.541s] [ 11%] [34m[1mCreating deprecated header file /home/claudio/tiago_public_ws/build/play_motion2/include/passthrough_controller_parameters.hpp[0m
[4.631s] [ 11%] Built target passthrough_controller_parameters
[4.650s] [ 15%] [32mBuilding CXX object CMakeFiles/play_motion2.dir/src/play_motion2/motion_planner.cpp.o[0m
[4.674s] [ 19%] [32mBuilding CXX object gtest/CMakeFiles/gtest.dir/src/gtest-all.cc.o[0m
[5.699s] [ 23%] [32mBuilding CXX object gtest/CMakeFiles/gtest_main.dir/src/gtest_main.cc.o[0m
[8.230s] [ 26%] [32m[1mLinking CXX static library libgtest_main.a[0m
[8.295s] [ 30%] [32mBuilding CXX object CMakeFiles/passthrough_controller.dir/test/controllers/src/passthrough_controller.cpp.o[0m
[8.300s] [ 30%] Built target gtest_main
[8.324s] [ 34%] [32mBuilding CXX object CMakeFiles/play_motion2.dir/src/play_motion2/play_motion2.cpp.o[0m
[13.164s] [ 38%] [32m[1mLinking CXX static library libgtest.a[0m
[13.282s] [ 38%] Built target gtest
[13.326s] [ 42%] [32mBuilding CXX object CMakeFiles/play_motion2_node_test.dir/test/play_motion2_node_test.cpp.o[0m
[31.272s] [ 46%] [32m[1mLinking CXX shared library libpassthrough_controller.so[0m
[32.680s] [ 46%] Built target passthrough_controller
[42.791s] [ 50%] [32m[1mLinking CXX executable play_motion2_node_test[0m
[44.306s] [ 50%] Built target play_motion2_node_test
[48.796s] [ 53%] [32m[1mLinking CXX shared library libplay_motion2.so[0m
[51.537s] [ 53%] Built target play_motion2
[51.563s] [ 57%] [32mBuilding CXX object CMakeFiles/client.dir/src/play_motion2/client.cpp.o[0m
[60.245s] [ 61%] [32m[1mLinking CXX static library libclient.a[0m
[60.390s] [ 61%] Built target client
[60.424s] [ 65%] [32mBuilding CXX object CMakeFiles/rrbot_system.dir/test/rrbot/rrbot_system.cpp.o[0m
[60.426s] [ 69%] [32mBuilding CXX object CMakeFiles/play_motion2_node.dir/src/play_motion2_main.cpp.o[0m
[60.429s] [ 73%] [32mBuilding CXX object CMakeFiles/run_motion.dir/src/run_motion.cpp.o[0m
[63.197s] [ 76%] [32m[1mLinking CXX shared library librrbot_system.so[0m
[64.180s] [ 76%] Built target rrbot_system
[64.233s] [ 80%] [32mBuilding CXX object CMakeFiles/play_motion2_test.dir/test/play_motion2_test.cpp.o[0m
[64.233s] [ 84%] [32mBuilding CXX object CMakeFiles/motion_loader_test.dir/test/motion_loader_test.cpp.o[0m
[66.087s] [ 88%] [32m[1mLinking CXX executable run_motion[0m
[69.118s] [ 88%] Built target run_motion
[73.939s] [ 92%] [32m[1mLinking CXX executable motion_loader_test[0m
[77.637s] [ 92%] Built target motion_loader_test
[78.154s] [ 96%] [32m[1mLinking CXX executable play_motion2_node[0m
[79.947s] [ 96%] Built target play_motion2_node
[82.033s] [100%] [32m[1mLinking CXX executable play_motion2_test[0m
[84.360s] [100%] Built target play_motion2_test
[84.375s] Invoked command in '/home/claudio/tiago_public_ws/build/play_motion2' returned '0': AMENT_PREFIX_PATH=/home/claudio/tiago_public_ws/install/play_motion2_msgs:${AMENT_PREFIX_PATH} CMAKE_PREFIX_PATH=/home/claudio/tiago_public_ws/install/play_motion2_msgs:/opt/ros/humble LD_LIBRARY_PATH=/home/claudio/tiago_public_ws/install/play_motion2_msgs/lib:${LD_LIBRARY_PATH} PYTHONPATH=/home/claudio/tiago_public_ws/install/play_motion2_msgs/local/lib/python3.10/dist-packages:${PYTHONPATH} /usr/bin/cmake --build /home/claudio/tiago_public_ws/build/play_motion2 -- -j4 -l4
[84.378s] Invoking command in '/home/claudio/tiago_public_ws/build/play_motion2': AMENT_PREFIX_PATH=/home/claudio/tiago_public_ws/install/play_motion2_msgs:${AMENT_PREFIX_PATH} CMAKE_PREFIX_PATH=/home/claudio/tiago_public_ws/install/play_motion2_msgs:/opt/ros/humble LD_LIBRARY_PATH=/home/claudio/tiago_public_ws/install/play_motion2_msgs/lib:${LD_LIBRARY_PATH} PYTHONPATH=/home/claudio/tiago_public_ws/install/play_motion2_msgs/local/lib/python3.10/dist-packages:${PYTHONPATH} /usr/bin/cmake --install /home/claudio/tiago_public_ws/build/play_motion2
[84.389s] -- Install configuration: ""
[84.390s] -- Execute custom install script
[84.390s] -- Symlinking: /home/claudio/tiago_public_ws/install/play_motion2/share/play_motion2/test/rrbot/rrbot_system.xml
[84.402s] -- Symlinking: /home/claudio/tiago_public_ws/install/play_motion2/include/play_motion2/passthrough_controller_parameters.hpp
[84.414s] -- Symlinking: /home/claudio/tiago_public_ws/install/play_motion2/share/play_motion2/test/controllers/passthrough_controller.xml
[84.425s] -- Symlinking: /home/claudio/tiago_public_ws/install/play_motion2/lib/libpassthrough_controller.so
[84.436s] -- Symlinking: /home/claudio/tiago_public_ws/install/play_motion2/lib/play_motion2/play_motion2_node_test
[84.448s] -- Symlinking: /home/claudio/tiago_public_ws/install/play_motion2/include/play_motion2/client.hpp
[84.458s] -- Symlinking: /home/claudio/tiago_public_ws/install/play_motion2/include/play_motion2/motion_loader.hpp
[84.469s] -- Symlinking: /home/claudio/tiago_public_ws/install/play_motion2/include/play_motion2/motion_planner.hpp
[84.480s] -- Symlinking: /home/claudio/tiago_public_ws/install/play_motion2/include/play_motion2/play_motion2.hpp
[84.493s] -- Symlinking: /home/claudio/tiago_public_ws/install/play_motion2/include/play_motion2/types.hpp
[84.504s] -- Symlinking: /home/claudio/tiago_public_ws/install/play_motion2/share/play_motion2/environment/library_path.sh
[84.515s] -- Symlinking: /home/claudio/tiago_public_ws/install/play_motion2/share/play_motion2/environment/library_path.dsv
[84.531s] -- Symlinking: /home/claudio/tiago_public_ws/install/play_motion2/lib/libplay_motion2.so
[84.542s] -- Symlinking: /home/claudio/tiago_public_ws/install/play_motion2/lib/libclient.a
[84.553s] -- Symlinking: /home/claudio/tiago_public_ws/install/play_motion2/lib/librrbot_system.so
[84.564s] -- Symlinking: /home/claudio/tiago_public_ws/install/play_motion2/lib/play_motion2/play_motion2_node
[84.576s] -- Symlinking: /home/claudio/tiago_public_ws/install/play_motion2/lib/play_motion2/run_motion
[84.588s] -- Symlinking: /home/claudio/tiago_public_ws/install/play_motion2/share/play_motion2/config/motion_planner_config.yaml
[84.599s] -- Symlinking: /home/claudio/tiago_public_ws/install/play_motion2/share/play_motion2/launch/play_motion2.launch.py
[84.610s] -- Symlinking: /home/claudio/tiago_public_ws/install/play_motion2/share/ament_index/resource_index/package_run_dependencies/play_motion2
[84.621s] -- Symlinking: /home/claudio/tiago_public_ws/install/play_motion2/share/ament_index/resource_index/parent_prefix_path/play_motion2
[84.632s] -- Symlinking: /home/claudio/tiago_public_ws/install/play_motion2/share/play_motion2/environment/ament_prefix_path.sh
[84.643s] -- Symlinking: /home/claudio/tiago_public_ws/install/play_motion2/share/play_motion2/environment/ament_prefix_path.dsv
[84.654s] -- Symlinking: /home/claudio/tiago_public_ws/install/play_motion2/share/play_motion2/environment/path.sh
[84.665s] -- Symlinking: /home/claudio/tiago_public_ws/install/play_motion2/share/play_motion2/environment/path.dsv
[84.677s] -- Symlinking: /home/claudio/tiago_public_ws/install/play_motion2/share/play_motion2/local_setup.bash
[84.689s] -- Symlinking: /home/claudio/tiago_public_ws/install/play_motion2/share/play_motion2/local_setup.sh
[84.700s] -- Symlinking: /home/claudio/tiago_public_ws/install/play_motion2/share/play_motion2/local_setup.zsh
[84.711s] -- Symlinking: /home/claudio/tiago_public_ws/install/play_motion2/share/play_motion2/local_setup.dsv
[84.723s] -- Symlinking: /home/claudio/tiago_public_ws/install/play_motion2/share/play_motion2/package.dsv
[84.734s] -- Symlinking: /home/claudio/tiago_public_ws/install/play_motion2/share/ament_index/resource_index/packages/play_motion2
[84.745s] -- Symlinking: /home/claudio/tiago_public_ws/install/play_motion2/share/ament_index/resource_index/hardware_interface__pluginlib__plugin/play_motion2
[84.756s] -- Symlinking: /home/claudio/tiago_public_ws/install/play_motion2/share/ament_index/resource_index/controller_interface__pluginlib__plugin/play_motion2
[84.767s] -- Symlinking: /home/claudio/tiago_public_ws/install/play_motion2/share/play_motion2/cmake/ament_cmake_export_dependencies-extras.cmake
[84.779s] -- Symlinking: /home/claudio/tiago_public_ws/install/play_motion2/share/play_motion2/cmake/ament_cmake_export_include_directories-extras.cmake
[84.790s] -- Symlinking: /home/claudio/tiago_public_ws/install/play_motion2/share/play_motion2/cmake/ament_cmake_export_libraries-extras.cmake
[84.801s] -- Symlinking: /home/claudio/tiago_public_ws/install/play_motion2/share/play_motion2/cmake/play_motion2Config.cmake
[84.812s] -- Symlinking: /home/claudio/tiago_public_ws/install/play_motion2/share/play_motion2/cmake/play_motion2Config-version.cmake
[84.823s] -- Symlinking: /home/claudio/tiago_public_ws/install/play_motion2/share/play_motion2/package.xml
[84.837s] Invoked command in '/home/claudio/tiago_public_ws/build/play_motion2' returned '0': AMENT_PREFIX_PATH=/home/claudio/tiago_public_ws/install/play_motion2_msgs:${AMENT_PREFIX_PATH} CMAKE_PREFIX_PATH=/home/claudio/tiago_public_ws/install/play_motion2_msgs:/opt/ros/humble LD_LIBRARY_PATH=/home/claudio/tiago_public_ws/install/play_motion2_msgs/lib:${LD_LIBRARY_PATH} PYTHONPATH=/home/claudio/tiago_public_ws/install/play_motion2_msgs/local/lib/python3.10/dist-packages:${PYTHONPATH} /usr/bin/cmake --install /home/claudio/tiago_public_ws/build/play_motion2
