[0.030s] Invoking command in '/home/claudio/tiago_public_ws/build/pal_navigation_cfg': AMENT_PREFIX_PATH=/home/claudio/tiago_public_ws/install/pal_navigation_cfg_bringup:/home/claudio/tiago_public_ws/install/pal_navigation_cfg_params:/home/claudio/tiago_public_ws/install/launch_pal:${AMENT_PREFIX_PATH} CMAKE_PREFIX_PATH=/home/claudio/tiago_public_ws/install/pal_navigation_cfg_bringup:/home/claudio/tiago_public_ws/install/pal_navigation_cfg_params:/opt/ros/humble PYTHONPATH=/home/claudio/tiago_public_ws/build/launch_pal:/home/claudio/tiago_public_ws/install/launch_pal/lib/python3.10/site-packages:${PYTHONPATH} /usr/bin/cmake /home/claudio/tiago_public_ws/src/pal_navigation_cfg_public/pal_navigation_cfg_public -DAMENT_CMAKE_SYMLINK_INSTALL=1 -DCMAKE_INSTALL_PREFIX=/home/claudio/tiago_public_ws/install/pal_navigation_cfg
[0.279s] -- The C compiler identification is GNU 11.4.0
[0.465s] -- The CXX compiler identification is GNU 11.4.0
[0.499s] -- Detecting C compiler ABI info
[0.765s] -- Detecting C compiler ABI info - done
[0.816s] -- Check for working C compiler: /usr/bin/cc - skipped
[0.822s] -- Detecting C compile features
[0.822s] -- Detecting C compile features - done
[0.837s] -- Detecting CXX compiler ABI info
[1.166s] -- Detecting CXX compiler ABI info - done
[1.217s] -- Check for working CXX compiler: /usr/bin/c++ - skipped
[1.222s] -- Detecting CXX compile features
[1.222s] -- Detecting CXX compile features - done
[1.234s] -- Found ament_cmake_auto: 1.3.11 (/opt/ros/humble/share/ament_cmake_auto/cmake)
[2.096s] -- Found Python3: /usr/bin/python3 (found version "3.10.12") found components: Interpreter 
[2.400s] -- Override CMake install command with custom implementation using symlinks instead of copying resources
[2.883s] -- Configuring done
[2.897s] -- Generating done
[2.902s] -- Build files have been written to: /home/claudio/tiago_public_ws/build/pal_navigation_cfg
[2.914s] Invoked command in '/home/claudio/tiago_public_ws/build/pal_navigation_cfg' returned '0': AMENT_PREFIX_PATH=/home/claudio/tiago_public_ws/install/pal_navigation_cfg_bringup:/home/claudio/tiago_public_ws/install/pal_navigation_cfg_params:/home/claudio/tiago_public_ws/install/launch_pal:${AMENT_PREFIX_PATH} CMAKE_PREFIX_PATH=/home/claudio/tiago_public_ws/install/pal_navigation_cfg_bringup:/home/claudio/tiago_public_ws/install/pal_navigation_cfg_params:/opt/ros/humble PYTHONPATH=/home/claudio/tiago_public_ws/build/launch_pal:/home/claudio/tiago_public_ws/install/launch_pal/lib/python3.10/site-packages:${PYTHONPATH} /usr/bin/cmake /home/claudio/tiago_public_ws/src/pal_navigation_cfg_public/pal_navigation_cfg_public -DAMENT_CMAKE_SYMLINK_INSTALL=1 -DCMAKE_INSTALL_PREFIX=/home/claudio/tiago_public_ws/install/pal_navigation_cfg
[2.915s] Invoking command in '/home/claudio/tiago_public_ws/build/pal_navigation_cfg': AMENT_PREFIX_PATH=/home/claudio/tiago_public_ws/install/pal_navigation_cfg_bringup:/home/claudio/tiago_public_ws/install/pal_navigation_cfg_params:/home/claudio/tiago_public_ws/install/launch_pal:${AMENT_PREFIX_PATH} CMAKE_PREFIX_PATH=/home/claudio/tiago_public_ws/install/pal_navigation_cfg_bringup:/home/claudio/tiago_public_ws/install/pal_navigation_cfg_params:/opt/ros/humble PYTHONPATH=/home/claudio/tiago_public_ws/build/launch_pal:/home/claudio/tiago_public_ws/install/launch_pal/lib/python3.10/site-packages:${PYTHONPATH} /usr/bin/cmake --build /home/claudio/tiago_public_ws/build/pal_navigation_cfg -- -j4 -l4
[3.043s] Invoked command in '/home/claudio/tiago_public_ws/build/pal_navigation_cfg' returned '0': AMENT_PREFIX_PATH=/home/claudio/tiago_public_ws/install/pal_navigation_cfg_bringup:/home/claudio/tiago_public_ws/install/pal_navigation_cfg_params:/home/claudio/tiago_public_ws/install/launch_pal:${AMENT_PREFIX_PATH} CMAKE_PREFIX_PATH=/home/claudio/tiago_public_ws/install/pal_navigation_cfg_bringup:/home/claudio/tiago_public_ws/install/pal_navigation_cfg_params:/opt/ros/humble PYTHONPATH=/home/claudio/tiago_public_ws/build/launch_pal:/home/claudio/tiago_public_ws/install/launch_pal/lib/python3.10/site-packages:${PYTHONPATH} /usr/bin/cmake --build /home/claudio/tiago_public_ws/build/pal_navigation_cfg -- -j4 -l4
[3.044s] Invoking command in '/home/claudio/tiago_public_ws/build/pal_navigation_cfg': AMENT_PREFIX_PATH=/home/claudio/tiago_public_ws/install/pal_navigation_cfg_bringup:/home/claudio/tiago_public_ws/install/pal_navigation_cfg_params:/home/claudio/tiago_public_ws/install/launch_pal:${AMENT_PREFIX_PATH} CMAKE_PREFIX_PATH=/home/claudio/tiago_public_ws/install/pal_navigation_cfg_bringup:/home/claudio/tiago_public_ws/install/pal_navigation_cfg_params:/opt/ros/humble PYTHONPATH=/home/claudio/tiago_public_ws/build/launch_pal:/home/claudio/tiago_public_ws/install/launch_pal/lib/python3.10/site-packages:${PYTHONPATH} /usr/bin/cmake --install /home/claudio/tiago_public_ws/build/pal_navigation_cfg
[3.077s] -- Install configuration: ""
[3.078s] -- Execute custom install script
[3.079s] -- Symlinking: /home/claudio/tiago_public_ws/install/pal_navigation_cfg/share/ament_index/resource_index/package_run_dependencies/pal_navigation_cfg
[3.109s] -- Symlinking: /home/claudio/tiago_public_ws/install/pal_navigation_cfg/share/ament_index/resource_index/parent_prefix_path/pal_navigation_cfg
[3.129s] -- Symlinking: /home/claudio/tiago_public_ws/install/pal_navigation_cfg/share/pal_navigation_cfg/environment/ament_prefix_path.sh
[3.165s] -- Symlinking: /home/claudio/tiago_public_ws/install/pal_navigation_cfg/share/pal_navigation_cfg/environment/ament_prefix_path.dsv
[3.203s] -- Symlinking: /home/claudio/tiago_public_ws/install/pal_navigation_cfg/share/pal_navigation_cfg/environment/path.sh
[3.238s] -- Symlinking: /home/claudio/tiago_public_ws/install/pal_navigation_cfg/share/pal_navigation_cfg/environment/path.dsv
[3.272s] -- Symlinking: /home/claudio/tiago_public_ws/install/pal_navigation_cfg/share/pal_navigation_cfg/local_setup.bash
[3.294s] -- Symlinking: /home/claudio/tiago_public_ws/install/pal_navigation_cfg/share/pal_navigation_cfg/local_setup.sh
[3.312s] -- Symlinking: /home/claudio/tiago_public_ws/install/pal_navigation_cfg/share/pal_navigation_cfg/local_setup.zsh
[3.337s] -- Symlinking: /home/claudio/tiago_public_ws/install/pal_navigation_cfg/share/pal_navigation_cfg/local_setup.dsv
[3.375s] -- Symlinking: /home/claudio/tiago_public_ws/install/pal_navigation_cfg/share/pal_navigation_cfg/package.dsv
[3.413s] -- Symlinking: /home/claudio/tiago_public_ws/install/pal_navigation_cfg/share/ament_index/resource_index/packages/pal_navigation_cfg
[3.449s] -- Symlinking: /home/claudio/tiago_public_ws/install/pal_navigation_cfg/share/pal_navigation_cfg/cmake/pal_navigation_cfgConfig.cmake
[3.469s] -- Symlinking: /home/claudio/tiago_public_ws/install/pal_navigation_cfg/share/pal_navigation_cfg/cmake/pal_navigation_cfgConfig-version.cmake
[3.490s] -- Symlinking: /home/claudio/tiago_public_ws/install/pal_navigation_cfg/share/pal_navigation_cfg/package.xml
[3.513s] Invoked command in '/home/claudio/tiago_public_ws/build/pal_navigation_cfg' returned '0': AMENT_PREFIX_PATH=/home/claudio/tiago_public_ws/install/pal_navigation_cfg_bringup:/home/claudio/tiago_public_ws/install/pal_navigation_cfg_params:/home/claudio/tiago_public_ws/install/launch_pal:${AMENT_PREFIX_PATH} CMAKE_PREFIX_PATH=/home/claudio/tiago_public_ws/install/pal_navigation_cfg_bringup:/home/claudio/tiago_public_ws/install/pal_navigation_cfg_params:/opt/ros/humble PYTHONPATH=/home/claudio/tiago_public_ws/build/launch_pal:/home/claudio/tiago_public_ws/install/launch_pal/lib/python3.10/site-packages:${PYTHONPATH} /usr/bin/cmake --install /home/claudio/tiago_public_ws/build/pal_navigation_cfg
