[0.087s] Invoking command in '/home/claudio/tiago_public_ws/build/progetto_tiago': /usr/bin/cmake --build /home/claudio/tiago_public_ws/build/progetto_tiago -- -j8 -l8
[0.127s] Invoked command in '/home/claudio/tiago_public_ws/build/progetto_tiago' returned '0': /usr/bin/cmake --build /home/claudio/tiago_public_ws/build/progetto_tiago -- -j8 -l8
[0.135s] Invoking command in '/home/claudio/tiago_public_ws/build/progetto_tiago': /usr/bin/cmake --install /home/claudio/tiago_public_ws/build/progetto_tiago
[0.149s] -- Install configuration: ""
[0.149s] -- Up-to-date: /home/claudio/tiago_public_ws/install/progetto_tiago/lib/progetto_tiago/scripts
[0.149s] -- Up-to-date: /home/claudio/tiago_public_ws/install/progetto_tiago/lib/progetto_tiago/scripts/__init__.py
[0.150s] -- Up-to-date: /home/claudio/tiago_public_ws/install/progetto_tiago/share/ament_index/resource_index/package_run_dependencies/progetto_tiago
[0.150s] -- Up-to-date: /home/claudio/tiago_public_ws/install/progetto_tiago/share/ament_index/resource_index/parent_prefix_path/progetto_tiago
[0.150s] -- Up-to-date: /home/claudio/tiago_public_ws/install/progetto_tiago/share/progetto_tiago/environment/ament_prefix_path.sh
[0.150s] -- Up-to-date: /home/claudio/tiago_public_ws/install/progetto_tiago/share/progetto_tiago/environment/ament_prefix_path.dsv
[0.151s] -- Up-to-date: /home/claudio/tiago_public_ws/install/progetto_tiago/share/progetto_tiago/environment/path.sh
[0.151s] -- Up-to-date: /home/claudio/tiago_public_ws/install/progetto_tiago/share/progetto_tiago/environment/path.dsv
[0.152s] -- Up-to-date: /home/claudio/tiago_public_ws/install/progetto_tiago/share/progetto_tiago/local_setup.bash
[0.152s] -- Up-to-date: /home/claudio/tiago_public_ws/install/progetto_tiago/share/progetto_tiago/local_setup.sh
[0.152s] -- Up-to-date: /home/claudio/tiago_public_ws/install/progetto_tiago/share/progetto_tiago/local_setup.zsh
[0.152s] -- Up-to-date: /home/claudio/tiago_public_ws/install/progetto_tiago/share/progetto_tiago/local_setup.dsv
[0.152s] -- Installing: /home/claudio/tiago_public_ws/install/progetto_tiago/share/progetto_tiago/package.dsv
[0.152s] -- Up-to-date: /home/claudio/tiago_public_ws/install/progetto_tiago/share/ament_index/resource_index/packages/progetto_tiago
[0.152s] -- Up-to-date: /home/claudio/tiago_public_ws/install/progetto_tiago/share/progetto_tiago/cmake/progetto_tiagoConfig.cmake
[0.152s] -- Up-to-date: /home/claudio/tiago_public_ws/install/progetto_tiago/share/progetto_tiago/cmake/progetto_tiagoConfig-version.cmake
[0.152s] -- Up-to-date: /home/claudio/tiago_public_ws/install/progetto_tiago/share/progetto_tiago/package.xml
[0.174s] Invoked command in '/home/claudio/tiago_public_ws/build/progetto_tiago' returned '0': /usr/bin/cmake --install /home/claudio/tiago_public_ws/build/progetto_tiago
