[4.662s] Invoking command in '/home/claudio/progetto_ros2/src/robot_nodes': PYTHONPATH=/home/claudio/progetto_ros2/build/robot_nodes/prefix_override:/usr/lib/python3/dist-packages/colcon_core/task/python/colcon_distutils_commands:/home/claudio/progetto_ros2/install/robot_nodes/lib/python3.10/site-packages:${PYTHONPATH} /usr/bin/python3 -W ignore:setup.py install is deprecated -W ignore:easy_install command is deprecated setup.py egg_info --egg-base ../../build/robot_nodes build --build-base /home/claudio/progetto_ros2/build/robot_nodes/build install --record /home/claudio/progetto_ros2/build/robot_nodes/install.log --single-version-externally-managed install_data
[6.390s] running egg_info
[6.397s] writing ../../build/robot_nodes/robot_nodes.egg-info/PKG-INFO
[6.400s] writing dependency_links to ../../build/robot_nodes/robot_nodes.egg-info/dependency_links.txt
[6.405s] writing entry points to ../../build/robot_nodes/robot_nodes.egg-info/entry_points.txt
[6.411s] writing requirements to ../../build/robot_nodes/robot_nodes.egg-info/requires.txt
[6.411s] writing top-level names to ../../build/robot_nodes/robot_nodes.egg-info/top_level.txt
[6.421s] reading manifest file '../../build/robot_nodes/robot_nodes.egg-info/SOURCES.txt'
[6.432s] writing manifest file '../../build/robot_nodes/robot_nodes.egg-info/SOURCES.txt'
[6.437s] running build
[6.441s] running build_py
[6.441s] running install
[6.441s] running install_lib
[6.453s] running install_data
[6.453s] running install_egg_info
[6.465s] removing '/home/claudio/progetto_ros2/install/robot_nodes/lib/python3.10/site-packages/robot_nodes-0.0.0-py3.10.egg-info' (and everything under it)
[6.471s] Copying ../../build/robot_nodes/robot_nodes.egg-info to /home/claudio/progetto_ros2/install/robot_nodes/lib/python3.10/site-packages/robot_nodes-0.0.0-py3.10.egg-info
[6.479s] running install_scripts
[6.581s] Installing macchina_a_stati script to /home/claudio/progetto_ros2/install/robot_nodes/lib/robot_nodes
[6.582s] Installing testa_e_aruco script to /home/claudio/progetto_ros2/install/robot_nodes/lib/robot_nodes
[6.583s] writing list of installed files to '/home/claudio/progetto_ros2/build/robot_nodes/install.log'
[6.707s] Invoked command in '/home/claudio/progetto_ros2/src/robot_nodes' returned '0': PYTHONPATH=/home/claudio/progetto_ros2/build/robot_nodes/prefix_override:/usr/lib/python3/dist-packages/colcon_core/task/python/colcon_distutils_commands:/home/claudio/progetto_ros2/install/robot_nodes/lib/python3.10/site-packages:${PYTHONPATH} /usr/bin/python3 -W ignore:setup.py install is deprecated -W ignore:easy_install command is deprecated setup.py egg_info --egg-base ../../build/robot_nodes build --build-base /home/claudio/progetto_ros2/build/robot_nodes/build install --record /home/claudio/progetto_ros2/build/robot_nodes/install.log --single-version-externally-managed install_data
