[1.441s] Invoking command in '/home/claudio/progetto_ros2/src/robot_nodes': PYTHONPATH=/home/claudio/progetto_ros2/build/robot_nodes/prefix_override:/usr/lib/python3/dist-packages/colcon_core/task/python/colcon_distutils_commands:/home/claudio/progetto_ros2/install/robot_nodes/lib/python3.10/site-packages:${PYTHONPATH} /usr/bin/python3 -W ignore:setup.py install is deprecated -W ignore:easy_install command is deprecated setup.py egg_info --egg-base ../../build/robot_nodes build --build-base /home/claudio/progetto_ros2/build/robot_nodes/build install --record /home/claudio/progetto_ros2/build/robot_nodes/install.log --single-version-externally-managed install_data
[1.845s] running egg_info
[1.847s] writing ../../build/robot_nodes/robot_nodes.egg-info/PKG-INFO
[1.847s] writing dependency_links to ../../build/robot_nodes/robot_nodes.egg-info/dependency_links.txt
[1.848s] writing entry points to ../../build/robot_nodes/robot_nodes.egg-info/entry_points.txt
[1.848s] writing requirements to ../../build/robot_nodes/robot_nodes.egg-info/requires.txt
[1.848s] writing top-level names to ../../build/robot_nodes/robot_nodes.egg-info/top_level.txt
[1.851s] reading manifest file '../../build/robot_nodes/robot_nodes.egg-info/SOURCES.txt'
[1.853s] writing manifest file '../../build/robot_nodes/robot_nodes.egg-info/SOURCES.txt'
[1.853s] running build
[1.854s] running build_py
[1.854s] copying robot_nodes/macchina_a_stati.py -> /home/claudio/progetto_ros2/build/robot_nodes/build/lib/robot_nodes
[1.854s] running install
[1.855s] running install_lib
[1.856s] copying /home/claudio/progetto_ros2/build/robot_nodes/build/lib/robot_nodes/macchina_a_stati.py -> /home/claudio/progetto_ros2/install/robot_nodes/lib/python3.10/site-packages/robot_nodes
[1.857s] byte-compiling /home/claudio/progetto_ros2/install/robot_nodes/lib/python3.10/site-packages/robot_nodes/macchina_a_stati.py to macchina_a_stati.cpython-310.pyc
[1.860s] running install_data
[1.861s] running install_egg_info
[1.864s] removing '/home/claudio/progetto_ros2/install/robot_nodes/lib/python3.10/site-packages/robot_nodes-0.0.0-py3.10.egg-info' (and everything under it)
[1.864s] Copying ../../build/robot_nodes/robot_nodes.egg-info to /home/claudio/progetto_ros2/install/robot_nodes/lib/python3.10/site-packages/robot_nodes-0.0.0-py3.10.egg-info
[1.866s] running install_scripts
[1.899s] Installing macchina_a_stati script to /home/claudio/progetto_ros2/install/robot_nodes/lib/robot_nodes
[1.900s] Installing testa_e_aruco script to /home/claudio/progetto_ros2/install/robot_nodes/lib/robot_nodes
[1.900s] writing list of installed files to '/home/claudio/progetto_ros2/build/robot_nodes/install.log'
[1.961s] Invoked command in '/home/claudio/progetto_ros2/src/robot_nodes' returned '0': PYTHONPATH=/home/claudio/progetto_ros2/build/robot_nodes/prefix_override:/usr/lib/python3/dist-packages/colcon_core/task/python/colcon_distutils_commands:/home/claudio/progetto_ros2/install/robot_nodes/lib/python3.10/site-packages:${PYTHONPATH} /usr/bin/python3 -W ignore:setup.py install is deprecated -W ignore:easy_install command is deprecated setup.py egg_info --egg-base ../../build/robot_nodes build --build-base /home/claudio/progetto_ros2/build/robot_nodes/build install --record /home/claudio/progetto_ros2/build/robot_nodes/install.log --single-version-externally-managed install_data
