[0.021s] Invoking command in '/home/claudio/tiago_public_ws/build/tiago_rgbd_sensors': CMAKE_PREFIX_PATH=/opt/ros/humble /usr/bin/cmake /home/claudio/tiago_public_ws/src/tiago_navigation/tiago_rgbd_sensors -DCMAKE_INSTALL_PREFIX=/home/claudio/tiago_public_ws/install/tiago_rgbd_sensors
[0.049s] -- Found ament_cmake_auto: 1.3.11 (/opt/ros/humble/share/ament_cmake_auto/cmake)
[0.348s] -- Override CMake install command with custom implementation using symlinks instead of copying resources
[0.567s] -- Added test 'copyright' to check source files copyright and LICENSE
[0.572s] -- Added test 'lint_cmake' to check CMake code style
[0.575s] -- Added test 'xmllint' to check XML markup files
[0.578s] -- Configuring done
[0.595s] -- Generating done
[0.598s] -- Build files have been written to: /home/claudio/tiago_public_ws/build/tiago_rgbd_sensors
[0.605s] Invoked command in '/home/claudio/tiago_public_ws/build/tiago_rgbd_sensors' returned '0': CMAKE_PREFIX_PATH=/opt/ros/humble /usr/bin/cmake /home/claudio/tiago_public_ws/src/tiago_navigation/tiago_rgbd_sensors -DCMAKE_INSTALL_PREFIX=/home/claudio/tiago_public_ws/install/tiago_rgbd_sensors
[0.612s] Invoking command in '/home/claudio/tiago_public_ws/build/tiago_rgbd_sensors': CMAKE_PREFIX_PATH=/opt/ros/humble /usr/bin/cmake --build /home/claudio/tiago_public_ws/build/tiago_rgbd_sensors -- -j4 -l4
[0.686s] Invoked command in '/home/claudio/tiago_public_ws/build/tiago_rgbd_sensors' returned '0': CMAKE_PREFIX_PATH=/opt/ros/humble /usr/bin/cmake --build /home/claudio/tiago_public_ws/build/tiago_rgbd_sensors -- -j4 -l4
[0.688s] Invoking command in '/home/claudio/tiago_public_ws/build/tiago_rgbd_sensors': CMAKE_PREFIX_PATH=/opt/ros/humble /usr/bin/cmake --install /home/claudio/tiago_public_ws/build/tiago_rgbd_sensors
[0.706s] -- Install configuration: ""
[0.707s] -- Execute custom install script
[0.709s] -- Up-to-date symlink: /home/claudio/tiago_public_ws/install/tiago_rgbd_sensors/share/ament_index/resource_index/package_run_dependencies/tiago_rgbd_sensors
[0.710s] -- Up-to-date symlink: /home/claudio/tiago_public_ws/install/tiago_rgbd_sensors/share/ament_index/resource_index/parent_prefix_path/tiago_rgbd_sensors
[0.711s] -- Up-to-date symlink: /home/claudio/tiago_public_ws/install/tiago_rgbd_sensors/share/tiago_rgbd_sensors/environment/ament_prefix_path.sh
[0.712s] -- Up-to-date symlink: /home/claudio/tiago_public_ws/install/tiago_rgbd_sensors/share/tiago_rgbd_sensors/environment/ament_prefix_path.dsv
[0.712s] -- Up-to-date symlink: /home/claudio/tiago_public_ws/install/tiago_rgbd_sensors/share/tiago_rgbd_sensors/environment/path.sh
[0.713s] -- Up-to-date symlink: /home/claudio/tiago_public_ws/install/tiago_rgbd_sensors/share/tiago_rgbd_sensors/environment/path.dsv
[0.714s] -- Up-to-date symlink: /home/claudio/tiago_public_ws/install/tiago_rgbd_sensors/share/tiago_rgbd_sensors/local_setup.bash
[0.715s] -- Up-to-date symlink: /home/claudio/tiago_public_ws/install/tiago_rgbd_sensors/share/tiago_rgbd_sensors/local_setup.sh
[0.716s] -- Up-to-date symlink: /home/claudio/tiago_public_ws/install/tiago_rgbd_sensors/share/tiago_rgbd_sensors/local_setup.zsh
[0.717s] -- Up-to-date symlink: /home/claudio/tiago_public_ws/install/tiago_rgbd_sensors/share/tiago_rgbd_sensors/local_setup.dsv
[0.718s] -- Symlinking: /home/claudio/tiago_public_ws/install/tiago_rgbd_sensors/share/tiago_rgbd_sensors/package.dsv
[0.736s] -- Up-to-date symlink: /home/claudio/tiago_public_ws/install/tiago_rgbd_sensors/share/ament_index/resource_index/packages/tiago_rgbd_sensors
[0.737s] -- Up-to-date symlink: /home/claudio/tiago_public_ws/install/tiago_rgbd_sensors/share/tiago_rgbd_sensors/cmake/tiago_rgbd_sensorsConfig.cmake
[0.738s] -- Up-to-date symlink: /home/claudio/tiago_public_ws/install/tiago_rgbd_sensors/share/tiago_rgbd_sensors/cmake/tiago_rgbd_sensorsConfig-version.cmake
[0.740s] -- Up-to-date symlink: /home/claudio/tiago_public_ws/install/tiago_rgbd_sensors/share/tiago_rgbd_sensors/package.xml
[0.743s] Invoked command in '/home/claudio/tiago_public_ws/build/tiago_rgbd_sensors' returned '0': CMAKE_PREFIX_PATH=/opt/ros/humble /usr/bin/cmake --install /home/claudio/tiago_public_ws/build/tiago_rgbd_sensors
