[0.022s] Invoking command in '/home/claudio/tiago_public_ws/build/pmb2_2dnav': AMENT_PREFIX_PATH=/home/claudio/tiago_public_ws/install/launch_pal:${AMENT_PREFIX_PATH} CMAKE_PREFIX_PATH=/opt/ros/humble PYTHONPATH=/home/claudio/tiago_public_ws/install/launch_pal/lib/python3.10/site-packages:${PYTHONPATH} /usr/bin/cmake /home/claudio/tiago_public_ws/src/pmb2_navigation/pmb2_2dnav -DCMAKE_INSTALL_PREFIX=/home/claudio/tiago_public_ws/install/pmb2_2dnav
[0.053s] -- Found ament_cmake_auto: 1.3.11 (/opt/ros/humble/share/ament_cmake_auto/cmake)
[0.359s] -- Override CMake install command with custom implementation using symlinks instead of copying resources
[0.554s] -- Found ament_lint_auto: 0.12.11 (/opt/ros/humble/share/ament_lint_auto/cmake)
[0.580s] -- Added test 'copyright' to check source files copyright and LICENSE
[0.589s] -- Added test 'flake8' to check Python code syntax and style conventions
[0.593s] -- Added test 'lint_cmake' to check CMake code style
[0.593s] -- Added test 'pep257' to check Python code against some of the docstring style conventions in PEP 257
[0.594s] -- Added test 'xmllint' to check XML markup files
[0.598s] -- Configuring done
[0.613s] -- Generating done
[0.627s] -- Build files have been written to: /home/claudio/tiago_public_ws/build/pmb2_2dnav
[0.628s] Invoked command in '/home/claudio/tiago_public_ws/build/pmb2_2dnav' returned '0': AMENT_PREFIX_PATH=/home/claudio/tiago_public_ws/install/launch_pal:${AMENT_PREFIX_PATH} CMAKE_PREFIX_PATH=/opt/ros/humble PYTHONPATH=/home/claudio/tiago_public_ws/install/launch_pal/lib/python3.10/site-packages:${PYTHONPATH} /usr/bin/cmake /home/claudio/tiago_public_ws/src/pmb2_navigation/pmb2_2dnav -DCMAKE_INSTALL_PREFIX=/home/claudio/tiago_public_ws/install/pmb2_2dnav
[0.632s] Invoking command in '/home/claudio/tiago_public_ws/build/pmb2_2dnav': AMENT_PREFIX_PATH=/home/claudio/tiago_public_ws/install/launch_pal:${AMENT_PREFIX_PATH} CMAKE_PREFIX_PATH=/opt/ros/humble PYTHONPATH=/home/claudio/tiago_public_ws/install/launch_pal/lib/python3.10/site-packages:${PYTHONPATH} /usr/bin/cmake --build /home/claudio/tiago_public_ws/build/pmb2_2dnav -- -j4 -l4
[0.719s] Invoked command in '/home/claudio/tiago_public_ws/build/pmb2_2dnav' returned '0': AMENT_PREFIX_PATH=/home/claudio/tiago_public_ws/install/launch_pal:${AMENT_PREFIX_PATH} CMAKE_PREFIX_PATH=/opt/ros/humble PYTHONPATH=/home/claudio/tiago_public_ws/install/launch_pal/lib/python3.10/site-packages:${PYTHONPATH} /usr/bin/cmake --build /home/claudio/tiago_public_ws/build/pmb2_2dnav -- -j4 -l4
[0.724s] Invoking command in '/home/claudio/tiago_public_ws/build/pmb2_2dnav': AMENT_PREFIX_PATH=/home/claudio/tiago_public_ws/install/launch_pal:${AMENT_PREFIX_PATH} CMAKE_PREFIX_PATH=/opt/ros/humble PYTHONPATH=/home/claudio/tiago_public_ws/install/launch_pal/lib/python3.10/site-packages:${PYTHONPATH} /usr/bin/cmake --install /home/claudio/tiago_public_ws/build/pmb2_2dnav
[0.739s] -- Install configuration: ""
[0.740s] -- Execute custom install script
[0.743s] -- Up-to-date symlink: /home/claudio/tiago_public_ws/install/pmb2_2dnav/share/pmb2_2dnav/config/nav_public_sim.yaml
[0.744s] -- Up-to-date symlink: /home/claudio/tiago_public_ws/install/pmb2_2dnav/share/pmb2_2dnav/config/rviz/navigation.rviz
[0.745s] -- Up-to-date symlink: /home/claudio/tiago_public_ws/install/pmb2_2dnav/share/pmb2_2dnav/launch/localization.launch.py
[0.746s] -- Up-to-date symlink: /home/claudio/tiago_public_ws/install/pmb2_2dnav/share/pmb2_2dnav/launch/navigation.launch.py
[0.747s] -- Up-to-date symlink: /home/claudio/tiago_public_ws/install/pmb2_2dnav/share/pmb2_2dnav/launch/slam.launch.py
[0.749s] -- Up-to-date symlink: /home/claudio/tiago_public_ws/install/pmb2_2dnav/share/ament_index/resource_index/package_run_dependencies/pmb2_2dnav
[0.750s] -- Up-to-date symlink: /home/claudio/tiago_public_ws/install/pmb2_2dnav/share/ament_index/resource_index/parent_prefix_path/pmb2_2dnav
[0.751s] -- Up-to-date symlink: /home/claudio/tiago_public_ws/install/pmb2_2dnav/share/pmb2_2dnav/environment/ament_prefix_path.sh
[0.752s] -- Up-to-date symlink: /home/claudio/tiago_public_ws/install/pmb2_2dnav/share/pmb2_2dnav/environment/ament_prefix_path.dsv
[0.752s] -- Up-to-date symlink: /home/claudio/tiago_public_ws/install/pmb2_2dnav/share/pmb2_2dnav/environment/path.sh
[0.753s] -- Up-to-date symlink: /home/claudio/tiago_public_ws/install/pmb2_2dnav/share/pmb2_2dnav/environment/path.dsv
[0.754s] -- Up-to-date symlink: /home/claudio/tiago_public_ws/install/pmb2_2dnav/share/pmb2_2dnav/local_setup.bash
[0.755s] -- Up-to-date symlink: /home/claudio/tiago_public_ws/install/pmb2_2dnav/share/pmb2_2dnav/local_setup.sh
[0.755s] -- Up-to-date symlink: /home/claudio/tiago_public_ws/install/pmb2_2dnav/share/pmb2_2dnav/local_setup.zsh
[0.757s] -- Up-to-date symlink: /home/claudio/tiago_public_ws/install/pmb2_2dnav/share/pmb2_2dnav/local_setup.dsv
[0.757s] -- Symlinking: /home/claudio/tiago_public_ws/install/pmb2_2dnav/share/pmb2_2dnav/package.dsv
[0.776s] -- Up-to-date symlink: /home/claudio/tiago_public_ws/install/pmb2_2dnav/share/ament_index/resource_index/packages/pmb2_2dnav
[0.777s] -- Up-to-date symlink: /home/claudio/tiago_public_ws/install/pmb2_2dnav/share/pmb2_2dnav/cmake/pmb2_2dnavConfig.cmake
[0.778s] -- Up-to-date symlink: /home/claudio/tiago_public_ws/install/pmb2_2dnav/share/pmb2_2dnav/cmake/pmb2_2dnavConfig-version.cmake
[0.782s] -- Up-to-date symlink: /home/claudio/tiago_public_ws/install/pmb2_2dnav/share/pmb2_2dnav/package.xml
[0.785s] Invoked command in '/home/claudio/tiago_public_ws/build/pmb2_2dnav' returned '0': AMENT_PREFIX_PATH=/home/claudio/tiago_public_ws/install/launch_pal:${AMENT_PREFIX_PATH} CMAKE_PREFIX_PATH=/opt/ros/humble PYTHONPATH=/home/claudio/tiago_public_ws/install/launch_pal/lib/python3.10/site-packages:${PYTHONPATH} /usr/bin/cmake --install /home/claudio/tiago_public_ws/build/pmb2_2dnav
