[3.371s] Invoking command in '/home/claudio/progetto_ros2/src/robot_launcher': PYTHONPATH=/home/claudio/progetto_ros2/build/robot_launcher/prefix_override:/usr/lib/python3/dist-packages/colcon_core/task/python/colcon_distutils_commands:/home/claudio/progetto_ros2/install/robot_launcher/lib/python3.10/site-packages:${PYTHONPATH} /usr/bin/python3 -W ignore:setup.py install is deprecated -W ignore:easy_install command is deprecated setup.py egg_info --egg-base ../../build/robot_launcher build --build-base /home/claudio/progetto_ros2/build/robot_launcher/build install --record /home/claudio/progetto_ros2/build/robot_launcher/install.log --single-version-externally-managed install_data
[4.590s] running egg_info
[4.592s] writing ../../build/robot_launcher/robot_launcher.egg-info/PKG-INFO
[4.597s] writing dependency_links to ../../build/robot_launcher/robot_launcher.egg-info/dependency_links.txt
[4.605s] writing entry points to ../../build/robot_launcher/robot_launcher.egg-info/entry_points.txt
[4.605s] writing requirements to ../../build/robot_launcher/robot_launcher.egg-info/requires.txt
[4.606s] writing top-level names to ../../build/robot_launcher/robot_launcher.egg-info/top_level.txt
[4.611s] reading manifest file '../../build/robot_launcher/robot_launcher.egg-info/SOURCES.txt'
[4.618s] writing manifest file '../../build/robot_launcher/robot_launcher.egg-info/SOURCES.txt'
[4.619s] running build
[4.624s] running build_py
[4.628s] running install
[4.628s] running install_lib
[4.632s] running install_data
[4.634s] running install_egg_info
[4.640s] removing '/home/claudio/progetto_ros2/install/robot_launcher/lib/python3.10/site-packages/robot_launcher-0.0.0-py3.10.egg-info' (and everything under it)
[4.647s] Copying ../../build/robot_launcher/robot_launcher.egg-info to /home/claudio/progetto_ros2/install/robot_launcher/lib/python3.10/site-packages/robot_launcher-0.0.0-py3.10.egg-info
[4.650s] running install_scripts
[4.704s] writing list of installed files to '/home/claudio/progetto_ros2/build/robot_launcher/install.log'
[4.801s] Invoked command in '/home/claudio/progetto_ros2/src/robot_launcher' returned '0': PYTHONPATH=/home/claudio/progetto_ros2/build/robot_launcher/prefix_override:/usr/lib/python3/dist-packages/colcon_core/task/python/colcon_distutils_commands:/home/claudio/progetto_ros2/install/robot_launcher/lib/python3.10/site-packages:${PYTHONPATH} /usr/bin/python3 -W ignore:setup.py install is deprecated -W ignore:easy_install command is deprecated setup.py egg_info --egg-base ../../build/robot_launcher build --build-base /home/claudio/progetto_ros2/build/robot_launcher/build install --record /home/claudio/progetto_ros2/build/robot_launcher/install.log --single-version-externally-managed install_data
