[0.022s] Invoking command in '/home/claudio/tiago_public_ws/build/pmb2_rgbd_sensors': AMENT_PREFIX_PATH=/home/claudio/tiago_public_ws/install/launch_pal:${AMENT_PREFIX_PATH} CMAKE_PREFIX_PATH=/opt/ros/humble PYTHONPATH=/home/claudio/tiago_public_ws/install/launch_pal/lib/python3.10/site-packages:${PYTHONPATH} /usr/bin/cmake /home/claudio/tiago_public_ws/src/pmb2_navigation/pmb2_rgbd_sensors -DCMAKE_INSTALL_PREFIX=/home/claudio/tiago_public_ws/install/pmb2_rgbd_sensors
[0.048s] -- Found ament_cmake_auto: 1.3.11 (/opt/ros/humble/share/ament_cmake_auto/cmake)
[0.337s] -- Override CMake install command with custom implementation using symlinks instead of copying resources
[0.541s] -- Added test 'copyright' to check source files copyright and LICENSE
[0.546s] -- Added test 'flake8' to check Python code syntax and style conventions
[0.547s] -- Added test 'lint_cmake' to check CMake code style
[0.548s] -- Added test 'pep257' to check Python code against some of the docstring style conventions in PEP 257
[0.550s] -- Added test 'xmllint' to check XML markup files
[0.553s] -- Configuring done
[0.563s] -- Generating done
[0.567s] -- Build files have been written to: /home/claudio/tiago_public_ws/build/pmb2_rgbd_sensors
[0.575s] Invoked command in '/home/claudio/tiago_public_ws/build/pmb2_rgbd_sensors' returned '0': AMENT_PREFIX_PATH=/home/claudio/tiago_public_ws/install/launch_pal:${AMENT_PREFIX_PATH} CMAKE_PREFIX_PATH=/opt/ros/humble PYTHONPATH=/home/claudio/tiago_public_ws/install/launch_pal/lib/python3.10/site-packages:${PYTHONPATH} /usr/bin/cmake /home/claudio/tiago_public_ws/src/pmb2_navigation/pmb2_rgbd_sensors -DCMAKE_INSTALL_PREFIX=/home/claudio/tiago_public_ws/install/pmb2_rgbd_sensors
[0.576s] Invoking command in '/home/claudio/tiago_public_ws/build/pmb2_rgbd_sensors': AMENT_PREFIX_PATH=/home/claudio/tiago_public_ws/install/launch_pal:${AMENT_PREFIX_PATH} CMAKE_PREFIX_PATH=/opt/ros/humble PYTHONPATH=/home/claudio/tiago_public_ws/install/launch_pal/lib/python3.10/site-packages:${PYTHONPATH} /usr/bin/cmake --build /home/claudio/tiago_public_ws/build/pmb2_rgbd_sensors -- -j4 -l4
[0.739s] Invoked command in '/home/claudio/tiago_public_ws/build/pmb2_rgbd_sensors' returned '0': AMENT_PREFIX_PATH=/home/claudio/tiago_public_ws/install/launch_pal:${AMENT_PREFIX_PATH} CMAKE_PREFIX_PATH=/opt/ros/humble PYTHONPATH=/home/claudio/tiago_public_ws/install/launch_pal/lib/python3.10/site-packages:${PYTHONPATH} /usr/bin/cmake --build /home/claudio/tiago_public_ws/build/pmb2_rgbd_sensors -- -j4 -l4
[0.744s] Invoking command in '/home/claudio/tiago_public_ws/build/pmb2_rgbd_sensors': AMENT_PREFIX_PATH=/home/claudio/tiago_public_ws/install/launch_pal:${AMENT_PREFIX_PATH} CMAKE_PREFIX_PATH=/opt/ros/humble PYTHONPATH=/home/claudio/tiago_public_ws/install/launch_pal/lib/python3.10/site-packages:${PYTHONPATH} /usr/bin/cmake --install /home/claudio/tiago_public_ws/build/pmb2_rgbd_sensors
[0.754s] -- Install configuration: ""
[0.757s] -- Execute custom install script
[0.758s] -- Up-to-date symlink: /home/claudio/tiago_public_ws/install/pmb2_rgbd_sensors/share/pmb2_rgbd_sensors/launch/rgbd_cobra_realsense-d435.launch.py
[0.761s] -- Up-to-date symlink: /home/claudio/tiago_public_ws/install/pmb2_rgbd_sensors/share/pmb2_rgbd_sensors/launch/rgbd_cobra_realsense-d435i.launch.py
[0.761s] -- Up-to-date symlink: /home/claudio/tiago_public_ws/install/pmb2_rgbd_sensors/share/pmb2_rgbd_sensors/launch/rgbd_cobra_structure.launch.py
[0.763s] -- Up-to-date symlink: /home/claudio/tiago_public_ws/install/pmb2_rgbd_sensors/share/ament_index/resource_index/package_run_dependencies/pmb2_rgbd_sensors
[0.764s] -- Up-to-date symlink: /home/claudio/tiago_public_ws/install/pmb2_rgbd_sensors/share/ament_index/resource_index/parent_prefix_path/pmb2_rgbd_sensors
[0.766s] -- Up-to-date symlink: /home/claudio/tiago_public_ws/install/pmb2_rgbd_sensors/share/pmb2_rgbd_sensors/environment/ament_prefix_path.sh
[0.766s] -- Up-to-date symlink: /home/claudio/tiago_public_ws/install/pmb2_rgbd_sensors/share/pmb2_rgbd_sensors/environment/ament_prefix_path.dsv
[0.767s] -- Up-to-date symlink: /home/claudio/tiago_public_ws/install/pmb2_rgbd_sensors/share/pmb2_rgbd_sensors/environment/path.sh
[0.768s] -- Up-to-date symlink: /home/claudio/tiago_public_ws/install/pmb2_rgbd_sensors/share/pmb2_rgbd_sensors/environment/path.dsv
[0.768s] -- Up-to-date symlink: /home/claudio/tiago_public_ws/install/pmb2_rgbd_sensors/share/pmb2_rgbd_sensors/local_setup.bash
[0.769s] -- Up-to-date symlink: /home/claudio/tiago_public_ws/install/pmb2_rgbd_sensors/share/pmb2_rgbd_sensors/local_setup.sh
[0.770s] -- Up-to-date symlink: /home/claudio/tiago_public_ws/install/pmb2_rgbd_sensors/share/pmb2_rgbd_sensors/local_setup.zsh
[0.771s] -- Up-to-date symlink: /home/claudio/tiago_public_ws/install/pmb2_rgbd_sensors/share/pmb2_rgbd_sensors/local_setup.dsv
[0.771s] -- Symlinking: /home/claudio/tiago_public_ws/install/pmb2_rgbd_sensors/share/pmb2_rgbd_sensors/package.dsv
[0.790s] -- Up-to-date symlink: /home/claudio/tiago_public_ws/install/pmb2_rgbd_sensors/share/ament_index/resource_index/packages/pmb2_rgbd_sensors
[0.791s] -- Up-to-date symlink: /home/claudio/tiago_public_ws/install/pmb2_rgbd_sensors/share/pmb2_rgbd_sensors/cmake/pmb2_rgbd_sensorsConfig.cmake
[0.792s] -- Up-to-date symlink: /home/claudio/tiago_public_ws/install/pmb2_rgbd_sensors/share/pmb2_rgbd_sensors/cmake/pmb2_rgbd_sensorsConfig-version.cmake
[0.792s] -- Up-to-date symlink: /home/claudio/tiago_public_ws/install/pmb2_rgbd_sensors/share/pmb2_rgbd_sensors/package.xml
[0.797s] Invoked command in '/home/claudio/tiago_public_ws/build/pmb2_rgbd_sensors' returned '0': AMENT_PREFIX_PATH=/home/claudio/tiago_public_ws/install/launch_pal:${AMENT_PREFIX_PATH} CMAKE_PREFIX_PATH=/opt/ros/humble PYTHONPATH=/home/claudio/tiago_public_ws/install/launch_pal/lib/python3.10/site-packages:${PYTHONPATH} /usr/bin/cmake --install /home/claudio/tiago_public_ws/build/pmb2_rgbd_sensors
