[0.024s] Invoking command in '/home/claudio/tiago_public_ws/build/tiago_2dnav': AMENT_PREFIX_PATH=/home/claudio/tiago_public_ws/install/pmb2_2dnav:/home/claudio/tiago_public_ws/install/launch_pal:${AMENT_PREFIX_PATH} CMAKE_PREFIX_PATH=/home/claudio/tiago_public_ws/install/pmb2_2dnav:/opt/ros/humble PYTHONPATH=/home/claudio/tiago_public_ws/build/launch_pal:/home/claudio/tiago_public_ws/install/launch_pal/lib/python3.10/site-packages:${PYTHONPATH} /usr/bin/cmake /home/claudio/tiago_public_ws/src/tiago_navigation/tiago_2dnav -DAMENT_CMAKE_SYMLINK_INSTALL=1 -DCMAKE_INSTALL_PREFIX=/home/claudio/tiago_public_ws/install/tiago_2dnav
[0.269s] -- The C compiler identification is GNU 11.4.0
[0.503s] -- The CXX compiler identification is GNU 11.4.0
[0.529s] -- Detecting C compiler ABI info
[0.819s] -- Detecting C compiler ABI info - done
[0.862s] -- Check for working C compiler: /usr/bin/cc - skipped
[0.862s] -- Detecting C compile features
[0.862s] -- Detecting C compile features - done
[0.870s] -- Detecting CXX compiler ABI info
[1.209s] -- Detecting CXX compiler ABI info - done
[1.272s] -- Check for working CXX compiler: /usr/bin/c++ - skipped
[1.277s] -- Detecting CXX compile features
[1.279s] -- Detecting CXX compile features - done
[1.289s] -- Found ament_cmake_auto: 1.3.11 (/opt/ros/humble/share/ament_cmake_auto/cmake)
[1.937s] -- Found Python3: /usr/bin/python3 (found version "3.10.12") found components: Interpreter 
[2.121s] -- Override CMake install command with custom implementation using symlinks instead of copying resources
[2.479s] -- Found ament_lint_auto: 0.12.11 (/opt/ros/humble/share/ament_lint_auto/cmake)
[2.603s] -- Added test 'copyright' to check source files copyright and LICENSE
[2.607s] -- Added test 'lint_cmake' to check CMake code style
[2.614s] -- Added test 'xmllint' to check XML markup files
[2.621s] -- Configuring done
[2.632s] -- Generating done
[2.633s] -- Build files have been written to: /home/claudio/tiago_public_ws/build/tiago_2dnav
[2.647s] Invoked command in '/home/claudio/tiago_public_ws/build/tiago_2dnav' returned '0': AMENT_PREFIX_PATH=/home/claudio/tiago_public_ws/install/pmb2_2dnav:/home/claudio/tiago_public_ws/install/launch_pal:${AMENT_PREFIX_PATH} CMAKE_PREFIX_PATH=/home/claudio/tiago_public_ws/install/pmb2_2dnav:/opt/ros/humble PYTHONPATH=/home/claudio/tiago_public_ws/build/launch_pal:/home/claudio/tiago_public_ws/install/launch_pal/lib/python3.10/site-packages:${PYTHONPATH} /usr/bin/cmake /home/claudio/tiago_public_ws/src/tiago_navigation/tiago_2dnav -DAMENT_CMAKE_SYMLINK_INSTALL=1 -DCMAKE_INSTALL_PREFIX=/home/claudio/tiago_public_ws/install/tiago_2dnav
[2.648s] Invoking command in '/home/claudio/tiago_public_ws/build/tiago_2dnav': AMENT_PREFIX_PATH=/home/claudio/tiago_public_ws/install/pmb2_2dnav:/home/claudio/tiago_public_ws/install/launch_pal:${AMENT_PREFIX_PATH} CMAKE_PREFIX_PATH=/home/claudio/tiago_public_ws/install/pmb2_2dnav:/opt/ros/humble PYTHONPATH=/home/claudio/tiago_public_ws/build/launch_pal:/home/claudio/tiago_public_ws/install/launch_pal/lib/python3.10/site-packages:${PYTHONPATH} /usr/bin/cmake --build /home/claudio/tiago_public_ws/build/tiago_2dnav -- -j4 -l4
[2.803s] Invoked command in '/home/claudio/tiago_public_ws/build/tiago_2dnav' returned '0': AMENT_PREFIX_PATH=/home/claudio/tiago_public_ws/install/pmb2_2dnav:/home/claudio/tiago_public_ws/install/launch_pal:${AMENT_PREFIX_PATH} CMAKE_PREFIX_PATH=/home/claudio/tiago_public_ws/install/pmb2_2dnav:/opt/ros/humble PYTHONPATH=/home/claudio/tiago_public_ws/build/launch_pal:/home/claudio/tiago_public_ws/install/launch_pal/lib/python3.10/site-packages:${PYTHONPATH} /usr/bin/cmake --build /home/claudio/tiago_public_ws/build/tiago_2dnav -- -j4 -l4
[2.804s] Invoking command in '/home/claudio/tiago_public_ws/build/tiago_2dnav': AMENT_PREFIX_PATH=/home/claudio/tiago_public_ws/install/pmb2_2dnav:/home/claudio/tiago_public_ws/install/launch_pal:${AMENT_PREFIX_PATH} CMAKE_PREFIX_PATH=/home/claudio/tiago_public_ws/install/pmb2_2dnav:/opt/ros/humble PYTHONPATH=/home/claudio/tiago_public_ws/build/launch_pal:/home/claudio/tiago_public_ws/install/launch_pal/lib/python3.10/site-packages:${PYTHONPATH} /usr/bin/cmake --install /home/claudio/tiago_public_ws/build/tiago_2dnav
[2.827s] -- Install configuration: ""
[2.829s] -- Execute custom install script
[2.829s] -- Symlinking: /home/claudio/tiago_public_ws/install/tiago_2dnav/share/ament_index/resource_index/package_run_dependencies/tiago_2dnav
[2.873s] -- Symlinking: /home/claudio/tiago_public_ws/install/tiago_2dnav/share/ament_index/resource_index/parent_prefix_path/tiago_2dnav
[2.903s] -- Symlinking: /home/claudio/tiago_public_ws/install/tiago_2dnav/share/tiago_2dnav/environment/ament_prefix_path.sh
[2.935s] -- Symlinking: /home/claudio/tiago_public_ws/install/tiago_2dnav/share/tiago_2dnav/environment/ament_prefix_path.dsv
[2.970s] -- Symlinking: /home/claudio/tiago_public_ws/install/tiago_2dnav/share/tiago_2dnav/environment/path.sh
[3.005s] -- Symlinking: /home/claudio/tiago_public_ws/install/tiago_2dnav/share/tiago_2dnav/environment/path.dsv
[3.044s] -- Symlinking: /home/claudio/tiago_public_ws/install/tiago_2dnav/share/tiago_2dnav/local_setup.bash
[3.085s] -- Symlinking: /home/claudio/tiago_public_ws/install/tiago_2dnav/share/tiago_2dnav/local_setup.sh
[3.108s] -- Symlinking: /home/claudio/tiago_public_ws/install/tiago_2dnav/share/tiago_2dnav/local_setup.zsh
[3.126s] -- Symlinking: /home/claudio/tiago_public_ws/install/tiago_2dnav/share/tiago_2dnav/local_setup.dsv
[3.145s] -- Symlinking: /home/claudio/tiago_public_ws/install/tiago_2dnav/share/tiago_2dnav/package.dsv
[3.176s] -- Symlinking: /home/claudio/tiago_public_ws/install/tiago_2dnav/share/ament_index/resource_index/packages/tiago_2dnav
[3.195s] -- Symlinking: /home/claudio/tiago_public_ws/install/tiago_2dnav/share/tiago_2dnav/cmake/tiago_2dnavConfig.cmake
[3.227s] -- Symlinking: /home/claudio/tiago_public_ws/install/tiago_2dnav/share/tiago_2dnav/cmake/tiago_2dnavConfig-version.cmake
[3.249s] -- Symlinking: /home/claudio/tiago_public_ws/install/tiago_2dnav/share/tiago_2dnav/package.xml
[3.300s] Invoked command in '/home/claudio/tiago_public_ws/build/tiago_2dnav' returned '0': AMENT_PREFIX_PATH=/home/claudio/tiago_public_ws/install/pmb2_2dnav:/home/claudio/tiago_public_ws/install/launch_pal:${AMENT_PREFIX_PATH} CMAKE_PREFIX_PATH=/home/claudio/tiago_public_ws/install/pmb2_2dnav:/opt/ros/humble PYTHONPATH=/home/claudio/tiago_public_ws/build/launch_pal:/home/claudio/tiago_public_ws/install/launch_pal/lib/python3.10/site-packages:${PYTHONPATH} /usr/bin/cmake --install /home/claudio/tiago_public_ws/build/tiago_2dnav
