[6.094s] Invoking command in '/home/claudio/progetto_ros2/src/robot_launcher': PYTHONPATH=/home/claudio/progetto_ros2/build/robot_launcher/prefix_override:/usr/lib/python3/dist-packages/colcon_core/task/python/colcon_distutils_commands:/home/claudio/progetto_ros2/install/robot_launcher/lib/python3.10/site-packages:${PYTHONPATH} /usr/bin/python3 -W ignore:setup.py install is deprecated -W ignore:easy_install command is deprecated setup.py egg_info --egg-base ../../build/robot_launcher build --build-base /home/claudio/progetto_ros2/build/robot_launcher/build install --record /home/claudio/progetto_ros2/build/robot_launcher/install.log --single-version-externally-managed install_data
[7.459s] running egg_info
[7.463s] writing ../../build/robot_launcher/robot_launcher.egg-info/PKG-INFO
[7.463s] writing dependency_links to ../../build/robot_launcher/robot_launcher.egg-info/dependency_links.txt
[7.464s] writing entry points to ../../build/robot_launcher/robot_launcher.egg-info/entry_points.txt
[7.465s] writing requirements to ../../build/robot_launcher/robot_launcher.egg-info/requires.txt
[7.466s] writing top-level names to ../../build/robot_launcher/robot_launcher.egg-info/top_level.txt
[7.476s] reading manifest file '../../build/robot_launcher/robot_launcher.egg-info/SOURCES.txt'
[7.479s] writing manifest file '../../build/robot_launcher/robot_launcher.egg-info/SOURCES.txt'
[7.480s] running build
[7.481s] running build_py
[7.482s] running install
[7.483s] running install_lib
[7.488s] running install_data
[7.489s] running install_egg_info
[7.500s] removing '/home/claudio/progetto_ros2/install/robot_launcher/lib/python3.10/site-packages/robot_launcher-0.0.0-py3.10.egg-info' (and everything under it)
[7.504s] Copying ../../build/robot_launcher/robot_launcher.egg-info to /home/claudio/progetto_ros2/install/robot_launcher/lib/python3.10/site-packages/robot_launcher-0.0.0-py3.10.egg-info
[7.511s] running install_scripts
[7.595s] writing list of installed files to '/home/claudio/progetto_ros2/build/robot_launcher/install.log'
[7.721s] Invoked command in '/home/claudio/progetto_ros2/src/robot_launcher' returned '0': PYTHONPATH=/home/claudio/progetto_ros2/build/robot_launcher/prefix_override:/usr/lib/python3/dist-packages/colcon_core/task/python/colcon_distutils_commands:/home/claudio/progetto_ros2/install/robot_launcher/lib/python3.10/site-packages:${PYTHONPATH} /usr/bin/python3 -W ignore:setup.py install is deprecated -W ignore:easy_install command is deprecated setup.py egg_info --egg-base ../../build/robot_launcher build --build-base /home/claudio/progetto_ros2/build/robot_launcher/build install --record /home/claudio/progetto_ros2/build/robot_launcher/install.log --single-version-externally-managed install_data
