[0.925s] Invoking command in '/home/claudio/Desktop/progetto_ros2/src/robot_nodes': PYTHONPATH=/home/claudio/Desktop/progetto_ros2/build/robot_nodes/prefix_override:/usr/lib/python3/dist-packages/colcon_core/task/python/colcon_distutils_commands:/home/claudio/Desktop/progetto_ros2/install/robot_nodes/lib/python3.10/site-packages:${PYTHONPATH} /usr/bin/python3 -W ignore:setup.py install is deprecated -W ignore:easy_install command is deprecated setup.py egg_info --egg-base ../../build/robot_nodes build --build-base /home/claudio/Desktop/progetto_ros2/build/robot_nodes/build install --record /home/claudio/Desktop/progetto_ros2/build/robot_nodes/install.log --single-version-externally-managed install_data
[1.261s] running egg_info
[1.262s] writing ../../build/robot_nodes/robot_nodes.egg-info/PKG-INFO
[1.263s] writing dependency_links to ../../build/robot_nodes/robot_nodes.egg-info/dependency_links.txt
[1.263s] writing entry points to ../../build/robot_nodes/robot_nodes.egg-info/entry_points.txt
[1.263s] writing requirements to ../../build/robot_nodes/robot_nodes.egg-info/requires.txt
[1.263s] writing top-level names to ../../build/robot_nodes/robot_nodes.egg-info/top_level.txt
[1.265s] reading manifest file '../../build/robot_nodes/robot_nodes.egg-info/SOURCES.txt'
[1.267s] writing manifest file '../../build/robot_nodes/robot_nodes.egg-info/SOURCES.txt'
[1.267s] running build
[1.267s] running build_py
[1.267s] copying robot_nodes/aruco_detector_node.py -> /home/claudio/Desktop/progetto_ros2/build/robot_nodes/build/lib/robot_nodes
[1.268s] running install
[1.268s] running install_lib
[1.270s] copying /home/claudio/Desktop/progetto_ros2/build/robot_nodes/build/lib/robot_nodes/aruco_detector_node.py -> /home/claudio/Desktop/progetto_ros2/install/robot_nodes/lib/python3.10/site-packages/robot_nodes
[1.270s] byte-compiling /home/claudio/Desktop/progetto_ros2/install/robot_nodes/lib/python3.10/site-packages/robot_nodes/aruco_detector_node.py to aruco_detector_node.cpython-310.pyc
[1.273s] running install_data
[1.273s] running install_egg_info
[1.276s] removing '/home/claudio/Desktop/progetto_ros2/install/robot_nodes/lib/python3.10/site-packages/robot_nodes-0.0.0-py3.10.egg-info' (and everything under it)
[1.276s] Copying ../../build/robot_nodes/robot_nodes.egg-info to /home/claudio/Desktop/progetto_ros2/install/robot_nodes/lib/python3.10/site-packages/robot_nodes-0.0.0-py3.10.egg-info
[1.277s] running install_scripts
[1.302s] Installing aruco_detector_node script to /home/claudio/Desktop/progetto_ros2/install/robot_nodes/lib/robot_nodes
[1.302s] Installing head_movement_action_node script to /home/claudio/Desktop/progetto_ros2/install/robot_nodes/lib/robot_nodes
[1.302s] Installing ik script to /home/claudio/Desktop/progetto_ros2/install/robot_nodes/lib/robot_nodes
[1.302s] Installing state_machine script to /home/claudio/Desktop/progetto_ros2/install/robot_nodes/lib/robot_nodes
[1.302s] writing list of installed files to '/home/claudio/Desktop/progetto_ros2/build/robot_nodes/install.log'
[1.330s] Invoked command in '/home/claudio/Desktop/progetto_ros2/src/robot_nodes' returned '0': PYTHONPATH=/home/claudio/Desktop/progetto_ros2/build/robot_nodes/prefix_override:/usr/lib/python3/dist-packages/colcon_core/task/python/colcon_distutils_commands:/home/claudio/Desktop/progetto_ros2/install/robot_nodes/lib/python3.10/site-packages:${PYTHONPATH} /usr/bin/python3 -W ignore:setup.py install is deprecated -W ignore:easy_install command is deprecated setup.py egg_info --egg-base ../../build/robot_nodes build --build-base /home/claudio/Desktop/progetto_ros2/build/robot_nodes/build install --record /home/claudio/Desktop/progetto_ros2/build/robot_nodes/install.log --single-version-externally-managed install_data
