[0.776s] DEBUG:colcon:Command line arguments: ['/usr/bin/colcon', 'build']
[0.777s] DEBUG:colcon:Parsed command line arguments: Namespace(log_base=None, log_level=None, verb_name='build', build_base='build', install_base='install', merge_install=False, symlink_install=False, test_result_base=None, continue_on_error=False, executor='parallel', parallel_workers=4, event_handlers=None, ignore_user_meta=False, metas=['./colcon.meta'], base_paths=['.'], packages_ignore=None, packages_ignore_regex=None, paths=None, packages_up_to=None, packages_up_to_regex=None, packages_above=None, packages_above_and_dependencies=None, packages_above_depth=None, packages_select_by_dep=None, packages_skip_by_dep=None, packages_skip_up_to=None, packages_select_build_failed=False, packages_skip_build_finished=False, packages_select_test_failures=False, packages_skip_test_passed=False, packages_select=None, packages_skip=None, packages_select_regex=None, packages_skip_regex=None, packages_start=None, packages_end=None, allow_overriding=[], cmake_args=None, cmake_target=None, cmake_target_skip_unavailable=False, cmake_clean_cache=False, cmake_clean_first=False, cmake_force_configure=False, ament_cmake_args=None, catkin_cmake_args=None, catkin_skip_building_tests=False, verb_parser=<colcon_defaults.argument_parser.defaults.DefaultArgumentsDecorator object at 0x774f8bc52920>, verb_extension=<colcon_core.verb.build.BuildVerb object at 0x774f8bd90400>, main=<bound method BuildVerb.main of <colcon_core.verb.build.BuildVerb object at 0x774f8bd90400>>)
[2.083s] Level 1:colcon.colcon_core.package_discovery:discover_packages(colcon_meta) check parameters
[2.084s] Level 1:colcon.colcon_core.package_discovery:discover_packages(recursive) check parameters
[2.084s] Level 1:colcon.colcon_core.package_discovery:discover_packages(ignore) check parameters
[2.084s] Level 1:colcon.colcon_core.package_discovery:discover_packages(path) check parameters
[2.085s] Level 1:colcon.colcon_core.package_discovery:discover_packages(colcon_meta) discover
[2.085s] Level 1:colcon.colcon_core.package_discovery:discover_packages(recursive) discover
[2.085s] INFO:colcon.colcon_core.package_discovery:Crawling recursively for packages in '/home/claudio/progetto_ros2'
[2.086s] Level 1:colcon.colcon_core.package_identification:_identify(.) by extensions ['ignore', 'ignore_ament_install']
[2.086s] Level 1:colcon.colcon_core.package_identification:_identify(.) by extension 'ignore'
[2.087s] Level 1:colcon.colcon_core.package_identification:_identify(.) by extension 'ignore_ament_install'
[2.088s] Level 1:colcon.colcon_core.package_identification:_identify(.) by extensions ['colcon_pkg']
[2.088s] Level 1:colcon.colcon_core.package_identification:_identify(.) by extension 'colcon_pkg'
[2.088s] Level 1:colcon.colcon_core.package_identification:_identify(.) by extensions ['colcon_meta']
[2.088s] Level 1:colcon.colcon_core.package_identification:_identify(.) by extension 'colcon_meta'
[2.089s] Level 1:colcon.colcon_core.package_identification:_identify(.) by extensions ['ros']
[2.089s] Level 1:colcon.colcon_core.package_identification:_identify(.) by extension 'ros'
[2.157s] Level 1:colcon.colcon_core.package_identification:_identify(.) by extensions ['cmake', 'python']
[2.158s] Level 1:colcon.colcon_core.package_identification:_identify(.) by extension 'cmake'
[2.158s] Level 1:colcon.colcon_core.package_identification:_identify(.) by extension 'python'
[2.159s] Level 1:colcon.colcon_core.package_identification:_identify(.) by extensions ['python_setup_py']
[2.160s] Level 1:colcon.colcon_core.package_identification:_identify(.) by extension 'python_setup_py'
[2.161s] Level 1:colcon.colcon_core.package_identification:_identify(build) by extensions ['ignore', 'ignore_ament_install']
[2.162s] Level 1:colcon.colcon_core.package_identification:_identify(build) by extension 'ignore'
[2.163s] Level 1:colcon.colcon_core.package_identification:_identify(build) ignored
[2.164s] Level 1:colcon.colcon_core.package_identification:_identify(install) by extensions ['ignore', 'ignore_ament_install']
[2.165s] Level 1:colcon.colcon_core.package_identification:_identify(install) by extension 'ignore'
[2.165s] Level 1:colcon.colcon_core.package_identification:_identify(install) ignored
[2.166s] Level 1:colcon.colcon_core.package_identification:_identify(log) by extensions ['ignore', 'ignore_ament_install']
[2.166s] Level 1:colcon.colcon_core.package_identification:_identify(log) by extension 'ignore'
[2.167s] Level 1:colcon.colcon_core.package_identification:_identify(log) ignored
[2.168s] Level 1:colcon.colcon_core.package_identification:_identify(src) by extensions ['ignore', 'ignore_ament_install']
[2.168s] Level 1:colcon.colcon_core.package_identification:_identify(src) by extension 'ignore'
[2.168s] Level 1:colcon.colcon_core.package_identification:_identify(src) by extension 'ignore_ament_install'
[2.169s] Level 1:colcon.colcon_core.package_identification:_identify(src) by extensions ['colcon_pkg']
[2.169s] Level 1:colcon.colcon_core.package_identification:_identify(src) by extension 'colcon_pkg'
[2.169s] Level 1:colcon.colcon_core.package_identification:_identify(src) by extensions ['colcon_meta']
[2.170s] Level 1:colcon.colcon_core.package_identification:_identify(src) by extension 'colcon_meta'
[2.170s] Level 1:colcon.colcon_core.package_identification:_identify(src) by extensions ['ros']
[2.170s] Level 1:colcon.colcon_core.package_identification:_identify(src) by extension 'ros'
[2.171s] Level 1:colcon.colcon_core.package_identification:_identify(src) by extensions ['cmake', 'python']
[2.171s] Level 1:colcon.colcon_core.package_identification:_identify(src) by extension 'cmake'
[2.171s] Level 1:colcon.colcon_core.package_identification:_identify(src) by extension 'python'
[2.171s] Level 1:colcon.colcon_core.package_identification:_identify(src) by extensions ['python_setup_py']
[2.172s] Level 1:colcon.colcon_core.package_identification:_identify(src) by extension 'python_setup_py'
[2.172s] Level 1:colcon.colcon_core.package_identification:_identify(src/robot_launcher) by extensions ['ignore', 'ignore_ament_install']
[2.173s] Level 1:colcon.colcon_core.package_identification:_identify(src/robot_launcher) by extension 'ignore'
[2.173s] Level 1:colcon.colcon_core.package_identification:_identify(src/robot_launcher) by extension 'ignore_ament_install'
[2.173s] Level 1:colcon.colcon_core.package_identification:_identify(src/robot_launcher) by extensions ['colcon_pkg']
[2.173s] Level 1:colcon.colcon_core.package_identification:_identify(src/robot_launcher) by extension 'colcon_pkg'
[2.174s] Level 1:colcon.colcon_core.package_identification:_identify(src/robot_launcher) by extensions ['colcon_meta']
[2.174s] Level 1:colcon.colcon_core.package_identification:_identify(src/robot_launcher) by extension 'colcon_meta'
[2.174s] Level 1:colcon.colcon_core.package_identification:_identify(src/robot_launcher) by extensions ['ros']
[2.174s] Level 1:colcon.colcon_core.package_identification:_identify(src/robot_launcher) by extension 'ros'
[2.188s] DEBUG:colcon.colcon_core.package_identification:Package 'src/robot_launcher' with type 'ros.ament_python' and name 'robot_launcher'
[2.189s] Level 1:colcon.colcon_core.package_identification:_identify(src/robot_nodes) by extensions ['ignore', 'ignore_ament_install']
[2.189s] Level 1:colcon.colcon_core.package_identification:_identify(src/robot_nodes) by extension 'ignore'
[2.189s] Level 1:colcon.colcon_core.package_identification:_identify(src/robot_nodes) by extension 'ignore_ament_install'
[2.190s] Level 1:colcon.colcon_core.package_identification:_identify(src/robot_nodes) by extensions ['colcon_pkg']
[2.190s] Level 1:colcon.colcon_core.package_identification:_identify(src/robot_nodes) by extension 'colcon_pkg'
[2.190s] Level 1:colcon.colcon_core.package_identification:_identify(src/robot_nodes) by extensions ['colcon_meta']
[2.190s] Level 1:colcon.colcon_core.package_identification:_identify(src/robot_nodes) by extension 'colcon_meta'
[2.191s] Level 1:colcon.colcon_core.package_identification:_identify(src/robot_nodes) by extensions ['ros']
[2.191s] Level 1:colcon.colcon_core.package_identification:_identify(src/robot_nodes) by extension 'ros'
[2.194s] DEBUG:colcon.colcon_core.package_identification:Package 'src/robot_nodes' with type 'ros.ament_python' and name 'robot_nodes'
[2.194s] Level 1:colcon.colcon_core.package_discovery:discover_packages(recursive) using defaults
[2.194s] Level 1:colcon.colcon_core.package_discovery:discover_packages(ignore) discover
[2.195s] Level 1:colcon.colcon_core.package_discovery:discover_packages(ignore) using defaults
[2.195s] Level 1:colcon.colcon_core.package_discovery:discover_packages(path) discover
[2.195s] Level 1:colcon.colcon_core.package_discovery:discover_packages(path) using defaults
[2.392s] Level 1:colcon.colcon_core.package_discovery:discover_packages(prefix_path) check parameters
[2.392s] Level 1:colcon.colcon_core.package_discovery:discover_packages(prefix_path) discover
[2.414s] DEBUG:colcon.colcon_installed_package_information.package_discovery:Found 2 installed packages in /home/claudio/progetto_ros2/install
[2.422s] DEBUG:colcon.colcon_installed_package_information.package_discovery:Found 39 installed packages in /home/claudio/tiago_public_ws/install
[2.433s] DEBUG:colcon.colcon_installed_package_information.package_discovery:Found 391 installed packages in /opt/ros/humble
[2.447s] Level 1:colcon.colcon_core.package_discovery:discover_packages(prefix_path) using defaults
[2.868s] Level 5:colcon.colcon_core.verb:set package 'robot_launcher' build argument 'cmake_args' from command line to 'None'
[2.869s] Level 5:colcon.colcon_core.verb:set package 'robot_launcher' build argument 'cmake_target' from command line to 'None'
[2.869s] Level 5:colcon.colcon_core.verb:set package 'robot_launcher' build argument 'cmake_target_skip_unavailable' from command line to 'False'
[2.869s] Level 5:colcon.colcon_core.verb:set package 'robot_launcher' build argument 'cmake_clean_cache' from command line to 'False'
[2.869s] Level 5:colcon.colcon_core.verb:set package 'robot_launcher' build argument 'cmake_clean_first' from command line to 'False'
[2.870s] Level 5:colcon.colcon_core.verb:set package 'robot_launcher' build argument 'cmake_force_configure' from command line to 'False'
[2.870s] Level 5:colcon.colcon_core.verb:set package 'robot_launcher' build argument 'ament_cmake_args' from command line to 'None'
[2.870s] Level 5:colcon.colcon_core.verb:set package 'robot_launcher' build argument 'catkin_cmake_args' from command line to 'None'
[2.870s] Level 5:colcon.colcon_core.verb:set package 'robot_launcher' build argument 'catkin_skip_building_tests' from command line to 'False'
[2.870s] DEBUG:colcon.colcon_core.verb:Building package 'robot_launcher' with the following arguments: {'ament_cmake_args': None, 'build_base': '/home/claudio/progetto_ros2/build/robot_launcher', 'catkin_cmake_args': None, 'catkin_skip_building_tests': False, 'cmake_args': None, 'cmake_clean_cache': False, 'cmake_clean_first': False, 'cmake_force_configure': False, 'cmake_target': None, 'cmake_target_skip_unavailable': False, 'install_base': '/home/claudio/progetto_ros2/install/robot_launcher', 'merge_install': False, 'path': '/home/claudio/progetto_ros2/src/robot_launcher', 'symlink_install': False, 'test_result_base': None}
[2.872s] Level 5:colcon.colcon_core.verb:set package 'robot_nodes' build argument 'cmake_args' from command line to 'None'
[2.873s] Level 5:colcon.colcon_core.verb:set package 'robot_nodes' build argument 'cmake_target' from command line to 'None'
[2.874s] Level 5:colcon.colcon_core.verb:set package 'robot_nodes' build argument 'cmake_target_skip_unavailable' from command line to 'False'
[2.874s] Level 5:colcon.colcon_core.verb:set package 'robot_nodes' build argument 'cmake_clean_cache' from command line to 'False'
[2.874s] Level 5:colcon.colcon_core.verb:set package 'robot_nodes' build argument 'cmake_clean_first' from command line to 'False'
[2.875s] Level 5:colcon.colcon_core.verb:set package 'robot_nodes' build argument 'cmake_force_configure' from command line to 'False'
[2.875s] Level 5:colcon.colcon_core.verb:set package 'robot_nodes' build argument 'ament_cmake_args' from command line to 'None'
[2.875s] Level 5:colcon.colcon_core.verb:set package 'robot_nodes' build argument 'catkin_cmake_args' from command line to 'None'
[2.875s] Level 5:colcon.colcon_core.verb:set package 'robot_nodes' build argument 'catkin_skip_building_tests' from command line to 'False'
[2.875s] DEBUG:colcon.colcon_core.verb:Building package 'robot_nodes' with the following arguments: {'ament_cmake_args': None, 'build_base': '/home/claudio/progetto_ros2/build/robot_nodes', 'catkin_cmake_args': None, 'catkin_skip_building_tests': False, 'cmake_args': None, 'cmake_clean_cache': False, 'cmake_clean_first': False, 'cmake_force_configure': False, 'cmake_target': None, 'cmake_target_skip_unavailable': False, 'install_base': '/home/claudio/progetto_ros2/install/robot_nodes', 'merge_install': False, 'path': '/home/claudio/progetto_ros2/src/robot_nodes', 'symlink_install': False, 'test_result_base': None}
[2.876s] INFO:colcon.colcon_core.executor:Executing jobs using 'parallel' executor
[2.884s] DEBUG:colcon.colcon_parallel_executor.executor.parallel:run_until_complete
[2.886s] INFO:colcon.colcon_ros.task.ament_python.build:Building ROS package in '/home/claudio/progetto_ros2/src/robot_launcher' with build type 'ament_python'
[2.887s] Level 1:colcon.colcon_core.shell:create_environment_hook('robot_launcher', 'ament_prefix_path')
[2.898s] INFO:colcon.colcon_core.plugin_system:Skipping extension 'colcon_core.shell.bat': Not used on non-Windows systems
[2.899s] INFO:colcon.colcon_core.shell:Creating environment hook '/home/claudio/progetto_ros2/install/robot_launcher/share/robot_launcher/hook/ament_prefix_path.ps1'
[2.903s] INFO:colcon.colcon_core.shell:Creating environment descriptor '/home/claudio/progetto_ros2/install/robot_launcher/share/robot_launcher/hook/ament_prefix_path.dsv'
[2.906s] INFO:colcon.colcon_core.shell:Creating environment hook '/home/claudio/progetto_ros2/install/robot_launcher/share/robot_launcher/hook/ament_prefix_path.sh'
[2.912s] INFO:colcon.colcon_core.shell:Skip shell extension 'powershell' for command environment: Not usable outside of PowerShell
[2.912s] DEBUG:colcon.colcon_core.shell:Skip shell extension 'dsv' for command environment
[2.947s] INFO:colcon.colcon_ros.task.ament_python.build:Building ROS package in '/home/claudio/progetto_ros2/src/robot_nodes' with build type 'ament_python'
[2.956s] Level 1:colcon.colcon_core.shell:create_environment_hook('robot_nodes', 'ament_prefix_path')
[2.960s] INFO:colcon.colcon_core.shell:Creating environment hook '/home/claudio/progetto_ros2/install/robot_nodes/share/robot_nodes/hook/ament_prefix_path.ps1'
[2.966s] INFO:colcon.colcon_core.shell:Creating environment descriptor '/home/claudio/progetto_ros2/install/robot_nodes/share/robot_nodes/hook/ament_prefix_path.dsv'
[2.971s] INFO:colcon.colcon_core.shell:Creating environment hook '/home/claudio/progetto_ros2/install/robot_nodes/share/robot_nodes/hook/ament_prefix_path.sh'
[2.976s] INFO:colcon.colcon_core.shell:Skip shell extension 'powershell' for command environment: Not usable outside of PowerShell
[2.976s] DEBUG:colcon.colcon_core.shell:Skip shell extension 'dsv' for command environment
[4.728s] WARNING:colcon.colcon_ros.task.ament_python.build:Package 'robot_launcher' doesn't explicitly install the 'package.xml' file (colcon-ros currently does it implicitly but that fallback will be removed in the future)
[4.730s] INFO:colcon.colcon_core.task.python.build:Building Python package in '/home/claudio/progetto_ros2/src/robot_launcher'
[4.731s] INFO:colcon.colcon_core.shell:Skip shell extension 'powershell' for command environment: Not usable outside of PowerShell
[4.732s] DEBUG:colcon.colcon_core.shell:Skip shell extension 'dsv' for command environment
[6.460s] INFO:colcon.colcon_core.task.python.build:Building Python package in '/home/claudio/progetto_ros2/src/robot_nodes'
[6.461s] INFO:colcon.colcon_core.shell:Skip shell extension 'powershell' for command environment: Not usable outside of PowerShell
[6.461s] DEBUG:colcon.colcon_core.shell:Skip shell extension 'dsv' for command environment
[8.982s] DEBUG:colcon.colcon_core.event_handler.log_command:Invoking command in '/home/claudio/progetto_ros2/src/robot_launcher': PYTHONPATH=/home/claudio/progetto_ros2/build/robot_launcher/prefix_override:/usr/lib/python3/dist-packages/colcon_core/task/python/colcon_distutils_commands:/home/claudio/progetto_ros2/install/robot_launcher/lib/python3.10/site-packages:${PYTHONPATH} /usr/bin/python3 -W ignore:setup.py install is deprecated -W ignore:easy_install command is deprecated setup.py egg_info --egg-base ../../build/robot_launcher build --build-base /home/claudio/progetto_ros2/build/robot_launcher/build install --record /home/claudio/progetto_ros2/build/robot_launcher/install.log --single-version-externally-managed install_data
[9.257s] DEBUG:colcon.colcon_core.event_handler.log_command:Invoking command in '/home/claudio/progetto_ros2/src/robot_nodes': PYTHONPATH=/home/claudio/progetto_ros2/build/robot_nodes/prefix_override:/usr/lib/python3/dist-packages/colcon_core/task/python/colcon_distutils_commands:/home/claudio/progetto_ros2/install/robot_nodes/lib/python3.10/site-packages:${PYTHONPATH} /usr/bin/python3 -W ignore:setup.py install is deprecated -W ignore:easy_install command is deprecated setup.py egg_info --egg-base ../../build/robot_nodes build --build-base /home/claudio/progetto_ros2/build/robot_nodes/build install --record /home/claudio/progetto_ros2/build/robot_nodes/install.log --single-version-externally-managed install_data
[10.608s] DEBUG:colcon.colcon_core.event_handler.log_command:Invoked command in '/home/claudio/progetto_ros2/src/robot_launcher' returned '0': PYTHONPATH=/home/claudio/progetto_ros2/build/robot_launcher/prefix_override:/usr/lib/python3/dist-packages/colcon_core/task/python/colcon_distutils_commands:/home/claudio/progetto_ros2/install/robot_launcher/lib/python3.10/site-packages:${PYTHONPATH} /usr/bin/python3 -W ignore:setup.py install is deprecated -W ignore:easy_install command is deprecated setup.py egg_info --egg-base ../../build/robot_launcher build --build-base /home/claudio/progetto_ros2/build/robot_launcher/build install --record /home/claudio/progetto_ros2/build/robot_launcher/install.log --single-version-externally-managed install_data
[10.630s] Level 1:colcon.colcon_core.environment:checking '/home/claudio/progetto_ros2/install/robot_launcher' for CMake module files
[10.632s] Level 1:colcon.colcon_core.environment:checking '/home/claudio/progetto_ros2/install/robot_launcher' for CMake config files
[10.635s] Level 1:colcon.colcon_core.environment:checking '/home/claudio/progetto_ros2/install/robot_launcher/lib'
[10.637s] Level 1:colcon.colcon_core.environment:checking '/home/claudio/progetto_ros2/install/robot_launcher/bin'
[10.637s] Level 1:colcon.colcon_core.environment:checking '/home/claudio/progetto_ros2/install/robot_launcher/lib/pkgconfig/robot_launcher.pc'
[10.639s] Level 1:colcon.colcon_core.environment:checking '/home/claudio/progetto_ros2/install/robot_launcher/lib/python3.10/site-packages'
[10.640s] Level 1:colcon.colcon_core.shell:create_environment_hook('robot_launcher', 'pythonpath')
[10.642s] INFO:colcon.colcon_core.shell:Creating environment hook '/home/claudio/progetto_ros2/install/robot_launcher/share/robot_launcher/hook/pythonpath.ps1'
[10.647s] INFO:colcon.colcon_core.shell:Creating environment descriptor '/home/claudio/progetto_ros2/install/robot_launcher/share/robot_launcher/hook/pythonpath.dsv'
[10.650s] INFO:colcon.colcon_core.shell:Creating environment hook '/home/claudio/progetto_ros2/install/robot_launcher/share/robot_launcher/hook/pythonpath.sh'
[10.654s] Level 1:colcon.colcon_core.environment:checking '/home/claudio/progetto_ros2/install/robot_launcher/bin'
[10.655s] Level 1:colcon.colcon_core.environment:create_environment_scripts_only(robot_launcher)
[10.656s] INFO:colcon.colcon_core.shell:Creating package script '/home/claudio/progetto_ros2/install/robot_launcher/share/robot_launcher/package.ps1'
[10.661s] INFO:colcon.colcon_core.shell:Creating package descriptor '/home/claudio/progetto_ros2/install/robot_launcher/share/robot_launcher/package.dsv'
[10.666s] INFO:colcon.colcon_core.shell:Creating package script '/home/claudio/progetto_ros2/install/robot_launcher/share/robot_launcher/package.sh'
[10.672s] INFO:colcon.colcon_core.shell:Creating package script '/home/claudio/progetto_ros2/install/robot_launcher/share/robot_launcher/package.bash'
[10.679s] INFO:colcon.colcon_core.shell:Creating package script '/home/claudio/progetto_ros2/install/robot_launcher/share/robot_launcher/package.zsh'
[10.689s] Level 1:colcon.colcon_core.environment:create_file_with_runtime_dependencies(/home/claudio/progetto_ros2/install/robot_launcher/share/colcon-core/packages/robot_launcher)
[11.269s] Level 1:colcon.colcon_core.environment:checking '/home/claudio/progetto_ros2/install/robot_nodes' for CMake module files
[11.273s] DEBUG:colcon.colcon_core.event_handler.log_command:Invoked command in '/home/claudio/progetto_ros2/src/robot_nodes' returned '0': PYTHONPATH=/home/claudio/progetto_ros2/build/robot_nodes/prefix_override:/usr/lib/python3/dist-packages/colcon_core/task/python/colcon_distutils_commands:/home/claudio/progetto_ros2/install/robot_nodes/lib/python3.10/site-packages:${PYTHONPATH} /usr/bin/python3 -W ignore:setup.py install is deprecated -W ignore:easy_install command is deprecated setup.py egg_info --egg-base ../../build/robot_nodes build --build-base /home/claudio/progetto_ros2/build/robot_nodes/build install --record /home/claudio/progetto_ros2/build/robot_nodes/install.log --single-version-externally-managed install_data
[11.276s] Level 1:colcon.colcon_core.environment:checking '/home/claudio/progetto_ros2/install/robot_nodes' for CMake config files
[11.281s] Level 1:colcon.colcon_core.environment:checking '/home/claudio/progetto_ros2/install/robot_nodes/lib'
[11.282s] Level 1:colcon.colcon_core.environment:checking '/home/claudio/progetto_ros2/install/robot_nodes/bin'
[11.283s] Level 1:colcon.colcon_core.environment:checking '/home/claudio/progetto_ros2/install/robot_nodes/lib/pkgconfig/robot_nodes.pc'
[11.285s] Level 1:colcon.colcon_core.environment:checking '/home/claudio/progetto_ros2/install/robot_nodes/lib/python3.10/site-packages'
[11.287s] Level 1:colcon.colcon_core.shell:create_environment_hook('robot_nodes', 'pythonpath')
[11.289s] INFO:colcon.colcon_core.shell:Creating environment hook '/home/claudio/progetto_ros2/install/robot_nodes/share/robot_nodes/hook/pythonpath.ps1'
[11.292s] INFO:colcon.colcon_core.shell:Creating environment descriptor '/home/claudio/progetto_ros2/install/robot_nodes/share/robot_nodes/hook/pythonpath.dsv'
[11.297s] INFO:colcon.colcon_core.shell:Creating environment hook '/home/claudio/progetto_ros2/install/robot_nodes/share/robot_nodes/hook/pythonpath.sh'
[11.301s] Level 1:colcon.colcon_core.environment:checking '/home/claudio/progetto_ros2/install/robot_nodes/bin'
[11.302s] Level 1:colcon.colcon_core.environment:create_environment_scripts_only(robot_nodes)
[11.304s] INFO:colcon.colcon_core.shell:Creating package script '/home/claudio/progetto_ros2/install/robot_nodes/share/robot_nodes/package.ps1'
[11.308s] INFO:colcon.colcon_core.shell:Creating package descriptor '/home/claudio/progetto_ros2/install/robot_nodes/share/robot_nodes/package.dsv'
[11.311s] INFO:colcon.colcon_core.shell:Creating package script '/home/claudio/progetto_ros2/install/robot_nodes/share/robot_nodes/package.sh'
[11.315s] INFO:colcon.colcon_core.shell:Creating package script '/home/claudio/progetto_ros2/install/robot_nodes/share/robot_nodes/package.bash'
[11.317s] INFO:colcon.colcon_core.shell:Creating package script '/home/claudio/progetto_ros2/install/robot_nodes/share/robot_nodes/package.zsh'
[11.320s] Level 1:colcon.colcon_core.environment:create_file_with_runtime_dependencies(/home/claudio/progetto_ros2/install/robot_nodes/share/colcon-core/packages/robot_nodes)
[11.321s] DEBUG:colcon.colcon_parallel_executor.executor.parallel:closing loop
[11.322s] DEBUG:colcon.colcon_parallel_executor.executor.parallel:loop closed
[11.322s] DEBUG:colcon.colcon_parallel_executor.executor.parallel:run_until_complete finished with '0'
[11.322s] DEBUG:colcon.colcon_core.event_reactor:joining thread
[11.371s] INFO:colcon.colcon_core.plugin_system:Skipping extension 'colcon_notification.desktop_notification.terminal_notifier': Not used on non-Darwin systems
[11.371s] INFO:colcon.colcon_core.plugin_system:Skipping extension 'colcon_notification.desktop_notification.win32': Not used on non-Windows systems
[11.372s] INFO:colcon.colcon_notification.desktop_notification:Sending desktop notification using 'notify2'
[11.446s] DEBUG:colcon.colcon_core.event_reactor:joined thread
[11.447s] INFO:colcon.colcon_core.shell:Creating prefix script '/home/claudio/progetto_ros2/install/local_setup.ps1'
[11.461s] INFO:colcon.colcon_core.shell:Creating prefix util module '/home/claudio/progetto_ros2/install/_local_setup_util_ps1.py'
[11.473s] INFO:colcon.colcon_core.shell:Creating prefix chain script '/home/claudio/progetto_ros2/install/setup.ps1'
[11.498s] INFO:colcon.colcon_core.shell:Creating prefix script '/home/claudio/progetto_ros2/install/local_setup.sh'
[11.502s] INFO:colcon.colcon_core.shell:Creating prefix util module '/home/claudio/progetto_ros2/install/_local_setup_util_sh.py'
[11.507s] INFO:colcon.colcon_core.shell:Creating prefix chain script '/home/claudio/progetto_ros2/install/setup.sh'
[11.531s] INFO:colcon.colcon_core.shell:Creating prefix script '/home/claudio/progetto_ros2/install/local_setup.bash'
[11.536s] INFO:colcon.colcon_core.shell:Creating prefix chain script '/home/claudio/progetto_ros2/install/setup.bash'
[11.553s] INFO:colcon.colcon_core.shell:Creating prefix script '/home/claudio/progetto_ros2/install/local_setup.zsh'
[11.557s] INFO:colcon.colcon_core.shell:Creating prefix chain script '/home/claudio/progetto_ros2/install/setup.zsh'
