[1.451s] Invoking command in '/home/claudio/progetto_ros2/src/robot_launcher': PYTHONPATH=/home/claudio/progetto_ros2/build/robot_launcher/prefix_override:/usr/lib/python3/dist-packages/colcon_core/task/python/colcon_distutils_commands:/home/claudio/progetto_ros2/install/robot_launcher/lib/python3.10/site-packages:${PYTHONPATH} /usr/bin/python3 -W ignore:setup.py install is deprecated -W ignore:easy_install command is deprecated setup.py egg_info --egg-base ../../build/robot_launcher build --build-base /home/claudio/progetto_ros2/build/robot_launcher/build install --record /home/claudio/progetto_ros2/build/robot_launcher/install.log --single-version-externally-managed install_data
[1.868s] running egg_info
[1.870s] writing ../../build/robot_launcher/robot_launcher.egg-info/PKG-INFO
[1.871s] writing dependency_links to ../../build/robot_launcher/robot_launcher.egg-info/dependency_links.txt
[1.871s] writing entry points to ../../build/robot_launcher/robot_launcher.egg-info/entry_points.txt
[1.872s] writing requirements to ../../build/robot_launcher/robot_launcher.egg-info/requires.txt
[1.872s] writing top-level names to ../../build/robot_launcher/robot_launcher.egg-info/top_level.txt
[1.874s] reading manifest file '../../build/robot_launcher/robot_launcher.egg-info/SOURCES.txt'
[1.876s] writing manifest file '../../build/robot_launcher/robot_launcher.egg-info/SOURCES.txt'
[1.876s] running build
[1.877s] running build_py
[1.877s] running install
[1.878s] running install_lib
[1.880s] running install_data
[1.880s] running install_egg_info
[1.884s] removing '/home/claudio/progetto_ros2/install/robot_launcher/lib/python3.10/site-packages/robot_launcher-0.0.0-py3.10.egg-info' (and everything under it)
[1.884s] Copying ../../build/robot_launcher/robot_launcher.egg-info to /home/claudio/progetto_ros2/install/robot_launcher/lib/python3.10/site-packages/robot_launcher-0.0.0-py3.10.egg-info
[1.886s] running install_scripts
[1.919s] Installing macchina_a_stati script to /home/claudio/progetto_ros2/install/robot_launcher/lib/robot_launcher
[1.919s] Installing testa_e_aruco script to /home/claudio/progetto_ros2/install/robot_launcher/lib/robot_launcher
[1.920s] writing list of installed files to '/home/claudio/progetto_ros2/build/robot_launcher/install.log'
[1.967s] Invoked command in '/home/claudio/progetto_ros2/src/robot_launcher' returned '0': PYTHONPATH=/home/claudio/progetto_ros2/build/robot_launcher/prefix_override:/usr/lib/python3/dist-packages/colcon_core/task/python/colcon_distutils_commands:/home/claudio/progetto_ros2/install/robot_launcher/lib/python3.10/site-packages:${PYTHONPATH} /usr/bin/python3 -W ignore:setup.py install is deprecated -W ignore:easy_install command is deprecated setup.py egg_info --egg-base ../../build/robot_launcher build --build-base /home/claudio/progetto_ros2/build/robot_launcher/build install --record /home/claudio/progetto_ros2/build/robot_launcher/install.log --single-version-externally-managed install_data
