[0.018s] Invoking command in '/home/claudio/tiago_public_ws/build/pmb2_2dnav': AMENT_PREFIX_PATH=/home/claudio/tiago_public_ws/install/launch_pal:${AMENT_PREFIX_PATH} CMAKE_PREFIX_PATH=/opt/ros/humble PYTHONPATH=/home/claudio/tiago_public_ws/build/launch_pal:/home/claudio/tiago_public_ws/install/launch_pal/lib/python3.10/site-packages:${PYTHONPATH} /usr/bin/cmake /home/claudio/tiago_public_ws/src/pmb2_navigation/pmb2_2dnav -DAMENT_CMAKE_SYMLINK_INSTALL=1 -DCMAKE_INSTALL_PREFIX=/home/claudio/tiago_public_ws/install/pmb2_2dnav
[0.147s] -- The C compiler identification is GNU 11.4.0
[0.272s] -- The CXX compiler identification is GNU 11.4.0
[0.290s] -- Detecting C compiler ABI info
[0.436s] -- Detecting C compiler ABI info - done
[0.456s] -- Check for working C compiler: /usr/bin/cc - skipped
[0.457s] -- Detecting C compile features
[0.458s] -- Detecting C compile features - done
[0.465s] -- Detecting CXX compiler ABI info
[0.644s] -- Detecting CXX compiler ABI info - done
[0.668s] -- Check for working CXX compiler: /usr/bin/c++ - skipped
[0.669s] -- Detecting CXX compile features
[0.670s] -- Detecting CXX compile features - done
[0.674s] -- Found ament_cmake_auto: 1.3.11 (/opt/ros/humble/share/ament_cmake_auto/cmake)
[1.043s] -- Found Python3: /usr/bin/python3 (found version "3.10.12") found components: Interpreter 
[1.218s] -- Override CMake install command with custom implementation using symlinks instead of copying resources
[1.473s] -- Found ament_lint_auto: 0.12.11 (/opt/ros/humble/share/ament_lint_auto/cmake)
[1.528s] -- Added test 'copyright' to check source files copyright and LICENSE
[1.538s] -- Added test 'flake8' to check Python code syntax and style conventions
[1.538s] -- Added test 'lint_cmake' to check CMake code style
[1.545s] -- Added test 'pep257' to check Python code against some of the docstring style conventions in PEP 257
[1.548s] -- Added test 'xmllint' to check XML markup files
[1.551s] -- Configuring done
[1.561s] -- Generating done
[1.563s] -- Build files have been written to: /home/claudio/tiago_public_ws/build/pmb2_2dnav
[1.572s] Invoked command in '/home/claudio/tiago_public_ws/build/pmb2_2dnav' returned '0': AMENT_PREFIX_PATH=/home/claudio/tiago_public_ws/install/launch_pal:${AMENT_PREFIX_PATH} CMAKE_PREFIX_PATH=/opt/ros/humble PYTHONPATH=/home/claudio/tiago_public_ws/build/launch_pal:/home/claudio/tiago_public_ws/install/launch_pal/lib/python3.10/site-packages:${PYTHONPATH} /usr/bin/cmake /home/claudio/tiago_public_ws/src/pmb2_navigation/pmb2_2dnav -DAMENT_CMAKE_SYMLINK_INSTALL=1 -DCMAKE_INSTALL_PREFIX=/home/claudio/tiago_public_ws/install/pmb2_2dnav
[1.577s] Invoking command in '/home/claudio/tiago_public_ws/build/pmb2_2dnav': AMENT_PREFIX_PATH=/home/claudio/tiago_public_ws/install/launch_pal:${AMENT_PREFIX_PATH} CMAKE_PREFIX_PATH=/opt/ros/humble PYTHONPATH=/home/claudio/tiago_public_ws/build/launch_pal:/home/claudio/tiago_public_ws/install/launch_pal/lib/python3.10/site-packages:${PYTHONPATH} /usr/bin/cmake --build /home/claudio/tiago_public_ws/build/pmb2_2dnav -- -j4 -l4
[1.656s] Invoked command in '/home/claudio/tiago_public_ws/build/pmb2_2dnav' returned '0': AMENT_PREFIX_PATH=/home/claudio/tiago_public_ws/install/launch_pal:${AMENT_PREFIX_PATH} CMAKE_PREFIX_PATH=/opt/ros/humble PYTHONPATH=/home/claudio/tiago_public_ws/build/launch_pal:/home/claudio/tiago_public_ws/install/launch_pal/lib/python3.10/site-packages:${PYTHONPATH} /usr/bin/cmake --build /home/claudio/tiago_public_ws/build/pmb2_2dnav -- -j4 -l4
[1.660s] Invoking command in '/home/claudio/tiago_public_ws/build/pmb2_2dnav': AMENT_PREFIX_PATH=/home/claudio/tiago_public_ws/install/launch_pal:${AMENT_PREFIX_PATH} CMAKE_PREFIX_PATH=/opt/ros/humble PYTHONPATH=/home/claudio/tiago_public_ws/build/launch_pal:/home/claudio/tiago_public_ws/install/launch_pal/lib/python3.10/site-packages:${PYTHONPATH} /usr/bin/cmake --install /home/claudio/tiago_public_ws/build/pmb2_2dnav
[1.672s] -- Install configuration: ""
[1.673s] -- Execute custom install script
[1.674s] -- Symlinking: /home/claudio/tiago_public_ws/install/pmb2_2dnav/share/pmb2_2dnav/config/nav_public_sim.yaml
[1.695s] -- Symlinking: /home/claudio/tiago_public_ws/install/pmb2_2dnav/share/pmb2_2dnav/config/rviz/navigation.rviz
[1.716s] -- Symlinking: /home/claudio/tiago_public_ws/install/pmb2_2dnav/share/pmb2_2dnav/launch/localization.launch.py
[1.736s] -- Symlinking: /home/claudio/tiago_public_ws/install/pmb2_2dnav/share/pmb2_2dnav/launch/navigation.launch.py
[1.756s] -- Symlinking: /home/claudio/tiago_public_ws/install/pmb2_2dnav/share/pmb2_2dnav/launch/slam.launch.py
[1.782s] -- Symlinking: /home/claudio/tiago_public_ws/install/pmb2_2dnav/share/ament_index/resource_index/package_run_dependencies/pmb2_2dnav
[1.796s] -- Symlinking: /home/claudio/tiago_public_ws/install/pmb2_2dnav/share/ament_index/resource_index/parent_prefix_path/pmb2_2dnav
[1.817s] -- Symlinking: /home/claudio/tiago_public_ws/install/pmb2_2dnav/share/pmb2_2dnav/environment/ament_prefix_path.sh
[1.835s] -- Symlinking: /home/claudio/tiago_public_ws/install/pmb2_2dnav/share/pmb2_2dnav/environment/ament_prefix_path.dsv
[1.853s] -- Symlinking: /home/claudio/tiago_public_ws/install/pmb2_2dnav/share/pmb2_2dnav/environment/path.sh
[1.871s] -- Symlinking: /home/claudio/tiago_public_ws/install/pmb2_2dnav/share/pmb2_2dnav/environment/path.dsv
[1.892s] -- Symlinking: /home/claudio/tiago_public_ws/install/pmb2_2dnav/share/pmb2_2dnav/local_setup.bash
[1.914s] -- Symlinking: /home/claudio/tiago_public_ws/install/pmb2_2dnav/share/pmb2_2dnav/local_setup.sh
[1.935s] -- Symlinking: /home/claudio/tiago_public_ws/install/pmb2_2dnav/share/pmb2_2dnav/local_setup.zsh
[1.956s] -- Symlinking: /home/claudio/tiago_public_ws/install/pmb2_2dnav/share/pmb2_2dnav/local_setup.dsv
[1.974s] -- Symlinking: /home/claudio/tiago_public_ws/install/pmb2_2dnav/share/pmb2_2dnav/package.dsv
[2.015s] -- Symlinking: /home/claudio/tiago_public_ws/install/pmb2_2dnav/share/ament_index/resource_index/packages/pmb2_2dnav
[2.036s] -- Symlinking: /home/claudio/tiago_public_ws/install/pmb2_2dnav/share/pmb2_2dnav/cmake/pmb2_2dnavConfig.cmake
[2.056s] -- Symlinking: /home/claudio/tiago_public_ws/install/pmb2_2dnav/share/pmb2_2dnav/cmake/pmb2_2dnavConfig-version.cmake
[2.075s] -- Symlinking: /home/claudio/tiago_public_ws/install/pmb2_2dnav/share/pmb2_2dnav/package.xml
[2.097s] Invoked command in '/home/claudio/tiago_public_ws/build/pmb2_2dnav' returned '0': AMENT_PREFIX_PATH=/home/claudio/tiago_public_ws/install/launch_pal:${AMENT_PREFIX_PATH} CMAKE_PREFIX_PATH=/opt/ros/humble PYTHONPATH=/home/claudio/tiago_public_ws/build/launch_pal:/home/claudio/tiago_public_ws/install/launch_pal/lib/python3.10/site-packages:${PYTHONPATH} /usr/bin/cmake --install /home/claudio/tiago_public_ws/build/pmb2_2dnav
