[0.021s] Invoking command in '/home/claudio/tiago_public_ws/build/pal_gazebo_worlds': CMAKE_PREFIX_PATH=/opt/ros/humble /usr/bin/cmake /home/claudio/tiago_public_ws/src/pal_gazebo_worlds -DCMAKE_INSTALL_PREFIX=/home/claudio/tiago_public_ws/install/pal_gazebo_worlds
[0.053s] -- Found ament_cmake_auto: 1.3.11 (/opt/ros/humble/share/ament_cmake_auto/cmake)
[0.342s] -- Override CMake install command with custom implementation using symlinks instead of copying resources
[0.384s] -- Found ament_lint_auto: 0.12.11 (/opt/ros/humble/share/ament_lint_auto/cmake)
[0.576s] -- Added test 'copyright' to check source files copyright and LICENSE
[0.802s] -- Added test 'flake8' to check Python code syntax and style conventions
[0.820s] -- Added test 'lint_cmake' to check CMake code style
[0.830s] -- Added test 'pep257' to check Python code against some of the docstring style conventions in PEP 257
[0.917s] -- Added test 'xmllint' to check XML markup files
[0.921s] -- Configuring done
[0.935s] -- Generating done
[0.940s] -- Build files have been written to: /home/claudio/tiago_public_ws/build/pal_gazebo_worlds
[0.944s] Invoked command in '/home/claudio/tiago_public_ws/build/pal_gazebo_worlds' returned '0': CMAKE_PREFIX_PATH=/opt/ros/humble /usr/bin/cmake /home/claudio/tiago_public_ws/src/pal_gazebo_worlds -DCMAKE_INSTALL_PREFIX=/home/claudio/tiago_public_ws/install/pal_gazebo_worlds
[0.950s] Invoking command in '/home/claudio/tiago_public_ws/build/pal_gazebo_worlds': CMAKE_PREFIX_PATH=/opt/ros/humble /usr/bin/cmake --build /home/claudio/tiago_public_ws/build/pal_gazebo_worlds -- -j4 -l4
[1.026s] Invoked command in '/home/claudio/tiago_public_ws/build/pal_gazebo_worlds' returned '0': CMAKE_PREFIX_PATH=/opt/ros/humble /usr/bin/cmake --build /home/claudio/tiago_public_ws/build/pal_gazebo_worlds -- -j4 -l4
[1.031s] Invoking command in '/home/claudio/tiago_public_ws/build/pal_gazebo_worlds': CMAKE_PREFIX_PATH=/opt/ros/humble /usr/bin/cmake --install /home/claudio/tiago_public_ws/build/pal_gazebo_worlds
[1.045s] -- Install configuration: ""
[1.046s] -- Execute custom install script
[1.048s] -- Up-to-date symlink: /home/claudio/tiago_public_ws/install/pal_gazebo_worlds/share/pal_gazebo_worlds/config/gazebo_params.yaml
[1.050s] -- Up-to-date symlink: /home/claudio/tiago_public_ws/install/pal_gazebo_worlds/share/pal_gazebo_worlds/launch/pal_gazebo.launch.py
[1.061s] -- Up-to-date symlink: /home/claudio/tiago_public_ws/install/pal_gazebo_worlds/share/pal_gazebo_worlds/models/arm_chair/arm_chair.sdf
[1.061s] -- Up-to-date symlink: /home/claudio/tiago_public_ws/install/pal_gazebo_worlds/share/pal_gazebo_worlds/models/arm_chair/meshes/arm_chair.stl
[1.062s] -- Up-to-date symlink: /home/claudio/tiago_public_ws/install/pal_gazebo_worlds/share/pal_gazebo_worlds/models/arm_chair/model.config
[1.062s] -- Up-to-date symlink: /home/claudio/tiago_public_ws/install/pal_gazebo_worlds/share/pal_gazebo_worlds/models/aruco_board/aruco_board.sdf
[1.064s] -- Up-to-date symlink: /home/claudio/tiago_public_ws/install/pal_gazebo_worlds/share/pal_gazebo_worlds/models/aruco_board/material/scripts/aruco_board.material
[1.065s] -- Up-to-date symlink: /home/claudio/tiago_public_ws/install/pal_gazebo_worlds/share/pal_gazebo_worlds/models/aruco_board/material/textures/aruco_board.png
[1.065s] -- Up-to-date symlink: /home/claudio/tiago_public_ws/install/pal_gazebo_worlds/share/pal_gazebo_worlds/models/aruco_board/model.config
[1.067s] -- Up-to-date symlink: /home/claudio/tiago_public_ws/install/pal_gazebo_worlds/share/pal_gazebo_worlds/models/aruco_cube/aruco_cube.sdf
[1.068s] -- Up-to-date symlink: /home/claudio/tiago_public_ws/install/pal_gazebo_worlds/share/pal_gazebo_worlds/models/aruco_cube/meshes/aruco_cube_5cm.dae
[1.068s] -- Up-to-date symlink: /home/claudio/tiago_public_ws/install/pal_gazebo_worlds/share/pal_gazebo_worlds/models/aruco_cube/meshes/aruco_cube_6cm.dae
[1.069s] -- Up-to-date symlink: /home/claudio/tiago_public_ws/install/pal_gazebo_worlds/share/pal_gazebo_worlds/models/aruco_cube/meshes/aruco_cube_8cm.dae
[1.069s] -- Up-to-date symlink: /home/claudio/tiago_public_ws/install/pal_gazebo_worlds/share/pal_gazebo_worlds/models/aruco_cube/meshes/marker582.png
[1.070s] -- Up-to-date symlink: /home/claudio/tiago_public_ws/install/pal_gazebo_worlds/share/pal_gazebo_worlds/models/aruco_cube/meshes/marker582_small_margin.png
[1.071s] -- Up-to-date symlink: /home/claudio/tiago_public_ws/install/pal_gazebo_worlds/share/pal_gazebo_worlds/models/aruco_cube/model.config
[1.072s] -- Up-to-date symlink: /home/claudio/tiago_public_ws/install/pal_gazebo_worlds/share/pal_gazebo_worlds/models/aruco_marker_0/materials/scripts/aruco_marker_0.material
[1.073s] -- Up-to-date symlink: /home/claudio/tiago_public_ws/install/pal_gazebo_worlds/share/pal_gazebo_worlds/models/aruco_marker_0/materials/textures/aruco_marker_0.png
[1.074s] -- Up-to-date symlink: /home/claudio/tiago_public_ws/install/pal_gazebo_worlds/share/pal_gazebo_worlds/models/aruco_marker_0/model.config
[1.074s] -- Up-to-date symlink: /home/claudio/tiago_public_ws/install/pal_gazebo_worlds/share/pal_gazebo_worlds/models/aruco_marker_0/model.sdf
[1.076s] -- Up-to-date symlink: /home/claudio/tiago_public_ws/install/pal_gazebo_worlds/share/pal_gazebo_worlds/models/aruco_marker_20/materials/scripts/aruco_marker_20.material
[1.077s] -- Up-to-date symlink: /home/claudio/tiago_public_ws/install/pal_gazebo_worlds/share/pal_gazebo_worlds/models/aruco_marker_20/materials/textures/aruco_marker_20.png
[1.078s] -- Up-to-date symlink: /home/claudio/tiago_public_ws/install/pal_gazebo_worlds/share/pal_gazebo_worlds/models/aruco_marker_20/model.config
[1.078s] -- Up-to-date symlink: /home/claudio/tiago_public_ws/install/pal_gazebo_worlds/share/pal_gazebo_worlds/models/aruco_marker_20/model.sdf
[1.079s] -- Up-to-date symlink: /home/claudio/tiago_public_ws/install/pal_gazebo_worlds/share/pal_gazebo_worlds/models/aruco_marker_250_6x6_1/aruco_marker_250_6x6.sdf
[1.080s] -- Up-to-date symlink: /home/claudio/tiago_public_ws/install/pal_gazebo_worlds/share/pal_gazebo_worlds/models/aruco_marker_250_6x6_1/material/scripts/aruco_marker_250_6x6.material
[1.082s] -- Up-to-date symlink: /home/claudio/tiago_public_ws/install/pal_gazebo_worlds/share/pal_gazebo_worlds/models/aruco_marker_250_6x6_1/material/textures/Aruco_6x6_250_0.png
[1.083s] -- Up-to-date symlink: /home/claudio/tiago_public_ws/install/pal_gazebo_worlds/share/pal_gazebo_worlds/models/aruco_marker_250_6x6_1/model.config
[1.083s] -- Up-to-date symlink: /home/claudio/tiago_public_ws/install/pal_gazebo_worlds/share/pal_gazebo_worlds/models/aruco_marker_250_6x6_2/aruco_marker_250_6x6.sdf
[1.084s] -- Up-to-date symlink: /home/claudio/tiago_public_ws/install/pal_gazebo_worlds/share/pal_gazebo_worlds/models/aruco_marker_250_6x6_2/material/scripts/aruco_marker_250_6x6.material
[1.085s] -- Up-to-date symlink: /home/claudio/tiago_public_ws/install/pal_gazebo_worlds/share/pal_gazebo_worlds/models/aruco_marker_250_6x6_2/material/textures/Aruco_6x6_250_1.png
[1.085s] -- Up-to-date symlink: /home/claudio/tiago_public_ws/install/pal_gazebo_worlds/share/pal_gazebo_worlds/models/aruco_marker_250_6x6_2/model.config
[1.087s] -- Up-to-date symlink: /home/claudio/tiago_public_ws/install/pal_gazebo_worlds/share/pal_gazebo_worlds/models/aruco_marker_250_6x6_3/aruco_marker_250_6x6.sdf
[1.089s] -- Up-to-date symlink: /home/claudio/tiago_public_ws/install/pal_gazebo_worlds/share/pal_gazebo_worlds/models/aruco_marker_250_6x6_3/material/scripts/aruco_marker_250_6x6.material
[1.089s] -- Up-to-date symlink: /home/claudio/tiago_public_ws/install/pal_gazebo_worlds/share/pal_gazebo_worlds/models/aruco_marker_250_6x6_3/material/textures/Aruco_6x6_250_2.png
[1.090s] -- Up-to-date symlink: /home/claudio/tiago_public_ws/install/pal_gazebo_worlds/share/pal_gazebo_worlds/models/aruco_marker_250_6x6_3/model.config
[1.091s] -- Up-to-date symlink: /home/claudio/tiago_public_ws/install/pal_gazebo_worlds/share/pal_gazebo_worlds/models/aruco_marker_250_6x6_4/aruco_marker_250_6x6.sdf
[1.093s] -- Up-to-date symlink: /home/claudio/tiago_public_ws/install/pal_gazebo_worlds/share/pal_gazebo_worlds/models/aruco_marker_250_6x6_4/material/scripts/aruco_marker_250_6x6.material
[1.094s] -- Up-to-date symlink: /home/claudio/tiago_public_ws/install/pal_gazebo_worlds/share/pal_gazebo_worlds/models/aruco_marker_250_6x6_4/material/textures/Aruco_6x6_250_3.png
[1.095s] -- Up-to-date symlink: /home/claudio/tiago_public_ws/install/pal_gazebo_worlds/share/pal_gazebo_worlds/models/aruco_marker_250_6x6_4/model.config
[1.096s] -- Up-to-date symlink: /home/claudio/tiago_public_ws/install/pal_gazebo_worlds/share/pal_gazebo_worlds/models/aruco_marker_6cm_238/aruco_marker_6cm.sdf
[1.097s] -- Up-to-date symlink: /home/claudio/tiago_public_ws/install/pal_gazebo_worlds/share/pal_gazebo_worlds/models/aruco_marker_6cm_238/material/scripts/aruco_marker_original.material
[1.099s] -- Up-to-date symlink: /home/claudio/tiago_public_ws/install/pal_gazebo_worlds/share/pal_gazebo_worlds/models/aruco_marker_6cm_238/material/textures/Aruco_6cm_238.png
[1.100s] -- Up-to-date symlink: /home/claudio/tiago_public_ws/install/pal_gazebo_worlds/share/pal_gazebo_worlds/models/aruco_marker_6cm_238/model.config
[1.101s] -- Up-to-date symlink: /home/claudio/tiago_public_ws/install/pal_gazebo_worlds/share/pal_gazebo_worlds/models/aruco_marker_6cm_26/aruco_marker_6cm.sdf
[1.102s] -- Up-to-date symlink: /home/claudio/tiago_public_ws/install/pal_gazebo_worlds/share/pal_gazebo_worlds/models/aruco_marker_6cm_26/material/scripts/aruco_marker_original.material
[1.103s] -- Up-to-date symlink: /home/claudio/tiago_public_ws/install/pal_gazebo_worlds/share/pal_gazebo_worlds/models/aruco_marker_6cm_26/material/textures/Aruco_6cm_26.png
[1.103s] -- Up-to-date symlink: /home/claudio/tiago_public_ws/install/pal_gazebo_worlds/share/pal_gazebo_worlds/models/aruco_marker_6cm_26/model.config
[1.104s] -- Symlinking: /home/claudio/tiago_public_ws/install/pal_gazebo_worlds/share/pal_gazebo_worlds/models/aruco_marker_6cm_3/aruco_marker_6cm.sdf
[1.121s] -- Symlinking: /home/claudio/tiago_public_ws/install/pal_gazebo_worlds/share/pal_gazebo_worlds/models/aruco_marker_6cm_3/material/scripts/aruco_marker_original.material
[1.137s] -- Symlinking: /home/claudio/tiago_public_ws/install/pal_gazebo_worlds/share/pal_gazebo_worlds/models/aruco_marker_6cm_3/material/textures/Aruco_6cm_3.png
[1.154s] -- Symlinking: /home/claudio/tiago_public_ws/install/pal_gazebo_worlds/share/pal_gazebo_worlds/models/aruco_marker_6cm_3/model.config
[1.169s] -- Symlinking: /home/claudio/tiago_public_ws/install/pal_gazebo_worlds/share/pal_gazebo_worlds/models/aruco_marker_6cm_4/aruco_marker_6cm.sdf
[1.186s] -- Symlinking: /home/claudio/tiago_public_ws/install/pal_gazebo_worlds/share/pal_gazebo_worlds/models/aruco_marker_6cm_4/material/scripts/aruco_marker_original.material
[1.204s] -- Symlinking: /home/claudio/tiago_public_ws/install/pal_gazebo_worlds/share/pal_gazebo_worlds/models/aruco_marker_6cm_4/material/textures/Aruco_6cm_4.png
[1.224s] -- Symlinking: /home/claudio/tiago_public_ws/install/pal_gazebo_worlds/share/pal_gazebo_worlds/models/aruco_marker_6cm_4/model.config
[1.243s] -- Up-to-date symlink: /home/claudio/tiago_public_ws/install/pal_gazebo_worlds/share/pal_gazebo_worlds/models/aruco_marker_6cm_582/aruco_marker_6cm.sdf
[1.247s] -- Up-to-date symlink: /home/claudio/tiago_public_ws/install/pal_gazebo_worlds/share/pal_gazebo_worlds/models/aruco_marker_6cm_582/material/scripts/aruco_marker_original.material
[1.250s] -- Up-to-date symlink: /home/claudio/tiago_public_ws/install/pal_gazebo_worlds/share/pal_gazebo_worlds/models/aruco_marker_6cm_582/material/textures/Aruco_6cm_582.png
[1.252s] -- Up-to-date symlink: /home/claudio/tiago_public_ws/install/pal_gazebo_worlds/share/pal_gazebo_worlds/models/aruco_marker_6cm_582/model.config
[1.252s] -- Up-to-date symlink: /home/claudio/tiago_public_ws/install/pal_gazebo_worlds/share/pal_gazebo_worlds/models/aruco_marker_6cm_63/aruco_marker_6cm.sdf
[1.252s] -- Up-to-date symlink: /home/claudio/tiago_public_ws/install/pal_gazebo_worlds/share/pal_gazebo_worlds/models/aruco_marker_6cm_63/material/scripts/aruco_marker_original.material
[1.252s] -- Up-to-date symlink: /home/claudio/tiago_public_ws/install/pal_gazebo_worlds/share/pal_gazebo_worlds/models/aruco_marker_6cm_63/material/textures/Aruco_6cm_63.png
[1.253s] -- Up-to-date symlink: /home/claudio/tiago_public_ws/install/pal_gazebo_worlds/share/pal_gazebo_worlds/models/aruco_marker_6cm_63/model.config
[1.255s] -- Up-to-date symlink: /home/claudio/tiago_public_ws/install/pal_gazebo_worlds/share/pal_gazebo_worlds/models/aruco_marker_9cm_238/aruco_marker_9cm.sdf
[1.255s] -- Up-to-date symlink: /home/claudio/tiago_public_ws/install/pal_gazebo_worlds/share/pal_gazebo_worlds/models/aruco_marker_9cm_238/material/scripts/aruco_marker_original.material
[1.255s] -- Up-to-date symlink: /home/claudio/tiago_public_ws/install/pal_gazebo_worlds/share/pal_gazebo_worlds/models/aruco_marker_9cm_238/material/textures/Aruco_9cm_238.png
[1.255s] -- Up-to-date symlink: /home/claudio/tiago_public_ws/install/pal_gazebo_worlds/share/pal_gazebo_worlds/models/aruco_marker_9cm_238/model.config
[1.258s] -- Up-to-date symlink: /home/claudio/tiago_public_ws/install/pal_gazebo_worlds/share/pal_gazebo_worlds/models/aruco_marker_9cm_26/aruco_marker_9cm.sdf
[1.258s] -- Up-to-date symlink: /home/claudio/tiago_public_ws/install/pal_gazebo_worlds/share/pal_gazebo_worlds/models/aruco_marker_9cm_26/material/scripts/aruco_marker_original.material
[1.258s] -- Up-to-date symlink: /home/claudio/tiago_public_ws/install/pal_gazebo_worlds/share/pal_gazebo_worlds/models/aruco_marker_9cm_26/material/textures/Aruco_9cm_26.png
[1.258s] -- Up-to-date symlink: /home/claudio/tiago_public_ws/install/pal_gazebo_worlds/share/pal_gazebo_worlds/models/aruco_marker_9cm_26/model.config
[1.259s] -- Up-to-date symlink: /home/claudio/tiago_public_ws/install/pal_gazebo_worlds/share/pal_gazebo_worlds/models/aruco_marker_9cm_582/aruco_marker_9cm.sdf
[1.260s] -- Up-to-date symlink: /home/claudio/tiago_public_ws/install/pal_gazebo_worlds/share/pal_gazebo_worlds/models/aruco_marker_9cm_582/material/scripts/aruco_marker_original.material
[1.260s] -- Up-to-date symlink: /home/claudio/tiago_public_ws/install/pal_gazebo_worlds/share/pal_gazebo_worlds/models/aruco_marker_9cm_582/material/textures/Aruco_9cm_582.png
[1.261s] -- Up-to-date symlink: /home/claudio/tiago_public_ws/install/pal_gazebo_worlds/share/pal_gazebo_worlds/models/aruco_marker_9cm_582/model.config
[1.261s] -- Up-to-date symlink: /home/claudio/tiago_public_ws/install/pal_gazebo_worlds/share/pal_gazebo_worlds/models/aruco_marker_9cm_63/aruco_marker_9cm.sdf
[1.262s] -- Up-to-date symlink: /home/claudio/tiago_public_ws/install/pal_gazebo_worlds/share/pal_gazebo_worlds/models/aruco_marker_9cm_63/material/scripts/aruco_marker_original.material
[1.263s] -- Up-to-date symlink: /home/claudio/tiago_public_ws/install/pal_gazebo_worlds/share/pal_gazebo_worlds/models/aruco_marker_9cm_63/material/textures/Aruco_9cm_63.png
[1.264s] -- Up-to-date symlink: /home/claudio/tiago_public_ws/install/pal_gazebo_worlds/share/pal_gazebo_worlds/models/aruco_marker_9cm_63/model.config
[1.265s] -- Up-to-date symlink: /home/claudio/tiago_public_ws/install/pal_gazebo_worlds/share/pal_gazebo_worlds/models/aruco_marker_original_238/aruco_marker_original.sdf
[1.266s] -- Up-to-date symlink: /home/claudio/tiago_public_ws/install/pal_gazebo_worlds/share/pal_gazebo_worlds/models/aruco_marker_original_238/material/scripts/aruco_marker_original.material
[1.266s] -- Up-to-date symlink: /home/claudio/tiago_public_ws/install/pal_gazebo_worlds/share/pal_gazebo_worlds/models/aruco_marker_original_238/material/textures/Aruco_original_238.png
[1.267s] -- Up-to-date symlink: /home/claudio/tiago_public_ws/install/pal_gazebo_worlds/share/pal_gazebo_worlds/models/aruco_marker_original_238/model.config
[1.268s] -- Up-to-date symlink: /home/claudio/tiago_public_ws/install/pal_gazebo_worlds/share/pal_gazebo_worlds/models/aruco_marker_original_26/aruco_marker_original.sdf
[1.268s] -- Up-to-date symlink: /home/claudio/tiago_public_ws/install/pal_gazebo_worlds/share/pal_gazebo_worlds/models/aruco_marker_original_26/material/scripts/aruco_marker_original.material
[1.269s] -- Up-to-date symlink: /home/claudio/tiago_public_ws/install/pal_gazebo_worlds/share/pal_gazebo_worlds/models/aruco_marker_original_26/material/textures/Aruco_original_26.png
[1.270s] -- Up-to-date symlink: /home/claudio/tiago_public_ws/install/pal_gazebo_worlds/share/pal_gazebo_worlds/models/aruco_marker_original_26/model.config
[1.271s] -- Up-to-date symlink: /home/claudio/tiago_public_ws/install/pal_gazebo_worlds/share/pal_gazebo_worlds/models/aruco_marker_original_582/aruco_marker_original.sdf
[1.272s] -- Up-to-date symlink: /home/claudio/tiago_public_ws/install/pal_gazebo_worlds/share/pal_gazebo_worlds/models/aruco_marker_original_582/material/scripts/aruco_marker_original.material
[1.273s] -- Up-to-date symlink: /home/claudio/tiago_public_ws/install/pal_gazebo_worlds/share/pal_gazebo_worlds/models/aruco_marker_original_582/material/textures/Aruco_original_582.png
[1.273s] -- Up-to-date symlink: /home/claudio/tiago_public_ws/install/pal_gazebo_worlds/share/pal_gazebo_worlds/models/aruco_marker_original_582/model.config
[1.274s] -- Up-to-date symlink: /home/claudio/tiago_public_ws/install/pal_gazebo_worlds/share/pal_gazebo_worlds/models/aruco_marker_original_63/aruco_marker_original.sdf
[1.275s] -- Up-to-date symlink: /home/claudio/tiago_public_ws/install/pal_gazebo_worlds/share/pal_gazebo_worlds/models/aruco_marker_original_63/material/scripts/aruco_marker_original.material
[1.276s] -- Up-to-date symlink: /home/claudio/tiago_public_ws/install/pal_gazebo_worlds/share/pal_gazebo_worlds/models/aruco_marker_original_63/material/textures/Aruco_original_63.png
[1.277s] -- Up-to-date symlink: /home/claudio/tiago_public_ws/install/pal_gazebo_worlds/share/pal_gazebo_worlds/models/aruco_marker_original_63/model.config
[1.277s] -- Up-to-date symlink: /home/claudio/tiago_public_ws/install/pal_gazebo_worlds/share/pal_gazebo_worlds/models/bauman/README
[1.277s] -- Up-to-date symlink: /home/claudio/tiago_public_ws/install/pal_gazebo_worlds/share/pal_gazebo_worlds/models/bauman/bauman_walls.png
[1.278s] -- Up-to-date symlink: /home/claudio/tiago_public_ws/install/pal_gazebo_worlds/share/pal_gazebo_worlds/models/bauman/model.config
[1.279s] -- Up-to-date symlink: /home/claudio/tiago_public_ws/install/pal_gazebo_worlds/share/pal_gazebo_worlds/models/bauman/model.sdf
[1.280s] -- Up-to-date symlink: /home/claudio/tiago_public_ws/install/pal_gazebo_worlds/share/pal_gazebo_worlds/models/bench/bench.sdf
[1.282s] -- Up-to-date symlink: /home/claudio/tiago_public_ws/install/pal_gazebo_worlds/share/pal_gazebo_worlds/models/bench/meshes/bench.stl
[1.283s] -- Up-to-date symlink: /home/claudio/tiago_public_ws/install/pal_gazebo_worlds/share/pal_gazebo_worlds/models/bench/model.config
[1.284s] -- Up-to-date symlink: /home/claudio/tiago_public_ws/install/pal_gazebo_worlds/share/pal_gazebo_worlds/models/bifrutas_tropical_can/bifrutas_tropical_can.sdf
[1.285s] -- Up-to-date symlink: /home/claudio/tiago_public_ws/install/pal_gazebo_worlds/share/pal_gazebo_worlds/models/bifrutas_tropical_can/material/scripts/bifrutas_tropical_can.material
[1.286s] -- Up-to-date symlink: /home/claudio/tiago_public_ws/install/pal_gazebo_worlds/share/pal_gazebo_worlds/models/bifrutas_tropical_can/material/textures/bifrutas_tropical_can.jpg
[1.287s] -- Up-to-date symlink: /home/claudio/tiago_public_ws/install/pal_gazebo_worlds/share/pal_gazebo_worlds/models/bifrutas_tropical_can/model.config
[1.288s] -- Up-to-date symlink: /home/claudio/tiago_public_ws/install/pal_gazebo_worlds/share/pal_gazebo_worlds/models/biscuits_pack/biscuits_pack.sdf
[1.289s] -- Up-to-date symlink: /home/claudio/tiago_public_ws/install/pal_gazebo_worlds/share/pal_gazebo_worlds/models/biscuits_pack/material/scripts/pringles.material
[1.291s] -- Up-to-date symlink: /home/claudio/tiago_public_ws/install/pal_gazebo_worlds/share/pal_gazebo_worlds/models/biscuits_pack/material/textures/biscuits_pack.jpg
[1.291s] -- Up-to-date symlink: /home/claudio/tiago_public_ws/install/pal_gazebo_worlds/share/pal_gazebo_worlds/models/biscuits_pack/model.config
[1.293s] -- Up-to-date symlink: /home/claudio/tiago_public_ws/install/pal_gazebo_worlds/share/pal_gazebo_worlds/models/box_with_handles/box_with_handles.sdf
[1.295s] -- Up-to-date symlink: /home/claudio/tiago_public_ws/install/pal_gazebo_worlds/share/pal_gazebo_worlds/models/box_with_handles/material/scripts/aruco_marker_original.material
[1.295s] -- Up-to-date symlink: /home/claudio/tiago_public_ws/install/pal_gazebo_worlds/share/pal_gazebo_worlds/models/box_with_handles/material/textures/Aruco_original_582.png
[1.296s] -- Up-to-date symlink: /home/claudio/tiago_public_ws/install/pal_gazebo_worlds/share/pal_gazebo_worlds/models/box_with_handles/model.config
[1.298s] -- Up-to-date symlink: /home/claudio/tiago_public_ws/install/pal_gazebo_worlds/share/pal_gazebo_worlds/models/brick_box_3x1x3/materials/scripts/brick_box.material
[1.298s] -- Up-to-date symlink: /home/claudio/tiago_public_ws/install/pal_gazebo_worlds/share/pal_gazebo_worlds/models/brick_box_3x1x3/materials/textures/simple_box.png
[1.299s] -- Up-to-date symlink: /home/claudio/tiago_public_ws/install/pal_gazebo_worlds/share/pal_gazebo_worlds/models/brick_box_3x1x3/meshes/simple_box.dae
[1.300s] -- Up-to-date symlink: /home/claudio/tiago_public_ws/install/pal_gazebo_worlds/share/pal_gazebo_worlds/models/brick_box_3x1x3/model-1_3.sdf
[1.301s] -- Up-to-date symlink: /home/claudio/tiago_public_ws/install/pal_gazebo_worlds/share/pal_gazebo_worlds/models/brick_box_3x1x3/model-1_4.sdf
[1.302s] -- Up-to-date symlink: /home/claudio/tiago_public_ws/install/pal_gazebo_worlds/share/pal_gazebo_worlds/models/brick_box_3x1x3/model.config
[1.303s] -- Up-to-date symlink: /home/claudio/tiago_public_ws/install/pal_gazebo_worlds/share/pal_gazebo_worlds/models/brick_box_3x1x3/model.sdf
[1.305s] -- Up-to-date symlink: /home/claudio/tiago_public_ws/install/pal_gazebo_worlds/share/pal_gazebo_worlds/models/citizen_extras_female_02/images/_01_-_Default1noCulling.JPG
[1.306s] -- Up-to-date symlink: /home/claudio/tiago_public_ws/install/pal_gazebo_worlds/share/pal_gazebo_worlds/models/citizen_extras_female_02/images/_02_-_Default1noCulling.JPG
[1.307s] -- Up-to-date symlink: /home/claudio/tiago_public_ws/install/pal_gazebo_worlds/share/pal_gazebo_worlds/models/citizen_extras_female_02/images/_03_-_Default1noCulling.JPG
[1.308s] -- Up-to-date symlink: /home/claudio/tiago_public_ws/install/pal_gazebo_worlds/share/pal_gazebo_worlds/models/citizen_extras_female_02/meshes/mesh.dae
[1.309s] -- Up-to-date symlink: /home/claudio/tiago_public_ws/install/pal_gazebo_worlds/share/pal_gazebo_worlds/models/citizen_extras_female_02/model.config
[1.313s] -- Up-to-date symlink: /home/claudio/tiago_public_ws/install/pal_gazebo_worlds/share/pal_gazebo_worlds/models/citizen_extras_female_02/model.sdf
[1.315s] -- Up-to-date symlink: /home/claudio/tiago_public_ws/install/pal_gazebo_worlds/share/pal_gazebo_worlds/models/citizen_extras_female_03/images/Material__1noCulling.JPG
[1.315s] -- Up-to-date symlink: /home/claudio/tiago_public_ws/install/pal_gazebo_worlds/share/pal_gazebo_worlds/models/citizen_extras_female_03/images/Material__2noCulling.JPG
[1.318s] -- Up-to-date symlink: /home/claudio/tiago_public_ws/install/pal_gazebo_worlds/share/pal_gazebo_worlds/models/citizen_extras_female_03/images/_03_-_Default1noCulling.JPG
[1.321s] -- Up-to-date symlink: /home/claudio/tiago_public_ws/install/pal_gazebo_worlds/share/pal_gazebo_worlds/models/citizen_extras_female_03/meshes/mesh.dae
[1.321s] -- Up-to-date symlink: /home/claudio/tiago_public_ws/install/pal_gazebo_worlds/share/pal_gazebo_worlds/models/citizen_extras_female_03/model.config
[1.323s] -- Up-to-date symlink: /home/claudio/tiago_public_ws/install/pal_gazebo_worlds/share/pal_gazebo_worlds/models/citizen_extras_female_03/model.sdf
[1.324s] -- Up-to-date symlink: /home/claudio/tiago_public_ws/install/pal_gazebo_worlds/share/pal_gazebo_worlds/models/citizen_extras_male_03/images/Material__1noCulling.JPG
[1.325s] -- Up-to-date symlink: /home/claudio/tiago_public_ws/install/pal_gazebo_worlds/share/pal_gazebo_worlds/models/citizen_extras_male_03/images/hair1noCulling.JPG
[1.326s] -- Up-to-date symlink: /home/claudio/tiago_public_ws/install/pal_gazebo_worlds/share/pal_gazebo_worlds/models/citizen_extras_male_03/images/hrad1noCulling.JPG
[1.331s] -- Up-to-date symlink: /home/claudio/tiago_public_ws/install/pal_gazebo_worlds/share/pal_gazebo_worlds/models/citizen_extras_male_03/meshes/mesh.dae
[1.336s] -- Up-to-date symlink: /home/claudio/tiago_public_ws/install/pal_gazebo_worlds/share/pal_gazebo_worlds/models/citizen_extras_male_03/model.config
[1.337s] -- Up-to-date symlink: /home/claudio/tiago_public_ws/install/pal_gazebo_worlds/share/pal_gazebo_worlds/models/citizen_extras_male_03/model.sdf
[1.337s] -- Up-to-date symlink: /home/claudio/tiago_public_ws/install/pal_gazebo_worlds/share/pal_gazebo_worlds/models/closet/closet.sdf
[1.339s] -- Up-to-date symlink: /home/claudio/tiago_public_ws/install/pal_gazebo_worlds/share/pal_gazebo_worlds/models/closet/meshes/closet.stl
[1.339s] -- Up-to-date symlink: /home/claudio/tiago_public_ws/install/pal_gazebo_worlds/share/pal_gazebo_worlds/models/closet/model.config
[1.340s] -- Up-to-date symlink: /home/claudio/tiago_public_ws/install/pal_gazebo_worlds/share/pal_gazebo_worlds/models/cocacola/cocacola.sdf
[1.340s] -- Up-to-date symlink: /home/claudio/tiago_public_ws/install/pal_gazebo_worlds/share/pal_gazebo_worlds/models/cocacola/material/scripts/cocacola.material
[1.340s] -- Up-to-date symlink: /home/claudio/tiago_public_ws/install/pal_gazebo_worlds/share/pal_gazebo_worlds/models/cocacola/material/textures/cocacola.jpg
[1.340s] -- Up-to-date symlink: /home/claudio/tiago_public_ws/install/pal_gazebo_worlds/share/pal_gazebo_worlds/models/cocacola/model.config
[1.340s] -- Symlinking: /home/claudio/tiago_public_ws/install/pal_gazebo_worlds/share/pal_gazebo_worlds/models/cocacola_with_aruco/cola_aruco.sdf
[1.359s] -- Symlinking: /home/claudio/tiago_public_ws/install/pal_gazebo_worlds/share/pal_gazebo_worlds/models/cocacola_with_aruco/material/scripts/aruco_marker_original.material
[1.378s] -- Symlinking: /home/claudio/tiago_public_ws/install/pal_gazebo_worlds/share/pal_gazebo_worlds/models/cocacola_with_aruco/material/scripts/cocacola.material
[1.406s] -- Symlinking: /home/claudio/tiago_public_ws/install/pal_gazebo_worlds/share/pal_gazebo_worlds/models/cocacola_with_aruco/material/textures/Aruco_6cm_26.png
[1.439s] -- Symlinking: /home/claudio/tiago_public_ws/install/pal_gazebo_worlds/share/pal_gazebo_worlds/models/cocacola_with_aruco/material/textures/cocacola.jpg
[1.464s] -- Symlinking: /home/claudio/tiago_public_ws/install/pal_gazebo_worlds/share/pal_gazebo_worlds/models/cocacola_with_aruco/model.config
[1.497s] -- Up-to-date symlink: /home/claudio/tiago_public_ws/install/pal_gazebo_worlds/share/pal_gazebo_worlds/models/coke_can_slim/coke_can_slim.sdf
[1.498s] -- Up-to-date symlink: /home/claudio/tiago_public_ws/install/pal_gazebo_worlds/share/pal_gazebo_worlds/models/coke_can_slim/material/scripts/coke_can_slim.material
[1.498s] -- Up-to-date symlink: /home/claudio/tiago_public_ws/install/pal_gazebo_worlds/share/pal_gazebo_worlds/models/coke_can_slim/material/textures/coke_can_slim.jpg
[1.498s] -- Up-to-date symlink: /home/claudio/tiago_public_ws/install/pal_gazebo_worlds/share/pal_gazebo_worlds/models/coke_can_slim/model.config
[1.502s] -- Up-to-date symlink: /home/claudio/tiago_public_ws/install/pal_gazebo_worlds/share/pal_gazebo_worlds/models/database.config
[1.505s] -- Up-to-date symlink: /home/claudio/tiago_public_ws/install/pal_gazebo_worlds/share/pal_gazebo_worlds/models/dining_chair/dining_chair.sdf
[1.505s] -- Up-to-date symlink: /home/claudio/tiago_public_ws/install/pal_gazebo_worlds/share/pal_gazebo_worlds/models/dining_chair/meshes/dining_chair.stl
[1.506s] -- Up-to-date symlink: /home/claudio/tiago_public_ws/install/pal_gazebo_worlds/share/pal_gazebo_worlds/models/dining_chair/model.config
[1.506s] -- Up-to-date symlink: /home/claudio/tiago_public_ws/install/pal_gazebo_worlds/share/pal_gazebo_worlds/models/dock1/dock1.sdf
[1.510s] -- Up-to-date symlink: /home/claudio/tiago_public_ws/install/pal_gazebo_worlds/share/pal_gazebo_worlds/models/dock1/meshes/dock1.dae
[1.512s] -- Up-to-date symlink: /home/claudio/tiago_public_ws/install/pal_gazebo_worlds/share/pal_gazebo_worlds/models/dock1/model.config
[1.513s] -- Up-to-date symlink: /home/claudio/tiago_public_ws/install/pal_gazebo_worlds/share/pal_gazebo_worlds/models/door_obstacle/door_obstacle.sdf
[1.513s] -- Up-to-date symlink: /home/claudio/tiago_public_ws/install/pal_gazebo_worlds/share/pal_gazebo_worlds/models/door_obstacle/model.config
[1.515s] -- Up-to-date symlink: /home/claudio/tiago_public_ws/install/pal_gazebo_worlds/share/pal_gazebo_worlds/models/floor_lamp/floor_lamp.sdf
[1.516s] -- Up-to-date symlink: /home/claudio/tiago_public_ws/install/pal_gazebo_worlds/share/pal_gazebo_worlds/models/floor_lamp/meshes/floor_lamp.stl
[1.518s] -- Up-to-date symlink: /home/claudio/tiago_public_ws/install/pal_gazebo_worlds/share/pal_gazebo_worlds/models/floor_lamp/model.config
[1.518s] -- Up-to-date symlink: /home/claudio/tiago_public_ws/install/pal_gazebo_worlds/share/pal_gazebo_worlds/models/goetz_sofa/goetz_sofa.sdf
[1.519s] -- Up-to-date symlink: /home/claudio/tiago_public_ws/install/pal_gazebo_worlds/share/pal_gazebo_worlds/models/goetz_sofa/materials/textures/texture0.jpg
[1.521s] -- Up-to-date symlink: /home/claudio/tiago_public_ws/install/pal_gazebo_worlds/share/pal_gazebo_worlds/models/goetz_sofa/meshes/goetz_sofa.dae
[1.522s] -- Up-to-date symlink: /home/claudio/tiago_public_ws/install/pal_gazebo_worlds/share/pal_gazebo_worlds/models/goetz_sofa/model.config
[1.523s] -- Up-to-date symlink: /home/claudio/tiago_public_ws/install/pal_gazebo_worlds/share/pal_gazebo_worlds/models/green_ball/materials/scripts/ball.material
[1.527s] -- Up-to-date symlink: /home/claudio/tiago_public_ws/install/pal_gazebo_worlds/share/pal_gazebo_worlds/models/green_ball/model.config
[1.529s] -- Up-to-date symlink: /home/claudio/tiago_public_ws/install/pal_gazebo_worlds/share/pal_gazebo_worlds/models/green_ball/model.sdf
[1.531s] -- Up-to-date symlink: /home/claudio/tiago_public_ws/install/pal_gazebo_worlds/share/pal_gazebo_worlds/models/green_cube/green_cube.sdf
[1.531s] -- Up-to-date symlink: /home/claudio/tiago_public_ws/install/pal_gazebo_worlds/share/pal_gazebo_worlds/models/green_cube/model.config
[1.532s] -- Up-to-date symlink: /home/claudio/tiago_public_ws/install/pal_gazebo_worlds/share/pal_gazebo_worlds/models/green_rectangle/green_rectangle.sdf
[1.534s] -- Up-to-date symlink: /home/claudio/tiago_public_ws/install/pal_gazebo_worlds/share/pal_gazebo_worlds/models/green_rectangle/model.config
[1.535s] -- Up-to-date symlink: /home/claudio/tiago_public_ws/install/pal_gazebo_worlds/share/pal_gazebo_worlds/models/ground_plane/model-1_2.sdf
[1.536s] -- Up-to-date symlink: /home/claudio/tiago_public_ws/install/pal_gazebo_worlds/share/pal_gazebo_worlds/models/ground_plane/model-1_3.sdf
[1.541s] -- Up-to-date symlink: /home/claudio/tiago_public_ws/install/pal_gazebo_worlds/share/pal_gazebo_worlds/models/ground_plane/model-1_4.sdf
[1.546s] -- Up-to-date symlink: /home/claudio/tiago_public_ws/install/pal_gazebo_worlds/share/pal_gazebo_worlds/models/ground_plane/model.config
[1.547s] -- Up-to-date symlink: /home/claudio/tiago_public_ws/install/pal_gazebo_worlds/share/pal_gazebo_worlds/models/ground_plane/model.sdf
[1.547s] -- Up-to-date symlink: /home/claudio/tiago_public_ws/install/pal_gazebo_worlds/share/pal_gazebo_worlds/models/hospital_flat_map/hospital_flat_map.sdf
[1.547s] -- Up-to-date symlink: /home/claudio/tiago_public_ws/install/pal_gazebo_worlds/share/pal_gazebo_worlds/models/hospital_flat_map/meshes/hospital_flat_map.stl
[1.549s] -- Up-to-date symlink: /home/claudio/tiago_public_ws/install/pal_gazebo_worlds/share/pal_gazebo_worlds/models/hospital_flat_map/model.config
[1.549s] -- Up-to-date symlink: /home/claudio/tiago_public_ws/install/pal_gazebo_worlds/share/pal_gazebo_worlds/models/hospital_map/hospital_map.sdf
[1.549s] -- Up-to-date symlink: /home/claudio/tiago_public_ws/install/pal_gazebo_worlds/share/pal_gazebo_worlds/models/hospital_map/meshes/g1.stl
[1.552s] -- Up-to-date symlink: /home/claudio/tiago_public_ws/install/pal_gazebo_worlds/share/pal_gazebo_worlds/models/hospital_map/meshes/g2.stl
[1.552s] -- Up-to-date symlink: /home/claudio/tiago_public_ws/install/pal_gazebo_worlds/share/pal_gazebo_worlds/models/hospital_map/meshes/g3.stl
[1.553s] -- Up-to-date symlink: /home/claudio/tiago_public_ws/install/pal_gazebo_worlds/share/pal_gazebo_worlds/models/hospital_map/meshes/g4.stl
[1.553s] -- Up-to-date symlink: /home/claudio/tiago_public_ws/install/pal_gazebo_worlds/share/pal_gazebo_worlds/models/hospital_map/meshes/g5.stl
[1.554s] -- Up-to-date symlink: /home/claudio/tiago_public_ws/install/pal_gazebo_worlds/share/pal_gazebo_worlds/models/hospital_map/meshes/g6.stl
[1.554s] -- Up-to-date symlink: /home/claudio/tiago_public_ws/install/pal_gazebo_worlds/share/pal_gazebo_worlds/models/hospital_map/meshes/g7.stl
[1.554s] -- Up-to-date symlink: /home/claudio/tiago_public_ws/install/pal_gazebo_worlds/share/pal_gazebo_worlds/models/hospital_map/meshes/gr1.stl
[1.557s] -- Up-to-date symlink: /home/claudio/tiago_public_ws/install/pal_gazebo_worlds/share/pal_gazebo_worlds/models/hospital_map/meshes/gr2.stl
[1.557s] -- Up-to-date symlink: /home/claudio/tiago_public_ws/install/pal_gazebo_worlds/share/pal_gazebo_worlds/models/hospital_map/meshes/gr3.stl
[1.557s] -- Up-to-date symlink: /home/claudio/tiago_public_ws/install/pal_gazebo_worlds/share/pal_gazebo_worlds/models/hospital_map/meshes/gr4.stl
[1.559s] -- Up-to-date symlink: /home/claudio/tiago_public_ws/install/pal_gazebo_worlds/share/pal_gazebo_worlds/models/hospital_map/meshes/gr5.stl
[1.559s] -- Up-to-date symlink: /home/claudio/tiago_public_ws/install/pal_gazebo_worlds/share/pal_gazebo_worlds/models/hospital_map/meshes/gr6.stl
[1.559s] -- Up-to-date symlink: /home/claudio/tiago_public_ws/install/pal_gazebo_worlds/share/pal_gazebo_worlds/models/hospital_map/meshes/hospital_map.stl
[1.559s] -- Up-to-date symlink: /home/claudio/tiago_public_ws/install/pal_gazebo_worlds/share/pal_gazebo_worlds/models/hospital_map/meshes/w1.stl
[1.562s] -- Up-to-date symlink: /home/claudio/tiago_public_ws/install/pal_gazebo_worlds/share/pal_gazebo_worlds/models/hospital_map/meshes/w2.stl
[1.565s] -- Up-to-date symlink: /home/claudio/tiago_public_ws/install/pal_gazebo_worlds/share/pal_gazebo_worlds/models/hospital_map/meshes/w3.stl
[1.565s] -- Up-to-date symlink: /home/claudio/tiago_public_ws/install/pal_gazebo_worlds/share/pal_gazebo_worlds/models/hospital_map/meshes/w4.stl
[1.565s] -- Up-to-date symlink: /home/claudio/tiago_public_ws/install/pal_gazebo_worlds/share/pal_gazebo_worlds/models/hospital_map/meshes/w5.stl
[1.565s] -- Up-to-date symlink: /home/claudio/tiago_public_ws/install/pal_gazebo_worlds/share/pal_gazebo_worlds/models/hospital_map/meshes/w6.stl
[1.565s] -- Up-to-date symlink: /home/claudio/tiago_public_ws/install/pal_gazebo_worlds/share/pal_gazebo_worlds/models/hospital_map/meshes/w7.stl
[1.566s] -- Up-to-date symlink: /home/claudio/tiago_public_ws/install/pal_gazebo_worlds/share/pal_gazebo_worlds/models/hospital_map/meshes/wr1.stl
[1.567s] -- Up-to-date symlink: /home/claudio/tiago_public_ws/install/pal_gazebo_worlds/share/pal_gazebo_worlds/models/hospital_map/meshes/wr2.stl
[1.567s] -- Up-to-date symlink: /home/claudio/tiago_public_ws/install/pal_gazebo_worlds/share/pal_gazebo_worlds/models/hospital_map/meshes/wr3.stl
[1.568s] -- Up-to-date symlink: /home/claudio/tiago_public_ws/install/pal_gazebo_worlds/share/pal_gazebo_worlds/models/hospital_map/meshes/wr4.stl
[1.568s] -- Up-to-date symlink: /home/claudio/tiago_public_ws/install/pal_gazebo_worlds/share/pal_gazebo_worlds/models/hospital_map/meshes/wr5.stl
[1.574s] -- Up-to-date symlink: /home/claudio/tiago_public_ws/install/pal_gazebo_worlds/share/pal_gazebo_worlds/models/hospital_map/meshes/wr6.stl
[1.574s] -- Up-to-date symlink: /home/claudio/tiago_public_ws/install/pal_gazebo_worlds/share/pal_gazebo_worlds/models/hospital_map/model.config
[1.574s] -- Up-to-date symlink: /home/claudio/tiago_public_ws/install/pal_gazebo_worlds/share/pal_gazebo_worlds/models/ideal_sun/model.config
[1.574s] -- Up-to-date symlink: /home/claudio/tiago_public_ws/install/pal_gazebo_worlds/share/pal_gazebo_worlds/models/ideal_sun/model.sdf
[1.575s] -- Up-to-date symlink: /home/claudio/tiago_public_ws/install/pal_gazebo_worlds/share/pal_gazebo_worlds/models/ikea_ektorp_chair/meshes/IKE06001.JPG
[1.575s] -- Up-to-date symlink: /home/claudio/tiago_public_ws/install/pal_gazebo_worlds/share/pal_gazebo_worlds/models/ikea_ektorp_chair/meshes/mesh.dae
[1.577s] -- Up-to-date symlink: /home/claudio/tiago_public_ws/install/pal_gazebo_worlds/share/pal_gazebo_worlds/models/ikea_ektorp_chair/model.config
[1.577s] -- Up-to-date symlink: /home/claudio/tiago_public_ws/install/pal_gazebo_worlds/share/pal_gazebo_worlds/models/ikea_ektorp_chair/model.sdf
[1.577s] -- Up-to-date symlink: /home/claudio/tiago_public_ws/install/pal_gazebo_worlds/share/pal_gazebo_worlds/models/ikea_folke_chair/meshes/mesh.dae
[1.582s] -- Up-to-date symlink: /home/claudio/tiago_public_ws/install/pal_gazebo_worlds/share/pal_gazebo_worlds/models/ikea_folke_chair/meshes/notexture.png
[1.587s] -- Up-to-date symlink: /home/claudio/tiago_public_ws/install/pal_gazebo_worlds/share/pal_gazebo_worlds/models/ikea_folke_chair/meshes/texture.png
[1.587s] -- Up-to-date symlink: /home/claudio/tiago_public_ws/install/pal_gazebo_worlds/share/pal_gazebo_worlds/models/ikea_folke_chair/model.config
[1.590s] -- Up-to-date symlink: /home/claudio/tiago_public_ws/install/pal_gazebo_worlds/share/pal_gazebo_worlds/models/ikea_folke_chair/model.sdf
[1.590s] -- Up-to-date symlink: /home/claudio/tiago_public_ws/install/pal_gazebo_worlds/share/pal_gazebo_worlds/models/ikea_harry_chair/meshes/body.png
[1.590s] -- Up-to-date symlink: /home/claudio/tiago_public_ws/install/pal_gazebo_worlds/share/pal_gazebo_worlds/models/ikea_harry_chair/meshes/legs.png
[1.592s] -- Up-to-date symlink: /home/claudio/tiago_public_ws/install/pal_gazebo_worlds/share/pal_gazebo_worlds/models/ikea_harry_chair/meshes/mesh.dae
[1.593s] -- Up-to-date symlink: /home/claudio/tiago_public_ws/install/pal_gazebo_worlds/share/pal_gazebo_worlds/models/ikea_harry_chair/model.config
[1.595s] -- Up-to-date symlink: /home/claudio/tiago_public_ws/install/pal_gazebo_worlds/share/pal_gazebo_worlds/models/ikea_harry_chair/model.sdf
[1.596s] -- Up-to-date symlink: /home/claudio/tiago_public_ws/install/pal_gazebo_worlds/share/pal_gazebo_worlds/models/ikea_stefan_chair/meshes/mesh.dae
[1.596s] -- Up-to-date symlink: /home/claudio/tiago_public_ws/install/pal_gazebo_worlds/share/pal_gazebo_worlds/models/ikea_stefan_chair/model.config
[1.597s] -- Up-to-date symlink: /home/claudio/tiago_public_ws/install/pal_gazebo_worlds/share/pal_gazebo_worlds/models/ikea_stefan_chair/model.sdf
[1.599s] -- Up-to-date symlink: /home/claudio/tiago_public_ws/install/pal_gazebo_worlds/share/pal_gazebo_worlds/models/ikea_urban_chair/meshes/mesh.dae
[1.600s] -- Up-to-date symlink: /home/claudio/tiago_public_ws/install/pal_gazebo_worlds/share/pal_gazebo_worlds/models/ikea_urban_chair/meshes/notexture.png
[1.602s] -- Up-to-date symlink: /home/claudio/tiago_public_ws/install/pal_gazebo_worlds/share/pal_gazebo_worlds/models/ikea_urban_chair/model.config
[1.602s] -- Up-to-date symlink: /home/claudio/tiago_public_ws/install/pal_gazebo_worlds/share/pal_gazebo_worlds/models/ikea_urban_chair/model.sdf
[1.603s] -- Up-to-date symlink: /home/claudio/tiago_public_ws/install/pal_gazebo_worlds/share/pal_gazebo_worlds/models/kitchen_chair/kitchen_chair.sdf
[1.606s] -- Up-to-date symlink: /home/claudio/tiago_public_ws/install/pal_gazebo_worlds/share/pal_gazebo_worlds/models/kitchen_chair/meshes/kitchen_chair.stl
[1.606s] -- Up-to-date symlink: /home/claudio/tiago_public_ws/install/pal_gazebo_worlds/share/pal_gazebo_worlds/models/kitchen_chair/model.config
[1.608s] -- Up-to-date symlink: /home/claudio/tiago_public_ws/install/pal_gazebo_worlds/share/pal_gazebo_worlds/models/kitchen_table/kitchen_table.sdf
[1.610s] -- Up-to-date symlink: /home/claudio/tiago_public_ws/install/pal_gazebo_worlds/share/pal_gazebo_worlds/models/kitchen_table/meshes/kitchen_table.stl
[1.610s] -- Up-to-date symlink: /home/claudio/tiago_public_ws/install/pal_gazebo_worlds/share/pal_gazebo_worlds/models/kitchen_table/model.config
[1.610s] -- Up-to-date symlink: /home/claudio/tiago_public_ws/install/pal_gazebo_worlds/share/pal_gazebo_worlds/models/lamp/lamp.sdf
[1.613s] -- Up-to-date symlink: /home/claudio/tiago_public_ws/install/pal_gazebo_worlds/share/pal_gazebo_worlds/models/lamp/meshes/lamp.stl
[1.613s] -- Up-to-date symlink: /home/claudio/tiago_public_ws/install/pal_gazebo_worlds/share/pal_gazebo_worlds/models/lamp/model.config
[1.614s] -- Up-to-date symlink: /home/claudio/tiago_public_ws/install/pal_gazebo_worlds/share/pal_gazebo_worlds/models/macrolink_small_table/model.config
[1.618s] -- Up-to-date symlink: /home/claudio/tiago_public_ws/install/pal_gazebo_worlds/share/pal_gazebo_worlds/models/macrolink_small_table/table.sdf
[1.618s] -- Up-to-date symlink: /home/claudio/tiago_public_ws/install/pal_gazebo_worlds/share/pal_gazebo_worlds/models/macrolink_table/model.config
[1.618s] -- Up-to-date symlink: /home/claudio/tiago_public_ws/install/pal_gazebo_worlds/share/pal_gazebo_worlds/models/macrolink_table/table.sdf
[1.619s] -- Up-to-date symlink: /home/claudio/tiago_public_ws/install/pal_gazebo_worlds/share/pal_gazebo_worlds/models/marker26_8cm/marker26_8cm.sdf
[1.620s] -- Up-to-date symlink: /home/claudio/tiago_public_ws/install/pal_gazebo_worlds/share/pal_gazebo_worlds/models/marker26_8cm/material/scripts/marker26_8cm.material
[1.621s] -- Up-to-date symlink: /home/claudio/tiago_public_ws/install/pal_gazebo_worlds/share/pal_gazebo_worlds/models/marker26_8cm/material/textures/aruco-26_8cm.png
[1.624s] -- Up-to-date symlink: /home/claudio/tiago_public_ws/install/pal_gazebo_worlds/share/pal_gazebo_worlds/models/marker26_8cm/model.config
[1.624s] -- Up-to-date symlink: /home/claudio/tiago_public_ws/install/pal_gazebo_worlds/share/pal_gazebo_worlds/models/pal_poster/material/scripts/pal_poster.material
[1.625s] -- Up-to-date symlink: /home/claudio/tiago_public_ws/install/pal_gazebo_worlds/share/pal_gazebo_worlds/models/pal_poster/material/textures/pal_poster.jpg
[1.625s] -- Up-to-date symlink: /home/claudio/tiago_public_ws/install/pal_gazebo_worlds/share/pal_gazebo_worlds/models/pal_poster/model.config
[1.628s] -- Up-to-date symlink: /home/claudio/tiago_public_ws/install/pal_gazebo_worlds/share/pal_gazebo_worlds/models/pal_poster/pal_poster.sdf
[1.631s] -- Up-to-date symlink: /home/claudio/tiago_public_ws/install/pal_gazebo_worlds/share/pal_gazebo_worlds/models/pal_textured_object/material/scripts/pal_textured_object.material
[1.632s] -- Up-to-date symlink: /home/claudio/tiago_public_ws/install/pal_gazebo_worlds/share/pal_gazebo_worlds/models/pal_textured_object/material/textures/pal_textured_object.png
[1.633s] -- Up-to-date symlink: /home/claudio/tiago_public_ws/install/pal_gazebo_worlds/share/pal_gazebo_worlds/models/pal_textured_object/model.config
[1.633s] -- Up-to-date symlink: /home/claudio/tiago_public_ws/install/pal_gazebo_worlds/share/pal_gazebo_worlds/models/pal_textured_object/pal_textured_object.sdf
[1.634s] -- Up-to-date symlink: /home/claudio/tiago_public_ws/install/pal_gazebo_worlds/share/pal_gazebo_worlds/models/pringles/material/scripts/pringles.material
[1.638s] -- Up-to-date symlink: /home/claudio/tiago_public_ws/install/pal_gazebo_worlds/share/pal_gazebo_worlds/models/pringles/material/textures/pringles.jpg
[1.639s] -- Up-to-date symlink: /home/claudio/tiago_public_ws/install/pal_gazebo_worlds/share/pal_gazebo_worlds/models/pringles/model.config
[1.640s] -- Up-to-date symlink: /home/claudio/tiago_public_ws/install/pal_gazebo_worlds/share/pal_gazebo_worlds/models/pringles/pringles.sdf
[1.640s] -- Up-to-date symlink: /home/claudio/tiago_public_ws/install/pal_gazebo_worlds/share/pal_gazebo_worlds/models/pringles2/material/scripts/pringles2.material
[1.640s] -- Up-to-date symlink: /home/claudio/tiago_public_ws/install/pal_gazebo_worlds/share/pal_gazebo_worlds/models/pringles2/material/textures/pringles2.jpg
[1.641s] -- Up-to-date symlink: /home/claudio/tiago_public_ws/install/pal_gazebo_worlds/share/pal_gazebo_worlds/models/pringles2/model.config
[1.643s] -- Up-to-date symlink: /home/claudio/tiago_public_ws/install/pal_gazebo_worlds/share/pal_gazebo_worlds/models/pringles2/pringles2.sdf
[1.643s] -- Symlinking: /home/claudio/tiago_public_ws/install/pal_gazebo_worlds/share/pal_gazebo_worlds/models/pringles_with_aruco/material/scripts/aruco_marker_original.material
[1.668s] -- Symlinking: /home/claudio/tiago_public_ws/install/pal_gazebo_worlds/share/pal_gazebo_worlds/models/pringles_with_aruco/material/scripts/pringles.material
[1.690s] -- Symlinking: /home/claudio/tiago_public_ws/install/pal_gazebo_worlds/share/pal_gazebo_worlds/models/pringles_with_aruco/material/textures/Aruco_6cm_63.png
[1.709s] -- Symlinking: /home/claudio/tiago_public_ws/install/pal_gazebo_worlds/share/pal_gazebo_worlds/models/pringles_with_aruco/material/textures/pringles.jpg
[1.738s] -- Symlinking: /home/claudio/tiago_public_ws/install/pal_gazebo_worlds/share/pal_gazebo_worlds/models/pringles_with_aruco/model.config
[1.764s] -- Symlinking: /home/claudio/tiago_public_ws/install/pal_gazebo_worlds/share/pal_gazebo_worlds/models/pringles_with_aruco/pringles_aruco.sdf
[1.770s] -- Up-to-date symlink: /home/claudio/tiago_public_ws/install/pal_gazebo_worlds/share/pal_gazebo_worlds/models/reemc_bookshelf/bookshelf.sdf
[1.771s] -- Up-to-date symlink: /home/claudio/tiago_public_ws/install/pal_gazebo_worlds/share/pal_gazebo_worlds/models/reemc_bookshelf/model.config
[1.772s] -- Up-to-date symlink: /home/claudio/tiago_public_ws/install/pal_gazebo_worlds/share/pal_gazebo_worlds/models/reemc_cabinet/cabinet.sdf
[1.773s] -- Up-to-date symlink: /home/claudio/tiago_public_ws/install/pal_gazebo_worlds/share/pal_gazebo_worlds/models/reemc_cabinet/model.config
[1.774s] -- Up-to-date symlink: /home/claudio/tiago_public_ws/install/pal_gazebo_worlds/share/pal_gazebo_worlds/models/reemc_table/model.config
[1.777s] -- Up-to-date symlink: /home/claudio/tiago_public_ws/install/pal_gazebo_worlds/share/pal_gazebo_worlds/models/reemc_table/table.sdf
[1.778s] -- Up-to-date symlink: /home/claudio/tiago_public_ws/install/pal_gazebo_worlds/share/pal_gazebo_worlds/models/reemc_textured_object/meshes/mesh.dae
[1.779s] -- Up-to-date symlink: /home/claudio/tiago_public_ws/install/pal_gazebo_worlds/share/pal_gazebo_worlds/models/reemc_textured_object/meshes/texture.jpg
[1.780s] -- Up-to-date symlink: /home/claudio/tiago_public_ws/install/pal_gazebo_worlds/share/pal_gazebo_worlds/models/reemc_textured_object/model.config
[1.781s] -- Up-to-date symlink: /home/claudio/tiago_public_ws/install/pal_gazebo_worlds/share/pal_gazebo_worlds/models/reemc_textured_object/model.sdf
[1.781s] -- Up-to-date symlink: /home/claudio/tiago_public_ws/install/pal_gazebo_worlds/share/pal_gazebo_worlds/models/reemc_textured_object_nograv/model.config
[1.783s] -- Up-to-date symlink: /home/claudio/tiago_public_ws/install/pal_gazebo_worlds/share/pal_gazebo_worlds/models/reemc_textured_object_nograv/model.sdf
[1.783s] -- Up-to-date symlink: /home/claudio/tiago_public_ws/install/pal_gazebo_worlds/share/pal_gazebo_worlds/models/reemc_walls/model.config
[1.783s] -- Up-to-date symlink: /home/claudio/tiago_public_ws/install/pal_gazebo_worlds/share/pal_gazebo_worlds/models/reemc_walls/walls.sdf
[1.787s] -- Up-to-date symlink: /home/claudio/tiago_public_ws/install/pal_gazebo_worlds/share/pal_gazebo_worlds/models/reviews_table/meshes/reviews_table.stl
[1.787s] -- Up-to-date symlink: /home/claudio/tiago_public_ws/install/pal_gazebo_worlds/share/pal_gazebo_worlds/models/reviews_table/model.config
[1.790s] -- Up-to-date symlink: /home/claudio/tiago_public_ws/install/pal_gazebo_worlds/share/pal_gazebo_worlds/models/reviews_table/reviews_table.sdf
[1.791s] -- Up-to-date symlink: /home/claudio/tiago_public_ws/install/pal_gazebo_worlds/share/pal_gazebo_worlds/models/robocup_walls_70cm_doors/house_walls.sdf
[1.791s] -- Up-to-date symlink: /home/claudio/tiago_public_ws/install/pal_gazebo_worlds/share/pal_gazebo_worlds/models/robocup_walls_70cm_doors/meshes/robocup_house.stl
[1.792s] -- Up-to-date symlink: /home/claudio/tiago_public_ws/install/pal_gazebo_worlds/share/pal_gazebo_worlds/models/robocup_walls_70cm_doors/model.config
[1.793s] -- Up-to-date symlink: /home/claudio/tiago_public_ws/install/pal_gazebo_worlds/share/pal_gazebo_worlds/models/rockin_camp/README
[1.793s] -- Up-to-date symlink: /home/claudio/tiago_public_ws/install/pal_gazebo_worlds/share/pal_gazebo_worlds/models/rockin_camp/model.config
[1.794s] -- Up-to-date symlink: /home/claudio/tiago_public_ws/install/pal_gazebo_worlds/share/pal_gazebo_worlds/models/rockin_camp/model.sdf
[1.795s] -- Up-to-date symlink: /home/claudio/tiago_public_ws/install/pal_gazebo_worlds/share/pal_gazebo_worlds/models/rockin_camp/rockin_camp.png
[1.796s] -- Up-to-date symlink: /home/claudio/tiago_public_ws/install/pal_gazebo_worlds/share/pal_gazebo_worlds/models/sideboard/meshes/sideboard.stl
[1.807s] -- Up-to-date symlink: /home/claudio/tiago_public_ws/install/pal_gazebo_worlds/share/pal_gazebo_worlds/models/sideboard/model.config
[1.807s] -- Up-to-date symlink: /home/claudio/tiago_public_ws/install/pal_gazebo_worlds/share/pal_gazebo_worlds/models/sideboard/sideboard.sdf
[1.807s] -- Up-to-date symlink: /home/claudio/tiago_public_ws/install/pal_gazebo_worlds/share/pal_gazebo_worlds/models/slippery_patch/material/scripts/slippery_patch.material
[1.807s] -- Up-to-date symlink: /home/claudio/tiago_public_ws/install/pal_gazebo_worlds/share/pal_gazebo_worlds/models/slippery_patch/material/textures/slippery_patch.jpg
[1.807s] -- Up-to-date symlink: /home/claudio/tiago_public_ws/install/pal_gazebo_worlds/share/pal_gazebo_worlds/models/slippery_patch/model.config
[1.808s] -- Up-to-date symlink: /home/claudio/tiago_public_ws/install/pal_gazebo_worlds/share/pal_gazebo_worlds/models/slippery_patch/slippery_patch.sdf
[1.808s] -- Up-to-date symlink: /home/claudio/tiago_public_ws/install/pal_gazebo_worlds/share/pal_gazebo_worlds/models/small_cylinder/model.config
[1.808s] -- Up-to-date symlink: /home/claudio/tiago_public_ws/install/pal_gazebo_worlds/share/pal_gazebo_worlds/models/small_cylinder/small_cylinder.sdf
[1.808s] -- Up-to-date symlink: /home/claudio/tiago_public_ws/install/pal_gazebo_worlds/share/pal_gazebo_worlds/models/sofa/meshes/sofa.stl
[1.809s] -- Up-to-date symlink: /home/claudio/tiago_public_ws/install/pal_gazebo_worlds/share/pal_gazebo_worlds/models/sofa/model.config
[1.809s] -- Up-to-date symlink: /home/claudio/tiago_public_ws/install/pal_gazebo_worlds/share/pal_gazebo_worlds/models/sofa/sofa.sdf
[1.810s] -- Up-to-date symlink: /home/claudio/tiago_public_ws/install/pal_gazebo_worlds/share/pal_gazebo_worlds/models/sprite/material/scripts/sprite.material
[1.811s] -- Up-to-date symlink: /home/claudio/tiago_public_ws/install/pal_gazebo_worlds/share/pal_gazebo_worlds/models/sprite/material/textures/sprite.jpg
[1.813s] -- Up-to-date symlink: /home/claudio/tiago_public_ws/install/pal_gazebo_worlds/share/pal_gazebo_worlds/models/sprite/model.config
[1.814s] -- Up-to-date symlink: /home/claudio/tiago_public_ws/install/pal_gazebo_worlds/share/pal_gazebo_worlds/models/sprite/sprite.sdf
[1.815s] -- Up-to-date symlink: /home/claudio/tiago_public_ws/install/pal_gazebo_worlds/share/pal_gazebo_worlds/models/sun/model-1_2.sdf
[1.822s] -- Up-to-date symlink: /home/claudio/tiago_public_ws/install/pal_gazebo_worlds/share/pal_gazebo_worlds/models/sun/model-1_3.sdf
[1.822s] -- Up-to-date symlink: /home/claudio/tiago_public_ws/install/pal_gazebo_worlds/share/pal_gazebo_worlds/models/sun/model-1_4.sdf
[1.822s] -- Up-to-date symlink: /home/claudio/tiago_public_ws/install/pal_gazebo_worlds/share/pal_gazebo_worlds/models/sun/model.config
[1.825s] -- Up-to-date symlink: /home/claudio/tiago_public_ws/install/pal_gazebo_worlds/share/pal_gazebo_worlds/models/sun/model.sdf
[1.825s] -- Up-to-date symlink: /home/claudio/tiago_public_ws/install/pal_gazebo_worlds/share/pal_gazebo_worlds/models/table_0m8/model.config
[1.825s] -- Up-to-date symlink: /home/claudio/tiago_public_ws/install/pal_gazebo_worlds/share/pal_gazebo_worlds/models/table_0m8/table.sdf
[1.827s] -- Up-to-date symlink: /home/claudio/tiago_public_ws/install/pal_gazebo_worlds/share/pal_gazebo_worlds/models/table_1m/model.config
[1.827s] -- Up-to-date symlink: /home/claudio/tiago_public_ws/install/pal_gazebo_worlds/share/pal_gazebo_worlds/models/table_1m/table_1m.sdf
[1.828s] -- Up-to-date symlink: /home/claudio/tiago_public_ws/install/pal_gazebo_worlds/share/pal_gazebo_worlds/models/test2/meshes/test2.dae
[1.830s] -- Up-to-date symlink: /home/claudio/tiago_public_ws/install/pal_gazebo_worlds/share/pal_gazebo_worlds/models/test2/model.config
[1.831s] -- Up-to-date symlink: /home/claudio/tiago_public_ws/install/pal_gazebo_worlds/share/pal_gazebo_worlds/models/test2/test2.sdf
[1.832s] -- Up-to-date symlink: /home/claudio/tiago_public_ws/install/pal_gazebo_worlds/share/pal_gazebo_worlds/models/testing_room/README
[1.833s] -- Up-to-date symlink: /home/claudio/tiago_public_ws/install/pal_gazebo_worlds/share/pal_gazebo_worlds/models/testing_room/model.config
[1.835s] -- Up-to-date symlink: /home/claudio/tiago_public_ws/install/pal_gazebo_worlds/share/pal_gazebo_worlds/models/testing_room/model.sdf
[1.836s] -- Up-to-date symlink: /home/claudio/tiago_public_ws/install/pal_gazebo_worlds/share/pal_gazebo_worlds/models/testing_room/testing_room.png
[1.836s] -- Up-to-date symlink: /home/claudio/tiago_public_ws/install/pal_gazebo_worlds/share/pal_gazebo_worlds/models/tv/meshes/tv.stl
[1.837s] -- Up-to-date symlink: /home/claudio/tiago_public_ws/install/pal_gazebo_worlds/share/pal_gazebo_worlds/models/tv/model.config
[1.838s] -- Up-to-date symlink: /home/claudio/tiago_public_ws/install/pal_gazebo_worlds/share/pal_gazebo_worlds/models/tv/tv.sdf
[1.840s] -- Up-to-date symlink: /home/claudio/tiago_public_ws/install/pal_gazebo_worlds/share/pal_gazebo_worlds/models/wall_with_reem_photo/material/scripts/ball.material
[1.840s] -- Up-to-date symlink: /home/claudio/tiago_public_ws/install/pal_gazebo_worlds/share/pal_gazebo_worlds/models/wall_with_reem_photo/material/scripts/wallWithREEMphoto.material
[1.843s] -- Up-to-date symlink: /home/claudio/tiago_public_ws/install/pal_gazebo_worlds/share/pal_gazebo_worlds/models/wall_with_reem_photo/material/textures/REEM_photo0.jpg
[1.844s] -- Up-to-date symlink: /home/claudio/tiago_public_ws/install/pal_gazebo_worlds/share/pal_gazebo_worlds/models/wall_with_reem_photo/model.config
[1.844s] -- Up-to-date symlink: /home/claudio/tiago_public_ws/install/pal_gazebo_worlds/share/pal_gazebo_worlds/models/wall_with_reem_photo/model.sdf
[1.845s] -- Up-to-date symlink: /home/claudio/tiago_public_ws/install/pal_gazebo_worlds/share/pal_gazebo_worlds/models/wardrobe/meshes/wardrobe.stl
[1.846s] -- Up-to-date symlink: /home/claudio/tiago_public_ws/install/pal_gazebo_worlds/share/pal_gazebo_worlds/models/wardrobe/model.config
[1.848s] -- Up-to-date symlink: /home/claudio/tiago_public_ws/install/pal_gazebo_worlds/share/pal_gazebo_worlds/models/wardrobe/wardrobe.sdf
[1.852s] -- Up-to-date symlink: /home/claudio/tiago_public_ws/install/pal_gazebo_worlds/share/pal_gazebo_worlds/models/willowgarage/materials/textures/Carpet_Berber_Pattern_Gray_.png
[1.852s] -- Up-to-date symlink: /home/claudio/tiago_public_ws/install/pal_gazebo_worlds/share/pal_gazebo_worlds/models/willowgarage/materials/textures/Stone_Brushed_Khaki_.png
[1.852s] -- Up-to-date symlink: /home/claudio/tiago_public_ws/install/pal_gazebo_worlds/share/pal_gazebo_worlds/models/willowgarage/materials/textures/Wood_Bamboo_Medium_.png
[1.854s] -- Up-to-date symlink: /home/claudio/tiago_public_ws/install/pal_gazebo_worlds/share/pal_gazebo_worlds/models/willowgarage/materials/textures/Wood_Cherry_Original_.png
[1.858s] -- Up-to-date symlink: /home/claudio/tiago_public_ws/install/pal_gazebo_worlds/share/pal_gazebo_worlds/models/willowgarage/materials/textures/__Wood_Bamboo_Medium_1.png
[1.859s] -- Up-to-date symlink: /home/claudio/tiago_public_ws/install/pal_gazebo_worlds/share/pal_gazebo_worlds/models/willowgarage/materials/textures/__auto_12.png
[1.859s] -- Up-to-date symlink: /home/claudio/tiago_public_ws/install/pal_gazebo_worlds/share/pal_gazebo_worlds/models/willowgarage/materials/textures/__auto_2.png
[1.860s] -- Up-to-date symlink: /home/claudio/tiago_public_ws/install/pal_gazebo_worlds/share/pal_gazebo_worlds/models/willowgarage/meshes/willowgarage_collision.dae
[1.861s] -- Up-to-date symlink: /home/claudio/tiago_public_ws/install/pal_gazebo_worlds/share/pal_gazebo_worlds/models/willowgarage/meshes/willowgarage_visual.dae
[1.867s] -- Up-to-date symlink: /home/claudio/tiago_public_ws/install/pal_gazebo_worlds/share/pal_gazebo_worlds/worlds/aruco.world
[1.869s] -- Up-to-date symlink: /home/claudio/tiago_public_ws/install/pal_gazebo_worlds/share/pal_gazebo_worlds/worlds/ball.world
[1.869s] -- Up-to-date symlink: /home/claudio/tiago_public_ws/install/pal_gazebo_worlds/share/pal_gazebo_worlds/worlds/cabinet_grasping.world
[1.870s] -- Up-to-date symlink: /home/claudio/tiago_public_ws/install/pal_gazebo_worlds/share/pal_gazebo_worlds/worlds/calibration_room.world
[1.871s] -- Up-to-date symlink: /home/claudio/tiago_public_ws/install/pal_gazebo_worlds/share/pal_gazebo_worlds/worlds/chairs.world
[1.873s] -- Up-to-date symlink: /home/claudio/tiago_public_ws/install/pal_gazebo_worlds/share/pal_gazebo_worlds/worlds/corridor_110cm.world
[1.879s] -- Up-to-date symlink: /home/claudio/tiago_public_ws/install/pal_gazebo_worlds/share/pal_gazebo_worlds/worlds/corridor_60cm.world
[1.879s] -- Up-to-date symlink: /home/claudio/tiago_public_ws/install/pal_gazebo_worlds/share/pal_gazebo_worlds/worlds/corridor_70cm.world
[1.879s] -- Up-to-date symlink: /home/claudio/tiago_public_ws/install/pal_gazebo_worlds/share/pal_gazebo_worlds/worlds/corridor_85cm.world
[1.880s] -- Up-to-date symlink: /home/claudio/tiago_public_ws/install/pal_gazebo_worlds/share/pal_gazebo_worlds/worlds/dock_and_aruco.world
[1.880s] -- Up-to-date symlink: /home/claudio/tiago_public_ws/install/pal_gazebo_worlds/share/pal_gazebo_worlds/worlds/dock_station.world
[1.881s] -- Up-to-date symlink: /home/claudio/tiago_public_ws/install/pal_gazebo_worlds/share/pal_gazebo_worlds/worlds/docker_chair.world
[1.881s] -- Up-to-date symlink: /home/claudio/tiago_public_ws/install/pal_gazebo_worlds/share/pal_gazebo_worlds/worlds/door_obstacle.world
[1.884s] -- Up-to-date symlink: /home/claudio/tiago_public_ws/install/pal_gazebo_worlds/share/pal_gazebo_worlds/worlds/empty.world
[1.888s] -- Up-to-date symlink: /home/claudio/tiago_public_ws/install/pal_gazebo_worlds/share/pal_gazebo_worlds/worlds/empty_room.world
[1.889s] -- Up-to-date symlink: /home/claudio/tiago_public_ws/install/pal_gazebo_worlds/share/pal_gazebo_worlds/worlds/factory.world
[1.889s] -- Up-to-date symlink: /home/claudio/tiago_public_ws/install/pal_gazebo_worlds/share/pal_gazebo_worlds/worlds/featured.world
[1.892s] -- Up-to-date symlink: /home/claudio/tiago_public_ws/install/pal_gazebo_worlds/share/pal_gazebo_worlds/worlds/footstep_obstacle.world
[1.892s] -- Up-to-date symlink: /home/claudio/tiago_public_ws/install/pal_gazebo_worlds/share/pal_gazebo_worlds/worlds/hit_table.world
[1.892s] -- Up-to-date symlink: /home/claudio/tiago_public_ws/install/pal_gazebo_worlds/share/pal_gazebo_worlds/worlds/home.world
[1.893s] -- Up-to-date symlink: /home/claudio/tiago_public_ws/install/pal_gazebo_worlds/share/pal_gazebo_worlds/worlds/hospital.world
[1.894s] -- Up-to-date symlink: /home/claudio/tiago_public_ws/install/pal_gazebo_worlds/share/pal_gazebo_worlds/worlds/hospital_flat.world
[1.895s] -- Up-to-date symlink: /home/claudio/tiago_public_ws/install/pal_gazebo_worlds/share/pal_gazebo_worlds/worlds/look_to_point.world
[1.898s] -- Up-to-date symlink: /home/claudio/tiago_public_ws/install/pal_gazebo_worlds/share/pal_gazebo_worlds/worlds/low_sun_empty.world
[1.902s] -- Up-to-date symlink: /home/claudio/tiago_public_ws/install/pal_gazebo_worlds/share/pal_gazebo_worlds/worlds/memmo_simple.world
[1.902s] -- Up-to-date symlink: /home/claudio/tiago_public_ws/install/pal_gazebo_worlds/share/pal_gazebo_worlds/worlds/narrow_passage.world
[1.903s] -- Up-to-date symlink: /home/claudio/tiago_public_ws/install/pal_gazebo_worlds/share/pal_gazebo_worlds/worlds/objects_on_table.world
[1.904s] -- Up-to-date symlink: /home/claudio/tiago_public_ws/install/pal_gazebo_worlds/share/pal_gazebo_worlds/worlds/pal_office.world
[1.907s] -- Up-to-date symlink: /home/claudio/tiago_public_ws/install/pal_gazebo_worlds/share/pal_gazebo_worlds/worlds/pal_office_w_aruco.world
[1.907s] -- Up-to-date symlink: /home/claudio/tiago_public_ws/install/pal_gazebo_worlds/share/pal_gazebo_worlds/worlds/pal_office_w_docks.world
[1.909s] -- Up-to-date symlink: /home/claudio/tiago_public_ws/install/pal_gazebo_worlds/share/pal_gazebo_worlds/worlds/pal_textured_object.world
[1.909s] -- Up-to-date symlink: /home/claudio/tiago_public_ws/install/pal_gazebo_worlds/share/pal_gazebo_worlds/worlds/passage_110cm.world
[1.909s] -- Up-to-date symlink: /home/claudio/tiago_public_ws/install/pal_gazebo_worlds/share/pal_gazebo_worlds/worlds/passage_60cm.world
[1.912s] -- Up-to-date symlink: /home/claudio/tiago_public_ws/install/pal_gazebo_worlds/share/pal_gazebo_worlds/worlds/passage_70cm.world
[1.912s] -- Up-to-date symlink: /home/claudio/tiago_public_ws/install/pal_gazebo_worlds/share/pal_gazebo_worlds/worlds/pg_demo.world
[1.912s] -- Up-to-date symlink: /home/claudio/tiago_public_ws/install/pal_gazebo_worlds/share/pal_gazebo_worlds/worlds/pick.world
[1.913s] -- Up-to-date symlink: /home/claudio/tiago_public_ws/install/pal_gazebo_worlds/share/pal_gazebo_worlds/worlds/pick_place_cabinet.world
[1.913s] -- Up-to-date symlink: /home/claudio/tiago_public_ws/install/pal_gazebo_worlds/share/pal_gazebo_worlds/worlds/pick_place_close_demo.world
[1.918s] -- Up-to-date symlink: /home/claudio/tiago_public_ws/install/pal_gazebo_worlds/share/pal_gazebo_worlds/worlds/pick_place_demo.world
[1.919s] -- Up-to-date symlink: /home/claudio/tiago_public_ws/install/pal_gazebo_worlds/share/pal_gazebo_worlds/worlds/reemc.world
[1.922s] -- Up-to-date symlink: /home/claudio/tiago_public_ws/install/pal_gazebo_worlds/share/pal_gazebo_worlds/worlds/reemc_indoor.world
[1.922s] -- Up-to-date symlink: /home/claudio/tiago_public_ws/install/pal_gazebo_worlds/share/pal_gazebo_worlds/worlds/simple_office.world
[1.922s] -- Up-to-date symlink: /home/claudio/tiago_public_ws/install/pal_gazebo_worlds/share/pal_gazebo_worlds/worlds/simple_office_with_people.world
[1.923s] -- Up-to-date symlink: /home/claudio/tiago_public_ws/install/pal_gazebo_worlds/share/pal_gazebo_worlds/worlds/simple_ramp.world
[1.923s] -- Up-to-date symlink: /home/claudio/tiago_public_ws/install/pal_gazebo_worlds/share/pal_gazebo_worlds/worlds/small_factory.world
[1.923s] -- Up-to-date symlink: /home/claudio/tiago_public_ws/install/pal_gazebo_worlds/share/pal_gazebo_worlds/worlds/small_office.world
[1.923s] -- Up-to-date symlink: /home/claudio/tiago_public_ws/install/pal_gazebo_worlds/share/pal_gazebo_worlds/worlds/small_office_door_obstacle.world
[1.923s] -- Up-to-date symlink: /home/claudio/tiago_public_ws/install/pal_gazebo_worlds/share/pal_gazebo_worlds/worlds/small_office_inventory.world
[1.923s] -- Up-to-date symlink: /home/claudio/tiago_public_ws/install/pal_gazebo_worlds/share/pal_gazebo_worlds/worlds/small_textured_office.world
[1.924s] -- Up-to-date symlink: /home/claudio/tiago_public_ws/install/pal_gazebo_worlds/share/pal_gazebo_worlds/worlds/socmcs.world
[1.927s] -- Up-to-date symlink: /home/claudio/tiago_public_ws/install/pal_gazebo_worlds/share/pal_gazebo_worlds/worlds/stairs.world
[1.927s] -- Up-to-date symlink: /home/claudio/tiago_public_ws/install/pal_gazebo_worlds/share/pal_gazebo_worlds/worlds/stamping_demo.world
[1.928s] -- Up-to-date symlink: /home/claudio/tiago_public_ws/install/pal_gazebo_worlds/share/pal_gazebo_worlds/worlds/t_shaped.world
[1.929s] -- Up-to-date symlink: /home/claudio/tiago_public_ws/install/pal_gazebo_worlds/share/pal_gazebo_worlds/worlds/tabletop_cube.world
[1.932s] -- Up-to-date symlink: /home/claudio/tiago_public_ws/install/pal_gazebo_worlds/share/pal_gazebo_worlds/worlds/tabletop_cylinder.world
[1.936s] -- Up-to-date symlink: /home/claudio/tiago_public_ws/install/pal_gazebo_worlds/share/pal_gazebo_worlds/worlds/tutorial_office.world
[1.937s] -- Up-to-date symlink: /home/claudio/tiago_public_ws/install/pal_gazebo_worlds/share/pal_gazebo_worlds/worlds/voronoi_graph.world
[1.937s] -- Up-to-date symlink: /home/claudio/tiago_public_ws/install/pal_gazebo_worlds/share/pal_gazebo_worlds/worlds/willow_garage.world
[1.937s] -- Up-to-date symlink: /home/claudio/tiago_public_ws/install/pal_gazebo_worlds/share/pal_gazebo_worlds/worlds/world_wall_REEM_photo.world
[1.939s] -- Up-to-date symlink: /home/claudio/tiago_public_ws/install/pal_gazebo_worlds/share/pal_gazebo_worlds/urdf/chessboard/chessboard.gazebo.xacro
[1.944s] -- Up-to-date symlink: /home/claudio/tiago_public_ws/install/pal_gazebo_worlds/share/pal_gazebo_worlds/urdf/chessboard/chessboard.urdf.xacro
[1.944s] -- Up-to-date symlink: /home/claudio/tiago_public_ws/install/pal_gazebo_worlds/share/pal_gazebo_worlds/urdf/chessboard/chessboard_example.urdf.xacro
[1.944s] -- Up-to-date symlink: /home/claudio/tiago_public_ws/install/pal_gazebo_worlds/share/pal_gazebo_worlds/urdf/simple_box.urdf
[1.945s] -- Up-to-date symlink: /home/claudio/tiago_public_ws/install/pal_gazebo_worlds/share/pal_gazebo_worlds/meshes/chessboard/chessboard.dae
[1.946s] -- Up-to-date symlink: /home/claudio/tiago_public_ws/install/pal_gazebo_worlds/share/pal_gazebo_worlds/meshes/chessboard/chessboard.png
[1.947s] -- Up-to-date symlink: /home/claudio/tiago_public_ws/install/pal_gazebo_worlds/share/ament_index/resource_index/package_run_dependencies/pal_gazebo_worlds
[1.948s] -- Up-to-date symlink: /home/claudio/tiago_public_ws/install/pal_gazebo_worlds/share/ament_index/resource_index/parent_prefix_path/pal_gazebo_worlds
[1.954s] -- Up-to-date symlink: /home/claudio/tiago_public_ws/install/pal_gazebo_worlds/share/pal_gazebo_worlds/environment/ament_prefix_path.sh
[1.954s] -- Up-to-date symlink: /home/claudio/tiago_public_ws/install/pal_gazebo_worlds/share/pal_gazebo_worlds/environment/ament_prefix_path.dsv
[1.955s] -- Up-to-date symlink: /home/claudio/tiago_public_ws/install/pal_gazebo_worlds/share/pal_gazebo_worlds/environment/path.sh
[1.958s] -- Up-to-date symlink: /home/claudio/tiago_public_ws/install/pal_gazebo_worlds/share/pal_gazebo_worlds/environment/path.dsv
[1.958s] -- Up-to-date symlink: /home/claudio/tiago_public_ws/install/pal_gazebo_worlds/share/pal_gazebo_worlds/local_setup.bash
[1.961s] -- Up-to-date symlink: /home/claudio/tiago_public_ws/install/pal_gazebo_worlds/share/pal_gazebo_worlds/local_setup.sh
[1.963s] -- Up-to-date symlink: /home/claudio/tiago_public_ws/install/pal_gazebo_worlds/share/pal_gazebo_worlds/local_setup.zsh
[1.969s] -- Up-to-date symlink: /home/claudio/tiago_public_ws/install/pal_gazebo_worlds/share/pal_gazebo_worlds/local_setup.dsv
[1.969s] -- Symlinking: /home/claudio/tiago_public_ws/install/pal_gazebo_worlds/share/pal_gazebo_worlds/package.dsv
[1.996s] -- Up-to-date symlink: /home/claudio/tiago_public_ws/install/pal_gazebo_worlds/share/ament_index/resource_index/packages/pal_gazebo_worlds
[1.997s] -- Up-to-date symlink: /home/claudio/tiago_public_ws/install/pal_gazebo_worlds/share/pal_gazebo_worlds/cmake/pal_gazebo_worldsConfig.cmake
[1.997s] -- Up-to-date symlink: /home/claudio/tiago_public_ws/install/pal_gazebo_worlds/share/pal_gazebo_worlds/cmake/pal_gazebo_worldsConfig-version.cmake
[1.999s] -- Up-to-date symlink: /home/claudio/tiago_public_ws/install/pal_gazebo_worlds/share/pal_gazebo_worlds/package.xml
[2.002s] Invoked command in '/home/claudio/tiago_public_ws/build/pal_gazebo_worlds' returned '0': CMAKE_PREFIX_PATH=/opt/ros/humble /usr/bin/cmake --install /home/claudio/tiago_public_ws/build/pal_gazebo_worlds
