[0.013s] Invoking command in '/home/claudio/tiago_public_ws/build/pmb2_controller_configuration': AMENT_PREFIX_PATH=/home/claudio/tiago_public_ws/install/launch_pal:${AMENT_PREFIX_PATH} CMAKE_PREFIX_PATH=/opt/ros/humble PYTHONPATH=/home/claudio/tiago_public_ws/build/launch_pal:/home/claudio/tiago_public_ws/install/launch_pal/lib/python3.10/site-packages:${PYTHONPATH} /usr/bin/cmake /home/claudio/tiago_public_ws/src/pmb2_robot/pmb2_controller_configuration -DAMENT_CMAKE_SYMLINK_INSTALL=1 -DCMAKE_INSTALL_PREFIX=/home/claudio/tiago_public_ws/install/pmb2_controller_configuration
[0.128s] -- The C compiler identification is GNU 11.4.0
[0.268s] -- The CXX compiler identification is GNU 11.4.0
[0.289s] -- Detecting C compiler ABI info
[0.440s] -- Detecting C compiler ABI info - done
[0.462s] -- Check for working C compiler: /usr/bin/cc - skipped
[0.462s] -- Detecting C compile features
[0.465s] -- Detecting C compile features - done
[0.474s] -- Detecting CXX compiler ABI info
[0.655s] -- Detecting CXX compiler ABI info - done
[0.681s] -- Check for working CXX compiler: /usr/bin/c++ - skipped
[0.686s] -- Detecting CXX compile features
[0.686s] -- Detecting CXX compile features - done
[0.688s] -- Found ament_cmake_auto: 1.3.11 (/opt/ros/humble/share/ament_cmake_auto/cmake)
[1.061s] -- Found Python3: /usr/bin/python3 (found version "3.10.12") found components: Interpreter 
[1.220s] -- Override CMake install command with custom implementation using symlinks instead of copying resources
[1.459s] -- Found ament_lint_auto: 0.12.11 (/opt/ros/humble/share/ament_lint_auto/cmake)
[1.512s] -- Added test 'copyright' to check source files copyright and LICENSE
[1.517s] -- Added test 'flake8' to check Python code syntax and style conventions
[1.519s] -- Added test 'lint_cmake' to check CMake code style
[1.521s] -- Added test 'pep257' to check Python code against some of the docstring style conventions in PEP 257
[1.524s] -- Added test 'xmllint' to check XML markup files
[1.529s] -- Configuring done
[1.539s] -- Generating done
[1.539s] -- Build files have been written to: /home/claudio/tiago_public_ws/build/pmb2_controller_configuration
[1.553s] Invoked command in '/home/claudio/tiago_public_ws/build/pmb2_controller_configuration' returned '0': AMENT_PREFIX_PATH=/home/claudio/tiago_public_ws/install/launch_pal:${AMENT_PREFIX_PATH} CMAKE_PREFIX_PATH=/opt/ros/humble PYTHONPATH=/home/claudio/tiago_public_ws/build/launch_pal:/home/claudio/tiago_public_ws/install/launch_pal/lib/python3.10/site-packages:${PYTHONPATH} /usr/bin/cmake /home/claudio/tiago_public_ws/src/pmb2_robot/pmb2_controller_configuration -DAMENT_CMAKE_SYMLINK_INSTALL=1 -DCMAKE_INSTALL_PREFIX=/home/claudio/tiago_public_ws/install/pmb2_controller_configuration
[1.557s] Invoking command in '/home/claudio/tiago_public_ws/build/pmb2_controller_configuration': AMENT_PREFIX_PATH=/home/claudio/tiago_public_ws/install/launch_pal:${AMENT_PREFIX_PATH} CMAKE_PREFIX_PATH=/opt/ros/humble PYTHONPATH=/home/claudio/tiago_public_ws/build/launch_pal:/home/claudio/tiago_public_ws/install/launch_pal/lib/python3.10/site-packages:${PYTHONPATH} /usr/bin/cmake --build /home/claudio/tiago_public_ws/build/pmb2_controller_configuration -- -j4 -l4
[1.640s] Invoked command in '/home/claudio/tiago_public_ws/build/pmb2_controller_configuration' returned '0': AMENT_PREFIX_PATH=/home/claudio/tiago_public_ws/install/launch_pal:${AMENT_PREFIX_PATH} CMAKE_PREFIX_PATH=/opt/ros/humble PYTHONPATH=/home/claudio/tiago_public_ws/build/launch_pal:/home/claudio/tiago_public_ws/install/launch_pal/lib/python3.10/site-packages:${PYTHONPATH} /usr/bin/cmake --build /home/claudio/tiago_public_ws/build/pmb2_controller_configuration -- -j4 -l4
[1.641s] Invoking command in '/home/claudio/tiago_public_ws/build/pmb2_controller_configuration': AMENT_PREFIX_PATH=/home/claudio/tiago_public_ws/install/launch_pal:${AMENT_PREFIX_PATH} CMAKE_PREFIX_PATH=/opt/ros/humble PYTHONPATH=/home/claudio/tiago_public_ws/build/launch_pal:/home/claudio/tiago_public_ws/install/launch_pal/lib/python3.10/site-packages:${PYTHONPATH} /usr/bin/cmake --install /home/claudio/tiago_public_ws/build/pmb2_controller_configuration
[1.657s] -- Install configuration: ""
[1.660s] -- Execute custom install script
[1.660s] -- Symlinking: /home/claudio/tiago_public_ws/install/pmb2_controller_configuration/share/pmb2_controller_configuration/config/joint_state_broadcaster.yaml
[1.679s] -- Symlinking: /home/claudio/tiago_public_ws/install/pmb2_controller_configuration/share/pmb2_controller_configuration/config/mobile_base_controller.yaml
[1.696s] -- Symlinking: /home/claudio/tiago_public_ws/install/pmb2_controller_configuration/share/pmb2_controller_configuration/config/mobile_base_controller_public_sim.yaml
[1.714s] -- Symlinking: /home/claudio/tiago_public_ws/install/pmb2_controller_configuration/share/pmb2_controller_configuration/launch/default_controllers.launch.py
[1.731s] -- Symlinking: /home/claudio/tiago_public_ws/install/pmb2_controller_configuration/share/pmb2_controller_configuration/launch/mobile_base_controller.launch.py
[1.751s] -- Symlinking: /home/claudio/tiago_public_ws/install/pmb2_controller_configuration/share/ament_index/resource_index/package_run_dependencies/pmb2_controller_configuration
[1.770s] -- Symlinking: /home/claudio/tiago_public_ws/install/pmb2_controller_configuration/share/ament_index/resource_index/parent_prefix_path/pmb2_controller_configuration
[1.791s] -- Symlinking: /home/claudio/tiago_public_ws/install/pmb2_controller_configuration/share/pmb2_controller_configuration/environment/ament_prefix_path.sh
[1.810s] -- Symlinking: /home/claudio/tiago_public_ws/install/pmb2_controller_configuration/share/pmb2_controller_configuration/environment/ament_prefix_path.dsv
[1.827s] -- Symlinking: /home/claudio/tiago_public_ws/install/pmb2_controller_configuration/share/pmb2_controller_configuration/environment/path.sh
[1.846s] -- Symlinking: /home/claudio/tiago_public_ws/install/pmb2_controller_configuration/share/pmb2_controller_configuration/environment/path.dsv
[1.864s] -- Symlinking: /home/claudio/tiago_public_ws/install/pmb2_controller_configuration/share/pmb2_controller_configuration/local_setup.bash
[1.890s] -- Symlinking: /home/claudio/tiago_public_ws/install/pmb2_controller_configuration/share/pmb2_controller_configuration/local_setup.sh
[1.905s] -- Symlinking: /home/claudio/tiago_public_ws/install/pmb2_controller_configuration/share/pmb2_controller_configuration/local_setup.zsh
[1.927s] -- Symlinking: /home/claudio/tiago_public_ws/install/pmb2_controller_configuration/share/pmb2_controller_configuration/local_setup.dsv
[1.946s] -- Symlinking: /home/claudio/tiago_public_ws/install/pmb2_controller_configuration/share/pmb2_controller_configuration/package.dsv
[1.963s] -- Symlinking: /home/claudio/tiago_public_ws/install/pmb2_controller_configuration/share/ament_index/resource_index/packages/pmb2_controller_configuration
[1.980s] -- Symlinking: /home/claudio/tiago_public_ws/install/pmb2_controller_configuration/share/pmb2_controller_configuration/cmake/pmb2_controller_configurationConfig.cmake
[2.002s] -- Symlinking: /home/claudio/tiago_public_ws/install/pmb2_controller_configuration/share/pmb2_controller_configuration/cmake/pmb2_controller_configurationConfig-version.cmake
[2.017s] -- Symlinking: /home/claudio/tiago_public_ws/install/pmb2_controller_configuration/share/pmb2_controller_configuration/package.xml
[2.039s] Invoked command in '/home/claudio/tiago_public_ws/build/pmb2_controller_configuration' returned '0': AMENT_PREFIX_PATH=/home/claudio/tiago_public_ws/install/launch_pal:${AMENT_PREFIX_PATH} CMAKE_PREFIX_PATH=/opt/ros/humble PYTHONPATH=/home/claudio/tiago_public_ws/build/launch_pal:/home/claudio/tiago_public_ws/install/launch_pal/lib/python3.10/site-packages:${PYTHONPATH} /usr/bin/cmake --install /home/claudio/tiago_public_ws/build/pmb2_controller_configuration
