[5.003s] Invoking command in '/home/claudio/progetto_ros2/src/robot_nodes': PYTHONPATH=/home/claudio/progetto_ros2/build/robot_nodes/prefix_override:/usr/lib/python3/dist-packages/colcon_core/task/python/colcon_distutils_commands:/home/claudio/progetto_ros2/install/robot_nodes/lib/python3.10/site-packages:${PYTHONPATH} /usr/bin/python3 -W ignore:setup.py install is deprecated -W ignore:easy_install command is deprecated setup.py egg_info --egg-base ../../build/robot_nodes build --build-base /home/claudio/progetto_ros2/build/robot_nodes/build install --record /home/claudio/progetto_ros2/build/robot_nodes/install.log --single-version-externally-managed install_data
[6.385s] running egg_info
[6.385s] writing ../../build/robot_nodes/robot_nodes.egg-info/PKG-INFO
[6.385s] writing dependency_links to ../../build/robot_nodes/robot_nodes.egg-info/dependency_links.txt
[6.386s] writing entry points to ../../build/robot_nodes/robot_nodes.egg-info/entry_points.txt
[6.386s] writing requirements to ../../build/robot_nodes/robot_nodes.egg-info/requires.txt
[6.386s] writing top-level names to ../../build/robot_nodes/robot_nodes.egg-info/top_level.txt
[6.397s] reading manifest file '../../build/robot_nodes/robot_nodes.egg-info/SOURCES.txt'
[6.404s] writing manifest file '../../build/robot_nodes/robot_nodes.egg-info/SOURCES.txt'
[6.404s] running build
[6.405s] running build_py
[6.406s] copying robot_nodes/macchina_a_stati.py -> /home/claudio/progetto_ros2/build/robot_nodes/build/lib/robot_nodes
[6.411s] running install
[6.418s] running install_lib
[6.418s] copying /home/claudio/progetto_ros2/build/robot_nodes/build/lib/robot_nodes/macchina_a_stati.py -> /home/claudio/progetto_ros2/install/robot_nodes/lib/python3.10/site-packages/robot_nodes
[6.419s] byte-compiling /home/claudio/progetto_ros2/install/robot_nodes/lib/python3.10/site-packages/robot_nodes/macchina_a_stati.py to macchina_a_stati.cpython-310.pyc
[6.425s] running install_data
[6.425s] running install_egg_info
[6.437s] removing '/home/claudio/progetto_ros2/install/robot_nodes/lib/python3.10/site-packages/robot_nodes-0.0.0-py3.10.egg-info' (and everything under it)
[6.438s] Copying ../../build/robot_nodes/robot_nodes.egg-info to /home/claudio/progetto_ros2/install/robot_nodes/lib/python3.10/site-packages/robot_nodes-0.0.0-py3.10.egg-info
[6.445s] running install_scripts
[6.526s] Installing macchina_a_stati script to /home/claudio/progetto_ros2/install/robot_nodes/lib/robot_nodes
[6.527s] Installing testa_e_aruco script to /home/claudio/progetto_ros2/install/robot_nodes/lib/robot_nodes
[6.529s] writing list of installed files to '/home/claudio/progetto_ros2/build/robot_nodes/install.log'
[6.658s] Invoked command in '/home/claudio/progetto_ros2/src/robot_nodes' returned '0': PYTHONPATH=/home/claudio/progetto_ros2/build/robot_nodes/prefix_override:/usr/lib/python3/dist-packages/colcon_core/task/python/colcon_distutils_commands:/home/claudio/progetto_ros2/install/robot_nodes/lib/python3.10/site-packages:${PYTHONPATH} /usr/bin/python3 -W ignore:setup.py install is deprecated -W ignore:easy_install command is deprecated setup.py egg_info --egg-base ../../build/robot_nodes build --build-base /home/claudio/progetto_ros2/build/robot_nodes/build install --record /home/claudio/progetto_ros2/build/robot_nodes/install.log --single-version-externally-managed install_data
