-- Found ament_cmake_auto: 1.3.11 (/opt/ros/humble/share/ament_cmake_auto/cmake)
-- Override CMake install command with custom implementation using symlinks instead of copying resources
-- Found rosidl_generator_c: 3.1.6 (/opt/ros/humble/share/rosidl_generator_c/cmake)
-- Found rosidl_adapter: 3.1.6 (/opt/ros/humble/share/rosidl_adapter/cmake)
-- Found rosidl_generator_cpp: 3.1.6 (/opt/ros/humble/share/rosidl_generator_cpp/cmake)
-- Using all available rosidl_typesupport_c: rosidl_typesupport_fastrtps_c;rosidl_typesupport_introspection_c
-- Using all available rosidl_typesupport_cpp: rosidl_typesupport_fastrtps_cpp;rosidl_typesupport_introspection_cpp
-- Found Boost: /usr/lib/x86_64-linux-gnu/cmake/Boost-1.74.0/BoostConfig.cmake (found version "1.74.0") found components: date_time filesystem program_options system thread 
-- Found Boost: /usr/lib/x86_64-linux-gnu/cmake/Boost-1.74.0/BoostConfig.cmake (found version "1.74.0") found components: chrono date_time filesystem iostreams program_options regex serialization system thread 
-- Found parameter_traits: 0.4.0 (/opt/ros/humble/share/parameter_traits/cmake)
-- Found rmw_implementation_cmake: 6.1.2 (/opt/ros/humble/share/rmw_implementation_cmake/cmake)
-- Found rmw_fastrtps_cpp: 6.2.7 (/opt/ros/humble/share/rmw_fastrtps_cpp/cmake)
-- Using RMW implementation 'rmw_fastrtps_cpp' as default
-- Found rclcpp_lifecycle: 16.0.11 (/opt/ros/humble/share/rclcpp_lifecycle/cmake)
-- Found Boost: /usr/lib/x86_64-linux-gnu/cmake/Boost-1.74.0/BoostConfig.cmake (found version "1.74.0") found components: filesystem 
-- library: /usr/lib/x86_64-linux-gnu/libcurl.so
-- Ensuring Eigen3 include directory is part of orocos-kdl CMake target
-- Found Boost: /usr/lib/x86_64-linux-gnu/cmake/Boost-1.74.0/BoostConfig.cmake (found version "1.74.0") found components: system filesystem date_time program_options thread chrono 
-- Found Boost: /usr/lib/x86_64-linux-gnu/cmake/Boost-1.74.0/BoostConfig.cmake (found version "1.74.0") found components: thread system filesystem regex date_time program_options 
-- Found Boost: /usr/lib/x86_64-linux-gnu/cmake/Boost-1.74.0/BoostConfig.cmake (found version "1.74.0") found components: system filesystem date_time program_options thread 
-- Found python_cmake_module: 0.10.0 (/opt/ros/humble/share/python_cmake_module/cmake)
-- Using PYTHON_EXECUTABLE: /usr/bin/python3
-- Using PYTHON_INCLUDE_DIRS: /usr/include/python3.10
-- Using PYTHON_LIBRARIES: /usr/lib/x86_64-linux-gnu/libpython3.10.so
-- Found gtest sources under '/opt/ros/humble/src/gtest_vendor': C++ tests using 'Google Test' will be built
-- Added test 'copyright' to check source files copyright and LICENSE
-- Added test 'cppcheck' to perform static code analysis on C / C++ code
-- Configured cppcheck include dirs: /home/claudio/tiago_public_ws/src/play_motion2/play_motion2/include
-- Configured cppcheck exclude dirs and/or files: 
-- Added test 'cpplint' to check C / C++ code against the Google style
-- Configured cpplint exclude dirs and/or files: 
-- Added test 'flake8' to check Python code syntax and style conventions
-- Added test 'lint_cmake' to check CMake code style
-- Added test 'pep257' to check Python code against some of the docstring style conventions in PEP 257
-- Added test 'uncrustify' to check C / C++ code style
-- Configured uncrustify additional arguments: 
-- Added test 'xmllint' to check XML markup files
-- Configuring done
-- Generating done
-- Build files have been written to: /home/claudio/tiago_public_ws/build/play_motion2
[35m[1mConsolidate compiler generated dependencies of target gtest_main[0m
[35m[1mConsolidate compiler generated dependencies of target gtest[0m
[35m[1mConsolidate compiler generated dependencies of target play_motion2[0m
[  7%] Built target passthrough_controller_parameters
[ 15%] Built target gtest_main
[ 23%] Built target gtest
[35m[1mConsolidate compiler generated dependencies of target passthrough_controller[0m
[35m[1mConsolidate compiler generated dependencies of target play_motion2_node_test[0m
[ 30%] Built target play_motion2_node_test
[ 38%] Built target passthrough_controller
[ 53%] Built target play_motion2
[35m[1mConsolidate compiler generated dependencies of target client[0m
[ 61%] Built target client
[35m[1mConsolidate compiler generated dependencies of target play_motion2_node[0m
[35m[1mConsolidate compiler generated dependencies of target run_motion[0m
[35m[1mConsolidate compiler generated dependencies of target rrbot_system[0m
[ 69%] Built target rrbot_system
[ 76%] Built target run_motion
[ 84%] Built target play_motion2_node
[35m[1mConsolidate compiler generated dependencies of target motion_loader_test[0m
[35m[1mConsolidate compiler generated dependencies of target play_motion2_test[0m
[ 92%] Built target motion_loader_test
[100%] Built target play_motion2_test
-- Install configuration: ""
-- Execute custom install script
-- Up-to-date symlink: /home/claudio/tiago_public_ws/install/play_motion2/share/play_motion2/test/rrbot/rrbot_system.xml
-- Up-to-date symlink: /home/claudio/tiago_public_ws/install/play_motion2/include/play_motion2/passthrough_controller_parameters.hpp
-- Up-to-date symlink: /home/claudio/tiago_public_ws/install/play_motion2/share/play_motion2/test/controllers/passthrough_controller.xml
-- Up-to-date symlink: /home/claudio/tiago_public_ws/install/play_motion2/lib/libpassthrough_controller.so
-- Up-to-date symlink: /home/claudio/tiago_public_ws/install/play_motion2/lib/play_motion2/play_motion2_node_test
-- Up-to-date symlink: /home/claudio/tiago_public_ws/install/play_motion2/include/play_motion2/client.hpp
-- Up-to-date symlink: /home/claudio/tiago_public_ws/install/play_motion2/include/play_motion2/motion_loader.hpp
-- Up-to-date symlink: /home/claudio/tiago_public_ws/install/play_motion2/include/play_motion2/motion_planner.hpp
-- Up-to-date symlink: /home/claudio/tiago_public_ws/install/play_motion2/include/play_motion2/play_motion2.hpp
-- Up-to-date symlink: /home/claudio/tiago_public_ws/install/play_motion2/include/play_motion2/types.hpp
-- Up-to-date symlink: /home/claudio/tiago_public_ws/install/play_motion2/share/play_motion2/environment/library_path.sh
-- Up-to-date symlink: /home/claudio/tiago_public_ws/install/play_motion2/share/play_motion2/environment/library_path.dsv
-- Up-to-date symlink: /home/claudio/tiago_public_ws/install/play_motion2/lib/libplay_motion2.so
-- Up-to-date symlink: /home/claudio/tiago_public_ws/install/play_motion2/lib/libclient.a
-- Up-to-date symlink: /home/claudio/tiago_public_ws/install/play_motion2/lib/librrbot_system.so
-- Up-to-date symlink: /home/claudio/tiago_public_ws/install/play_motion2/lib/play_motion2/play_motion2_node
-- Up-to-date symlink: /home/claudio/tiago_public_ws/install/play_motion2/lib/play_motion2/run_motion
-- Up-to-date symlink: /home/claudio/tiago_public_ws/install/play_motion2/share/play_motion2/config/motion_planner_config.yaml
-- Up-to-date symlink: /home/claudio/tiago_public_ws/install/play_motion2/share/play_motion2/launch/play_motion2.launch.py
-- Up-to-date symlink: /home/claudio/tiago_public_ws/install/play_motion2/share/ament_index/resource_index/package_run_dependencies/play_motion2
-- Up-to-date symlink: /home/claudio/tiago_public_ws/install/play_motion2/share/ament_index/resource_index/parent_prefix_path/play_motion2
-- Up-to-date symlink: /home/claudio/tiago_public_ws/install/play_motion2/share/play_motion2/environment/ament_prefix_path.sh
-- Up-to-date symlink: /home/claudio/tiago_public_ws/install/play_motion2/share/play_motion2/environment/ament_prefix_path.dsv
-- Up-to-date symlink: /home/claudio/tiago_public_ws/install/play_motion2/share/play_motion2/environment/path.sh
-- Up-to-date symlink: /home/claudio/tiago_public_ws/install/play_motion2/share/play_motion2/environment/path.dsv
-- Up-to-date symlink: /home/claudio/tiago_public_ws/install/play_motion2/share/play_motion2/local_setup.bash
-- Up-to-date symlink: /home/claudio/tiago_public_ws/install/play_motion2/share/play_motion2/local_setup.sh
-- Up-to-date symlink: /home/claudio/tiago_public_ws/install/play_motion2/share/play_motion2/local_setup.zsh
-- Up-to-date symlink: /home/claudio/tiago_public_ws/install/play_motion2/share/play_motion2/local_setup.dsv
-- Symlinking: /home/claudio/tiago_public_ws/install/play_motion2/share/play_motion2/package.dsv
-- Up-to-date symlink: /home/claudio/tiago_public_ws/install/play_motion2/share/ament_index/resource_index/packages/play_motion2
-- Up-to-date symlink: /home/claudio/tiago_public_ws/install/play_motion2/share/ament_index/resource_index/hardware_interface__pluginlib__plugin/play_motion2
-- Up-to-date symlink: /home/claudio/tiago_public_ws/install/play_motion2/share/ament_index/resource_index/controller_interface__pluginlib__plugin/play_motion2
-- Up-to-date symlink: /home/claudio/tiago_public_ws/install/play_motion2/share/play_motion2/cmake/ament_cmake_export_dependencies-extras.cmake
-- Up-to-date symlink: /home/claudio/tiago_public_ws/install/play_motion2/share/play_motion2/cmake/ament_cmake_export_include_directories-extras.cmake
-- Up-to-date symlink: /home/claudio/tiago_public_ws/install/play_motion2/share/play_motion2/cmake/ament_cmake_export_libraries-extras.cmake
-- Up-to-date symlink: /home/claudio/tiago_public_ws/install/play_motion2/share/play_motion2/cmake/play_motion2Config.cmake
-- Up-to-date symlink: /home/claudio/tiago_public_ws/install/play_motion2/share/play_motion2/cmake/play_motion2Config-version.cmake
-- Up-to-date symlink: /home/claudio/tiago_public_ws/install/play_motion2/share/play_motion2/package.xml
