[0.028s] Invoking command in '/home/claudio/tiago_public_ws/build/play_motion2': AMENT_PREFIX_PATH=/home/claudio/tiago_public_ws/install/play_motion2_msgs:${AMENT_PREFIX_PATH} CMAKE_PREFIX_PATH=/home/claudio/tiago_public_ws/install/play_motion2_msgs:/opt/ros/humble LD_LIBRARY_PATH=/home/claudio/tiago_public_ws/install/play_motion2_msgs/lib:${LD_LIBRARY_PATH} PYTHONPATH=/home/claudio/tiago_public_ws/install/play_motion2_msgs/local/lib/python3.10/dist-packages:${PYTHONPATH} /usr/bin/cmake /home/claudio/tiago_public_ws/src/play_motion2/play_motion2 -DCMAKE_INSTALL_PREFIX=/home/claudio/tiago_public_ws/install/play_motion2
[0.055s] -- Found ament_cmake_auto: 1.3.11 (/opt/ros/humble/share/ament_cmake_auto/cmake)
[0.362s] -- Override CMake install command with custom implementation using symlinks instead of copying resources
[0.610s] -- Found rosidl_generator_c: 3.1.6 (/opt/ros/humble/share/rosidl_generator_c/cmake)
[0.620s] -- Found rosidl_adapter: 3.1.6 (/opt/ros/humble/share/rosidl_adapter/cmake)
[0.634s] -- Found rosidl_generator_cpp: 3.1.6 (/opt/ros/humble/share/rosidl_generator_cpp/cmake)
[0.661s] -- Using all available rosidl_typesupport_c: rosidl_typesupport_fastrtps_c;rosidl_typesupport_introspection_c
[0.695s] -- Using all available rosidl_typesupport_cpp: rosidl_typesupport_fastrtps_cpp;rosidl_typesupport_introspection_cpp
[1.202s] -- Found Boost: /usr/lib/x86_64-linux-gnu/cmake/Boost-1.74.0/BoostConfig.cmake (found version "1.74.0") found components: date_time filesystem program_options system thread 
[1.517s] -- Found Boost: /usr/lib/x86_64-linux-gnu/cmake/Boost-1.74.0/BoostConfig.cmake (found version "1.74.0") found components: chrono date_time filesystem iostreams program_options regex serialization system thread 
[1.608s] -- Found parameter_traits: 0.4.0 (/opt/ros/humble/share/parameter_traits/cmake)
[1.683s] -- Found rmw_implementation_cmake: 6.1.2 (/opt/ros/humble/share/rmw_implementation_cmake/cmake)
[1.686s] -- Found rmw_fastrtps_cpp: 6.2.7 (/opt/ros/humble/share/rmw_fastrtps_cpp/cmake)
[1.898s] -- Using RMW implementation 'rmw_fastrtps_cpp' as default
[2.052s] -- Found rclcpp_lifecycle: 16.0.11 (/opt/ros/humble/share/rclcpp_lifecycle/cmake)
[2.087s] -- Found Boost: /usr/lib/x86_64-linux-gnu/cmake/Boost-1.74.0/BoostConfig.cmake (found version "1.74.0") found components: filesystem 
[2.176s] -- library: /usr/lib/x86_64-linux-gnu/libcurl.so
[2.267s] -- Ensuring Eigen3 include directory is part of orocos-kdl CMake target
[2.625s] -- Found Boost: /usr/lib/x86_64-linux-gnu/cmake/Boost-1.74.0/BoostConfig.cmake (found version "1.74.0") found components: system filesystem date_time program_options thread chrono 
[2.713s] -- Found Boost: /usr/lib/x86_64-linux-gnu/cmake/Boost-1.74.0/BoostConfig.cmake (found version "1.74.0") found components: thread system filesystem regex date_time program_options 
[2.771s] -- Found Boost: /usr/lib/x86_64-linux-gnu/cmake/Boost-1.74.0/BoostConfig.cmake (found version "1.74.0") found components: system filesystem date_time program_options thread 
[3.187s] -- Found python_cmake_module: 0.10.0 (/opt/ros/humble/share/python_cmake_module/cmake)
[3.247s] -- Using PYTHON_EXECUTABLE: /usr/bin/python3
[3.247s] -- Using PYTHON_INCLUDE_DIRS: /usr/include/python3.10
[3.248s] -- Using PYTHON_LIBRARIES: /usr/lib/x86_64-linux-gnu/libpython3.10.so
[3.334s] -- Found gtest sources under '/opt/ros/humble/src/gtest_vendor': C++ tests using 'Google Test' will be built
[3.835s] -- Added test 'copyright' to check source files copyright and LICENSE
[3.841s] -- Added test 'cppcheck' to perform static code analysis on C / C++ code
[3.843s] -- Configured cppcheck include dirs: /home/claudio/tiago_public_ws/src/play_motion2/play_motion2/include
[3.843s] -- Configured cppcheck exclude dirs and/or files: 
[3.848s] -- Added test 'cpplint' to check C / C++ code against the Google style
[3.848s] -- Configured cpplint exclude dirs and/or files: 
[3.849s] -- Added test 'flake8' to check Python code syntax and style conventions
[3.850s] -- Added test 'lint_cmake' to check CMake code style
[3.851s] -- Added test 'pep257' to check Python code against some of the docstring style conventions in PEP 257
[3.855s] -- Added test 'uncrustify' to check C / C++ code style
[3.855s] -- Configured uncrustify additional arguments: 
[3.856s] -- Added test 'xmllint' to check XML markup files
[3.862s] -- Configuring done
[4.281s] -- Generating done
[4.345s] -- Build files have been written to: /home/claudio/tiago_public_ws/build/play_motion2
[4.368s] Invoked command in '/home/claudio/tiago_public_ws/build/play_motion2' returned '0': AMENT_PREFIX_PATH=/home/claudio/tiago_public_ws/install/play_motion2_msgs:${AMENT_PREFIX_PATH} CMAKE_PREFIX_PATH=/home/claudio/tiago_public_ws/install/play_motion2_msgs:/opt/ros/humble LD_LIBRARY_PATH=/home/claudio/tiago_public_ws/install/play_motion2_msgs/lib:${LD_LIBRARY_PATH} PYTHONPATH=/home/claudio/tiago_public_ws/install/play_motion2_msgs/local/lib/python3.10/dist-packages:${PYTHONPATH} /usr/bin/cmake /home/claudio/tiago_public_ws/src/play_motion2/play_motion2 -DCMAKE_INSTALL_PREFIX=/home/claudio/tiago_public_ws/install/play_motion2
[4.371s] Invoking command in '/home/claudio/tiago_public_ws/build/play_motion2': AMENT_PREFIX_PATH=/home/claudio/tiago_public_ws/install/play_motion2_msgs:${AMENT_PREFIX_PATH} CMAKE_PREFIX_PATH=/home/claudio/tiago_public_ws/install/play_motion2_msgs:/opt/ros/humble LD_LIBRARY_PATH=/home/claudio/tiago_public_ws/install/play_motion2_msgs/lib:${LD_LIBRARY_PATH} PYTHONPATH=/home/claudio/tiago_public_ws/install/play_motion2_msgs/local/lib/python3.10/dist-packages:${PYTHONPATH} /usr/bin/cmake --build /home/claudio/tiago_public_ws/build/play_motion2 -- -j4 -l4
[4.434s] [35m[1mConsolidate compiler generated dependencies of target gtest_main[0m
[4.438s] [35m[1mConsolidate compiler generated dependencies of target gtest[0m
[4.443s] [35m[1mConsolidate compiler generated dependencies of target play_motion2[0m
[4.454s] [  7%] Built target passthrough_controller_parameters
[4.464s] [ 15%] Built target gtest_main
[4.464s] [ 23%] Built target gtest
[4.478s] [35m[1mConsolidate compiler generated dependencies of target passthrough_controller[0m
[4.480s] [35m[1mConsolidate compiler generated dependencies of target play_motion2_node_test[0m
[4.518s] [ 30%] Built target play_motion2_node_test
[4.524s] [ 38%] Built target passthrough_controller
[4.543s] [ 53%] Built target play_motion2
[4.558s] [35m[1mConsolidate compiler generated dependencies of target client[0m
[4.578s] [ 61%] Built target client
[4.597s] [35m[1mConsolidate compiler generated dependencies of target play_motion2_node[0m
[4.600s] [35m[1mConsolidate compiler generated dependencies of target run_motion[0m
[4.600s] [35m[1mConsolidate compiler generated dependencies of target rrbot_system[0m
[4.627s] [ 69%] Built target rrbot_system
[4.634s] [ 76%] Built target run_motion
[4.643s] [ 84%] Built target play_motion2_node
[4.650s] [35m[1mConsolidate compiler generated dependencies of target motion_loader_test[0m
[4.651s] [35m[1mConsolidate compiler generated dependencies of target play_motion2_test[0m
[4.678s] [ 92%] Built target motion_loader_test
[4.687s] [100%] Built target play_motion2_test
[4.701s] Invoked command in '/home/claudio/tiago_public_ws/build/play_motion2' returned '0': AMENT_PREFIX_PATH=/home/claudio/tiago_public_ws/install/play_motion2_msgs:${AMENT_PREFIX_PATH} CMAKE_PREFIX_PATH=/home/claudio/tiago_public_ws/install/play_motion2_msgs:/opt/ros/humble LD_LIBRARY_PATH=/home/claudio/tiago_public_ws/install/play_motion2_msgs/lib:${LD_LIBRARY_PATH} PYTHONPATH=/home/claudio/tiago_public_ws/install/play_motion2_msgs/local/lib/python3.10/dist-packages:${PYTHONPATH} /usr/bin/cmake --build /home/claudio/tiago_public_ws/build/play_motion2 -- -j4 -l4
[4.704s] Invoking command in '/home/claudio/tiago_public_ws/build/play_motion2': AMENT_PREFIX_PATH=/home/claudio/tiago_public_ws/install/play_motion2_msgs:${AMENT_PREFIX_PATH} CMAKE_PREFIX_PATH=/home/claudio/tiago_public_ws/install/play_motion2_msgs:/opt/ros/humble LD_LIBRARY_PATH=/home/claudio/tiago_public_ws/install/play_motion2_msgs/lib:${LD_LIBRARY_PATH} PYTHONPATH=/home/claudio/tiago_public_ws/install/play_motion2_msgs/local/lib/python3.10/dist-packages:${PYTHONPATH} /usr/bin/cmake --install /home/claudio/tiago_public_ws/build/play_motion2
[4.714s] -- Install configuration: ""
[4.715s] -- Execute custom install script
[4.716s] -- Up-to-date symlink: /home/claudio/tiago_public_ws/install/play_motion2/share/play_motion2/test/rrbot/rrbot_system.xml
[4.717s] -- Up-to-date symlink: /home/claudio/tiago_public_ws/install/play_motion2/include/play_motion2/passthrough_controller_parameters.hpp
[4.718s] -- Up-to-date symlink: /home/claudio/tiago_public_ws/install/play_motion2/share/play_motion2/test/controllers/passthrough_controller.xml
[4.719s] -- Up-to-date symlink: /home/claudio/tiago_public_ws/install/play_motion2/lib/libpassthrough_controller.so
[4.720s] -- Up-to-date symlink: /home/claudio/tiago_public_ws/install/play_motion2/lib/play_motion2/play_motion2_node_test
[4.721s] -- Up-to-date symlink: /home/claudio/tiago_public_ws/install/play_motion2/include/play_motion2/client.hpp
[4.721s] -- Up-to-date symlink: /home/claudio/tiago_public_ws/install/play_motion2/include/play_motion2/motion_loader.hpp
[4.721s] -- Up-to-date symlink: /home/claudio/tiago_public_ws/install/play_motion2/include/play_motion2/motion_planner.hpp
[4.722s] -- Up-to-date symlink: /home/claudio/tiago_public_ws/install/play_motion2/include/play_motion2/play_motion2.hpp
[4.722s] -- Up-to-date symlink: /home/claudio/tiago_public_ws/install/play_motion2/include/play_motion2/types.hpp
[4.723s] -- Up-to-date symlink: /home/claudio/tiago_public_ws/install/play_motion2/share/play_motion2/environment/library_path.sh
[4.723s] -- Up-to-date symlink: /home/claudio/tiago_public_ws/install/play_motion2/share/play_motion2/environment/library_path.dsv
[4.724s] -- Up-to-date symlink: /home/claudio/tiago_public_ws/install/play_motion2/lib/libplay_motion2.so
[4.724s] -- Up-to-date symlink: /home/claudio/tiago_public_ws/install/play_motion2/lib/libclient.a
[4.725s] -- Up-to-date symlink: /home/claudio/tiago_public_ws/install/play_motion2/lib/librrbot_system.so
[4.726s] -- Up-to-date symlink: /home/claudio/tiago_public_ws/install/play_motion2/lib/play_motion2/play_motion2_node
[4.726s] -- Up-to-date symlink: /home/claudio/tiago_public_ws/install/play_motion2/lib/play_motion2/run_motion
[4.727s] -- Up-to-date symlink: /home/claudio/tiago_public_ws/install/play_motion2/share/play_motion2/config/motion_planner_config.yaml
[4.728s] -- Up-to-date symlink: /home/claudio/tiago_public_ws/install/play_motion2/share/play_motion2/launch/play_motion2.launch.py
[4.728s] -- Up-to-date symlink: /home/claudio/tiago_public_ws/install/play_motion2/share/ament_index/resource_index/package_run_dependencies/play_motion2
[4.729s] -- Up-to-date symlink: /home/claudio/tiago_public_ws/install/play_motion2/share/ament_index/resource_index/parent_prefix_path/play_motion2
[4.730s] -- Up-to-date symlink: /home/claudio/tiago_public_ws/install/play_motion2/share/play_motion2/environment/ament_prefix_path.sh
[4.730s] -- Up-to-date symlink: /home/claudio/tiago_public_ws/install/play_motion2/share/play_motion2/environment/ament_prefix_path.dsv
[4.731s] -- Up-to-date symlink: /home/claudio/tiago_public_ws/install/play_motion2/share/play_motion2/environment/path.sh
[4.731s] -- Up-to-date symlink: /home/claudio/tiago_public_ws/install/play_motion2/share/play_motion2/environment/path.dsv
[4.732s] -- Up-to-date symlink: /home/claudio/tiago_public_ws/install/play_motion2/share/play_motion2/local_setup.bash
[4.732s] -- Up-to-date symlink: /home/claudio/tiago_public_ws/install/play_motion2/share/play_motion2/local_setup.sh
[4.733s] -- Up-to-date symlink: /home/claudio/tiago_public_ws/install/play_motion2/share/play_motion2/local_setup.zsh
[4.734s] -- Up-to-date symlink: /home/claudio/tiago_public_ws/install/play_motion2/share/play_motion2/local_setup.dsv
[4.734s] -- Symlinking: /home/claudio/tiago_public_ws/install/play_motion2/share/play_motion2/package.dsv
[4.746s] -- Up-to-date symlink: /home/claudio/tiago_public_ws/install/play_motion2/share/ament_index/resource_index/packages/play_motion2
[4.747s] -- Up-to-date symlink: /home/claudio/tiago_public_ws/install/play_motion2/share/ament_index/resource_index/hardware_interface__pluginlib__plugin/play_motion2
[4.748s] -- Up-to-date symlink: /home/claudio/tiago_public_ws/install/play_motion2/share/ament_index/resource_index/controller_interface__pluginlib__plugin/play_motion2
[4.748s] -- Up-to-date symlink: /home/claudio/tiago_public_ws/install/play_motion2/share/play_motion2/cmake/ament_cmake_export_dependencies-extras.cmake
[4.749s] -- Up-to-date symlink: /home/claudio/tiago_public_ws/install/play_motion2/share/play_motion2/cmake/ament_cmake_export_include_directories-extras.cmake
[4.749s] -- Up-to-date symlink: /home/claudio/tiago_public_ws/install/play_motion2/share/play_motion2/cmake/ament_cmake_export_libraries-extras.cmake
[4.750s] -- Up-to-date symlink: /home/claudio/tiago_public_ws/install/play_motion2/share/play_motion2/cmake/play_motion2Config.cmake
[4.750s] -- Up-to-date symlink: /home/claudio/tiago_public_ws/install/play_motion2/share/play_motion2/cmake/play_motion2Config-version.cmake
[4.751s] -- Up-to-date symlink: /home/claudio/tiago_public_ws/install/play_motion2/share/play_motion2/package.xml
[4.755s] Invoked command in '/home/claudio/tiago_public_ws/build/play_motion2' returned '0': AMENT_PREFIX_PATH=/home/claudio/tiago_public_ws/install/play_motion2_msgs:${AMENT_PREFIX_PATH} CMAKE_PREFIX_PATH=/home/claudio/tiago_public_ws/install/play_motion2_msgs:/opt/ros/humble LD_LIBRARY_PATH=/home/claudio/tiago_public_ws/install/play_motion2_msgs/lib:${LD_LIBRARY_PATH} PYTHONPATH=/home/claudio/tiago_public_ws/install/play_motion2_msgs/local/lib/python3.10/dist-packages:${PYTHONPATH} /usr/bin/cmake --install /home/claudio/tiago_public_ws/build/play_motion2
