[0.020s] Invoking command in '/home/claudio/tiago_public_ws/build/tiago_rgbd_sensors': CMAKE_PREFIX_PATH=/opt/ros/humble /usr/bin/cmake /home/claudio/tiago_public_ws/src/tiago_navigation/tiago_rgbd_sensors -DAMENT_CMAKE_SYMLINK_INSTALL=1 -DCMAKE_INSTALL_PREFIX=/home/claudio/tiago_public_ws/install/tiago_rgbd_sensors
[0.263s] -- The C compiler identification is GNU 11.4.0
[0.516s] -- The CXX compiler identification is GNU 11.4.0
[0.546s] -- Detecting C compiler ABI info
[0.787s] -- Detecting C compiler ABI info - done
[0.816s] -- Check for working C compiler: /usr/bin/cc - skipped
[0.821s] -- Detecting C compile features
[0.824s] -- Detecting C compile features - done
[0.843s] -- Detecting CXX compiler ABI info
[1.231s] -- Detecting CXX compiler ABI info - done
[1.286s] -- Check for working CXX compiler: /usr/bin/c++ - skipped
[1.287s] -- Detecting CXX compile features
[1.291s] -- Detecting CXX compile features - done
[1.305s] -- Found ament_cmake_auto: 1.3.11 (/opt/ros/humble/share/ament_cmake_auto/cmake)
[2.004s] -- Found Python3: /usr/bin/python3 (found version "3.10.12") found components: Interpreter 
[2.361s] -- Override CMake install command with custom implementation using symlinks instead of copying resources
[3.066s] -- Added test 'copyright' to check source files copyright and LICENSE
[3.072s] -- Added test 'lint_cmake' to check CMake code style
[3.087s] -- Added test 'xmllint' to check XML markup files
[3.088s] -- Configuring done
[3.109s] -- Generating done
[3.110s] -- Build files have been written to: /home/claudio/tiago_public_ws/build/tiago_rgbd_sensors
[3.172s] Invoked command in '/home/claudio/tiago_public_ws/build/tiago_rgbd_sensors' returned '0': CMAKE_PREFIX_PATH=/opt/ros/humble /usr/bin/cmake /home/claudio/tiago_public_ws/src/tiago_navigation/tiago_rgbd_sensors -DAMENT_CMAKE_SYMLINK_INSTALL=1 -DCMAKE_INSTALL_PREFIX=/home/claudio/tiago_public_ws/install/tiago_rgbd_sensors
[3.180s] Invoking command in '/home/claudio/tiago_public_ws/build/tiago_rgbd_sensors': CMAKE_PREFIX_PATH=/opt/ros/humble /usr/bin/cmake --build /home/claudio/tiago_public_ws/build/tiago_rgbd_sensors -- -j4 -l4
[3.352s] Invoked command in '/home/claudio/tiago_public_ws/build/tiago_rgbd_sensors' returned '0': CMAKE_PREFIX_PATH=/opt/ros/humble /usr/bin/cmake --build /home/claudio/tiago_public_ws/build/tiago_rgbd_sensors -- -j4 -l4
[3.353s] Invoking command in '/home/claudio/tiago_public_ws/build/tiago_rgbd_sensors': CMAKE_PREFIX_PATH=/opt/ros/humble /usr/bin/cmake --install /home/claudio/tiago_public_ws/build/tiago_rgbd_sensors
[3.384s] -- Install configuration: ""
[3.384s] -- Execute custom install script
[3.385s] -- Symlinking: /home/claudio/tiago_public_ws/install/tiago_rgbd_sensors/share/ament_index/resource_index/package_run_dependencies/tiago_rgbd_sensors
[3.425s] -- Symlinking: /home/claudio/tiago_public_ws/install/tiago_rgbd_sensors/share/ament_index/resource_index/parent_prefix_path/tiago_rgbd_sensors
[3.468s] -- Symlinking: /home/claudio/tiago_public_ws/install/tiago_rgbd_sensors/share/tiago_rgbd_sensors/environment/ament_prefix_path.sh
[3.510s] -- Symlinking: /home/claudio/tiago_public_ws/install/tiago_rgbd_sensors/share/tiago_rgbd_sensors/environment/ament_prefix_path.dsv
[3.549s] -- Symlinking: /home/claudio/tiago_public_ws/install/tiago_rgbd_sensors/share/tiago_rgbd_sensors/environment/path.sh
[3.598s] -- Symlinking: /home/claudio/tiago_public_ws/install/tiago_rgbd_sensors/share/tiago_rgbd_sensors/environment/path.dsv
[3.626s] -- Symlinking: /home/claudio/tiago_public_ws/install/tiago_rgbd_sensors/share/tiago_rgbd_sensors/local_setup.bash
[3.645s] -- Symlinking: /home/claudio/tiago_public_ws/install/tiago_rgbd_sensors/share/tiago_rgbd_sensors/local_setup.sh
[3.669s] -- Symlinking: /home/claudio/tiago_public_ws/install/tiago_rgbd_sensors/share/tiago_rgbd_sensors/local_setup.zsh
[3.709s] -- Symlinking: /home/claudio/tiago_public_ws/install/tiago_rgbd_sensors/share/tiago_rgbd_sensors/local_setup.dsv
[3.742s] -- Symlinking: /home/claudio/tiago_public_ws/install/tiago_rgbd_sensors/share/tiago_rgbd_sensors/package.dsv
[3.763s] -- Symlinking: /home/claudio/tiago_public_ws/install/tiago_rgbd_sensors/share/ament_index/resource_index/packages/tiago_rgbd_sensors
[3.785s] -- Symlinking: /home/claudio/tiago_public_ws/install/tiago_rgbd_sensors/share/tiago_rgbd_sensors/cmake/tiago_rgbd_sensorsConfig.cmake
[3.812s] -- Symlinking: /home/claudio/tiago_public_ws/install/tiago_rgbd_sensors/share/tiago_rgbd_sensors/cmake/tiago_rgbd_sensorsConfig-version.cmake
[3.835s] -- Symlinking: /home/claudio/tiago_public_ws/install/tiago_rgbd_sensors/share/tiago_rgbd_sensors/package.xml
[3.858s] Invoked command in '/home/claudio/tiago_public_ws/build/tiago_rgbd_sensors' returned '0': CMAKE_PREFIX_PATH=/opt/ros/humble /usr/bin/cmake --install /home/claudio/tiago_public_ws/build/tiago_rgbd_sensors
