[3.133s] Invoking command in '/home/claudio/progetto_ros2/src/robot_nodes': PYTHONPATH=/home/claudio/progetto_ros2/build/robot_nodes/prefix_override:/usr/lib/python3/dist-packages/colcon_core/task/python/colcon_distutils_commands:/home/claudio/progetto_ros2/install/robot_nodes/lib/python3.10/site-packages:${PYTHONPATH} /usr/bin/python3 -W ignore:setup.py install is deprecated -W ignore:easy_install command is deprecated setup.py egg_info --egg-base ../../build/robot_nodes build --build-base /home/claudio/progetto_ros2/build/robot_nodes/build install --record /home/claudio/progetto_ros2/build/robot_nodes/install.log --single-version-externally-managed install_data
[3.875s] running egg_info
[3.879s] writing ../../build/robot_nodes/robot_nodes.egg-info/PKG-INFO
[3.879s] writing dependency_links to ../../build/robot_nodes/robot_nodes.egg-info/dependency_links.txt
[3.879s] writing entry points to ../../build/robot_nodes/robot_nodes.egg-info/entry_points.txt
[3.879s] writing requirements to ../../build/robot_nodes/robot_nodes.egg-info/requires.txt
[3.887s] writing top-level names to ../../build/robot_nodes/robot_nodes.egg-info/top_level.txt
[3.888s] reading manifest file '../../build/robot_nodes/robot_nodes.egg-info/SOURCES.txt'
[3.888s] writing manifest file '../../build/robot_nodes/robot_nodes.egg-info/SOURCES.txt'
[3.889s] running build
[3.889s] running build_py
[3.889s] running install
[3.889s] running install_lib
[3.902s] running install_data
[3.902s] running install_egg_info
[3.902s] removing '/home/claudio/progetto_ros2/install/robot_nodes/lib/python3.10/site-packages/robot_nodes-0.0.0-py3.10.egg-info' (and everything under it)
[3.903s] Copying ../../build/robot_nodes/robot_nodes.egg-info to /home/claudio/progetto_ros2/install/robot_nodes/lib/python3.10/site-packages/robot_nodes-0.0.0-py3.10.egg-info
[3.903s] running install_scripts
[3.982s] Installing macchina_a_stati script to /home/claudio/progetto_ros2/install/robot_nodes/lib/robot_nodes
[3.982s] Installing testa_e_aruco script to /home/claudio/progetto_ros2/install/robot_nodes/lib/robot_nodes
[3.982s] writing list of installed files to '/home/claudio/progetto_ros2/build/robot_nodes/install.log'
[4.071s] Invoked command in '/home/claudio/progetto_ros2/src/robot_nodes' returned '0': PYTHONPATH=/home/claudio/progetto_ros2/build/robot_nodes/prefix_override:/usr/lib/python3/dist-packages/colcon_core/task/python/colcon_distutils_commands:/home/claudio/progetto_ros2/install/robot_nodes/lib/python3.10/site-packages:${PYTHONPATH} /usr/bin/python3 -W ignore:setup.py install is deprecated -W ignore:easy_install command is deprecated setup.py egg_info --egg-base ../../build/robot_nodes build --build-base /home/claudio/progetto_ros2/build/robot_nodes/build install --record /home/claudio/progetto_ros2/build/robot_nodes/install.log --single-version-externally-managed install_data
