[0.379s] Invoking command in '/home/claudio/tiago_public_ws/build/pal_urdf_utils': CMAKE_PREFIX_PATH=/opt/ros/humble /usr/bin/cmake /home/claudio/tiago_public_ws/src/pal_urdf_utils -DAMENT_CMAKE_SYMLINK_INSTALL=1 -DCMAKE_INSTALL_PREFIX=/home/claudio/tiago_public_ws/install/pal_urdf_utils
[0.614s] -- The C compiler identification is GNU 11.4.0
[0.803s] -- The CXX compiler identification is GNU 11.4.0
[0.825s] -- Detecting C compiler ABI info
[0.985s] -- Detecting C compiler ABI info - done
[1.011s] -- Check for working C compiler: /usr/bin/cc - skipped
[1.012s] -- Detecting C compile features
[1.013s] -- Detecting C compile features - done
[1.025s] -- Detecting CXX compiler ABI info
[1.184s] -- Detecting CXX compiler ABI info - done
[1.203s] -- Check for working CXX compiler: /usr/bin/c++ - skipped
[1.204s] -- Detecting CXX compile features
[1.205s] -- Detecting CXX compile features - done
[1.209s] -- Found ament_cmake_auto: 1.3.11 (/opt/ros/humble/share/ament_cmake_auto/cmake)
[1.566s] -- Found Python3: /usr/bin/python3 (found version "3.10.12") found components: Interpreter 
[1.744s] -- Override CMake install command with custom implementation using symlinks instead of copying resources
[1.997s] -- Found ament_lint_auto: 0.12.11 (/opt/ros/humble/share/ament_lint_auto/cmake)
[2.057s] -- Added test 'copyright' to check source files copyright and LICENSE
[2.071s] -- Added test 'lint_cmake' to check CMake code style
[2.081s] -- Added test 'xmllint' to check XML markup files
[2.084s] -- Configuring done
[2.092s] -- Generating done
[2.100s] -- Build files have been written to: /home/claudio/tiago_public_ws/build/pal_urdf_utils
[2.106s] Invoked command in '/home/claudio/tiago_public_ws/build/pal_urdf_utils' returned '0': CMAKE_PREFIX_PATH=/opt/ros/humble /usr/bin/cmake /home/claudio/tiago_public_ws/src/pal_urdf_utils -DAMENT_CMAKE_SYMLINK_INSTALL=1 -DCMAKE_INSTALL_PREFIX=/home/claudio/tiago_public_ws/install/pal_urdf_utils
[2.110s] Invoking command in '/home/claudio/tiago_public_ws/build/pal_urdf_utils': CMAKE_PREFIX_PATH=/opt/ros/humble /usr/bin/cmake --build /home/claudio/tiago_public_ws/build/pal_urdf_utils -- -j4 -l4
[2.210s] Invoked command in '/home/claudio/tiago_public_ws/build/pal_urdf_utils' returned '0': CMAKE_PREFIX_PATH=/opt/ros/humble /usr/bin/cmake --build /home/claudio/tiago_public_ws/build/pal_urdf_utils -- -j4 -l4
[2.211s] Invoking command in '/home/claudio/tiago_public_ws/build/pal_urdf_utils': CMAKE_PREFIX_PATH=/opt/ros/humble /usr/bin/cmake --install /home/claudio/tiago_public_ws/build/pal_urdf_utils
[2.225s] -- Install configuration: ""
[2.227s] -- Execute custom install script
[2.229s] -- Symlinking: /home/claudio/tiago_public_ws/install/pal_urdf_utils/share/pal_urdf_utils/urdf/deg_to_rad.urdf.xacro
[2.247s] -- Symlinking: /home/claudio/tiago_public_ws/install/pal_urdf_utils/share/pal_urdf_utils/urdf/materials.urdf.xacro
[2.264s] -- Symlinking: /home/claudio/tiago_public_ws/install/pal_urdf_utils/share/pal_urdf_utils/urdf/pi.urdf.xacro
[2.283s] -- Symlinking: /home/claudio/tiago_public_ws/install/pal_urdf_utils/share/ament_index/resource_index/package_run_dependencies/pal_urdf_utils
[2.300s] -- Symlinking: /home/claudio/tiago_public_ws/install/pal_urdf_utils/share/ament_index/resource_index/parent_prefix_path/pal_urdf_utils
[2.318s] -- Symlinking: /home/claudio/tiago_public_ws/install/pal_urdf_utils/share/pal_urdf_utils/environment/ament_prefix_path.sh
[2.338s] -- Symlinking: /home/claudio/tiago_public_ws/install/pal_urdf_utils/share/pal_urdf_utils/environment/ament_prefix_path.dsv
[2.357s] -- Symlinking: /home/claudio/tiago_public_ws/install/pal_urdf_utils/share/pal_urdf_utils/environment/path.sh
[2.376s] -- Symlinking: /home/claudio/tiago_public_ws/install/pal_urdf_utils/share/pal_urdf_utils/environment/path.dsv
[2.394s] -- Symlinking: /home/claudio/tiago_public_ws/install/pal_urdf_utils/share/pal_urdf_utils/local_setup.bash
[2.411s] -- Symlinking: /home/claudio/tiago_public_ws/install/pal_urdf_utils/share/pal_urdf_utils/local_setup.sh
[2.431s] -- Symlinking: /home/claudio/tiago_public_ws/install/pal_urdf_utils/share/pal_urdf_utils/local_setup.zsh
[2.453s] -- Symlinking: /home/claudio/tiago_public_ws/install/pal_urdf_utils/share/pal_urdf_utils/local_setup.dsv
[2.467s] -- Symlinking: /home/claudio/tiago_public_ws/install/pal_urdf_utils/share/pal_urdf_utils/package.dsv
[2.485s] -- Symlinking: /home/claudio/tiago_public_ws/install/pal_urdf_utils/share/ament_index/resource_index/packages/pal_urdf_utils
[2.504s] -- Symlinking: /home/claudio/tiago_public_ws/install/pal_urdf_utils/share/pal_urdf_utils/cmake/pal_urdf_utilsConfig.cmake
[2.522s] -- Symlinking: /home/claudio/tiago_public_ws/install/pal_urdf_utils/share/pal_urdf_utils/cmake/pal_urdf_utilsConfig-version.cmake
[2.543s] -- Symlinking: /home/claudio/tiago_public_ws/install/pal_urdf_utils/share/pal_urdf_utils/package.xml
[2.562s] Invoked command in '/home/claudio/tiago_public_ws/build/pal_urdf_utils' returned '0': CMAKE_PREFIX_PATH=/opt/ros/humble /usr/bin/cmake --install /home/claudio/tiago_public_ws/build/pal_urdf_utils
