running egg_info
creating ../../build/robot_nodes/robot_nodes.egg-info
writing ../../build/robot_nodes/robot_nodes.egg-info/PKG-INFO
writing dependency_links to ../../build/robot_nodes/robot_nodes.egg-info/dependency_links.txt
writing entry points to ../../build/robot_nodes/robot_nodes.egg-info/entry_points.txt
writing requirements to ../../build/robot_nodes/robot_nodes.egg-info/requires.txt
writing top-level names to ../../build/robot_nodes/robot_nodes.egg-info/top_level.txt
writing manifest file '../../build/robot_nodes/robot_nodes.egg-info/SOURCES.txt'
reading manifest file '../../build/robot_nodes/robot_nodes.egg-info/SOURCES.txt'
writing manifest file '../../build/robot_nodes/robot_nodes.egg-info/SOURCES.txt'
running build
running build_py
creating /home/claudio/progetto_ros2/build/robot_nodes/build
creating /home/claudio/progetto_ros2/build/robot_nodes/build/lib
creating /home/claudio/progetto_ros2/build/robot_nodes/build/lib/robot_nodes
copying robot_nodes/macchina_a_stati.py -> /home/claudio/progetto_ros2/build/robot_nodes/build/lib/robot_nodes
copying robot_nodes/__init__.py -> /home/claudio/progetto_ros2/build/robot_nodes/build/lib/robot_nodes
copying robot_nodes/testa_e_aruco.py -> /home/claudio/progetto_ros2/build/robot_nodes/build/lib/robot_nodes
running install
running install_lib
creating /home/claudio/progetto_ros2/install/robot_nodes/lib/python3.10/site-packages/robot_nodes
copying /home/claudio/progetto_ros2/build/robot_nodes/build/lib/robot_nodes/macchina_a_stati.py -> /home/claudio/progetto_ros2/install/robot_nodes/lib/python3.10/site-packages/robot_nodes
copying /home/claudio/progetto_ros2/build/robot_nodes/build/lib/robot_nodes/__init__.py -> /home/claudio/progetto_ros2/install/robot_nodes/lib/python3.10/site-packages/robot_nodes
copying /home/claudio/progetto_ros2/build/robot_nodes/build/lib/robot_nodes/testa_e_aruco.py -> /home/claudio/progetto_ros2/install/robot_nodes/lib/python3.10/site-packages/robot_nodes
byte-compiling /home/claudio/progetto_ros2/install/robot_nodes/lib/python3.10/site-packages/robot_nodes/macchina_a_stati.py to macchina_a_stati.cpython-310.pyc
byte-compiling /home/claudio/progetto_ros2/install/robot_nodes/lib/python3.10/site-packages/robot_nodes/__init__.py to __init__.cpython-310.pyc
byte-compiling /home/claudio/progetto_ros2/install/robot_nodes/lib/python3.10/site-packages/robot_nodes/testa_e_aruco.py to testa_e_aruco.cpython-310.pyc
running install_data
creating /home/claudio/progetto_ros2/install/robot_nodes/share/ament_index
creating /home/claudio/progetto_ros2/install/robot_nodes/share/ament_index/resource_index
creating /home/claudio/progetto_ros2/install/robot_nodes/share/ament_index/resource_index/packages
copying resource/robot_nodes -> /home/claudio/progetto_ros2/install/robot_nodes/share/ament_index/resource_index/packages
copying package.xml -> /home/claudio/progetto_ros2/install/robot_nodes/share/robot_nodes
running install_egg_info
Copying ../../build/robot_nodes/robot_nodes.egg-info to /home/claudio/progetto_ros2/install/robot_nodes/lib/python3.10/site-packages/robot_nodes-0.0.0-py3.10.egg-info
running install_scripts
Installing macchina_a_stati script to /home/claudio/progetto_ros2/install/robot_nodes/lib/robot_nodes
Installing testa_e_aruco script to /home/claudio/progetto_ros2/install/robot_nodes/lib/robot_nodes
writing list of installed files to '/home/claudio/progetto_ros2/build/robot_nodes/install.log'
