[0.246s] Invoking command in '/home/claudio/tiago_public_ws/build/play_motion2_msgs': CMAKE_PREFIX_PATH=${CMAKE_PREFIX_PATH}:/home/claudio/tiago_public_ws/install/launch_pal:/opt/ros/humble /usr/bin/cmake --build /home/claudio/tiago_public_ws/build/play_motion2_msgs -- -j8 -l8
[0.334s] [  1%] Built target play_motion2_msgs__cpp
[0.348s] [  1%] Built target ament_cmake_python_symlink_play_motion2_msgs
[0.351s] [ 12%] Built target play_motion2_msgs__rosidl_generator_c
[0.395s] [ 24%] Built target play_motion2_msgs__rosidl_typesupport_cpp
[0.396s] [ 35%] Built target play_motion2_msgs__rosidl_typesupport_introspection_cpp
[0.401s] [ 46%] Built target play_motion2_msgs__rosidl_typesupport_fastrtps_cpp
[0.403s] [ 58%] Built target play_motion2_msgs__rosidl_typesupport_c
[0.403s] [ 69%] Built target play_motion2_msgs__rosidl_typesupport_fastrtps_c
[0.404s] [ 81%] Built target play_motion2_msgs__rosidl_typesupport_introspection_c
[0.422s] [ 81%] Built target play_motion2_msgs
[0.441s] [ 82%] Built target play_motion2_msgs__py
[0.470s] [ 92%] Built target play_motion2_msgs__rosidl_generator_py
[0.498s] [ 94%] Built target play_motion2_msgs__rosidl_typesupport_fastrtps_c__pyext
[0.498s] [ 97%] Built target play_motion2_msgs__rosidl_typesupport_c__pyext
[0.499s] [100%] Built target play_motion2_msgs__rosidl_typesupport_introspection_c__pyext
[0.716s] running egg_info
[0.716s] writing play_motion2_msgs.egg-info/PKG-INFO
[0.716s] writing dependency_links to play_motion2_msgs.egg-info/dependency_links.txt
[0.716s] writing top-level names to play_motion2_msgs.egg-info/top_level.txt
[0.719s] reading manifest file 'play_motion2_msgs.egg-info/SOURCES.txt'
[0.720s] writing manifest file 'play_motion2_msgs.egg-info/SOURCES.txt'
[0.750s] [100%] Built target ament_cmake_python_build_play_motion2_msgs_egg
[0.794s] Invoked command in '/home/claudio/tiago_public_ws/build/play_motion2_msgs' returned '0': CMAKE_PREFIX_PATH=${CMAKE_PREFIX_PATH}:/home/claudio/tiago_public_ws/install/launch_pal:/opt/ros/humble /usr/bin/cmake --build /home/claudio/tiago_public_ws/build/play_motion2_msgs -- -j8 -l8
[0.797s] Invoking command in '/home/claudio/tiago_public_ws/build/play_motion2_msgs': CMAKE_PREFIX_PATH=${CMAKE_PREFIX_PATH}:/home/claudio/tiago_public_ws/install/launch_pal:/opt/ros/humble /usr/bin/cmake --install /home/claudio/tiago_public_ws/build/play_motion2_msgs
[0.805s] -- Install configuration: ""
[0.805s] -- Execute custom install script
[0.806s] -- Up-to-date symlink: /home/claudio/tiago_public_ws/install/play_motion2_msgs/share/ament_index/resource_index/rosidl_interfaces/play_motion2_msgs
[0.806s] -- Up-to-date symlink: /home/claudio/tiago_public_ws/install/play_motion2_msgs/include/play_motion2_msgs/play_motion2_msgs/action/detail/play_motion2__functions.h
[0.806s] -- Up-to-date symlink: /home/claudio/tiago_public_ws/install/play_motion2_msgs/include/play_motion2_msgs/play_motion2_msgs/action/detail/play_motion2__struct.h
[0.806s] -- Up-to-date symlink: /home/claudio/tiago_public_ws/install/play_motion2_msgs/include/play_motion2_msgs/play_motion2_msgs/action/detail/play_motion2__type_support.h
[0.806s] -- Up-to-date symlink: /home/claudio/tiago_public_ws/install/play_motion2_msgs/include/play_motion2_msgs/play_motion2_msgs/action/play_motion2.h
[0.806s] -- Up-to-date symlink: /home/claudio/tiago_public_ws/install/play_motion2_msgs/include/play_motion2_msgs/play_motion2_msgs/msg/detail/motion__functions.h
[0.806s] -- Up-to-date symlink: /home/claudio/tiago_public_ws/install/play_motion2_msgs/include/play_motion2_msgs/play_motion2_msgs/msg/detail/motion__struct.h
[0.808s] -- Up-to-date symlink: /home/claudio/tiago_public_ws/install/play_motion2_msgs/include/play_motion2_msgs/play_motion2_msgs/msg/detail/motion__type_support.h
[0.808s] -- Up-to-date symlink: /home/claudio/tiago_public_ws/install/play_motion2_msgs/include/play_motion2_msgs/play_motion2_msgs/msg/motion.h
[0.808s] -- Up-to-date symlink: /home/claudio/tiago_public_ws/install/play_motion2_msgs/include/play_motion2_msgs/play_motion2_msgs/msg/rosidl_generator_c__visibility_control.h
[0.808s] -- Up-to-date symlink: /home/claudio/tiago_public_ws/install/play_motion2_msgs/include/play_motion2_msgs/play_motion2_msgs/srv/add_motion.h
[0.808s] -- Up-to-date symlink: /home/claudio/tiago_public_ws/install/play_motion2_msgs/include/play_motion2_msgs/play_motion2_msgs/srv/detail/add_motion__functions.h
[0.808s] -- Up-to-date symlink: /home/claudio/tiago_public_ws/install/play_motion2_msgs/include/play_motion2_msgs/play_motion2_msgs/srv/detail/add_motion__struct.h
[0.808s] -- Up-to-date symlink: /home/claudio/tiago_public_ws/install/play_motion2_msgs/include/play_motion2_msgs/play_motion2_msgs/srv/detail/add_motion__type_support.h
[0.808s] -- Up-to-date symlink: /home/claudio/tiago_public_ws/install/play_motion2_msgs/include/play_motion2_msgs/play_motion2_msgs/srv/detail/get_motion_info__functions.h
[0.808s] -- Up-to-date symlink: /home/claudio/tiago_public_ws/install/play_motion2_msgs/include/play_motion2_msgs/play_motion2_msgs/srv/detail/get_motion_info__struct.h
[0.809s] -- Up-to-date symlink: /home/claudio/tiago_public_ws/install/play_motion2_msgs/include/play_motion2_msgs/play_motion2_msgs/srv/detail/get_motion_info__type_support.h
[0.809s] -- Up-to-date symlink: /home/claudio/tiago_public_ws/install/play_motion2_msgs/include/play_motion2_msgs/play_motion2_msgs/srv/detail/is_motion_ready__functions.h
[0.809s] -- Up-to-date symlink: /home/claudio/tiago_public_ws/install/play_motion2_msgs/include/play_motion2_msgs/play_motion2_msgs/srv/detail/is_motion_ready__struct.h
[0.809s] -- Up-to-date symlink: /home/claudio/tiago_public_ws/install/play_motion2_msgs/include/play_motion2_msgs/play_motion2_msgs/srv/detail/is_motion_ready__type_support.h
[0.809s] -- Up-to-date symlink: /home/claudio/tiago_public_ws/install/play_motion2_msgs/include/play_motion2_msgs/play_motion2_msgs/srv/detail/list_motions__functions.h
[0.809s] -- Up-to-date symlink: /home/claudio/tiago_public_ws/install/play_motion2_msgs/include/play_motion2_msgs/play_motion2_msgs/srv/detail/list_motions__struct.h
[0.809s] -- Up-to-date symlink: /home/claudio/tiago_public_ws/install/play_motion2_msgs/include/play_motion2_msgs/play_motion2_msgs/srv/detail/list_motions__type_support.h
[0.810s] -- Up-to-date symlink: /home/claudio/tiago_public_ws/install/play_motion2_msgs/include/play_motion2_msgs/play_motion2_msgs/srv/detail/remove_motion__functions.h
[0.811s] -- Up-to-date symlink: /home/claudio/tiago_public_ws/install/play_motion2_msgs/include/play_motion2_msgs/play_motion2_msgs/srv/detail/remove_motion__struct.h
[0.811s] -- Up-to-date symlink: /home/claudio/tiago_public_ws/install/play_motion2_msgs/include/play_motion2_msgs/play_motion2_msgs/srv/detail/remove_motion__type_support.h
[0.811s] -- Up-to-date symlink: /home/claudio/tiago_public_ws/install/play_motion2_msgs/include/play_motion2_msgs/play_motion2_msgs/srv/get_motion_info.h
[0.811s] -- Up-to-date symlink: /home/claudio/tiago_public_ws/install/play_motion2_msgs/include/play_motion2_msgs/play_motion2_msgs/srv/is_motion_ready.h
[0.811s] -- Up-to-date symlink: /home/claudio/tiago_public_ws/install/play_motion2_msgs/include/play_motion2_msgs/play_motion2_msgs/srv/list_motions.h
[0.812s] -- Up-to-date symlink: /home/claudio/tiago_public_ws/install/play_motion2_msgs/include/play_motion2_msgs/play_motion2_msgs/srv/remove_motion.h
[0.812s] -- Up-to-date symlink: /home/claudio/tiago_public_ws/install/play_motion2_msgs/share/play_motion2_msgs/environment/library_path.sh
[0.812s] -- Up-to-date symlink: /home/claudio/tiago_public_ws/install/play_motion2_msgs/share/play_motion2_msgs/environment/library_path.dsv
[0.812s] -- Up-to-date symlink: /home/claudio/tiago_public_ws/install/play_motion2_msgs/include/play_motion2_msgs/play_motion2_msgs/action/detail/play_motion2__rosidl_typesupport_fastrtps_c.h
[0.812s] -- Up-to-date symlink: /home/claudio/tiago_public_ws/install/play_motion2_msgs/include/play_motion2_msgs/play_motion2_msgs/msg/detail/motion__rosidl_typesupport_fastrtps_c.h
[0.812s] -- Up-to-date symlink: /home/claudio/tiago_public_ws/install/play_motion2_msgs/include/play_motion2_msgs/play_motion2_msgs/msg/rosidl_typesupport_fastrtps_c__visibility_control.h
[0.812s] -- Up-to-date symlink: /home/claudio/tiago_public_ws/install/play_motion2_msgs/include/play_motion2_msgs/play_motion2_msgs/srv/detail/add_motion__rosidl_typesupport_fastrtps_c.h
[0.812s] -- Up-to-date symlink: /home/claudio/tiago_public_ws/install/play_motion2_msgs/include/play_motion2_msgs/play_motion2_msgs/srv/detail/get_motion_info__rosidl_typesupport_fastrtps_c.h
[0.812s] -- Up-to-date symlink: /home/claudio/tiago_public_ws/install/play_motion2_msgs/include/play_motion2_msgs/play_motion2_msgs/srv/detail/is_motion_ready__rosidl_typesupport_fastrtps_c.h
[0.813s] -- Up-to-date symlink: /home/claudio/tiago_public_ws/install/play_motion2_msgs/include/play_motion2_msgs/play_motion2_msgs/srv/detail/list_motions__rosidl_typesupport_fastrtps_c.h
[0.814s] -- Up-to-date symlink: /home/claudio/tiago_public_ws/install/play_motion2_msgs/include/play_motion2_msgs/play_motion2_msgs/srv/detail/remove_motion__rosidl_typesupport_fastrtps_c.h
[0.815s] -- Up-to-date symlink: /home/claudio/tiago_public_ws/install/play_motion2_msgs/include/play_motion2_msgs/play_motion2_msgs/action/detail/play_motion2__builder.hpp
[0.815s] -- Up-to-date symlink: /home/claudio/tiago_public_ws/install/play_motion2_msgs/include/play_motion2_msgs/play_motion2_msgs/action/detail/play_motion2__struct.hpp
[0.815s] -- Up-to-date symlink: /home/claudio/tiago_public_ws/install/play_motion2_msgs/include/play_motion2_msgs/play_motion2_msgs/action/detail/play_motion2__traits.hpp
[0.815s] -- Up-to-date symlink: /home/claudio/tiago_public_ws/install/play_motion2_msgs/include/play_motion2_msgs/play_motion2_msgs/action/detail/play_motion2__type_support.hpp
[0.815s] -- Up-to-date symlink: /home/claudio/tiago_public_ws/install/play_motion2_msgs/include/play_motion2_msgs/play_motion2_msgs/action/play_motion2.hpp
[0.815s] -- Up-to-date symlink: /home/claudio/tiago_public_ws/install/play_motion2_msgs/include/play_motion2_msgs/play_motion2_msgs/msg/detail/motion__builder.hpp
[0.815s] -- Up-to-date symlink: /home/claudio/tiago_public_ws/install/play_motion2_msgs/include/play_motion2_msgs/play_motion2_msgs/msg/detail/motion__struct.hpp
[0.815s] -- Up-to-date symlink: /home/claudio/tiago_public_ws/install/play_motion2_msgs/include/play_motion2_msgs/play_motion2_msgs/msg/detail/motion__traits.hpp
[0.815s] -- Up-to-date symlink: /home/claudio/tiago_public_ws/install/play_motion2_msgs/include/play_motion2_msgs/play_motion2_msgs/msg/detail/motion__type_support.hpp
[0.816s] -- Up-to-date symlink: /home/claudio/tiago_public_ws/install/play_motion2_msgs/include/play_motion2_msgs/play_motion2_msgs/msg/motion.hpp
[0.816s] -- Up-to-date symlink: /home/claudio/tiago_public_ws/install/play_motion2_msgs/include/play_motion2_msgs/play_motion2_msgs/msg/rosidl_generator_cpp__visibility_control.hpp
[0.816s] -- Up-to-date symlink: /home/claudio/tiago_public_ws/install/play_motion2_msgs/include/play_motion2_msgs/play_motion2_msgs/srv/add_motion.hpp
[0.816s] -- Up-to-date symlink: /home/claudio/tiago_public_ws/install/play_motion2_msgs/include/play_motion2_msgs/play_motion2_msgs/srv/detail/add_motion__builder.hpp
[0.816s] -- Up-to-date symlink: /home/claudio/tiago_public_ws/install/play_motion2_msgs/include/play_motion2_msgs/play_motion2_msgs/srv/detail/add_motion__struct.hpp
[0.816s] -- Up-to-date symlink: /home/claudio/tiago_public_ws/install/play_motion2_msgs/include/play_motion2_msgs/play_motion2_msgs/srv/detail/add_motion__traits.hpp
[0.817s] -- Up-to-date symlink: /home/claudio/tiago_public_ws/install/play_motion2_msgs/include/play_motion2_msgs/play_motion2_msgs/srv/detail/add_motion__type_support.hpp
[0.817s] -- Up-to-date symlink: /home/claudio/tiago_public_ws/install/play_motion2_msgs/include/play_motion2_msgs/play_motion2_msgs/srv/detail/get_motion_info__builder.hpp
[0.817s] -- Up-to-date symlink: /home/claudio/tiago_public_ws/install/play_motion2_msgs/include/play_motion2_msgs/play_motion2_msgs/srv/detail/get_motion_info__struct.hpp
[0.817s] -- Up-to-date symlink: /home/claudio/tiago_public_ws/install/play_motion2_msgs/include/play_motion2_msgs/play_motion2_msgs/srv/detail/get_motion_info__traits.hpp
[0.817s] -- Up-to-date symlink: /home/claudio/tiago_public_ws/install/play_motion2_msgs/include/play_motion2_msgs/play_motion2_msgs/srv/detail/get_motion_info__type_support.hpp
[0.820s] -- Up-to-date symlink: /home/claudio/tiago_public_ws/install/play_motion2_msgs/include/play_motion2_msgs/play_motion2_msgs/srv/detail/is_motion_ready__builder.hpp
[0.820s] -- Up-to-date symlink: /home/claudio/tiago_public_ws/install/play_motion2_msgs/include/play_motion2_msgs/play_motion2_msgs/srv/detail/is_motion_ready__struct.hpp
[0.820s] -- Up-to-date symlink: /home/claudio/tiago_public_ws/install/play_motion2_msgs/include/play_motion2_msgs/play_motion2_msgs/srv/detail/is_motion_ready__traits.hpp
[0.820s] -- Up-to-date symlink: /home/claudio/tiago_public_ws/install/play_motion2_msgs/include/play_motion2_msgs/play_motion2_msgs/srv/detail/is_motion_ready__type_support.hpp
[0.820s] -- Up-to-date symlink: /home/claudio/tiago_public_ws/install/play_motion2_msgs/include/play_motion2_msgs/play_motion2_msgs/srv/detail/list_motions__builder.hpp
[0.820s] -- Up-to-date symlink: /home/claudio/tiago_public_ws/install/play_motion2_msgs/include/play_motion2_msgs/play_motion2_msgs/srv/detail/list_motions__struct.hpp
[0.820s] -- Up-to-date symlink: /home/claudio/tiago_public_ws/install/play_motion2_msgs/include/play_motion2_msgs/play_motion2_msgs/srv/detail/list_motions__traits.hpp
[0.820s] -- Up-to-date symlink: /home/claudio/tiago_public_ws/install/play_motion2_msgs/include/play_motion2_msgs/play_motion2_msgs/srv/detail/list_motions__type_support.hpp
[0.821s] -- Up-to-date symlink: /home/claudio/tiago_public_ws/install/play_motion2_msgs/include/play_motion2_msgs/play_motion2_msgs/srv/detail/remove_motion__builder.hpp
[0.821s] -- Up-to-date symlink: /home/claudio/tiago_public_ws/install/play_motion2_msgs/include/play_motion2_msgs/play_motion2_msgs/srv/detail/remove_motion__struct.hpp
[0.821s] -- Up-to-date symlink: /home/claudio/tiago_public_ws/install/play_motion2_msgs/include/play_motion2_msgs/play_motion2_msgs/srv/detail/remove_motion__traits.hpp
[0.821s] -- Up-to-date symlink: /home/claudio/tiago_public_ws/install/play_motion2_msgs/include/play_motion2_msgs/play_motion2_msgs/srv/detail/remove_motion__type_support.hpp
[0.821s] -- Up-to-date symlink: /home/claudio/tiago_public_ws/install/play_motion2_msgs/include/play_motion2_msgs/play_motion2_msgs/srv/get_motion_info.hpp
[0.821s] -- Up-to-date symlink: /home/claudio/tiago_public_ws/install/play_motion2_msgs/include/play_motion2_msgs/play_motion2_msgs/srv/is_motion_ready.hpp
[0.821s] -- Up-to-date symlink: /home/claudio/tiago_public_ws/install/play_motion2_msgs/include/play_motion2_msgs/play_motion2_msgs/srv/list_motions.hpp
[0.821s] -- Up-to-date symlink: /home/claudio/tiago_public_ws/install/play_motion2_msgs/include/play_motion2_msgs/play_motion2_msgs/srv/remove_motion.hpp
[0.822s] -- Up-to-date symlink: /home/claudio/tiago_public_ws/install/play_motion2_msgs/include/play_motion2_msgs/play_motion2_msgs/action/detail/play_motion2__rosidl_typesupport_fastrtps_cpp.hpp
[0.822s] -- Up-to-date symlink: /home/claudio/tiago_public_ws/install/play_motion2_msgs/include/play_motion2_msgs/play_motion2_msgs/msg/detail/motion__rosidl_typesupport_fastrtps_cpp.hpp
[0.822s] -- Up-to-date symlink: /home/claudio/tiago_public_ws/install/play_motion2_msgs/include/play_motion2_msgs/play_motion2_msgs/msg/rosidl_typesupport_fastrtps_cpp__visibility_control.h
[0.822s] -- Up-to-date symlink: /home/claudio/tiago_public_ws/install/play_motion2_msgs/include/play_motion2_msgs/play_motion2_msgs/srv/detail/add_motion__rosidl_typesupport_fastrtps_cpp.hpp
[0.822s] -- Up-to-date symlink: /home/claudio/tiago_public_ws/install/play_motion2_msgs/include/play_motion2_msgs/play_motion2_msgs/srv/detail/get_motion_info__rosidl_typesupport_fastrtps_cpp.hpp
[0.822s] -- Up-to-date symlink: /home/claudio/tiago_public_ws/install/play_motion2_msgs/include/play_motion2_msgs/play_motion2_msgs/srv/detail/is_motion_ready__rosidl_typesupport_fastrtps_cpp.hpp
[0.823s] -- Up-to-date symlink: /home/claudio/tiago_public_ws/install/play_motion2_msgs/include/play_motion2_msgs/play_motion2_msgs/srv/detail/list_motions__rosidl_typesupport_fastrtps_cpp.hpp
[0.823s] -- Up-to-date symlink: /home/claudio/tiago_public_ws/install/play_motion2_msgs/include/play_motion2_msgs/play_motion2_msgs/srv/detail/remove_motion__rosidl_typesupport_fastrtps_cpp.hpp
[0.824s] -- Up-to-date symlink: /home/claudio/tiago_public_ws/install/play_motion2_msgs/include/play_motion2_msgs/play_motion2_msgs/action/detail/play_motion2__rosidl_typesupport_introspection_c.h
[0.825s] -- Up-to-date symlink: /home/claudio/tiago_public_ws/install/play_motion2_msgs/include/play_motion2_msgs/play_motion2_msgs/msg/detail/motion__rosidl_typesupport_introspection_c.h
[0.825s] -- Up-to-date symlink: /home/claudio/tiago_public_ws/install/play_motion2_msgs/include/play_motion2_msgs/play_motion2_msgs/msg/rosidl_typesupport_introspection_c__visibility_control.h
[0.825s] -- Up-to-date symlink: /home/claudio/tiago_public_ws/install/play_motion2_msgs/include/play_motion2_msgs/play_motion2_msgs/srv/detail/add_motion__rosidl_typesupport_introspection_c.h
[0.825s] -- Up-to-date symlink: /home/claudio/tiago_public_ws/install/play_motion2_msgs/include/play_motion2_msgs/play_motion2_msgs/srv/detail/get_motion_info__rosidl_typesupport_introspection_c.h
[0.826s] -- Up-to-date symlink: /home/claudio/tiago_public_ws/install/play_motion2_msgs/include/play_motion2_msgs/play_motion2_msgs/srv/detail/is_motion_ready__rosidl_typesupport_introspection_c.h
[0.826s] -- Up-to-date symlink: /home/claudio/tiago_public_ws/install/play_motion2_msgs/include/play_motion2_msgs/play_motion2_msgs/srv/detail/list_motions__rosidl_typesupport_introspection_c.h
[0.826s] -- Up-to-date symlink: /home/claudio/tiago_public_ws/install/play_motion2_msgs/include/play_motion2_msgs/play_motion2_msgs/srv/detail/remove_motion__rosidl_typesupport_introspection_c.h
[0.826s] -- Up-to-date symlink: /home/claudio/tiago_public_ws/install/play_motion2_msgs/include/play_motion2_msgs/play_motion2_msgs/action/detail/play_motion2__rosidl_typesupport_introspection_cpp.hpp
[0.830s] -- Up-to-date symlink: /home/claudio/tiago_public_ws/install/play_motion2_msgs/include/play_motion2_msgs/play_motion2_msgs/msg/detail/motion__rosidl_typesupport_introspection_cpp.hpp
[0.831s] -- Up-to-date symlink: /home/claudio/tiago_public_ws/install/play_motion2_msgs/include/play_motion2_msgs/play_motion2_msgs/srv/detail/add_motion__rosidl_typesupport_introspection_cpp.hpp
[0.831s] -- Up-to-date symlink: /home/claudio/tiago_public_ws/install/play_motion2_msgs/include/play_motion2_msgs/play_motion2_msgs/srv/detail/get_motion_info__rosidl_typesupport_introspection_cpp.hpp
[0.831s] -- Up-to-date symlink: /home/claudio/tiago_public_ws/install/play_motion2_msgs/include/play_motion2_msgs/play_motion2_msgs/srv/detail/is_motion_ready__rosidl_typesupport_introspection_cpp.hpp
[0.831s] -- Up-to-date symlink: /home/claudio/tiago_public_ws/install/play_motion2_msgs/include/play_motion2_msgs/play_motion2_msgs/srv/detail/list_motions__rosidl_typesupport_introspection_cpp.hpp
[0.831s] -- Up-to-date symlink: /home/claudio/tiago_public_ws/install/play_motion2_msgs/include/play_motion2_msgs/play_motion2_msgs/srv/detail/remove_motion__rosidl_typesupport_introspection_cpp.hpp
[0.831s] -- Up-to-date symlink: /home/claudio/tiago_public_ws/install/play_motion2_msgs/share/play_motion2_msgs/environment/pythonpath.sh
[0.831s] -- Up-to-date symlink: /home/claudio/tiago_public_ws/install/play_motion2_msgs/share/play_motion2_msgs/environment/pythonpath.dsv
[0.832s] -- Up-to-date symlink: /home/claudio/tiago_public_ws/install/play_motion2_msgs/local/lib/python3.10/dist-packages/play_motion2_msgs-1.5.1-py3.10.egg-info/PKG-INFO
[0.832s] -- Up-to-date symlink: /home/claudio/tiago_public_ws/install/play_motion2_msgs/local/lib/python3.10/dist-packages/play_motion2_msgs-1.5.1-py3.10.egg-info/SOURCES.txt
[0.832s] -- Up-to-date symlink: /home/claudio/tiago_public_ws/install/play_motion2_msgs/local/lib/python3.10/dist-packages/play_motion2_msgs-1.5.1-py3.10.egg-info/dependency_links.txt
[0.832s] -- Up-to-date symlink: /home/claudio/tiago_public_ws/install/play_motion2_msgs/local/lib/python3.10/dist-packages/play_motion2_msgs-1.5.1-py3.10.egg-info/top_level.txt
[0.832s] -- Up-to-date symlink: /home/claudio/tiago_public_ws/install/play_motion2_msgs/local/lib/python3.10/dist-packages/play_motion2_msgs/__init__.py
[0.832s] -- Up-to-date symlink: /home/claudio/tiago_public_ws/install/play_motion2_msgs/local/lib/python3.10/dist-packages/play_motion2_msgs/_play_motion2_msgs_s.ep.rosidl_typesupport_c.c
[0.832s] -- Up-to-date symlink: /home/claudio/tiago_public_ws/install/play_motion2_msgs/local/lib/python3.10/dist-packages/play_motion2_msgs/_play_motion2_msgs_s.ep.rosidl_typesupport_fastrtps_c.c
[0.832s] -- Up-to-date symlink: /home/claudio/tiago_public_ws/install/play_motion2_msgs/local/lib/python3.10/dist-packages/play_motion2_msgs/_play_motion2_msgs_s.ep.rosidl_typesupport_introspection_c.c
[0.832s] -- Up-to-date symlink: /home/claudio/tiago_public_ws/install/play_motion2_msgs/local/lib/python3.10/dist-packages/play_motion2_msgs/action/__init__.py
[0.833s] -- Up-to-date symlink: /home/claudio/tiago_public_ws/install/play_motion2_msgs/local/lib/python3.10/dist-packages/play_motion2_msgs/action/_play_motion2.py
[0.833s] -- Up-to-date symlink: /home/claudio/tiago_public_ws/install/play_motion2_msgs/local/lib/python3.10/dist-packages/play_motion2_msgs/action/_play_motion2_s.c
[0.833s] -- Up-to-date symlink: /home/claudio/tiago_public_ws/install/play_motion2_msgs/local/lib/python3.10/dist-packages/play_motion2_msgs/libplay_motion2_msgs__rosidl_generator_py.so
[0.833s] -- Up-to-date symlink: /home/claudio/tiago_public_ws/install/play_motion2_msgs/local/lib/python3.10/dist-packages/play_motion2_msgs/msg/__init__.py
[0.833s] -- Up-to-date symlink: /home/claudio/tiago_public_ws/install/play_motion2_msgs/local/lib/python3.10/dist-packages/play_motion2_msgs/msg/_motion.py
[0.833s] -- Up-to-date symlink: /home/claudio/tiago_public_ws/install/play_motion2_msgs/local/lib/python3.10/dist-packages/play_motion2_msgs/msg/_motion_s.c
[0.833s] -- Up-to-date symlink: /home/claudio/tiago_public_ws/install/play_motion2_msgs/local/lib/python3.10/dist-packages/play_motion2_msgs/play_motion2_msgs_s__rosidl_typesupport_c.cpython-310-x86_64-linux-gnu.so
[0.833s] -- Up-to-date symlink: /home/claudio/tiago_public_ws/install/play_motion2_msgs/local/lib/python3.10/dist-packages/play_motion2_msgs/play_motion2_msgs_s__rosidl_typesupport_fastrtps_c.cpython-310-x86_64-linux-gnu.so
[0.833s] -- Up-to-date symlink: /home/claudio/tiago_public_ws/install/play_motion2_msgs/local/lib/python3.10/dist-packages/play_motion2_msgs/play_motion2_msgs_s__rosidl_typesupport_introspection_c.cpython-310-x86_64-linux-gnu.so
[0.833s] -- Up-to-date symlink: /home/claudio/tiago_public_ws/install/play_motion2_msgs/local/lib/python3.10/dist-packages/play_motion2_msgs/srv/__init__.py
[0.833s] -- Up-to-date symlink: /home/claudio/tiago_public_ws/install/play_motion2_msgs/local/lib/python3.10/dist-packages/play_motion2_msgs/srv/_add_motion.py
[0.834s] -- Up-to-date symlink: /home/claudio/tiago_public_ws/install/play_motion2_msgs/local/lib/python3.10/dist-packages/play_motion2_msgs/srv/_add_motion_s.c
[0.834s] -- Up-to-date symlink: /home/claudio/tiago_public_ws/install/play_motion2_msgs/local/lib/python3.10/dist-packages/play_motion2_msgs/srv/_get_motion_info.py
[0.834s] -- Up-to-date symlink: /home/claudio/tiago_public_ws/install/play_motion2_msgs/local/lib/python3.10/dist-packages/play_motion2_msgs/srv/_get_motion_info_s.c
[0.834s] -- Up-to-date symlink: /home/claudio/tiago_public_ws/install/play_motion2_msgs/local/lib/python3.10/dist-packages/play_motion2_msgs/srv/_is_motion_ready.py
[0.834s] -- Up-to-date symlink: /home/claudio/tiago_public_ws/install/play_motion2_msgs/local/lib/python3.10/dist-packages/play_motion2_msgs/srv/_is_motion_ready_s.c
[0.834s] -- Up-to-date symlink: /home/claudio/tiago_public_ws/install/play_motion2_msgs/local/lib/python3.10/dist-packages/play_motion2_msgs/srv/_list_motions.py
[0.834s] -- Up-to-date symlink: /home/claudio/tiago_public_ws/install/play_motion2_msgs/local/lib/python3.10/dist-packages/play_motion2_msgs/srv/_list_motions_s.c
[0.834s] -- Up-to-date symlink: /home/claudio/tiago_public_ws/install/play_motion2_msgs/local/lib/python3.10/dist-packages/play_motion2_msgs/srv/_remove_motion.py
[0.834s] -- Up-to-date symlink: /home/claudio/tiago_public_ws/install/play_motion2_msgs/local/lib/python3.10/dist-packages/play_motion2_msgs/srv/_remove_motion_s.c
[0.835s] -- Up-to-date symlink: /home/claudio/tiago_public_ws/install/play_motion2_msgs/local/lib/python3.10/dist-packages/play_motion2_msgs/play_motion2_msgs_s__rosidl_typesupport_fastrtps_c.cpython-310-x86_64-linux-gnu.so
[0.835s] -- Up-to-date symlink: /home/claudio/tiago_public_ws/install/play_motion2_msgs/local/lib/python3.10/dist-packages/play_motion2_msgs/play_motion2_msgs_s__rosidl_typesupport_introspection_c.cpython-310-x86_64-linux-gnu.so
[0.835s] -- Up-to-date symlink: /home/claudio/tiago_public_ws/install/play_motion2_msgs/local/lib/python3.10/dist-packages/play_motion2_msgs/play_motion2_msgs_s__rosidl_typesupport_c.cpython-310-x86_64-linux-gnu.so
[0.835s] -- Up-to-date symlink: /home/claudio/tiago_public_ws/install/play_motion2_msgs/share/play_motion2_msgs/action/PlayMotion2.idl
[0.835s] -- Up-to-date symlink: /home/claudio/tiago_public_ws/install/play_motion2_msgs/share/play_motion2_msgs/msg/Motion.idl
[0.835s] -- Up-to-date symlink: /home/claudio/tiago_public_ws/install/play_motion2_msgs/share/play_motion2_msgs/srv/AddMotion.idl
[0.835s] -- Up-to-date symlink: /home/claudio/tiago_public_ws/install/play_motion2_msgs/share/play_motion2_msgs/srv/GetMotionInfo.idl
[0.835s] -- Up-to-date symlink: /home/claudio/tiago_public_ws/install/play_motion2_msgs/share/play_motion2_msgs/srv/IsMotionReady.idl
[0.835s] -- Up-to-date symlink: /home/claudio/tiago_public_ws/install/play_motion2_msgs/share/play_motion2_msgs/srv/ListMotions.idl
[0.835s] -- Up-to-date symlink: /home/claudio/tiago_public_ws/install/play_motion2_msgs/share/play_motion2_msgs/srv/RemoveMotion.idl
[0.836s] -- Up-to-date symlink: /home/claudio/tiago_public_ws/install/play_motion2_msgs/share/play_motion2_msgs/action/PlayMotion2.action
[0.836s] -- Up-to-date symlink: /home/claudio/tiago_public_ws/install/play_motion2_msgs/share/play_motion2_msgs/msg/Motion.msg
[0.836s] -- Up-to-date symlink: /home/claudio/tiago_public_ws/install/play_motion2_msgs/share/play_motion2_msgs/srv/AddMotion.srv
[0.836s] -- Up-to-date symlink: /home/claudio/tiago_public_ws/install/play_motion2_msgs/share/play_motion2_msgs/srv/AddMotion_Request.msg
[0.836s] -- Up-to-date symlink: /home/claudio/tiago_public_ws/install/play_motion2_msgs/share/play_motion2_msgs/srv/AddMotion_Response.msg
[0.836s] -- Up-to-date symlink: /home/claudio/tiago_public_ws/install/play_motion2_msgs/share/play_motion2_msgs/srv/GetMotionInfo.srv
[0.836s] -- Up-to-date symlink: /home/claudio/tiago_public_ws/install/play_motion2_msgs/share/play_motion2_msgs/srv/GetMotionInfo_Request.msg
[0.836s] -- Up-to-date symlink: /home/claudio/tiago_public_ws/install/play_motion2_msgs/share/play_motion2_msgs/srv/GetMotionInfo_Response.msg
[0.836s] -- Up-to-date symlink: /home/claudio/tiago_public_ws/install/play_motion2_msgs/share/play_motion2_msgs/srv/IsMotionReady.srv
[0.837s] -- Up-to-date symlink: /home/claudio/tiago_public_ws/install/play_motion2_msgs/share/play_motion2_msgs/srv/IsMotionReady_Request.msg
[0.837s] -- Up-to-date symlink: /home/claudio/tiago_public_ws/install/play_motion2_msgs/share/play_motion2_msgs/srv/IsMotionReady_Response.msg
[0.837s] -- Up-to-date symlink: /home/claudio/tiago_public_ws/install/play_motion2_msgs/share/play_motion2_msgs/srv/ListMotions.srv
[0.837s] -- Up-to-date symlink: /home/claudio/tiago_public_ws/install/play_motion2_msgs/share/play_motion2_msgs/srv/ListMotions_Request.msg
[0.837s] -- Up-to-date symlink: /home/claudio/tiago_public_ws/install/play_motion2_msgs/share/play_motion2_msgs/srv/ListMotions_Response.msg
[0.837s] -- Up-to-date symlink: /home/claudio/tiago_public_ws/install/play_motion2_msgs/share/play_motion2_msgs/srv/RemoveMotion.srv
[0.837s] -- Up-to-date symlink: /home/claudio/tiago_public_ws/install/play_motion2_msgs/share/play_motion2_msgs/srv/RemoveMotion_Request.msg
[0.838s] -- Up-to-date symlink: /home/claudio/tiago_public_ws/install/play_motion2_msgs/share/play_motion2_msgs/srv/RemoveMotion_Response.msg
[0.838s] -- Up-to-date symlink: /home/claudio/tiago_public_ws/install/play_motion2_msgs/share/ament_index/resource_index/package_run_dependencies/play_motion2_msgs
[0.838s] -- Up-to-date symlink: /home/claudio/tiago_public_ws/install/play_motion2_msgs/share/ament_index/resource_index/parent_prefix_path/play_motion2_msgs
[0.838s] -- Up-to-date symlink: /home/claudio/tiago_public_ws/install/play_motion2_msgs/share/play_motion2_msgs/environment/ament_prefix_path.sh
[0.838s] -- Up-to-date symlink: /home/claudio/tiago_public_ws/install/play_motion2_msgs/share/play_motion2_msgs/environment/ament_prefix_path.dsv
[0.838s] -- Up-to-date symlink: /home/claudio/tiago_public_ws/install/play_motion2_msgs/share/play_motion2_msgs/environment/path.sh
[0.838s] -- Up-to-date symlink: /home/claudio/tiago_public_ws/install/play_motion2_msgs/share/play_motion2_msgs/environment/path.dsv
[0.838s] -- Up-to-date symlink: /home/claudio/tiago_public_ws/install/play_motion2_msgs/share/play_motion2_msgs/local_setup.bash
[0.840s] -- Up-to-date symlink: /home/claudio/tiago_public_ws/install/play_motion2_msgs/share/play_motion2_msgs/local_setup.sh
[0.841s] -- Up-to-date symlink: /home/claudio/tiago_public_ws/install/play_motion2_msgs/share/play_motion2_msgs/local_setup.zsh
[0.841s] -- Up-to-date symlink: /home/claudio/tiago_public_ws/install/play_motion2_msgs/share/play_motion2_msgs/local_setup.dsv
[0.841s] -- Symlinking: /home/claudio/tiago_public_ws/install/play_motion2_msgs/share/play_motion2_msgs/package.dsv
[0.849s] -- Up-to-date symlink: /home/claudio/tiago_public_ws/install/play_motion2_msgs/share/ament_index/resource_index/packages/play_motion2_msgs
[0.849s] -- Up-to-date symlink: /home/claudio/tiago_public_ws/install/play_motion2_msgs/share/play_motion2_msgs/cmake/rosidl_cmake-extras.cmake
[0.849s] -- Up-to-date symlink: /home/claudio/tiago_public_ws/install/play_motion2_msgs/share/play_motion2_msgs/cmake/ament_cmake_export_dependencies-extras.cmake
[0.849s] -- Up-to-date symlink: /home/claudio/tiago_public_ws/install/play_motion2_msgs/share/play_motion2_msgs/cmake/ament_cmake_export_include_directories-extras.cmake
[0.849s] -- Up-to-date symlink: /home/claudio/tiago_public_ws/install/play_motion2_msgs/share/play_motion2_msgs/cmake/ament_cmake_export_libraries-extras.cmake
[0.850s] -- Up-to-date symlink: /home/claudio/tiago_public_ws/install/play_motion2_msgs/share/play_motion2_msgs/cmake/ament_cmake_export_targets-extras.cmake
[0.850s] -- Up-to-date symlink: /home/claudio/tiago_public_ws/install/play_motion2_msgs/share/play_motion2_msgs/cmake/rosidl_cmake_export_typesupport_targets-extras.cmake
[0.850s] -- Up-to-date symlink: /home/claudio/tiago_public_ws/install/play_motion2_msgs/share/play_motion2_msgs/cmake/rosidl_cmake_export_typesupport_libraries-extras.cmake
[0.850s] -- Up-to-date symlink: /home/claudio/tiago_public_ws/install/play_motion2_msgs/share/play_motion2_msgs/cmake/play_motion2_msgsConfig.cmake
[0.850s] -- Up-to-date symlink: /home/claudio/tiago_public_ws/install/play_motion2_msgs/share/play_motion2_msgs/cmake/play_motion2_msgsConfig-version.cmake
[0.850s] -- Up-to-date symlink: /home/claudio/tiago_public_ws/install/play_motion2_msgs/share/play_motion2_msgs/package.xml
[0.850s] -- Up-to-date: /home/claudio/tiago_public_ws/install/play_motion2_msgs/lib/libplay_motion2_msgs__rosidl_generator_c.so
[0.851s] -- Up-to-date: /home/claudio/tiago_public_ws/install/play_motion2_msgs/lib/libplay_motion2_msgs__rosidl_typesupport_fastrtps_c.so
[0.851s] -- Up-to-date: /home/claudio/tiago_public_ws/install/play_motion2_msgs/lib/libplay_motion2_msgs__rosidl_typesupport_fastrtps_cpp.so
[0.851s] -- Up-to-date: /home/claudio/tiago_public_ws/install/play_motion2_msgs/lib/libplay_motion2_msgs__rosidl_typesupport_introspection_c.so
[0.851s] -- Up-to-date: /home/claudio/tiago_public_ws/install/play_motion2_msgs/lib/libplay_motion2_msgs__rosidl_typesupport_c.so
[0.852s] -- Up-to-date: /home/claudio/tiago_public_ws/install/play_motion2_msgs/lib/libplay_motion2_msgs__rosidl_typesupport_introspection_cpp.so
[0.852s] -- Up-to-date: /home/claudio/tiago_public_ws/install/play_motion2_msgs/lib/libplay_motion2_msgs__rosidl_typesupport_cpp.so
[0.900s] Listing '/home/claudio/tiago_public_ws/install/play_motion2_msgs/local/lib/python3.10/dist-packages/play_motion2_msgs'...
[0.900s] Listing '/home/claudio/tiago_public_ws/install/play_motion2_msgs/local/lib/python3.10/dist-packages/play_motion2_msgs/action'...
[0.900s] Listing '/home/claudio/tiago_public_ws/install/play_motion2_msgs/local/lib/python3.10/dist-packages/play_motion2_msgs/msg'...
[0.900s] Listing '/home/claudio/tiago_public_ws/install/play_motion2_msgs/local/lib/python3.10/dist-packages/play_motion2_msgs/srv'...
[0.910s] -- Up-to-date: /home/claudio/tiago_public_ws/install/play_motion2_msgs/lib/libplay_motion2_msgs__rosidl_generator_py.so
[0.910s] -- Up-to-date: /home/claudio/tiago_public_ws/install/play_motion2_msgs/share/play_motion2_msgs/cmake/export_play_motion2_msgs__rosidl_generator_cExport.cmake
[0.910s] -- Up-to-date: /home/claudio/tiago_public_ws/install/play_motion2_msgs/share/play_motion2_msgs/cmake/export_play_motion2_msgs__rosidl_generator_cExport-noconfig.cmake
[0.910s] -- Up-to-date: /home/claudio/tiago_public_ws/install/play_motion2_msgs/share/play_motion2_msgs/cmake/export_play_motion2_msgs__rosidl_typesupport_fastrtps_cExport.cmake
[0.910s] -- Up-to-date: /home/claudio/tiago_public_ws/install/play_motion2_msgs/share/play_motion2_msgs/cmake/export_play_motion2_msgs__rosidl_typesupport_fastrtps_cExport-noconfig.cmake
[0.910s] -- Up-to-date: /home/claudio/tiago_public_ws/install/play_motion2_msgs/share/play_motion2_msgs/cmake/export_play_motion2_msgs__rosidl_generator_cppExport.cmake
[0.910s] -- Up-to-date: /home/claudio/tiago_public_ws/install/play_motion2_msgs/share/play_motion2_msgs/cmake/export_play_motion2_msgs__rosidl_typesupport_fastrtps_cppExport.cmake
[0.910s] -- Up-to-date: /home/claudio/tiago_public_ws/install/play_motion2_msgs/share/play_motion2_msgs/cmake/export_play_motion2_msgs__rosidl_typesupport_fastrtps_cppExport-noconfig.cmake
[0.910s] -- Up-to-date: /home/claudio/tiago_public_ws/install/play_motion2_msgs/share/play_motion2_msgs/cmake/play_motion2_msgs__rosidl_typesupport_introspection_cExport.cmake
[0.910s] -- Up-to-date: /home/claudio/tiago_public_ws/install/play_motion2_msgs/share/play_motion2_msgs/cmake/play_motion2_msgs__rosidl_typesupport_introspection_cExport-noconfig.cmake
[0.911s] -- Up-to-date: /home/claudio/tiago_public_ws/install/play_motion2_msgs/share/play_motion2_msgs/cmake/play_motion2_msgs__rosidl_typesupport_cExport.cmake
[0.911s] -- Up-to-date: /home/claudio/tiago_public_ws/install/play_motion2_msgs/share/play_motion2_msgs/cmake/play_motion2_msgs__rosidl_typesupport_cExport-noconfig.cmake
[0.911s] -- Up-to-date: /home/claudio/tiago_public_ws/install/play_motion2_msgs/share/play_motion2_msgs/cmake/play_motion2_msgs__rosidl_typesupport_introspection_cppExport.cmake
[0.911s] -- Up-to-date: /home/claudio/tiago_public_ws/install/play_motion2_msgs/share/play_motion2_msgs/cmake/play_motion2_msgs__rosidl_typesupport_introspection_cppExport-noconfig.cmake
[0.911s] -- Up-to-date: /home/claudio/tiago_public_ws/install/play_motion2_msgs/share/play_motion2_msgs/cmake/play_motion2_msgs__rosidl_typesupport_cppExport.cmake
[0.911s] -- Up-to-date: /home/claudio/tiago_public_ws/install/play_motion2_msgs/share/play_motion2_msgs/cmake/play_motion2_msgs__rosidl_typesupport_cppExport-noconfig.cmake
[0.911s] -- Up-to-date: /home/claudio/tiago_public_ws/install/play_motion2_msgs/share/play_motion2_msgs/cmake/export_play_motion2_msgs__rosidl_generator_pyExport.cmake
[0.911s] -- Up-to-date: /home/claudio/tiago_public_ws/install/play_motion2_msgs/share/play_motion2_msgs/cmake/export_play_motion2_msgs__rosidl_generator_pyExport-noconfig.cmake
[0.941s] Invoked command in '/home/claudio/tiago_public_ws/build/play_motion2_msgs' returned '0': CMAKE_PREFIX_PATH=${CMAKE_PREFIX_PATH}:/home/claudio/tiago_public_ws/install/launch_pal:/opt/ros/humble /usr/bin/cmake --install /home/claudio/tiago_public_ws/build/play_motion2_msgs
