[0.038s] Invoking command in '/home/claudio/tiago_public_ws/build/pal_navigation_cfg_params': CMAKE_PREFIX_PATH=${CMAKE_PREFIX_PATH}:/home/claudio/tiago_public_ws/install/launch_pal:/opt/ros/humble /usr/bin/cmake --build /home/claudio/tiago_public_ws/build/pal_navigation_cfg_params -- -j8 -l8
[0.085s] Invoked command in '/home/claudio/tiago_public_ws/build/pal_navigation_cfg_params' returned '0': CMAKE_PREFIX_PATH=${CMAKE_PREFIX_PATH}:/home/claudio/tiago_public_ws/install/launch_pal:/opt/ros/humble /usr/bin/cmake --build /home/claudio/tiago_public_ws/build/pal_navigation_cfg_params -- -j8 -l8
[0.089s] Invoking command in '/home/claudio/tiago_public_ws/build/pal_navigation_cfg_params': CMAKE_PREFIX_PATH=${CMAKE_PREFIX_PATH}:/home/claudio/tiago_public_ws/install/launch_pal:/opt/ros/humble /usr/bin/cmake --install /home/claudio/tiago_public_ws/build/pal_navigation_cfg_params
[0.098s] -- Install configuration: ""
[0.098s] -- Execute custom install script
[0.098s] -- Up-to-date symlink: /home/claudio/tiago_public_ws/install/pal_navigation_cfg_params/share/pal_navigation_cfg_params/params/omni_base_nav2.yaml
[0.098s] -- Up-to-date symlink: /home/claudio/tiago_public_ws/install/pal_navigation_cfg_params/share/pal_navigation_cfg_params/params/pmb2_nav2.yaml
[0.098s] -- Up-to-date symlink: /home/claudio/tiago_public_ws/install/pal_navigation_cfg_params/share/pal_navigation_cfg_params/params/tiago_dual_nav2.yaml
[0.098s] -- Up-to-date symlink: /home/claudio/tiago_public_ws/install/pal_navigation_cfg_params/share/pal_navigation_cfg_params/params/tiago_nav2.yaml
[0.098s] -- Up-to-date symlink: /home/claudio/tiago_public_ws/install/pal_navigation_cfg_params/share/ament_index/resource_index/package_run_dependencies/pal_navigation_cfg_params
[0.099s] -- Up-to-date symlink: /home/claudio/tiago_public_ws/install/pal_navigation_cfg_params/share/ament_index/resource_index/parent_prefix_path/pal_navigation_cfg_params
[0.099s] -- Up-to-date symlink: /home/claudio/tiago_public_ws/install/pal_navigation_cfg_params/share/pal_navigation_cfg_params/environment/ament_prefix_path.sh
[0.099s] -- Up-to-date symlink: /home/claudio/tiago_public_ws/install/pal_navigation_cfg_params/share/pal_navigation_cfg_params/environment/ament_prefix_path.dsv
[0.099s] -- Up-to-date symlink: /home/claudio/tiago_public_ws/install/pal_navigation_cfg_params/share/pal_navigation_cfg_params/environment/path.sh
[0.100s] -- Up-to-date symlink: /home/claudio/tiago_public_ws/install/pal_navigation_cfg_params/share/pal_navigation_cfg_params/environment/path.dsv
[0.101s] -- Up-to-date symlink: /home/claudio/tiago_public_ws/install/pal_navigation_cfg_params/share/pal_navigation_cfg_params/local_setup.bash
[0.101s] -- Up-to-date symlink: /home/claudio/tiago_public_ws/install/pal_navigation_cfg_params/share/pal_navigation_cfg_params/local_setup.sh
[0.101s] -- Up-to-date symlink: /home/claudio/tiago_public_ws/install/pal_navigation_cfg_params/share/pal_navigation_cfg_params/local_setup.zsh
[0.101s] -- Up-to-date symlink: /home/claudio/tiago_public_ws/install/pal_navigation_cfg_params/share/pal_navigation_cfg_params/local_setup.dsv
[0.101s] -- Symlinking: /home/claudio/tiago_public_ws/install/pal_navigation_cfg_params/share/pal_navigation_cfg_params/package.dsv
[0.111s] -- Up-to-date symlink: /home/claudio/tiago_public_ws/install/pal_navigation_cfg_params/share/ament_index/resource_index/packages/pal_navigation_cfg_params
[0.112s] -- Up-to-date symlink: /home/claudio/tiago_public_ws/install/pal_navigation_cfg_params/share/pal_navigation_cfg_params/cmake/pal_navigation_cfg_paramsConfig.cmake
[0.112s] -- Up-to-date symlink: /home/claudio/tiago_public_ws/install/pal_navigation_cfg_params/share/pal_navigation_cfg_params/cmake/pal_navigation_cfg_paramsConfig-version.cmake
[0.113s] -- Up-to-date symlink: /home/claudio/tiago_public_ws/install/pal_navigation_cfg_params/share/pal_navigation_cfg_params/package.xml
[0.187s] Invoked command in '/home/claudio/tiago_public_ws/build/pal_navigation_cfg_params' returned '0': CMAKE_PREFIX_PATH=${CMAKE_PREFIX_PATH}:/home/claudio/tiago_public_ws/install/launch_pal:/opt/ros/humble /usr/bin/cmake --install /home/claudio/tiago_public_ws/build/pal_navigation_cfg_params
