[3.498s] Invoking command in '/home/claudio/progetto_ros2/src/robot_nodes': PYTHONPATH=/home/claudio/progetto_ros2/build/robot_nodes/prefix_override:/usr/lib/python3/dist-packages/colcon_core/task/python/colcon_distutils_commands:/home/claudio/progetto_ros2/install/robot_nodes/lib/python3.10/site-packages:${PYTHONPATH} /usr/bin/python3 -W ignore:setup.py install is deprecated -W ignore:easy_install command is deprecated setup.py egg_info --egg-base ../../build/robot_nodes build --build-base /home/claudio/progetto_ros2/build/robot_nodes/build install --record /home/claudio/progetto_ros2/build/robot_nodes/install.log --single-version-externally-managed install_data
[4.533s] running egg_info
[4.535s] writing ../../build/robot_nodes/robot_nodes.egg-info/PKG-INFO
[4.536s] writing dependency_links to ../../build/robot_nodes/robot_nodes.egg-info/dependency_links.txt
[4.539s] writing entry points to ../../build/robot_nodes/robot_nodes.egg-info/entry_points.txt
[4.539s] writing requirements to ../../build/robot_nodes/robot_nodes.egg-info/requires.txt
[4.541s] writing top-level names to ../../build/robot_nodes/robot_nodes.egg-info/top_level.txt
[4.551s] reading manifest file '../../build/robot_nodes/robot_nodes.egg-info/SOURCES.txt'
[4.560s] writing manifest file '../../build/robot_nodes/robot_nodes.egg-info/SOURCES.txt'
[4.568s] running build
[4.571s] running build_py
[4.572s] copying robot_nodes/macchina_a_stati.py -> /home/claudio/progetto_ros2/build/robot_nodes/build/lib/robot_nodes
[4.576s] running install
[4.576s] running install_lib
[4.584s] copying /home/claudio/progetto_ros2/build/robot_nodes/build/lib/robot_nodes/macchina_a_stati.py -> /home/claudio/progetto_ros2/install/robot_nodes/lib/python3.10/site-packages/robot_nodes
[4.591s] byte-compiling /home/claudio/progetto_ros2/install/robot_nodes/lib/python3.10/site-packages/robot_nodes/macchina_a_stati.py to macchina_a_stati.cpython-310.pyc
[4.598s] running install_data
[4.599s] running install_egg_info
[4.607s] removing '/home/claudio/progetto_ros2/install/robot_nodes/lib/python3.10/site-packages/robot_nodes-0.0.0-py3.10.egg-info' (and everything under it)
[4.610s] Copying ../../build/robot_nodes/robot_nodes.egg-info to /home/claudio/progetto_ros2/install/robot_nodes/lib/python3.10/site-packages/robot_nodes-0.0.0-py3.10.egg-info
[4.613s] running install_scripts
[4.702s] Installing macchina_a_stati script to /home/claudio/progetto_ros2/install/robot_nodes/lib/robot_nodes
[4.704s] Installing testa_e_aruco script to /home/claudio/progetto_ros2/install/robot_nodes/lib/robot_nodes
[4.706s] writing list of installed files to '/home/claudio/progetto_ros2/build/robot_nodes/install.log'
[4.794s] Invoked command in '/home/claudio/progetto_ros2/src/robot_nodes' returned '0': PYTHONPATH=/home/claudio/progetto_ros2/build/robot_nodes/prefix_override:/usr/lib/python3/dist-packages/colcon_core/task/python/colcon_distutils_commands:/home/claudio/progetto_ros2/install/robot_nodes/lib/python3.10/site-packages:${PYTHONPATH} /usr/bin/python3 -W ignore:setup.py install is deprecated -W ignore:easy_install command is deprecated setup.py egg_info --egg-base ../../build/robot_nodes build --build-base /home/claudio/progetto_ros2/build/robot_nodes/build install --record /home/claudio/progetto_ros2/build/robot_nodes/install.log --single-version-externally-managed install_data
