[0.033s] Invoking command in '/home/claudio/tiago_public_ws/build/pal_hey5': AMENT_PREFIX_PATH=/home/claudio/tiago_public_ws/install/pal_hey5_description:/home/claudio/tiago_public_ws/install/pal_urdf_utils:/home/claudio/tiago_public_ws/install/pal_hey5_controller_configuration:${AMENT_PREFIX_PATH} CMAKE_PREFIX_PATH=/home/claudio/tiago_public_ws/install/pal_hey5_description:/home/claudio/tiago_public_ws/install/pal_urdf_utils:/home/claudio/tiago_public_ws/install/pal_hey5_controller_configuration:/opt/ros/humble /usr/bin/cmake /home/claudio/tiago_public_ws/src/pal_hey5/pal_hey5 -DAMENT_CMAKE_SYMLINK_INSTALL=1 -DCMAKE_INSTALL_PREFIX=/home/claudio/tiago_public_ws/install/pal_hey5
[0.346s] -- The C compiler identification is GNU 11.4.0
[0.718s] -- The CXX compiler identification is GNU 11.4.0
[0.764s] -- Detecting C compiler ABI info
[1.132s] -- Detecting C compiler ABI info - done
[1.203s] -- Check for working C compiler: /usr/bin/cc - skipped
[1.204s] -- Detecting C compile features
[1.206s] -- Detecting C compile features - done
[1.214s] -- Detecting CXX compiler ABI info
[1.626s] -- Detecting CXX compiler ABI info - done
[1.691s] -- Check for working CXX compiler: /usr/bin/c++ - skipped
[1.691s] -- Detecting CXX compile features
[1.695s] -- Detecting CXX compile features - done
[1.706s] -- Found ament_cmake_auto: 1.3.11 (/opt/ros/humble/share/ament_cmake_auto/cmake)
[2.453s] -- Found Python3: /usr/bin/python3 (found version "3.10.12") found components: Interpreter 
[2.671s] -- Override CMake install command with custom implementation using symlinks instead of copying resources
[3.128s] -- Configuring done
[3.146s] -- Generating done
[3.152s] -- Build files have been written to: /home/claudio/tiago_public_ws/build/pal_hey5
[3.185s] Invoked command in '/home/claudio/tiago_public_ws/build/pal_hey5' returned '0': AMENT_PREFIX_PATH=/home/claudio/tiago_public_ws/install/pal_hey5_description:/home/claudio/tiago_public_ws/install/pal_urdf_utils:/home/claudio/tiago_public_ws/install/pal_hey5_controller_configuration:${AMENT_PREFIX_PATH} CMAKE_PREFIX_PATH=/home/claudio/tiago_public_ws/install/pal_hey5_description:/home/claudio/tiago_public_ws/install/pal_urdf_utils:/home/claudio/tiago_public_ws/install/pal_hey5_controller_configuration:/opt/ros/humble /usr/bin/cmake /home/claudio/tiago_public_ws/src/pal_hey5/pal_hey5 -DAMENT_CMAKE_SYMLINK_INSTALL=1 -DCMAKE_INSTALL_PREFIX=/home/claudio/tiago_public_ws/install/pal_hey5
[3.190s] Invoking command in '/home/claudio/tiago_public_ws/build/pal_hey5': AMENT_PREFIX_PATH=/home/claudio/tiago_public_ws/install/pal_hey5_description:/home/claudio/tiago_public_ws/install/pal_urdf_utils:/home/claudio/tiago_public_ws/install/pal_hey5_controller_configuration:${AMENT_PREFIX_PATH} CMAKE_PREFIX_PATH=/home/claudio/tiago_public_ws/install/pal_hey5_description:/home/claudio/tiago_public_ws/install/pal_urdf_utils:/home/claudio/tiago_public_ws/install/pal_hey5_controller_configuration:/opt/ros/humble /usr/bin/cmake --build /home/claudio/tiago_public_ws/build/pal_hey5 -- -j4 -l4
[3.336s] Invoked command in '/home/claudio/tiago_public_ws/build/pal_hey5' returned '0': AMENT_PREFIX_PATH=/home/claudio/tiago_public_ws/install/pal_hey5_description:/home/claudio/tiago_public_ws/install/pal_urdf_utils:/home/claudio/tiago_public_ws/install/pal_hey5_controller_configuration:${AMENT_PREFIX_PATH} CMAKE_PREFIX_PATH=/home/claudio/tiago_public_ws/install/pal_hey5_description:/home/claudio/tiago_public_ws/install/pal_urdf_utils:/home/claudio/tiago_public_ws/install/pal_hey5_controller_configuration:/opt/ros/humble /usr/bin/cmake --build /home/claudio/tiago_public_ws/build/pal_hey5 -- -j4 -l4
[3.337s] Invoking command in '/home/claudio/tiago_public_ws/build/pal_hey5': AMENT_PREFIX_PATH=/home/claudio/tiago_public_ws/install/pal_hey5_description:/home/claudio/tiago_public_ws/install/pal_urdf_utils:/home/claudio/tiago_public_ws/install/pal_hey5_controller_configuration:${AMENT_PREFIX_PATH} CMAKE_PREFIX_PATH=/home/claudio/tiago_public_ws/install/pal_hey5_description:/home/claudio/tiago_public_ws/install/pal_urdf_utils:/home/claudio/tiago_public_ws/install/pal_hey5_controller_configuration:/opt/ros/humble /usr/bin/cmake --install /home/claudio/tiago_public_ws/build/pal_hey5
[3.368s] -- Install configuration: ""
[3.369s] -- Execute custom install script
[3.370s] -- Symlinking: /home/claudio/tiago_public_ws/install/pal_hey5/share/ament_index/resource_index/package_run_dependencies/pal_hey5
[3.405s] -- Symlinking: /home/claudio/tiago_public_ws/install/pal_hey5/share/ament_index/resource_index/parent_prefix_path/pal_hey5
[3.441s] -- Symlinking: /home/claudio/tiago_public_ws/install/pal_hey5/share/pal_hey5/environment/ament_prefix_path.sh
[3.479s] -- Symlinking: /home/claudio/tiago_public_ws/install/pal_hey5/share/pal_hey5/environment/ament_prefix_path.dsv
[3.516s] -- Symlinking: /home/claudio/tiago_public_ws/install/pal_hey5/share/pal_hey5/environment/path.sh
[3.553s] -- Symlinking: /home/claudio/tiago_public_ws/install/pal_hey5/share/pal_hey5/environment/path.dsv
[3.594s] -- Symlinking: /home/claudio/tiago_public_ws/install/pal_hey5/share/pal_hey5/local_setup.bash
[3.630s] -- Symlinking: /home/claudio/tiago_public_ws/install/pal_hey5/share/pal_hey5/local_setup.sh
[3.668s] -- Symlinking: /home/claudio/tiago_public_ws/install/pal_hey5/share/pal_hey5/local_setup.zsh
[3.707s] -- Symlinking: /home/claudio/tiago_public_ws/install/pal_hey5/share/pal_hey5/local_setup.dsv
[3.730s] -- Symlinking: /home/claudio/tiago_public_ws/install/pal_hey5/share/pal_hey5/package.dsv
[3.763s] -- Symlinking: /home/claudio/tiago_public_ws/install/pal_hey5/share/ament_index/resource_index/packages/pal_hey5
[3.796s] -- Symlinking: /home/claudio/tiago_public_ws/install/pal_hey5/share/pal_hey5/cmake/pal_hey5Config.cmake
[3.843s] -- Symlinking: /home/claudio/tiago_public_ws/install/pal_hey5/share/pal_hey5/cmake/pal_hey5Config-version.cmake
[3.880s] -- Symlinking: /home/claudio/tiago_public_ws/install/pal_hey5/share/pal_hey5/package.xml
[3.926s] Invoked command in '/home/claudio/tiago_public_ws/build/pal_hey5' returned '0': AMENT_PREFIX_PATH=/home/claudio/tiago_public_ws/install/pal_hey5_description:/home/claudio/tiago_public_ws/install/pal_urdf_utils:/home/claudio/tiago_public_ws/install/pal_hey5_controller_configuration:${AMENT_PREFIX_PATH} CMAKE_PREFIX_PATH=/home/claudio/tiago_public_ws/install/pal_hey5_description:/home/claudio/tiago_public_ws/install/pal_urdf_utils:/home/claudio/tiago_public_ws/install/pal_hey5_controller_configuration:/opt/ros/humble /usr/bin/cmake --install /home/claudio/tiago_public_ws/build/pal_hey5
