[1.466s] Invoking command in '/home/claudio/tiago_public_ws/build/launch_pal': PYTHONPATH=/home/claudio/tiago_public_ws/build/launch_pal/prefix_override:/usr/lib/python3/dist-packages/colcon_core/task/python/colcon_distutils_commands:/home/claudio/tiago_public_ws/install/launch_pal/lib/python3.10/site-packages:${PYTHONPATH} /usr/bin/python3 -W ignore:setup.py install is deprecated -W ignore:easy_install command is deprecated setup.py develop --uninstall --editable --build-directory /home/claudio/tiago_public_ws/build/launch_pal/build
[2.178s] running develop
[2.668s] Removing /home/claudio/tiago_public_ws/install/launch_pal/lib/python3.10/site-packages/launch-pal.egg-link (link to .)
[2.743s] Invoked command in '/home/claudio/tiago_public_ws/build/launch_pal' returned '0': PYTHONPATH=/home/claudio/tiago_public_ws/build/launch_pal/prefix_override:/usr/lib/python3/dist-packages/colcon_core/task/python/colcon_distutils_commands:/home/claudio/tiago_public_ws/install/launch_pal/lib/python3.10/site-packages:${PYTHONPATH} /usr/bin/python3 -W ignore:setup.py install is deprecated -W ignore:easy_install command is deprecated setup.py develop --uninstall --editable --build-directory /home/claudio/tiago_public_ws/build/launch_pal/build
[2.748s] Invoking command in '/home/claudio/tiago_public_ws/src/launch_pal': PYTHONPATH=/home/claudio/tiago_public_ws/build/launch_pal/prefix_override:/usr/lib/python3/dist-packages/colcon_core/task/python/colcon_distutils_commands:/home/claudio/tiago_public_ws/install/launch_pal/lib/python3.10/site-packages:${PYTHONPATH} /usr/bin/python3 -W ignore:setup.py install is deprecated -W ignore:easy_install command is deprecated setup.py egg_info --egg-base ../../build/launch_pal build --build-base /home/claudio/tiago_public_ws/build/launch_pal/build install --record /home/claudio/tiago_public_ws/build/launch_pal/install.log --single-version-externally-managed install_data --force
[3.391s] running egg_info
[3.394s] writing ../../build/launch_pal/launch_pal.egg-info/PKG-INFO
[3.394s] writing dependency_links to ../../build/launch_pal/launch_pal.egg-info/dependency_links.txt
[3.394s] writing entry points to ../../build/launch_pal/launch_pal.egg-info/entry_points.txt
[3.394s] writing requirements to ../../build/launch_pal/launch_pal.egg-info/requires.txt
[3.395s] writing top-level names to ../../build/launch_pal/launch_pal.egg-info/top_level.txt
[3.400s] reading manifest file '../../build/launch_pal/launch_pal.egg-info/SOURCES.txt'
[3.401s] adding license file 'LICENSE'
[3.403s] writing manifest file '../../build/launch_pal/launch_pal.egg-info/SOURCES.txt'
[3.404s] running build
[3.404s] running build_py
[3.405s] creating /home/claudio/tiago_public_ws/build/launch_pal/build
[3.405s] creating /home/claudio/tiago_public_ws/build/launch_pal/build/lib
[3.405s] creating /home/claudio/tiago_public_ws/build/launch_pal/build/lib/launch_pal
[3.405s] copying launch_pal/param_utils.py -> /home/claudio/tiago_public_ws/build/launch_pal/build/lib/launch_pal
[3.406s] copying launch_pal/calibration_utils.py -> /home/claudio/tiago_public_ws/build/launch_pal/build/lib/launch_pal
[3.406s] copying launch_pal/pal_parameters.py -> /home/claudio/tiago_public_ws/build/launch_pal/build/lib/launch_pal
[3.407s] copying launch_pal/__init__.py -> /home/claudio/tiago_public_ws/build/launch_pal/build/lib/launch_pal
[3.407s] copying launch_pal/arg_utils.py -> /home/claudio/tiago_public_ws/build/launch_pal/build/lib/launch_pal
[3.407s] copying launch_pal/robot_utils.py -> /home/claudio/tiago_public_ws/build/launch_pal/build/lib/launch_pal
[3.407s] copying launch_pal/logging_utils.py -> /home/claudio/tiago_public_ws/build/launch_pal/build/lib/launch_pal
[3.408s] copying launch_pal/composition_utils.py -> /home/claudio/tiago_public_ws/build/launch_pal/build/lib/launch_pal
[3.409s] copying launch_pal/include_utils.py -> /home/claudio/tiago_public_ws/build/launch_pal/build/lib/launch_pal
[3.410s] creating /home/claudio/tiago_public_ws/build/launch_pal/build/lib/launch_pal/substitutions
[3.411s] copying launch_pal/substitutions/__init__.py -> /home/claudio/tiago_public_ws/build/launch_pal/build/lib/launch_pal/substitutions
[3.411s] copying launch_pal/substitutions/load_file.py -> /home/claudio/tiago_public_ws/build/launch_pal/build/lib/launch_pal/substitutions
[3.411s] copying launch_pal/substitutions/concat_substitution.py -> /home/claudio/tiago_public_ws/build/launch_pal/build/lib/launch_pal/substitutions
[3.412s] creating /home/claudio/tiago_public_ws/build/launch_pal/build/lib/launch_pal/robot_arguments
[3.413s] copying launch_pal/robot_arguments/__init__.py -> /home/claudio/tiago_public_ws/build/launch_pal/build/lib/launch_pal/robot_arguments
[3.414s] copying launch_pal/robot_arguments/robot.py -> /home/claudio/tiago_public_ws/build/launch_pal/build/lib/launch_pal/robot_arguments
[3.414s] copying launch_pal/robot_arguments/common.py -> /home/claudio/tiago_public_ws/build/launch_pal/build/lib/launch_pal/robot_arguments
[3.416s] creating /home/claudio/tiago_public_ws/build/launch_pal/build/lib/launch_pal/actions
[3.416s] copying launch_pal/actions/validate_launch_args.py -> /home/claudio/tiago_public_ws/build/launch_pal/build/lib/launch_pal/actions
[3.417s] copying launch_pal/actions/validate_xacro_args.py -> /home/claudio/tiago_public_ws/build/launch_pal/build/lib/launch_pal/actions
[3.418s] copying launch_pal/actions/check_public_sim.py -> /home/claudio/tiago_public_ws/build/launch_pal/build/lib/launch_pal/actions
[3.419s] copying launch_pal/actions/__init__.py -> /home/claudio/tiago_public_ws/build/launch_pal/build/lib/launch_pal/actions
[3.421s] running install
[3.422s] running install_lib
[3.425s] creating /home/claudio/tiago_public_ws/install/launch_pal/lib/python3.10/site-packages/launch_pal
[3.426s] copying /home/claudio/tiago_public_ws/build/launch_pal/build/lib/launch_pal/param_utils.py -> /home/claudio/tiago_public_ws/install/launch_pal/lib/python3.10/site-packages/launch_pal
[3.426s] copying /home/claudio/tiago_public_ws/build/launch_pal/build/lib/launch_pal/calibration_utils.py -> /home/claudio/tiago_public_ws/install/launch_pal/lib/python3.10/site-packages/launch_pal
[3.426s] copying /home/claudio/tiago_public_ws/build/launch_pal/build/lib/launch_pal/pal_parameters.py -> /home/claudio/tiago_public_ws/install/launch_pal/lib/python3.10/site-packages/launch_pal
[3.426s] copying /home/claudio/tiago_public_ws/build/launch_pal/build/lib/launch_pal/__init__.py -> /home/claudio/tiago_public_ws/install/launch_pal/lib/python3.10/site-packages/launch_pal
[3.428s] copying /home/claudio/tiago_public_ws/build/launch_pal/build/lib/launch_pal/arg_utils.py -> /home/claudio/tiago_public_ws/install/launch_pal/lib/python3.10/site-packages/launch_pal
[3.429s] creating /home/claudio/tiago_public_ws/install/launch_pal/lib/python3.10/site-packages/launch_pal/substitutions
[3.430s] copying /home/claudio/tiago_public_ws/build/launch_pal/build/lib/launch_pal/substitutions/__init__.py -> /home/claudio/tiago_public_ws/install/launch_pal/lib/python3.10/site-packages/launch_pal/substitutions
[3.430s] copying /home/claudio/tiago_public_ws/build/launch_pal/build/lib/launch_pal/substitutions/load_file.py -> /home/claudio/tiago_public_ws/install/launch_pal/lib/python3.10/site-packages/launch_pal/substitutions
[3.430s] copying /home/claudio/tiago_public_ws/build/launch_pal/build/lib/launch_pal/substitutions/concat_substitution.py -> /home/claudio/tiago_public_ws/install/launch_pal/lib/python3.10/site-packages/launch_pal/substitutions
[3.430s] creating /home/claudio/tiago_public_ws/install/launch_pal/lib/python3.10/site-packages/launch_pal/robot_arguments
[3.431s] copying /home/claudio/tiago_public_ws/build/launch_pal/build/lib/launch_pal/robot_arguments/__init__.py -> /home/claudio/tiago_public_ws/install/launch_pal/lib/python3.10/site-packages/launch_pal/robot_arguments
[3.433s] copying /home/claudio/tiago_public_ws/build/launch_pal/build/lib/launch_pal/robot_arguments/robot.py -> /home/claudio/tiago_public_ws/install/launch_pal/lib/python3.10/site-packages/launch_pal/robot_arguments
[3.435s] copying /home/claudio/tiago_public_ws/build/launch_pal/build/lib/launch_pal/robot_arguments/common.py -> /home/claudio/tiago_public_ws/install/launch_pal/lib/python3.10/site-packages/launch_pal/robot_arguments
[3.436s] creating /home/claudio/tiago_public_ws/install/launch_pal/lib/python3.10/site-packages/launch_pal/actions
[3.436s] copying /home/claudio/tiago_public_ws/build/launch_pal/build/lib/launch_pal/actions/validate_launch_args.py -> /home/claudio/tiago_public_ws/install/launch_pal/lib/python3.10/site-packages/launch_pal/actions
[3.436s] copying /home/claudio/tiago_public_ws/build/launch_pal/build/lib/launch_pal/actions/validate_xacro_args.py -> /home/claudio/tiago_public_ws/install/launch_pal/lib/python3.10/site-packages/launch_pal/actions
[3.436s] copying /home/claudio/tiago_public_ws/build/launch_pal/build/lib/launch_pal/actions/check_public_sim.py -> /home/claudio/tiago_public_ws/install/launch_pal/lib/python3.10/site-packages/launch_pal/actions
[3.436s] copying /home/claudio/tiago_public_ws/build/launch_pal/build/lib/launch_pal/actions/__init__.py -> /home/claudio/tiago_public_ws/install/launch_pal/lib/python3.10/site-packages/launch_pal/actions
[3.437s] copying /home/claudio/tiago_public_ws/build/launch_pal/build/lib/launch_pal/robot_utils.py -> /home/claudio/tiago_public_ws/install/launch_pal/lib/python3.10/site-packages/launch_pal
[3.437s] copying /home/claudio/tiago_public_ws/build/launch_pal/build/lib/launch_pal/logging_utils.py -> /home/claudio/tiago_public_ws/install/launch_pal/lib/python3.10/site-packages/launch_pal
[3.437s] copying /home/claudio/tiago_public_ws/build/launch_pal/build/lib/launch_pal/composition_utils.py -> /home/claudio/tiago_public_ws/install/launch_pal/lib/python3.10/site-packages/launch_pal
[3.437s] copying /home/claudio/tiago_public_ws/build/launch_pal/build/lib/launch_pal/include_utils.py -> /home/claudio/tiago_public_ws/install/launch_pal/lib/python3.10/site-packages/launch_pal
[3.439s] byte-compiling /home/claudio/tiago_public_ws/install/launch_pal/lib/python3.10/site-packages/launch_pal/param_utils.py to param_utils.cpython-310.pyc
[3.439s] byte-compiling /home/claudio/tiago_public_ws/install/launch_pal/lib/python3.10/site-packages/launch_pal/calibration_utils.py to calibration_utils.cpython-310.pyc
[3.439s] byte-compiling /home/claudio/tiago_public_ws/install/launch_pal/lib/python3.10/site-packages/launch_pal/pal_parameters.py to pal_parameters.cpython-310.pyc
[3.443s] byte-compiling /home/claudio/tiago_public_ws/install/launch_pal/lib/python3.10/site-packages/launch_pal/__init__.py to __init__.cpython-310.pyc
[3.443s] byte-compiling /home/claudio/tiago_public_ws/install/launch_pal/lib/python3.10/site-packages/launch_pal/arg_utils.py to arg_utils.cpython-310.pyc
[3.445s] byte-compiling /home/claudio/tiago_public_ws/install/launch_pal/lib/python3.10/site-packages/launch_pal/substitutions/__init__.py to __init__.cpython-310.pyc
[3.446s] byte-compiling /home/claudio/tiago_public_ws/install/launch_pal/lib/python3.10/site-packages/launch_pal/substitutions/load_file.py to load_file.cpython-310.pyc
[3.447s] byte-compiling /home/claudio/tiago_public_ws/install/launch_pal/lib/python3.10/site-packages/launch_pal/substitutions/concat_substitution.py to concat_substitution.cpython-310.pyc
[3.447s] byte-compiling /home/claudio/tiago_public_ws/install/launch_pal/lib/python3.10/site-packages/launch_pal/robot_arguments/__init__.py to __init__.cpython-310.pyc
[3.448s] byte-compiling /home/claudio/tiago_public_ws/install/launch_pal/lib/python3.10/site-packages/launch_pal/robot_arguments/robot.py to robot.cpython-310.pyc
[3.449s] byte-compiling /home/claudio/tiago_public_ws/install/launch_pal/lib/python3.10/site-packages/launch_pal/robot_arguments/common.py to common.cpython-310.pyc
[3.450s] byte-compiling /home/claudio/tiago_public_ws/install/launch_pal/lib/python3.10/site-packages/launch_pal/actions/validate_launch_args.py to validate_launch_args.cpython-310.pyc
[3.451s] byte-compiling /home/claudio/tiago_public_ws/install/launch_pal/lib/python3.10/site-packages/launch_pal/actions/validate_xacro_args.py to validate_xacro_args.cpython-310.pyc
[3.454s] byte-compiling /home/claudio/tiago_public_ws/install/launch_pal/lib/python3.10/site-packages/launch_pal/actions/check_public_sim.py to check_public_sim.cpython-310.pyc
[3.455s] byte-compiling /home/claudio/tiago_public_ws/install/launch_pal/lib/python3.10/site-packages/launch_pal/actions/__init__.py to __init__.cpython-310.pyc
[3.456s] byte-compiling /home/claudio/tiago_public_ws/install/launch_pal/lib/python3.10/site-packages/launch_pal/robot_utils.py to robot_utils.cpython-310.pyc
[3.459s] byte-compiling /home/claudio/tiago_public_ws/install/launch_pal/lib/python3.10/site-packages/launch_pal/logging_utils.py to logging_utils.cpython-310.pyc
[3.460s] byte-compiling /home/claudio/tiago_public_ws/install/launch_pal/lib/python3.10/site-packages/launch_pal/composition_utils.py to composition_utils.cpython-310.pyc
[3.460s] byte-compiling /home/claudio/tiago_public_ws/install/launch_pal/lib/python3.10/site-packages/launch_pal/include_utils.py to include_utils.cpython-310.pyc
[3.460s] running install_data
[3.462s] copying resource/launch_pal -> /home/claudio/tiago_public_ws/install/launch_pal/share/ament_index/resource_index/packages
[3.463s] copying package.xml -> /home/claudio/tiago_public_ws/install/launch_pal/share/launch_pal
[3.463s] copying config/robot_configuration.yaml -> /home/claudio/tiago_public_ws/install/launch_pal/share/launch_pal/config
[3.466s] running install_egg_info
[3.472s] Copying ../../build/launch_pal/launch_pal.egg-info to /home/claudio/tiago_public_ws/install/launch_pal/lib/python3.10/site-packages/launch_pal-0.12.1-py3.10.egg-info
[3.474s] running install_scripts
[3.523s] writing list of installed files to '/home/claudio/tiago_public_ws/build/launch_pal/install.log'
[3.591s] Invoked command in '/home/claudio/tiago_public_ws/src/launch_pal' returned '0': PYTHONPATH=/home/claudio/tiago_public_ws/build/launch_pal/prefix_override:/usr/lib/python3/dist-packages/colcon_core/task/python/colcon_distutils_commands:/home/claudio/tiago_public_ws/install/launch_pal/lib/python3.10/site-packages:${PYTHONPATH} /usr/bin/python3 -W ignore:setup.py install is deprecated -W ignore:easy_install command is deprecated setup.py egg_info --egg-base ../../build/launch_pal build --build-base /home/claudio/tiago_public_ws/build/launch_pal/build install --record /home/claudio/tiago_public_ws/build/launch_pal/install.log --single-version-externally-managed install_data --force
