[0.029s] Invoking command in '/home/claudio/tiago_public_ws/build/pmb2_laser_sensors': CMAKE_PREFIX_PATH=/opt/ros/humble /usr/bin/cmake /home/claudio/tiago_public_ws/src/pmb2_navigation/pmb2_laser_sensors -DCMAKE_INSTALL_PREFIX=/home/claudio/tiago_public_ws/install/pmb2_laser_sensors
[0.058s] -- Found ament_cmake_auto: 1.3.11 (/opt/ros/humble/share/ament_cmake_auto/cmake)
[0.369s] -- Override CMake install command with custom implementation using symlinks instead of copying resources
[0.582s] -- Added test 'copyright' to check source files copyright and LICENSE
[0.588s] -- Added test 'flake8' to check Python code syntax and style conventions
[0.590s] -- Added test 'lint_cmake' to check CMake code style
[0.590s] -- Added test 'pep257' to check Python code against some of the docstring style conventions in PEP 257
[0.592s] -- Added test 'xmllint' to check XML markup files
[0.595s] -- Configuring done
[0.606s] -- Generating done
[0.611s] -- Build files have been written to: /home/claudio/tiago_public_ws/build/pmb2_laser_sensors
[0.620s] Invoked command in '/home/claudio/tiago_public_ws/build/pmb2_laser_sensors' returned '0': CMAKE_PREFIX_PATH=/opt/ros/humble /usr/bin/cmake /home/claudio/tiago_public_ws/src/pmb2_navigation/pmb2_laser_sensors -DCMAKE_INSTALL_PREFIX=/home/claudio/tiago_public_ws/install/pmb2_laser_sensors
[0.622s] Invoking command in '/home/claudio/tiago_public_ws/build/pmb2_laser_sensors': CMAKE_PREFIX_PATH=/opt/ros/humble /usr/bin/cmake --build /home/claudio/tiago_public_ws/build/pmb2_laser_sensors -- -j4 -l4
[0.707s] Invoked command in '/home/claudio/tiago_public_ws/build/pmb2_laser_sensors' returned '0': CMAKE_PREFIX_PATH=/opt/ros/humble /usr/bin/cmake --build /home/claudio/tiago_public_ws/build/pmb2_laser_sensors -- -j4 -l4
[0.708s] Invoking command in '/home/claudio/tiago_public_ws/build/pmb2_laser_sensors': CMAKE_PREFIX_PATH=/opt/ros/humble /usr/bin/cmake --install /home/claudio/tiago_public_ws/build/pmb2_laser_sensors
[0.728s] -- Install configuration: ""
[0.729s] -- Execute custom install script
[0.731s] -- Up-to-date symlink: /home/claudio/tiago_public_ws/install/pmb2_laser_sensors/share/pmb2_laser_sensors/launch/laser_hokuyo.launch.py
[0.731s] -- Up-to-date symlink: /home/claudio/tiago_public_ws/install/pmb2_laser_sensors/share/pmb2_laser_sensors/launch/laser_sick-561.launch.py
[0.732s] -- Up-to-date symlink: /home/claudio/tiago_public_ws/install/pmb2_laser_sensors/share/pmb2_laser_sensors/launch/laser_sick-571.launch.py
[0.732s] -- Up-to-date symlink: /home/claudio/tiago_public_ws/install/pmb2_laser_sensors/share/pmb2_laser_sensors/launch/laser_sim.launch.py
[0.733s] -- Up-to-date symlink: /home/claudio/tiago_public_ws/install/pmb2_laser_sensors/share/ament_index/resource_index/package_run_dependencies/pmb2_laser_sensors
[0.735s] -- Up-to-date symlink: /home/claudio/tiago_public_ws/install/pmb2_laser_sensors/share/ament_index/resource_index/parent_prefix_path/pmb2_laser_sensors
[0.735s] -- Up-to-date symlink: /home/claudio/tiago_public_ws/install/pmb2_laser_sensors/share/pmb2_laser_sensors/environment/ament_prefix_path.sh
[0.736s] -- Up-to-date symlink: /home/claudio/tiago_public_ws/install/pmb2_laser_sensors/share/pmb2_laser_sensors/environment/ament_prefix_path.dsv
[0.738s] -- Up-to-date symlink: /home/claudio/tiago_public_ws/install/pmb2_laser_sensors/share/pmb2_laser_sensors/environment/path.sh
[0.738s] -- Up-to-date symlink: /home/claudio/tiago_public_ws/install/pmb2_laser_sensors/share/pmb2_laser_sensors/environment/path.dsv
[0.738s] -- Up-to-date symlink: /home/claudio/tiago_public_ws/install/pmb2_laser_sensors/share/pmb2_laser_sensors/local_setup.bash
[0.740s] -- Up-to-date symlink: /home/claudio/tiago_public_ws/install/pmb2_laser_sensors/share/pmb2_laser_sensors/local_setup.sh
[0.740s] -- Up-to-date symlink: /home/claudio/tiago_public_ws/install/pmb2_laser_sensors/share/pmb2_laser_sensors/local_setup.zsh
[0.742s] -- Up-to-date symlink: /home/claudio/tiago_public_ws/install/pmb2_laser_sensors/share/pmb2_laser_sensors/local_setup.dsv
[0.742s] -- Symlinking: /home/claudio/tiago_public_ws/install/pmb2_laser_sensors/share/pmb2_laser_sensors/package.dsv
[0.761s] -- Up-to-date symlink: /home/claudio/tiago_public_ws/install/pmb2_laser_sensors/share/ament_index/resource_index/packages/pmb2_laser_sensors
[0.763s] -- Up-to-date symlink: /home/claudio/tiago_public_ws/install/pmb2_laser_sensors/share/pmb2_laser_sensors/cmake/pmb2_laser_sensorsConfig.cmake
[0.763s] -- Up-to-date symlink: /home/claudio/tiago_public_ws/install/pmb2_laser_sensors/share/pmb2_laser_sensors/cmake/pmb2_laser_sensorsConfig-version.cmake
[0.767s] -- Up-to-date symlink: /home/claudio/tiago_public_ws/install/pmb2_laser_sensors/share/pmb2_laser_sensors/package.xml
[0.771s] Invoked command in '/home/claudio/tiago_public_ws/build/pmb2_laser_sensors' returned '0': CMAKE_PREFIX_PATH=/opt/ros/humble /usr/bin/cmake --install /home/claudio/tiago_public_ws/build/pmb2_laser_sensors
