[0.078s] Invoking command in '/home/claudio/tiago_public_ws/build/pmb2_robot': AMENT_PREFIX_PATH=/home/claudio/tiago_public_ws/install/pmb2_bringup:/home/claudio/tiago_public_ws/install/pmb2_description:/home/claudio/tiago_public_ws/install/pmb2_controller_configuration:/home/claudio/tiago_public_ws/install/urdf_test:/home/claudio/tiago_public_ws/install/pal_urdf_utils:/home/claudio/tiago_public_ws/install/launch_pal:${AMENT_PREFIX_PATH} CMAKE_PREFIX_PATH=/home/claudio/tiago_public_ws/install/pmb2_bringup:/home/claudio/tiago_public_ws/install/pmb2_description:/home/claudio/tiago_public_ws/install/pmb2_controller_configuration:/home/claudio/tiago_public_ws/install/urdf_test:/home/claudio/tiago_public_ws/install/pal_urdf_utils:/opt/ros/humble PYTHONPATH=/home/claudio/tiago_public_ws/install/pmb2_description/local/lib/python3.10/dist-packages:/home/claudio/tiago_public_ws/install/urdf_test/local/lib/python3.10/dist-packages:/home/claudio/tiago_public_ws/build/launch_pal:/home/claudio/tiago_public_ws/install/launch_pal/lib/python3.10/site-packages:${PYTHONPATH} /usr/bin/cmake /home/claudio/tiago_public_ws/src/pmb2_robot/pmb2_robot -DAMENT_CMAKE_SYMLINK_INSTALL=1 -DCMAKE_INSTALL_PREFIX=/home/claudio/tiago_public_ws/install/pmb2_robot
[0.377s] -- The C compiler identification is GNU 11.4.0
[0.707s] -- The CXX compiler identification is GNU 11.4.0
[0.736s] -- Detecting C compiler ABI info
[1.053s] -- Detecting C compiler ABI info - done
[1.083s] -- Check for working C compiler: /usr/bin/cc - skipped
[1.083s] -- Detecting C compile features
[1.083s] -- Detecting C compile features - done
[1.091s] -- Detecting CXX compiler ABI info
[1.331s] -- Detecting CXX compiler ABI info - done
[1.367s] -- Check for working CXX compiler: /usr/bin/c++ - skipped
[1.368s] -- Detecting CXX compile features
[1.369s] -- Detecting CXX compile features - done
[1.389s] -- Found ament_cmake: 1.3.11 (/opt/ros/humble/share/ament_cmake/cmake)
[2.055s] -- Found Python3: /usr/bin/python3 (found version "3.10.12") found components: Interpreter 
[2.244s] -- Override CMake install command with custom implementation using symlinks instead of copying resources
[2.565s] -- Configuring done
[2.571s] -- Generating done
[2.576s] -- Build files have been written to: /home/claudio/tiago_public_ws/build/pmb2_robot
[2.586s] Invoked command in '/home/claudio/tiago_public_ws/build/pmb2_robot' returned '0': AMENT_PREFIX_PATH=/home/claudio/tiago_public_ws/install/pmb2_bringup:/home/claudio/tiago_public_ws/install/pmb2_description:/home/claudio/tiago_public_ws/install/pmb2_controller_configuration:/home/claudio/tiago_public_ws/install/urdf_test:/home/claudio/tiago_public_ws/install/pal_urdf_utils:/home/claudio/tiago_public_ws/install/launch_pal:${AMENT_PREFIX_PATH} CMAKE_PREFIX_PATH=/home/claudio/tiago_public_ws/install/pmb2_bringup:/home/claudio/tiago_public_ws/install/pmb2_description:/home/claudio/tiago_public_ws/install/pmb2_controller_configuration:/home/claudio/tiago_public_ws/install/urdf_test:/home/claudio/tiago_public_ws/install/pal_urdf_utils:/opt/ros/humble PYTHONPATH=/home/claudio/tiago_public_ws/install/pmb2_description/local/lib/python3.10/dist-packages:/home/claudio/tiago_public_ws/install/urdf_test/local/lib/python3.10/dist-packages:/home/claudio/tiago_public_ws/build/launch_pal:/home/claudio/tiago_public_ws/install/launch_pal/lib/python3.10/site-packages:${PYTHONPATH} /usr/bin/cmake /home/claudio/tiago_public_ws/src/pmb2_robot/pmb2_robot -DAMENT_CMAKE_SYMLINK_INSTALL=1 -DCMAKE_INSTALL_PREFIX=/home/claudio/tiago_public_ws/install/pmb2_robot
[2.595s] Invoking command in '/home/claudio/tiago_public_ws/build/pmb2_robot': AMENT_PREFIX_PATH=/home/claudio/tiago_public_ws/install/pmb2_bringup:/home/claudio/tiago_public_ws/install/pmb2_description:/home/claudio/tiago_public_ws/install/pmb2_controller_configuration:/home/claudio/tiago_public_ws/install/urdf_test:/home/claudio/tiago_public_ws/install/pal_urdf_utils:/home/claudio/tiago_public_ws/install/launch_pal:${AMENT_PREFIX_PATH} CMAKE_PREFIX_PATH=/home/claudio/tiago_public_ws/install/pmb2_bringup:/home/claudio/tiago_public_ws/install/pmb2_description:/home/claudio/tiago_public_ws/install/pmb2_controller_configuration:/home/claudio/tiago_public_ws/install/urdf_test:/home/claudio/tiago_public_ws/install/pal_urdf_utils:/opt/ros/humble PYTHONPATH=/home/claudio/tiago_public_ws/install/pmb2_description/local/lib/python3.10/dist-packages:/home/claudio/tiago_public_ws/install/urdf_test/local/lib/python3.10/dist-packages:/home/claudio/tiago_public_ws/build/launch_pal:/home/claudio/tiago_public_ws/install/launch_pal/lib/python3.10/site-packages:${PYTHONPATH} /usr/bin/cmake --build /home/claudio/tiago_public_ws/build/pmb2_robot -- -j4 -l4
[2.750s] Invoked command in '/home/claudio/tiago_public_ws/build/pmb2_robot' returned '0': AMENT_PREFIX_PATH=/home/claudio/tiago_public_ws/install/pmb2_bringup:/home/claudio/tiago_public_ws/install/pmb2_description:/home/claudio/tiago_public_ws/install/pmb2_controller_configuration:/home/claudio/tiago_public_ws/install/urdf_test:/home/claudio/tiago_public_ws/install/pal_urdf_utils:/home/claudio/tiago_public_ws/install/launch_pal:${AMENT_PREFIX_PATH} CMAKE_PREFIX_PATH=/home/claudio/tiago_public_ws/install/pmb2_bringup:/home/claudio/tiago_public_ws/install/pmb2_description:/home/claudio/tiago_public_ws/install/pmb2_controller_configuration:/home/claudio/tiago_public_ws/install/urdf_test:/home/claudio/tiago_public_ws/install/pal_urdf_utils:/opt/ros/humble PYTHONPATH=/home/claudio/tiago_public_ws/install/pmb2_description/local/lib/python3.10/dist-packages:/home/claudio/tiago_public_ws/install/urdf_test/local/lib/python3.10/dist-packages:/home/claudio/tiago_public_ws/build/launch_pal:/home/claudio/tiago_public_ws/install/launch_pal/lib/python3.10/site-packages:${PYTHONPATH} /usr/bin/cmake --build /home/claudio/tiago_public_ws/build/pmb2_robot -- -j4 -l4
[2.756s] Invoking command in '/home/claudio/tiago_public_ws/build/pmb2_robot': AMENT_PREFIX_PATH=/home/claudio/tiago_public_ws/install/pmb2_bringup:/home/claudio/tiago_public_ws/install/pmb2_description:/home/claudio/tiago_public_ws/install/pmb2_controller_configuration:/home/claudio/tiago_public_ws/install/urdf_test:/home/claudio/tiago_public_ws/install/pal_urdf_utils:/home/claudio/tiago_public_ws/install/launch_pal:${AMENT_PREFIX_PATH} CMAKE_PREFIX_PATH=/home/claudio/tiago_public_ws/install/pmb2_bringup:/home/claudio/tiago_public_ws/install/pmb2_description:/home/claudio/tiago_public_ws/install/pmb2_controller_configuration:/home/claudio/tiago_public_ws/install/urdf_test:/home/claudio/tiago_public_ws/install/pal_urdf_utils:/opt/ros/humble PYTHONPATH=/home/claudio/tiago_public_ws/install/pmb2_description/local/lib/python3.10/dist-packages:/home/claudio/tiago_public_ws/install/urdf_test/local/lib/python3.10/dist-packages:/home/claudio/tiago_public_ws/build/launch_pal:/home/claudio/tiago_public_ws/install/launch_pal/lib/python3.10/site-packages:${PYTHONPATH} /usr/bin/cmake --install /home/claudio/tiago_public_ws/build/pmb2_robot
[2.784s] -- Install configuration: ""
[2.784s] -- Execute custom install script
[2.787s] -- Symlinking: /home/claudio/tiago_public_ws/install/pmb2_robot/share/ament_index/resource_index/package_run_dependencies/pmb2_robot
[2.829s] -- Symlinking: /home/claudio/tiago_public_ws/install/pmb2_robot/share/ament_index/resource_index/parent_prefix_path/pmb2_robot
[2.842s] -- Symlinking: /home/claudio/tiago_public_ws/install/pmb2_robot/share/pmb2_robot/environment/ament_prefix_path.sh
[2.858s] -- Symlinking: /home/claudio/tiago_public_ws/install/pmb2_robot/share/pmb2_robot/environment/ament_prefix_path.dsv
[2.880s] -- Symlinking: /home/claudio/tiago_public_ws/install/pmb2_robot/share/pmb2_robot/environment/path.sh
[2.897s] -- Symlinking: /home/claudio/tiago_public_ws/install/pmb2_robot/share/pmb2_robot/environment/path.dsv
[2.916s] -- Symlinking: /home/claudio/tiago_public_ws/install/pmb2_robot/share/pmb2_robot/local_setup.bash
[2.934s] -- Symlinking: /home/claudio/tiago_public_ws/install/pmb2_robot/share/pmb2_robot/local_setup.sh
[2.954s] -- Symlinking: /home/claudio/tiago_public_ws/install/pmb2_robot/share/pmb2_robot/local_setup.zsh
[2.973s] -- Symlinking: /home/claudio/tiago_public_ws/install/pmb2_robot/share/pmb2_robot/local_setup.dsv
[2.992s] -- Symlinking: /home/claudio/tiago_public_ws/install/pmb2_robot/share/pmb2_robot/package.dsv
[3.011s] -- Symlinking: /home/claudio/tiago_public_ws/install/pmb2_robot/share/ament_index/resource_index/packages/pmb2_robot
[3.031s] -- Symlinking: /home/claudio/tiago_public_ws/install/pmb2_robot/share/pmb2_robot/cmake/pmb2_robotConfig.cmake
[3.049s] -- Symlinking: /home/claudio/tiago_public_ws/install/pmb2_robot/share/pmb2_robot/cmake/pmb2_robotConfig-version.cmake
[3.069s] -- Symlinking: /home/claudio/tiago_public_ws/install/pmb2_robot/share/pmb2_robot/package.xml
[3.093s] Invoked command in '/home/claudio/tiago_public_ws/build/pmb2_robot' returned '0': AMENT_PREFIX_PATH=/home/claudio/tiago_public_ws/install/pmb2_bringup:/home/claudio/tiago_public_ws/install/pmb2_description:/home/claudio/tiago_public_ws/install/pmb2_controller_configuration:/home/claudio/tiago_public_ws/install/urdf_test:/home/claudio/tiago_public_ws/install/pal_urdf_utils:/home/claudio/tiago_public_ws/install/launch_pal:${AMENT_PREFIX_PATH} CMAKE_PREFIX_PATH=/home/claudio/tiago_public_ws/install/pmb2_bringup:/home/claudio/tiago_public_ws/install/pmb2_description:/home/claudio/tiago_public_ws/install/pmb2_controller_configuration:/home/claudio/tiago_public_ws/install/urdf_test:/home/claudio/tiago_public_ws/install/pal_urdf_utils:/opt/ros/humble PYTHONPATH=/home/claudio/tiago_public_ws/install/pmb2_description/local/lib/python3.10/dist-packages:/home/claudio/tiago_public_ws/install/urdf_test/local/lib/python3.10/dist-packages:/home/claudio/tiago_public_ws/build/launch_pal:/home/claudio/tiago_public_ws/install/launch_pal/lib/python3.10/site-packages:${PYTHONPATH} /usr/bin/cmake --install /home/claudio/tiago_public_ws/build/pmb2_robot
