[0.011s] Invoking command in '/home/claudio/tiago_public_ws/build/pal_robotiq_description': CMAKE_PREFIX_PATH=/opt/ros/humble /usr/bin/cmake /home/claudio/tiago_public_ws/src/pal_robotiq_gripper/pal_robotiq_description -DAMENT_CMAKE_SYMLINK_INSTALL=1 -DCMAKE_INSTALL_PREFIX=/home/claudio/tiago_public_ws/install/pal_robotiq_description
[0.139s] -- The C compiler identification is GNU 11.4.0
[0.269s] -- The CXX compiler identification is GNU 11.4.0
[0.286s] -- Detecting C compiler ABI info
[0.436s] -- Detecting C compiler ABI info - done
[0.459s] -- Check for working C compiler: /usr/bin/cc - skipped
[0.460s] -- Detecting C compile features
[0.461s] -- Detecting C compile features - done
[0.470s] -- Detecting CXX compiler ABI info
[0.664s] -- Detecting CXX compiler ABI info - done
[0.688s] -- Check for working CXX compiler: /usr/bin/c++ - skipped
[0.688s] -- Detecting CXX compile features
[0.690s] -- Detecting CXX compile features - done
[0.696s] -- Found ament_cmake_auto: 1.3.11 (/opt/ros/humble/share/ament_cmake_auto/cmake)
[1.085s] -- Found Python3: /usr/bin/python3 (found version "3.10.12") found components: Interpreter 
[1.259s] -- Override CMake install command with custom implementation using symlinks instead of copying resources
[1.501s] -- Found ament_lint_auto: 0.12.11 (/opt/ros/humble/share/ament_lint_auto/cmake)
[1.563s] -- Added test 'copyright' to check source files copyright and LICENSE
[1.576s] -- Added test 'flake8' to check Python code syntax and style conventions
[1.579s] -- Added test 'lint_cmake' to check CMake code style
[1.582s] -- Added test 'pep257' to check Python code against some of the docstring style conventions in PEP 257
[1.588s] -- Added test 'xmllint' to check XML markup files
[1.591s] -- Configuring done
[1.600s] -- Generating done
[1.605s] -- Build files have been written to: /home/claudio/tiago_public_ws/build/pal_robotiq_description
[1.620s] Invoked command in '/home/claudio/tiago_public_ws/build/pal_robotiq_description' returned '0': CMAKE_PREFIX_PATH=/opt/ros/humble /usr/bin/cmake /home/claudio/tiago_public_ws/src/pal_robotiq_gripper/pal_robotiq_description -DAMENT_CMAKE_SYMLINK_INSTALL=1 -DCMAKE_INSTALL_PREFIX=/home/claudio/tiago_public_ws/install/pal_robotiq_description
[1.620s] Invoking command in '/home/claudio/tiago_public_ws/build/pal_robotiq_description': CMAKE_PREFIX_PATH=/opt/ros/humble /usr/bin/cmake --build /home/claudio/tiago_public_ws/build/pal_robotiq_description -- -j4 -l4
[1.703s] Invoked command in '/home/claudio/tiago_public_ws/build/pal_robotiq_description' returned '0': CMAKE_PREFIX_PATH=/opt/ros/humble /usr/bin/cmake --build /home/claudio/tiago_public_ws/build/pal_robotiq_description -- -j4 -l4
[1.706s] Invoking command in '/home/claudio/tiago_public_ws/build/pal_robotiq_description': CMAKE_PREFIX_PATH=/opt/ros/humble /usr/bin/cmake --install /home/claudio/tiago_public_ws/build/pal_robotiq_description
[1.723s] -- Install configuration: ""
[1.724s] -- Execute custom install script
[1.725s] -- Symlinking: /home/claudio/tiago_public_ws/install/pal_robotiq_description/share/pal_robotiq_description/meshes/collision/robotiq_140_inner_finger.stl
[1.746s] -- Symlinking: /home/claudio/tiago_public_ws/install/pal_robotiq_description/share/pal_robotiq_description/meshes/collision/robotiq_140_inner_knuckle.stl
[1.765s] -- Symlinking: /home/claudio/tiago_public_ws/install/pal_robotiq_description/share/pal_robotiq_description/meshes/collision/robotiq_140_outer_finger.stl
[1.784s] -- Symlinking: /home/claudio/tiago_public_ws/install/pal_robotiq_description/share/pal_robotiq_description/meshes/collision/robotiq_140_outer_knuckle.stl
[1.805s] -- Symlinking: /home/claudio/tiago_public_ws/install/pal_robotiq_description/share/pal_robotiq_description/meshes/collision/robotiq_85_base_link.stl
[1.823s] -- Symlinking: /home/claudio/tiago_public_ws/install/pal_robotiq_description/share/pal_robotiq_description/meshes/collision/robotiq_85_inner_finger.dae
[1.850s] -- Symlinking: /home/claudio/tiago_public_ws/install/pal_robotiq_description/share/pal_robotiq_description/meshes/collision/robotiq_85_inner_knuckle.dae
[1.870s] -- Symlinking: /home/claudio/tiago_public_ws/install/pal_robotiq_description/share/pal_robotiq_description/meshes/collision/robotiq_85_outer_finger.dae
[1.889s] -- Symlinking: /home/claudio/tiago_public_ws/install/pal_robotiq_description/share/pal_robotiq_description/meshes/collision/robotiq_85_outer_knuckle.dae
[1.907s] -- Symlinking: /home/claudio/tiago_public_ws/install/pal_robotiq_description/share/pal_robotiq_description/meshes/collision/robotiq_base_link.stl
[1.926s] -- Symlinking: /home/claudio/tiago_public_ws/install/pal_robotiq_description/share/pal_robotiq_description/meshes/collision/robotiq_coupling.stl
[1.942s] -- Symlinking: /home/claudio/tiago_public_ws/install/pal_robotiq_description/share/pal_robotiq_description/meshes/visual/pal_robotiq_coupling.stl
[1.962s] -- Symlinking: /home/claudio/tiago_public_ws/install/pal_robotiq_description/share/pal_robotiq_description/meshes/visual/robotiq_140_inner_finger.stl
[1.982s] -- Symlinking: /home/claudio/tiago_public_ws/install/pal_robotiq_description/share/pal_robotiq_description/meshes/visual/robotiq_140_inner_knuckle.stl
[1.997s] -- Symlinking: /home/claudio/tiago_public_ws/install/pal_robotiq_description/share/pal_robotiq_description/meshes/visual/robotiq_140_outer_finger.stl
[2.016s] -- Symlinking: /home/claudio/tiago_public_ws/install/pal_robotiq_description/share/pal_robotiq_description/meshes/visual/robotiq_140_outer_knuckle.stl
[2.034s] -- Symlinking: /home/claudio/tiago_public_ws/install/pal_robotiq_description/share/pal_robotiq_description/meshes/visual/robotiq_85_inner_finger.dae
[2.052s] -- Symlinking: /home/claudio/tiago_public_ws/install/pal_robotiq_description/share/pal_robotiq_description/meshes/visual/robotiq_85_inner_knuckle.dae
[2.070s] -- Symlinking: /home/claudio/tiago_public_ws/install/pal_robotiq_description/share/pal_robotiq_description/meshes/visual/robotiq_85_outer_finger.dae
[2.089s] -- Symlinking: /home/claudio/tiago_public_ws/install/pal_robotiq_description/share/pal_robotiq_description/meshes/visual/robotiq_85_outer_knuckle.dae
[2.106s] -- Symlinking: /home/claudio/tiago_public_ws/install/pal_robotiq_description/share/pal_robotiq_description/meshes/visual/robotiq_85_pad.dae
[2.127s] -- Symlinking: /home/claudio/tiago_public_ws/install/pal_robotiq_description/share/pal_robotiq_description/meshes/visual/robotiq_base_link.stl
[2.143s] -- Symlinking: /home/claudio/tiago_public_ws/install/pal_robotiq_description/share/pal_robotiq_description/meshes/visual/robotiq_coupling.stl
[2.164s] -- Symlinking: /home/claudio/tiago_public_ws/install/pal_robotiq_description/share/pal_robotiq_description/robots/pal_robotiq_2f_140_gripper.urdf.xacro
[2.180s] -- Symlinking: /home/claudio/tiago_public_ws/install/pal_robotiq_description/share/pal_robotiq_description/robots/pal_robotiq_2f_85_gripper.urdf.xacro
[2.197s] -- Symlinking: /home/claudio/tiago_public_ws/install/pal_robotiq_description/share/pal_robotiq_description/robots/pal_robotiq_epick_gripper.urdf.xacro
[2.217s] -- Symlinking: /home/claudio/tiago_public_ws/install/pal_robotiq_description/share/pal_robotiq_description/urdf/grasping_frames.xacro
[2.234s] -- Symlinking: /home/claudio/tiago_public_ws/install/pal_robotiq_description/share/pal_robotiq_description/urdf/robotiq.ros2_control.xacro
[2.251s] -- Symlinking: /home/claudio/tiago_public_ws/install/pal_robotiq_description/share/pal_robotiq_description/urdf/robotiq.transmission.xacro
[2.271s] -- Symlinking: /home/claudio/tiago_public_ws/install/pal_robotiq_description/share/pal_robotiq_description/urdf/robotiq_140_gripper.urdf.xacro
[2.287s] -- Symlinking: /home/claudio/tiago_public_ws/install/pal_robotiq_description/share/pal_robotiq_description/urdf/robotiq_85_gripper.urdf.xacro
[2.305s] -- Symlinking: /home/claudio/tiago_public_ws/install/pal_robotiq_description/share/pal_robotiq_description/launch/robot_state_publisher.launch.py
[2.322s] -- Symlinking: /home/claudio/tiago_public_ws/install/pal_robotiq_description/share/pal_robotiq_description/launch/show.launch.py
[2.342s] -- Symlinking: /home/claudio/tiago_public_ws/install/pal_robotiq_description/share/pal_robotiq_description/config/pal_robotiq_urdf.rviz
[2.363s] -- Symlinking: /home/claudio/tiago_public_ws/install/pal_robotiq_description/share/ament_index/resource_index/package_run_dependencies/pal_robotiq_description
[2.379s] -- Symlinking: /home/claudio/tiago_public_ws/install/pal_robotiq_description/share/ament_index/resource_index/parent_prefix_path/pal_robotiq_description
[2.398s] -- Symlinking: /home/claudio/tiago_public_ws/install/pal_robotiq_description/share/pal_robotiq_description/environment/ament_prefix_path.sh
[2.417s] -- Symlinking: /home/claudio/tiago_public_ws/install/pal_robotiq_description/share/pal_robotiq_description/environment/ament_prefix_path.dsv
[2.439s] -- Symlinking: /home/claudio/tiago_public_ws/install/pal_robotiq_description/share/pal_robotiq_description/environment/path.sh
[2.458s] -- Symlinking: /home/claudio/tiago_public_ws/install/pal_robotiq_description/share/pal_robotiq_description/environment/path.dsv
[2.476s] -- Symlinking: /home/claudio/tiago_public_ws/install/pal_robotiq_description/share/pal_robotiq_description/local_setup.bash
[2.494s] -- Symlinking: /home/claudio/tiago_public_ws/install/pal_robotiq_description/share/pal_robotiq_description/local_setup.sh
[2.513s] -- Symlinking: /home/claudio/tiago_public_ws/install/pal_robotiq_description/share/pal_robotiq_description/local_setup.zsh
[2.532s] -- Symlinking: /home/claudio/tiago_public_ws/install/pal_robotiq_description/share/pal_robotiq_description/local_setup.dsv
[2.552s] -- Symlinking: /home/claudio/tiago_public_ws/install/pal_robotiq_description/share/pal_robotiq_description/package.dsv
[2.571s] -- Symlinking: /home/claudio/tiago_public_ws/install/pal_robotiq_description/share/ament_index/resource_index/packages/pal_robotiq_description
[2.590s] -- Symlinking: /home/claudio/tiago_public_ws/install/pal_robotiq_description/share/pal_robotiq_description/cmake/pal_robotiq_descriptionConfig.cmake
[2.608s] -- Symlinking: /home/claudio/tiago_public_ws/install/pal_robotiq_description/share/pal_robotiq_description/cmake/pal_robotiq_descriptionConfig-version.cmake
[2.625s] -- Symlinking: /home/claudio/tiago_public_ws/install/pal_robotiq_description/share/pal_robotiq_description/package.xml
[2.650s] Invoked command in '/home/claudio/tiago_public_ws/build/pal_robotiq_description' returned '0': CMAKE_PREFIX_PATH=/opt/ros/humble /usr/bin/cmake --install /home/claudio/tiago_public_ws/build/pal_robotiq_description
