[0.026s] Invoking command in '/home/claudio/tiago_public_ws/build/pmb2_bringup': AMENT_PREFIX_PATH=/home/claudio/tiago_public_ws/install/pmb2_description:/home/claudio/tiago_public_ws/install/pmb2_controller_configuration:/home/claudio/tiago_public_ws/install/urdf_test:/home/claudio/tiago_public_ws/install/pal_urdf_utils:/home/claudio/tiago_public_ws/install/launch_pal:${AMENT_PREFIX_PATH} CMAKE_PREFIX_PATH=/home/claudio/tiago_public_ws/install/pmb2_description:/home/claudio/tiago_public_ws/install/pmb2_controller_configuration:/home/claudio/tiago_public_ws/install/urdf_test:/home/claudio/tiago_public_ws/install/pal_urdf_utils:/opt/ros/humble PYTHONPATH=/home/claudio/tiago_public_ws/install/pmb2_description/local/lib/python3.10/dist-packages:/home/claudio/tiago_public_ws/install/urdf_test/local/lib/python3.10/dist-packages:/home/claudio/tiago_public_ws/install/launch_pal/lib/python3.10/site-packages:${PYTHONPATH} /usr/bin/cmake /home/claudio/tiago_public_ws/src/pmb2_robot/pmb2_bringup -DCMAKE_INSTALL_PREFIX=/home/claudio/tiago_public_ws/install/pmb2_bringup
[0.059s] -- Found ament_cmake_auto: 1.3.11 (/opt/ros/humble/share/ament_cmake_auto/cmake)
[0.359s] -- Override CMake install command with custom implementation using symlinks instead of copying resources
[0.541s] -- Found ament_lint_auto: 0.12.11 (/opt/ros/humble/share/ament_lint_auto/cmake)
[0.567s] -- Added test 'copyright' to check source files copyright and LICENSE
[0.573s] -- Added test 'flake8' to check Python code syntax and style conventions
[0.576s] -- Added test 'lint_cmake' to check CMake code style
[0.576s] -- Added test 'pep257' to check Python code against some of the docstring style conventions in PEP 257
[0.579s] -- Added test 'xmllint' to check XML markup files
[0.583s] -- Configuring done
[0.593s] -- Generating done
[0.598s] -- Build files have been written to: /home/claudio/tiago_public_ws/build/pmb2_bringup
[0.607s] Invoked command in '/home/claudio/tiago_public_ws/build/pmb2_bringup' returned '0': AMENT_PREFIX_PATH=/home/claudio/tiago_public_ws/install/pmb2_description:/home/claudio/tiago_public_ws/install/pmb2_controller_configuration:/home/claudio/tiago_public_ws/install/urdf_test:/home/claudio/tiago_public_ws/install/pal_urdf_utils:/home/claudio/tiago_public_ws/install/launch_pal:${AMENT_PREFIX_PATH} CMAKE_PREFIX_PATH=/home/claudio/tiago_public_ws/install/pmb2_description:/home/claudio/tiago_public_ws/install/pmb2_controller_configuration:/home/claudio/tiago_public_ws/install/urdf_test:/home/claudio/tiago_public_ws/install/pal_urdf_utils:/opt/ros/humble PYTHONPATH=/home/claudio/tiago_public_ws/install/pmb2_description/local/lib/python3.10/dist-packages:/home/claudio/tiago_public_ws/install/urdf_test/local/lib/python3.10/dist-packages:/home/claudio/tiago_public_ws/install/launch_pal/lib/python3.10/site-packages:${PYTHONPATH} /usr/bin/cmake /home/claudio/tiago_public_ws/src/pmb2_robot/pmb2_bringup -DCMAKE_INSTALL_PREFIX=/home/claudio/tiago_public_ws/install/pmb2_bringup
[0.611s] Invoking command in '/home/claudio/tiago_public_ws/build/pmb2_bringup': AMENT_PREFIX_PATH=/home/claudio/tiago_public_ws/install/pmb2_description:/home/claudio/tiago_public_ws/install/pmb2_controller_configuration:/home/claudio/tiago_public_ws/install/urdf_test:/home/claudio/tiago_public_ws/install/pal_urdf_utils:/home/claudio/tiago_public_ws/install/launch_pal:${AMENT_PREFIX_PATH} CMAKE_PREFIX_PATH=/home/claudio/tiago_public_ws/install/pmb2_description:/home/claudio/tiago_public_ws/install/pmb2_controller_configuration:/home/claudio/tiago_public_ws/install/urdf_test:/home/claudio/tiago_public_ws/install/pal_urdf_utils:/opt/ros/humble PYTHONPATH=/home/claudio/tiago_public_ws/install/pmb2_description/local/lib/python3.10/dist-packages:/home/claudio/tiago_public_ws/install/urdf_test/local/lib/python3.10/dist-packages:/home/claudio/tiago_public_ws/install/launch_pal/lib/python3.10/site-packages:${PYTHONPATH} /usr/bin/cmake --build /home/claudio/tiago_public_ws/build/pmb2_bringup -- -j4 -l4
[0.692s] Invoked command in '/home/claudio/tiago_public_ws/build/pmb2_bringup' returned '0': AMENT_PREFIX_PATH=/home/claudio/tiago_public_ws/install/pmb2_description:/home/claudio/tiago_public_ws/install/pmb2_controller_configuration:/home/claudio/tiago_public_ws/install/urdf_test:/home/claudio/tiago_public_ws/install/pal_urdf_utils:/home/claudio/tiago_public_ws/install/launch_pal:${AMENT_PREFIX_PATH} CMAKE_PREFIX_PATH=/home/claudio/tiago_public_ws/install/pmb2_description:/home/claudio/tiago_public_ws/install/pmb2_controller_configuration:/home/claudio/tiago_public_ws/install/urdf_test:/home/claudio/tiago_public_ws/install/pal_urdf_utils:/opt/ros/humble PYTHONPATH=/home/claudio/tiago_public_ws/install/pmb2_description/local/lib/python3.10/dist-packages:/home/claudio/tiago_public_ws/install/urdf_test/local/lib/python3.10/dist-packages:/home/claudio/tiago_public_ws/install/launch_pal/lib/python3.10/site-packages:${PYTHONPATH} /usr/bin/cmake --build /home/claudio/tiago_public_ws/build/pmb2_bringup -- -j4 -l4
[0.694s] Invoking command in '/home/claudio/tiago_public_ws/build/pmb2_bringup': AMENT_PREFIX_PATH=/home/claudio/tiago_public_ws/install/pmb2_description:/home/claudio/tiago_public_ws/install/pmb2_controller_configuration:/home/claudio/tiago_public_ws/install/urdf_test:/home/claudio/tiago_public_ws/install/pal_urdf_utils:/home/claudio/tiago_public_ws/install/launch_pal:${AMENT_PREFIX_PATH} CMAKE_PREFIX_PATH=/home/claudio/tiago_public_ws/install/pmb2_description:/home/claudio/tiago_public_ws/install/pmb2_controller_configuration:/home/claudio/tiago_public_ws/install/urdf_test:/home/claudio/tiago_public_ws/install/pal_urdf_utils:/opt/ros/humble PYTHONPATH=/home/claudio/tiago_public_ws/install/pmb2_description/local/lib/python3.10/dist-packages:/home/claudio/tiago_public_ws/install/urdf_test/local/lib/python3.10/dist-packages:/home/claudio/tiago_public_ws/install/launch_pal/lib/python3.10/site-packages:${PYTHONPATH} /usr/bin/cmake --install /home/claudio/tiago_public_ws/build/pmb2_bringup
[0.714s] -- Install configuration: ""
[0.715s] -- Execute custom install script
[0.718s] -- Up-to-date symlink: /home/claudio/tiago_public_ws/install/pmb2_bringup/share/pmb2_bringup/config/joy_teleop/joy_config.yaml
[0.719s] -- Up-to-date symlink: /home/claudio/tiago_public_ws/install/pmb2_bringup/share/pmb2_bringup/config/joy_teleop/joy_teleop.yaml
[0.720s] -- Up-to-date symlink: /home/claudio/tiago_public_ws/install/pmb2_bringup/share/pmb2_bringup/config/twist_mux/joystick.yaml
[0.720s] -- Up-to-date symlink: /home/claudio/tiago_public_ws/install/pmb2_bringup/share/pmb2_bringup/config/twist_mux/twist_mux_locks.yaml
[0.721s] -- Up-to-date symlink: /home/claudio/tiago_public_ws/install/pmb2_bringup/share/pmb2_bringup/config/twist_mux/twist_mux_topics.yaml
[0.722s] -- Up-to-date symlink: /home/claudio/tiago_public_ws/install/pmb2_bringup/share/pmb2_bringup/launch/joystick_teleop.launch.py
[0.723s] -- Up-to-date symlink: /home/claudio/tiago_public_ws/install/pmb2_bringup/share/pmb2_bringup/launch/pmb2_bringup.launch.py
[0.723s] -- Up-to-date symlink: /home/claudio/tiago_public_ws/install/pmb2_bringup/share/pmb2_bringup/launch/twist_mux.launch.py
[0.725s] -- Up-to-date symlink: /home/claudio/tiago_public_ws/install/pmb2_bringup/share/ament_index/resource_index/package_run_dependencies/pmb2_bringup
[0.726s] -- Up-to-date symlink: /home/claudio/tiago_public_ws/install/pmb2_bringup/share/ament_index/resource_index/parent_prefix_path/pmb2_bringup
[0.727s] -- Up-to-date symlink: /home/claudio/tiago_public_ws/install/pmb2_bringup/share/pmb2_bringup/environment/ament_prefix_path.sh
[0.728s] -- Up-to-date symlink: /home/claudio/tiago_public_ws/install/pmb2_bringup/share/pmb2_bringup/environment/ament_prefix_path.dsv
[0.729s] -- Up-to-date symlink: /home/claudio/tiago_public_ws/install/pmb2_bringup/share/pmb2_bringup/environment/path.sh
[0.730s] -- Up-to-date symlink: /home/claudio/tiago_public_ws/install/pmb2_bringup/share/pmb2_bringup/environment/path.dsv
[0.731s] -- Up-to-date symlink: /home/claudio/tiago_public_ws/install/pmb2_bringup/share/pmb2_bringup/local_setup.bash
[0.732s] -- Up-to-date symlink: /home/claudio/tiago_public_ws/install/pmb2_bringup/share/pmb2_bringup/local_setup.sh
[0.733s] -- Up-to-date symlink: /home/claudio/tiago_public_ws/install/pmb2_bringup/share/pmb2_bringup/local_setup.zsh
[0.735s] -- Up-to-date symlink: /home/claudio/tiago_public_ws/install/pmb2_bringup/share/pmb2_bringup/local_setup.dsv
[0.735s] -- Symlinking: /home/claudio/tiago_public_ws/install/pmb2_bringup/share/pmb2_bringup/package.dsv
[0.755s] -- Up-to-date symlink: /home/claudio/tiago_public_ws/install/pmb2_bringup/share/ament_index/resource_index/packages/pmb2_bringup
[0.756s] -- Up-to-date symlink: /home/claudio/tiago_public_ws/install/pmb2_bringup/share/pmb2_bringup/cmake/pmb2_bringupConfig.cmake
[0.757s] -- Up-to-date symlink: /home/claudio/tiago_public_ws/install/pmb2_bringup/share/pmb2_bringup/cmake/pmb2_bringupConfig-version.cmake
[0.758s] -- Up-to-date symlink: /home/claudio/tiago_public_ws/install/pmb2_bringup/share/pmb2_bringup/package.xml
[0.764s] Invoked command in '/home/claudio/tiago_public_ws/build/pmb2_bringup' returned '0': AMENT_PREFIX_PATH=/home/claudio/tiago_public_ws/install/pmb2_description:/home/claudio/tiago_public_ws/install/pmb2_controller_configuration:/home/claudio/tiago_public_ws/install/urdf_test:/home/claudio/tiago_public_ws/install/pal_urdf_utils:/home/claudio/tiago_public_ws/install/launch_pal:${AMENT_PREFIX_PATH} CMAKE_PREFIX_PATH=/home/claudio/tiago_public_ws/install/pmb2_description:/home/claudio/tiago_public_ws/install/pmb2_controller_configuration:/home/claudio/tiago_public_ws/install/urdf_test:/home/claudio/tiago_public_ws/install/pal_urdf_utils:/opt/ros/humble PYTHONPATH=/home/claudio/tiago_public_ws/install/pmb2_description/local/lib/python3.10/dist-packages:/home/claudio/tiago_public_ws/install/urdf_test/local/lib/python3.10/dist-packages:/home/claudio/tiago_public_ws/install/launch_pal/lib/python3.10/site-packages:${PYTHONPATH} /usr/bin/cmake --install /home/claudio/tiago_public_ws/build/pmb2_bringup
