[0.025s] Invoking command in '/home/claudio/tiago_public_ws/build/pal_navigation_cfg_bringup': AMENT_PREFIX_PATH=/home/claudio/tiago_public_ws/install/pal_navigation_cfg_params:/home/claudio/tiago_public_ws/install/launch_pal:${AMENT_PREFIX_PATH} CMAKE_PREFIX_PATH=/home/claudio/tiago_public_ws/install/pal_navigation_cfg_params:/opt/ros/humble PYTHONPATH=/home/claudio/tiago_public_ws/install/launch_pal/lib/python3.10/site-packages:${PYTHONPATH} /usr/bin/cmake /home/claudio/tiago_public_ws/src/pal_navigation_cfg_public/pal_navigation_cfg_bringup -DCMAKE_INSTALL_PREFIX=/home/claudio/tiago_public_ws/install/pal_navigation_cfg_bringup
[0.066s] -- Found ament_cmake_auto: 1.3.11 (/opt/ros/humble/share/ament_cmake_auto/cmake)
[0.370s] -- Override CMake install command with custom implementation using symlinks instead of copying resources
[0.544s] -- Found ament_lint_auto: 0.12.11 (/opt/ros/humble/share/ament_lint_auto/cmake)
[0.570s] -- Added test 'copyright' to check source files copyright and LICENSE
[0.573s] -- Added test 'flake8' to check Python code syntax and style conventions
[0.578s] -- Added test 'lint_cmake' to check CMake code style
[0.579s] -- Added test 'pep257' to check Python code against some of the docstring style conventions in PEP 257
[0.579s] -- Added test 'xmllint' to check XML markup files
[0.585s] -- Configuring done
[0.597s] -- Generating done
[0.600s] -- Build files have been written to: /home/claudio/tiago_public_ws/build/pal_navigation_cfg_bringup
[0.606s] Invoked command in '/home/claudio/tiago_public_ws/build/pal_navigation_cfg_bringup' returned '0': AMENT_PREFIX_PATH=/home/claudio/tiago_public_ws/install/pal_navigation_cfg_params:/home/claudio/tiago_public_ws/install/launch_pal:${AMENT_PREFIX_PATH} CMAKE_PREFIX_PATH=/home/claudio/tiago_public_ws/install/pal_navigation_cfg_params:/opt/ros/humble PYTHONPATH=/home/claudio/tiago_public_ws/install/launch_pal/lib/python3.10/site-packages:${PYTHONPATH} /usr/bin/cmake /home/claudio/tiago_public_ws/src/pal_navigation_cfg_public/pal_navigation_cfg_bringup -DCMAKE_INSTALL_PREFIX=/home/claudio/tiago_public_ws/install/pal_navigation_cfg_bringup
[0.611s] Invoking command in '/home/claudio/tiago_public_ws/build/pal_navigation_cfg_bringup': AMENT_PREFIX_PATH=/home/claudio/tiago_public_ws/install/pal_navigation_cfg_params:/home/claudio/tiago_public_ws/install/launch_pal:${AMENT_PREFIX_PATH} CMAKE_PREFIX_PATH=/home/claudio/tiago_public_ws/install/pal_navigation_cfg_params:/opt/ros/humble PYTHONPATH=/home/claudio/tiago_public_ws/install/launch_pal/lib/python3.10/site-packages:${PYTHONPATH} /usr/bin/cmake --build /home/claudio/tiago_public_ws/build/pal_navigation_cfg_bringup -- -j4 -l4
[0.685s] Invoked command in '/home/claudio/tiago_public_ws/build/pal_navigation_cfg_bringup' returned '0': AMENT_PREFIX_PATH=/home/claudio/tiago_public_ws/install/pal_navigation_cfg_params:/home/claudio/tiago_public_ws/install/launch_pal:${AMENT_PREFIX_PATH} CMAKE_PREFIX_PATH=/home/claudio/tiago_public_ws/install/pal_navigation_cfg_params:/opt/ros/humble PYTHONPATH=/home/claudio/tiago_public_ws/install/launch_pal/lib/python3.10/site-packages:${PYTHONPATH} /usr/bin/cmake --build /home/claudio/tiago_public_ws/build/pal_navigation_cfg_bringup -- -j4 -l4
[0.689s] Invoking command in '/home/claudio/tiago_public_ws/build/pal_navigation_cfg_bringup': AMENT_PREFIX_PATH=/home/claudio/tiago_public_ws/install/pal_navigation_cfg_params:/home/claudio/tiago_public_ws/install/launch_pal:${AMENT_PREFIX_PATH} CMAKE_PREFIX_PATH=/home/claudio/tiago_public_ws/install/pal_navigation_cfg_params:/opt/ros/humble PYTHONPATH=/home/claudio/tiago_public_ws/install/launch_pal/lib/python3.10/site-packages:${PYTHONPATH} /usr/bin/cmake --install /home/claudio/tiago_public_ws/build/pal_navigation_cfg_bringup
[0.705s] -- Install configuration: ""
[0.706s] -- Execute custom install script
[0.708s] -- Up-to-date symlink: /home/claudio/tiago_public_ws/install/pal_navigation_cfg_bringup/share/pal_navigation_cfg_bringup/launch/nav_bringup.launch.py
[0.709s] -- Up-to-date symlink: /home/claudio/tiago_public_ws/install/pal_navigation_cfg_bringup/share/ament_index/resource_index/package_run_dependencies/pal_navigation_cfg_bringup
[0.710s] -- Up-to-date symlink: /home/claudio/tiago_public_ws/install/pal_navigation_cfg_bringup/share/ament_index/resource_index/parent_prefix_path/pal_navigation_cfg_bringup
[0.711s] -- Up-to-date symlink: /home/claudio/tiago_public_ws/install/pal_navigation_cfg_bringup/share/pal_navigation_cfg_bringup/environment/ament_prefix_path.sh
[0.712s] -- Up-to-date symlink: /home/claudio/tiago_public_ws/install/pal_navigation_cfg_bringup/share/pal_navigation_cfg_bringup/environment/ament_prefix_path.dsv
[0.713s] -- Up-to-date symlink: /home/claudio/tiago_public_ws/install/pal_navigation_cfg_bringup/share/pal_navigation_cfg_bringup/environment/path.sh
[0.714s] -- Up-to-date symlink: /home/claudio/tiago_public_ws/install/pal_navigation_cfg_bringup/share/pal_navigation_cfg_bringup/environment/path.dsv
[0.715s] -- Up-to-date symlink: /home/claudio/tiago_public_ws/install/pal_navigation_cfg_bringup/share/pal_navigation_cfg_bringup/local_setup.bash
[0.715s] -- Up-to-date symlink: /home/claudio/tiago_public_ws/install/pal_navigation_cfg_bringup/share/pal_navigation_cfg_bringup/local_setup.sh
[0.716s] -- Up-to-date symlink: /home/claudio/tiago_public_ws/install/pal_navigation_cfg_bringup/share/pal_navigation_cfg_bringup/local_setup.zsh
[0.718s] -- Up-to-date symlink: /home/claudio/tiago_public_ws/install/pal_navigation_cfg_bringup/share/pal_navigation_cfg_bringup/local_setup.dsv
[0.718s] -- Symlinking: /home/claudio/tiago_public_ws/install/pal_navigation_cfg_bringup/share/pal_navigation_cfg_bringup/package.dsv
[0.736s] -- Up-to-date symlink: /home/claudio/tiago_public_ws/install/pal_navigation_cfg_bringup/share/ament_index/resource_index/packages/pal_navigation_cfg_bringup
[0.737s] -- Up-to-date symlink: /home/claudio/tiago_public_ws/install/pal_navigation_cfg_bringup/share/pal_navigation_cfg_bringup/cmake/pal_navigation_cfg_bringupConfig.cmake
[0.738s] -- Up-to-date symlink: /home/claudio/tiago_public_ws/install/pal_navigation_cfg_bringup/share/pal_navigation_cfg_bringup/cmake/pal_navigation_cfg_bringupConfig-version.cmake
[0.741s] -- Up-to-date symlink: /home/claudio/tiago_public_ws/install/pal_navigation_cfg_bringup/share/pal_navigation_cfg_bringup/package.xml
[0.744s] Invoked command in '/home/claudio/tiago_public_ws/build/pal_navigation_cfg_bringup' returned '0': AMENT_PREFIX_PATH=/home/claudio/tiago_public_ws/install/pal_navigation_cfg_params:/home/claudio/tiago_public_ws/install/launch_pal:${AMENT_PREFIX_PATH} CMAKE_PREFIX_PATH=/home/claudio/tiago_public_ws/install/pal_navigation_cfg_params:/opt/ros/humble PYTHONPATH=/home/claudio/tiago_public_ws/install/launch_pal/lib/python3.10/site-packages:${PYTHONPATH} /usr/bin/cmake --install /home/claudio/tiago_public_ws/build/pal_navigation_cfg_bringup
