[0.642s] Invoking command in '/home/claudio/Desktop/progetto_ros2/src/robot_nodes': PYTHONPATH=/home/claudio/Desktop/progetto_ros2/build/robot_nodes/prefix_override:/usr/lib/python3/dist-packages/colcon_core/task/python/colcon_distutils_commands:/home/claudio/Desktop/progetto_ros2/install/robot_nodes/lib/python3.10/site-packages:${PYTHONPATH} /usr/bin/python3 -W ignore:setup.py install is deprecated -W ignore:easy_install command is deprecated setup.py egg_info --egg-base ../../build/robot_nodes build --build-base /home/claudio/Desktop/progetto_ros2/build/robot_nodes/build install --record /home/claudio/Desktop/progetto_ros2/build/robot_nodes/install.log --single-version-externally-managed install_data
[0.792s] running egg_info
[0.793s] creating ../../build/robot_nodes/robot_nodes.egg-info
[0.793s] writing ../../build/robot_nodes/robot_nodes.egg-info/PKG-INFO
[0.793s] writing dependency_links to ../../build/robot_nodes/robot_nodes.egg-info/dependency_links.txt
[0.793s] writing entry points to ../../build/robot_nodes/robot_nodes.egg-info/entry_points.txt
[0.793s] writing requirements to ../../build/robot_nodes/robot_nodes.egg-info/requires.txt
[0.793s] writing top-level names to ../../build/robot_nodes/robot_nodes.egg-info/top_level.txt
[0.793s] writing manifest file '../../build/robot_nodes/robot_nodes.egg-info/SOURCES.txt'
[0.794s] reading manifest file '../../build/robot_nodes/robot_nodes.egg-info/SOURCES.txt'
[0.794s] writing manifest file '../../build/robot_nodes/robot_nodes.egg-info/SOURCES.txt'
[0.794s] running build
[0.794s] running build_py
[0.795s] creating /home/claudio/Desktop/progetto_ros2/build/robot_nodes/build
[0.795s] creating /home/claudio/Desktop/progetto_ros2/build/robot_nodes/build/lib
[0.795s] creating /home/claudio/Desktop/progetto_ros2/build/robot_nodes/build/lib/robot_nodes
[0.795s] copying robot_nodes/state_machine.py -> /home/claudio/Desktop/progetto_ros2/build/robot_nodes/build/lib/robot_nodes
[0.795s] copying robot_nodes/ik.py -> /home/claudio/Desktop/progetto_ros2/build/robot_nodes/build/lib/robot_nodes
[0.795s] copying robot_nodes/__init__.py -> /home/claudio/Desktop/progetto_ros2/build/robot_nodes/build/lib/robot_nodes
[0.796s] copying robot_nodes/head_movement_action_node.py -> /home/claudio/Desktop/progetto_ros2/build/robot_nodes/build/lib/robot_nodes
[0.796s] copying robot_nodes/aruco_detector_node.py -> /home/claudio/Desktop/progetto_ros2/build/robot_nodes/build/lib/robot_nodes
[0.797s] running install
[0.797s] running install_lib
[0.798s] creating /home/claudio/Desktop/progetto_ros2/install/robot_nodes/lib/python3.10/site-packages/robot_nodes
[0.798s] copying /home/claudio/Desktop/progetto_ros2/build/robot_nodes/build/lib/robot_nodes/state_machine.py -> /home/claudio/Desktop/progetto_ros2/install/robot_nodes/lib/python3.10/site-packages/robot_nodes
[0.798s] copying /home/claudio/Desktop/progetto_ros2/build/robot_nodes/build/lib/robot_nodes/ik.py -> /home/claudio/Desktop/progetto_ros2/install/robot_nodes/lib/python3.10/site-packages/robot_nodes
[0.799s] copying /home/claudio/Desktop/progetto_ros2/build/robot_nodes/build/lib/robot_nodes/__init__.py -> /home/claudio/Desktop/progetto_ros2/install/robot_nodes/lib/python3.10/site-packages/robot_nodes
[0.799s] copying /home/claudio/Desktop/progetto_ros2/build/robot_nodes/build/lib/robot_nodes/head_movement_action_node.py -> /home/claudio/Desktop/progetto_ros2/install/robot_nodes/lib/python3.10/site-packages/robot_nodes
[0.799s] copying /home/claudio/Desktop/progetto_ros2/build/robot_nodes/build/lib/robot_nodes/aruco_detector_node.py -> /home/claudio/Desktop/progetto_ros2/install/robot_nodes/lib/python3.10/site-packages/robot_nodes
[0.799s] byte-compiling /home/claudio/Desktop/progetto_ros2/install/robot_nodes/lib/python3.10/site-packages/robot_nodes/state_machine.py to state_machine.cpython-310.pyc
[0.801s] byte-compiling /home/claudio/Desktop/progetto_ros2/install/robot_nodes/lib/python3.10/site-packages/robot_nodes/ik.py to ik.cpython-310.pyc
[0.804s] byte-compiling /home/claudio/Desktop/progetto_ros2/install/robot_nodes/lib/python3.10/site-packages/robot_nodes/__init__.py to __init__.cpython-310.pyc
[0.804s] byte-compiling /home/claudio/Desktop/progetto_ros2/install/robot_nodes/lib/python3.10/site-packages/robot_nodes/head_movement_action_node.py to head_movement_action_node.cpython-310.pyc
[0.804s] byte-compiling /home/claudio/Desktop/progetto_ros2/install/robot_nodes/lib/python3.10/site-packages/robot_nodes/aruco_detector_node.py to aruco_detector_node.cpython-310.pyc
[0.805s] running install_data
[0.805s] creating /home/claudio/Desktop/progetto_ros2/install/robot_nodes/share/ament_index
[0.806s] creating /home/claudio/Desktop/progetto_ros2/install/robot_nodes/share/ament_index/resource_index
[0.806s] creating /home/claudio/Desktop/progetto_ros2/install/robot_nodes/share/ament_index/resource_index/packages
[0.806s] copying resource/robot_nodes -> /home/claudio/Desktop/progetto_ros2/install/robot_nodes/share/ament_index/resource_index/packages
[0.806s] copying package.xml -> /home/claudio/Desktop/progetto_ros2/install/robot_nodes/share/robot_nodes
[0.806s] running install_egg_info
[0.807s] Copying ../../build/robot_nodes/robot_nodes.egg-info to /home/claudio/Desktop/progetto_ros2/install/robot_nodes/lib/python3.10/site-packages/robot_nodes-0.0.0-py3.10.egg-info
[0.808s] running install_scripts
[0.821s] Installing aruco_detector_node script to /home/claudio/Desktop/progetto_ros2/install/robot_nodes/lib/robot_nodes
[0.821s] Installing head_movement_action_node script to /home/claudio/Desktop/progetto_ros2/install/robot_nodes/lib/robot_nodes
[0.821s] Installing ik script to /home/claudio/Desktop/progetto_ros2/install/robot_nodes/lib/robot_nodes
[0.821s] Installing macchina_a_stati script to /home/claudio/Desktop/progetto_ros2/install/robot_nodes/lib/robot_nodes
[0.821s] Installing state_machine script to /home/claudio/Desktop/progetto_ros2/install/robot_nodes/lib/robot_nodes
[0.821s] Installing testa_e_aruco script to /home/claudio/Desktop/progetto_ros2/install/robot_nodes/lib/robot_nodes
[0.821s] writing list of installed files to '/home/claudio/Desktop/progetto_ros2/build/robot_nodes/install.log'
[0.842s] Invoked command in '/home/claudio/Desktop/progetto_ros2/src/robot_nodes' returned '0': PYTHONPATH=/home/claudio/Desktop/progetto_ros2/build/robot_nodes/prefix_override:/usr/lib/python3/dist-packages/colcon_core/task/python/colcon_distutils_commands:/home/claudio/Desktop/progetto_ros2/install/robot_nodes/lib/python3.10/site-packages:${PYTHONPATH} /usr/bin/python3 -W ignore:setup.py install is deprecated -W ignore:easy_install command is deprecated setup.py egg_info --egg-base ../../build/robot_nodes build --build-base /home/claudio/Desktop/progetto_ros2/build/robot_nodes/build install --record /home/claudio/Desktop/progetto_ros2/build/robot_nodes/install.log --single-version-externally-managed install_data
