[0.407s] Invoking command in '/home/claudio/tiago_public_ws/build/pal_urdf_utils': CMAKE_PREFIX_PATH=/opt/ros/humble /usr/bin/cmake /home/claudio/tiago_public_ws/src/pal_urdf_utils -DCMAKE_INSTALL_PREFIX=/home/claudio/tiago_public_ws/install/pal_urdf_utils
[0.468s] -- Found ament_cmake_auto: 1.3.11 (/opt/ros/humble/share/ament_cmake_auto/cmake)
[0.777s] -- Override CMake install command with custom implementation using symlinks instead of copying resources
[0.973s] -- Found ament_lint_auto: 0.12.11 (/opt/ros/humble/share/ament_lint_auto/cmake)
[1.002s] -- Added test 'copyright' to check source files copyright and LICENSE
[1.020s] -- Added test 'lint_cmake' to check CMake code style
[1.028s] -- Added test 'xmllint' to check XML markup files
[1.033s] -- Configuring done
[1.042s] -- Generating done
[1.052s] -- Build files have been written to: /home/claudio/tiago_public_ws/build/pal_urdf_utils
[1.056s] Invoked command in '/home/claudio/tiago_public_ws/build/pal_urdf_utils' returned '0': CMAKE_PREFIX_PATH=/opt/ros/humble /usr/bin/cmake /home/claudio/tiago_public_ws/src/pal_urdf_utils -DCMAKE_INSTALL_PREFIX=/home/claudio/tiago_public_ws/install/pal_urdf_utils
[1.057s] Invoking command in '/home/claudio/tiago_public_ws/build/pal_urdf_utils': CMAKE_PREFIX_PATH=/opt/ros/humble /usr/bin/cmake --build /home/claudio/tiago_public_ws/build/pal_urdf_utils -- -j4 -l4
[1.149s] Invoked command in '/home/claudio/tiago_public_ws/build/pal_urdf_utils' returned '0': CMAKE_PREFIX_PATH=/opt/ros/humble /usr/bin/cmake --build /home/claudio/tiago_public_ws/build/pal_urdf_utils -- -j4 -l4
[1.153s] Invoking command in '/home/claudio/tiago_public_ws/build/pal_urdf_utils': CMAKE_PREFIX_PATH=/opt/ros/humble /usr/bin/cmake --install /home/claudio/tiago_public_ws/build/pal_urdf_utils
[1.167s] -- Install configuration: ""
[1.168s] -- Execute custom install script
[1.170s] -- Up-to-date symlink: /home/claudio/tiago_public_ws/install/pal_urdf_utils/share/pal_urdf_utils/urdf/deg_to_rad.urdf.xacro
[1.170s] -- Up-to-date symlink: /home/claudio/tiago_public_ws/install/pal_urdf_utils/share/pal_urdf_utils/urdf/materials.urdf.xacro
[1.171s] -- Up-to-date symlink: /home/claudio/tiago_public_ws/install/pal_urdf_utils/share/pal_urdf_utils/urdf/pi.urdf.xacro
[1.172s] -- Up-to-date symlink: /home/claudio/tiago_public_ws/install/pal_urdf_utils/share/ament_index/resource_index/package_run_dependencies/pal_urdf_utils
[1.173s] -- Up-to-date symlink: /home/claudio/tiago_public_ws/install/pal_urdf_utils/share/ament_index/resource_index/parent_prefix_path/pal_urdf_utils
[1.173s] -- Up-to-date symlink: /home/claudio/tiago_public_ws/install/pal_urdf_utils/share/pal_urdf_utils/environment/ament_prefix_path.sh
[1.174s] -- Up-to-date symlink: /home/claudio/tiago_public_ws/install/pal_urdf_utils/share/pal_urdf_utils/environment/ament_prefix_path.dsv
[1.175s] -- Up-to-date symlink: /home/claudio/tiago_public_ws/install/pal_urdf_utils/share/pal_urdf_utils/environment/path.sh
[1.175s] -- Up-to-date symlink: /home/claudio/tiago_public_ws/install/pal_urdf_utils/share/pal_urdf_utils/environment/path.dsv
[1.176s] -- Up-to-date symlink: /home/claudio/tiago_public_ws/install/pal_urdf_utils/share/pal_urdf_utils/local_setup.bash
[1.176s] -- Up-to-date symlink: /home/claudio/tiago_public_ws/install/pal_urdf_utils/share/pal_urdf_utils/local_setup.sh
[1.177s] -- Up-to-date symlink: /home/claudio/tiago_public_ws/install/pal_urdf_utils/share/pal_urdf_utils/local_setup.zsh
[1.177s] -- Up-to-date symlink: /home/claudio/tiago_public_ws/install/pal_urdf_utils/share/pal_urdf_utils/local_setup.dsv
[1.178s] -- Symlinking: /home/claudio/tiago_public_ws/install/pal_urdf_utils/share/pal_urdf_utils/package.dsv
[1.195s] -- Up-to-date symlink: /home/claudio/tiago_public_ws/install/pal_urdf_utils/share/ament_index/resource_index/packages/pal_urdf_utils
[1.196s] -- Up-to-date symlink: /home/claudio/tiago_public_ws/install/pal_urdf_utils/share/pal_urdf_utils/cmake/pal_urdf_utilsConfig.cmake
[1.197s] -- Up-to-date symlink: /home/claudio/tiago_public_ws/install/pal_urdf_utils/share/pal_urdf_utils/cmake/pal_urdf_utilsConfig-version.cmake
[1.197s] -- Up-to-date symlink: /home/claudio/tiago_public_ws/install/pal_urdf_utils/share/pal_urdf_utils/package.xml
[1.201s] Invoked command in '/home/claudio/tiago_public_ws/build/pal_urdf_utils' returned '0': CMAKE_PREFIX_PATH=/opt/ros/humble /usr/bin/cmake --install /home/claudio/tiago_public_ws/build/pal_urdf_utils
