[0.026s] Invoking command in '/home/claudio/tiago_public_ws/build/pmb2_description': AMENT_PREFIX_PATH=/home/claudio/tiago_public_ws/install/urdf_test:/home/claudio/tiago_public_ws/install/pal_urdf_utils:/home/claudio/tiago_public_ws/install/launch_pal:${AMENT_PREFIX_PATH} CMAKE_PREFIX_PATH=/home/claudio/tiago_public_ws/install/urdf_test:/home/claudio/tiago_public_ws/install/pal_urdf_utils:/opt/ros/humble PYTHONPATH=/home/claudio/tiago_public_ws/install/urdf_test/local/lib/python3.10/dist-packages:/home/claudio/tiago_public_ws/build/launch_pal:/home/claudio/tiago_public_ws/install/launch_pal/lib/python3.10/site-packages:${PYTHONPATH} /usr/bin/cmake /home/claudio/tiago_public_ws/src/pmb2_robot/pmb2_description -DAMENT_CMAKE_SYMLINK_INSTALL=1 -DCMAKE_INSTALL_PREFIX=/home/claudio/tiago_public_ws/install/pmb2_description
[0.154s] -- The C compiler identification is GNU 11.4.0
[0.291s] -- The CXX compiler identification is GNU 11.4.0
[0.308s] -- Detecting C compiler ABI info
[0.461s] -- Detecting C compiler ABI info - done
[0.485s] -- Check for working C compiler: /usr/bin/cc - skipped
[0.485s] -- Detecting C compile features
[0.487s] -- Detecting C compile features - done
[0.492s] -- Detecting CXX compiler ABI info
[0.682s] -- Detecting CXX compiler ABI info - done
[0.708s] -- Check for working CXX compiler: /usr/bin/c++ - skipped
[0.708s] -- Detecting CXX compile features
[0.714s] -- Detecting CXX compile features - done
[0.716s] -- Found ament_cmake_auto: 1.3.11 (/opt/ros/humble/share/ament_cmake_auto/cmake)
[1.129s] -- Found Python3: /usr/bin/python3 (found version "3.10.12") found components: Interpreter 
[1.301s] -- Override CMake install command with custom implementation using symlinks instead of copying resources
[1.551s] -- Found ament_lint_auto: 0.12.11 (/opt/ros/humble/share/ament_lint_auto/cmake)
[1.613s] -- Found python_cmake_module: 0.10.0 (/opt/ros/humble/share/python_cmake_module/cmake)
[1.666s] -- Found PythonInterp: /usr/bin/python3 (found suitable version "3.10.12", minimum required is "3.6") 
[1.694s] -- Found PythonLibs: /usr/lib/x86_64-linux-gnu/libpython3.10.so (found suitable version "3.10.12", minimum required is "3.5") 
[1.694s] -- Using PYTHON_EXECUTABLE: /usr/bin/python3
[1.695s] -- Using PYTHON_INCLUDE_DIRS: /usr/include/python3.10
[1.695s] -- Using PYTHON_LIBRARIES: /usr/lib/x86_64-linux-gnu/libpython3.10.so
[1.749s] -- Found PythonExtra: .so  
[2.713s] -- Added test 'copyright' to check source files copyright and LICENSE
[2.734s] -- Added test 'flake8' to check Python code syntax and style conventions
[2.738s] -- Added test 'lint_cmake' to check CMake code style
[2.742s] -- Added test 'pep257' to check Python code against some of the docstring style conventions in PEP 257
[2.754s] -- Added test 'xmllint' to check XML markup files
[2.758s] -- Configuring done
[2.767s] -- Generating done
[2.776s] -- Build files have been written to: /home/claudio/tiago_public_ws/build/pmb2_description
[2.793s] Invoked command in '/home/claudio/tiago_public_ws/build/pmb2_description' returned '0': AMENT_PREFIX_PATH=/home/claudio/tiago_public_ws/install/urdf_test:/home/claudio/tiago_public_ws/install/pal_urdf_utils:/home/claudio/tiago_public_ws/install/launch_pal:${AMENT_PREFIX_PATH} CMAKE_PREFIX_PATH=/home/claudio/tiago_public_ws/install/urdf_test:/home/claudio/tiago_public_ws/install/pal_urdf_utils:/opt/ros/humble PYTHONPATH=/home/claudio/tiago_public_ws/install/urdf_test/local/lib/python3.10/dist-packages:/home/claudio/tiago_public_ws/build/launch_pal:/home/claudio/tiago_public_ws/install/launch_pal/lib/python3.10/site-packages:${PYTHONPATH} /usr/bin/cmake /home/claudio/tiago_public_ws/src/pmb2_robot/pmb2_description -DAMENT_CMAKE_SYMLINK_INSTALL=1 -DCMAKE_INSTALL_PREFIX=/home/claudio/tiago_public_ws/install/pmb2_description
[2.794s] Invoking command in '/home/claudio/tiago_public_ws/build/pmb2_description': AMENT_PREFIX_PATH=/home/claudio/tiago_public_ws/install/urdf_test:/home/claudio/tiago_public_ws/install/pal_urdf_utils:/home/claudio/tiago_public_ws/install/launch_pal:${AMENT_PREFIX_PATH} CMAKE_PREFIX_PATH=/home/claudio/tiago_public_ws/install/urdf_test:/home/claudio/tiago_public_ws/install/pal_urdf_utils:/opt/ros/humble PYTHONPATH=/home/claudio/tiago_public_ws/install/urdf_test/local/lib/python3.10/dist-packages:/home/claudio/tiago_public_ws/build/launch_pal:/home/claudio/tiago_public_ws/install/launch_pal/lib/python3.10/site-packages:${PYTHONPATH} /usr/bin/cmake --build /home/claudio/tiago_public_ws/build/pmb2_description -- -j4 -l4
[2.910s] Built target ament_cmake_python_symlink_pmb2_description
[3.564s] running egg_info
[3.564s] creating pmb2_description.egg-info
[3.564s] writing pmb2_description.egg-info/PKG-INFO
[3.564s] writing dependency_links to pmb2_description.egg-info/dependency_links.txt
[3.565s] writing top-level names to pmb2_description.egg-info/top_level.txt
[3.565s] writing manifest file 'pmb2_description.egg-info/SOURCES.txt'
[3.570s] reading manifest file 'pmb2_description.egg-info/SOURCES.txt'
[3.572s] writing manifest file 'pmb2_description.egg-info/SOURCES.txt'
[3.638s] Built target ament_cmake_python_build_pmb2_description_egg
[3.664s] Invoked command in '/home/claudio/tiago_public_ws/build/pmb2_description' returned '0': AMENT_PREFIX_PATH=/home/claudio/tiago_public_ws/install/urdf_test:/home/claudio/tiago_public_ws/install/pal_urdf_utils:/home/claudio/tiago_public_ws/install/launch_pal:${AMENT_PREFIX_PATH} CMAKE_PREFIX_PATH=/home/claudio/tiago_public_ws/install/urdf_test:/home/claudio/tiago_public_ws/install/pal_urdf_utils:/opt/ros/humble PYTHONPATH=/home/claudio/tiago_public_ws/install/urdf_test/local/lib/python3.10/dist-packages:/home/claudio/tiago_public_ws/build/launch_pal:/home/claudio/tiago_public_ws/install/launch_pal/lib/python3.10/site-packages:${PYTHONPATH} /usr/bin/cmake --build /home/claudio/tiago_public_ws/build/pmb2_description -- -j4 -l4
[3.665s] Invoking command in '/home/claudio/tiago_public_ws/build/pmb2_description': AMENT_PREFIX_PATH=/home/claudio/tiago_public_ws/install/urdf_test:/home/claudio/tiago_public_ws/install/pal_urdf_utils:/home/claudio/tiago_public_ws/install/launch_pal:${AMENT_PREFIX_PATH} CMAKE_PREFIX_PATH=/home/claudio/tiago_public_ws/install/urdf_test:/home/claudio/tiago_public_ws/install/pal_urdf_utils:/opt/ros/humble PYTHONPATH=/home/claudio/tiago_public_ws/install/urdf_test/local/lib/python3.10/dist-packages:/home/claudio/tiago_public_ws/build/launch_pal:/home/claudio/tiago_public_ws/install/launch_pal/lib/python3.10/site-packages:${PYTHONPATH} /usr/bin/cmake --install /home/claudio/tiago_public_ws/build/pmb2_description
[3.677s] -- Install configuration: ""
[3.678s] -- Execute custom install script
[3.679s] -- Symlinking: /home/claudio/tiago_public_ws/install/pmb2_description/share/pmb2_description/environment/pythonpath.sh
[3.698s] -- Symlinking: /home/claudio/tiago_public_ws/install/pmb2_description/share/pmb2_description/environment/pythonpath.dsv
[3.716s] -- Symlinking: /home/claudio/tiago_public_ws/install/pmb2_description/local/lib/python3.10/dist-packages/pmb2_description-5.8.2-py3.10.egg-info/PKG-INFO
[3.740s] -- Symlinking: /home/claudio/tiago_public_ws/install/pmb2_description/local/lib/python3.10/dist-packages/pmb2_description-5.8.2-py3.10.egg-info/SOURCES.txt
[3.752s] -- Symlinking: /home/claudio/tiago_public_ws/install/pmb2_description/local/lib/python3.10/dist-packages/pmb2_description-5.8.2-py3.10.egg-info/dependency_links.txt
[3.769s] -- Symlinking: /home/claudio/tiago_public_ws/install/pmb2_description/local/lib/python3.10/dist-packages/pmb2_description-5.8.2-py3.10.egg-info/top_level.txt
[3.789s] -- Symlinking: /home/claudio/tiago_public_ws/install/pmb2_description/local/lib/python3.10/dist-packages/pmb2_description/__init__.py
[3.808s] -- Symlinking: /home/claudio/tiago_public_ws/install/pmb2_description/local/lib/python3.10/dist-packages/pmb2_description/launch_arguments.py
[3.828s] -- Symlinking: /home/claudio/tiago_public_ws/install/pmb2_description/share/pmb2_description/rviz/pmb2.rviz
[3.848s] -- Symlinking: /home/claudio/tiago_public_ws/install/pmb2_description/share/pmb2_description/launch/robot_state_publisher.launch.py
[3.866s] -- Symlinking: /home/claudio/tiago_public_ws/install/pmb2_description/share/pmb2_description/launch/show.launch.py
[3.887s] -- Symlinking: /home/claudio/tiago_public_ws/install/pmb2_description/share/pmb2_description/meshes/base/base.stl
[3.907s] -- Symlinking: /home/claudio/tiago_public_ws/install/pmb2_description/share/pmb2_description/meshes/base/base_collision.dae
[3.928s] -- Symlinking: /home/claudio/tiago_public_ws/install/pmb2_description/share/pmb2_description/meshes/base/base_dock_link.stl
[3.949s] -- Symlinking: /home/claudio/tiago_public_ws/install/pmb2_description/share/pmb2_description/meshes/base/base_ring.stl
[3.967s] -- Symlinking: /home/claudio/tiago_public_ws/install/pmb2_description/share/pmb2_description/meshes/base/high_resolution/base.stl
[3.987s] -- Symlinking: /home/claudio/tiago_public_ws/install/pmb2_description/share/pmb2_description/meshes/base/high_resolution/base_collision.stl
[4.004s] -- Symlinking: /home/claudio/tiago_public_ws/install/pmb2_description/share/pmb2_description/meshes/cameras_add_on/cameras_add_on.stl
[4.024s] -- Symlinking: /home/claudio/tiago_public_ws/install/pmb2_description/share/pmb2_description/meshes/cameras_add_on/cameras_add_on_collision.stl
[4.043s] -- Symlinking: /home/claudio/tiago_public_ws/install/pmb2_description/share/pmb2_description/meshes/dock/dock.stl
[4.064s] -- Symlinking: /home/claudio/tiago_public_ws/install/pmb2_description/share/pmb2_description/meshes/dock/dock_collision.stl
[4.083s] -- Symlinking: /home/claudio/tiago_public_ws/install/pmb2_description/share/pmb2_description/meshes/objects/antenna.stl
[4.099s] -- Symlinking: /home/claudio/tiago_public_ws/install/pmb2_description/share/pmb2_description/meshes/objects/cover.stl
[4.123s] -- Symlinking: /home/claudio/tiago_public_ws/install/pmb2_description/share/pmb2_description/meshes/objects/high_resolution/cover.stl
[4.141s] -- Symlinking: /home/claudio/tiago_public_ws/install/pmb2_description/share/pmb2_description/meshes/sensors/bumper.stl
[4.157s] -- Symlinking: /home/claudio/tiago_public_ws/install/pmb2_description/share/pmb2_description/meshes/sensors/bumper_collision.stl
[4.176s] -- Symlinking: /home/claudio/tiago_public_ws/install/pmb2_description/share/pmb2_description/meshes/sensors/elp_camera.stl
[4.192s] -- Symlinking: /home/claudio/tiago_public_ws/install/pmb2_description/share/pmb2_description/meshes/sensors/high_resolution/bumper.stl
[4.210s] -- Symlinking: /home/claudio/tiago_public_ws/install/pmb2_description/share/pmb2_description/meshes/sensors/high_resolution/hokuyo_urg_04lx_ug01.stl
[4.228s] -- Symlinking: /home/claudio/tiago_public_ws/install/pmb2_description/share/pmb2_description/meshes/sensors/high_resolution/sick_tim551.stl
[4.251s] -- Symlinking: /home/claudio/tiago_public_ws/install/pmb2_description/share/pmb2_description/meshes/sensors/high_resolution/srf05.stl
[4.268s] -- Symlinking: /home/claudio/tiago_public_ws/install/pmb2_description/share/pmb2_description/meshes/sensors/high_resolution/xtion_pro_live.stl
[4.292s] -- Symlinking: /home/claudio/tiago_public_ws/install/pmb2_description/share/pmb2_description/meshes/sensors/hokuyo_urg_04lx_ug01.stl
[4.305s] -- Symlinking: /home/claudio/tiago_public_ws/install/pmb2_description/share/pmb2_description/meshes/sensors/sick_tim551.stl
[4.322s] -- Symlinking: /home/claudio/tiago_public_ws/install/pmb2_description/share/pmb2_description/meshes/sensors/srf05.stl
[4.341s] -- Symlinking: /home/claudio/tiago_public_ws/install/pmb2_description/share/pmb2_description/meshes/sensors/structure_sensor.stl
[4.359s] -- Symlinking: /home/claudio/tiago_public_ws/install/pmb2_description/share/pmb2_description/meshes/sensors/xtion_pro_live.dae
[4.378s] -- Symlinking: /home/claudio/tiago_public_ws/install/pmb2_description/share/pmb2_description/meshes/wheels/caster_1.stl
[4.397s] -- Symlinking: /home/claudio/tiago_public_ws/install/pmb2_description/share/pmb2_description/meshes/wheels/caster_2.stl
[4.415s] -- Symlinking: /home/claudio/tiago_public_ws/install/pmb2_description/share/pmb2_description/meshes/wheels/high_resolution/caster_1.stl
[4.433s] -- Symlinking: /home/claudio/tiago_public_ws/install/pmb2_description/share/pmb2_description/meshes/wheels/high_resolution/caster_2.stl
[4.452s] -- Symlinking: /home/claudio/tiago_public_ws/install/pmb2_description/share/pmb2_description/meshes/wheels/high_resolution/wheel.stl
[4.471s] -- Symlinking: /home/claudio/tiago_public_ws/install/pmb2_description/share/pmb2_description/meshes/wheels/wheel.stl
[4.492s] -- Symlinking: /home/claudio/tiago_public_ws/install/pmb2_description/share/pmb2_description/config/pmb2_configuration.yaml
[4.512s] -- Symlinking: /home/claudio/tiago_public_ws/install/pmb2_description/share/pmb2_description/robots/pmb2.urdf.xacro
[4.531s] -- Symlinking: /home/claudio/tiago_public_ws/install/pmb2_description/share/pmb2_description/ros2_control/gazebo_controller_manager_cfg.yaml
[4.549s] -- Symlinking: /home/claudio/tiago_public_ws/install/pmb2_description/share/pmb2_description/ros2_control/ros2_control.urdf.xacro
[4.569s] -- Symlinking: /home/claudio/tiago_public_ws/install/pmb2_description/share/pmb2_description/urdf/base/base.gazebo.xacro
[4.591s] -- Symlinking: /home/claudio/tiago_public_ws/install/pmb2_description/share/pmb2_description/urdf/base/base.urdf.xacro
[4.608s] -- Symlinking: /home/claudio/tiago_public_ws/install/pmb2_description/share/pmb2_description/urdf/base/base_sensors.urdf.xacro
[4.627s] -- Symlinking: /home/claudio/tiago_public_ws/install/pmb2_description/share/pmb2_description/urdf/cameras_add_on/cameras_add_on.urdf.xacro
[4.649s] -- Symlinking: /home/claudio/tiago_public_ws/install/pmb2_description/share/pmb2_description/urdf/dock/dock.urdf.xacro
[4.676s] -- Symlinking: /home/claudio/tiago_public_ws/install/pmb2_description/share/pmb2_description/urdf/objects/antenna.urdf.xacro
[4.694s] -- Symlinking: /home/claudio/tiago_public_ws/install/pmb2_description/share/pmb2_description/urdf/objects/cover.urdf.xacro
[4.713s] -- Symlinking: /home/claudio/tiago_public_ws/install/pmb2_description/share/pmb2_description/urdf/sensors/bumper.gazebo.xacro
[4.733s] -- Symlinking: /home/claudio/tiago_public_ws/install/pmb2_description/share/pmb2_description/urdf/sensors/bumper.urdf.xacro
[4.752s] -- Symlinking: /home/claudio/tiago_public_ws/install/pmb2_description/share/pmb2_description/urdf/sensors/courier.urdf.xacro
[4.770s] -- Symlinking: /home/claudio/tiago_public_ws/install/pmb2_description/share/pmb2_description/urdf/sensors/elp_rgb.gazebo.xacro
[4.788s] -- Symlinking: /home/claudio/tiago_public_ws/install/pmb2_description/share/pmb2_description/urdf/sensors/elp_rgb.urdf.xacro
[4.806s] -- Symlinking: /home/claudio/tiago_public_ws/install/pmb2_description/share/pmb2_description/urdf/sensors/hokuyo_urg_04lx_ug01_laser.gazebo.xacro
[4.824s] -- Symlinking: /home/claudio/tiago_public_ws/install/pmb2_description/share/pmb2_description/urdf/sensors/hokuyo_urg_04lx_ug01_laser.urdf.xacro
[4.843s] -- Symlinking: /home/claudio/tiago_public_ws/install/pmb2_description/share/pmb2_description/urdf/sensors/imu.gazebo.xacro
[4.861s] -- Symlinking: /home/claudio/tiago_public_ws/install/pmb2_description/share/pmb2_description/urdf/sensors/imu.urdf.xacro
[4.880s] -- Symlinking: /home/claudio/tiago_public_ws/install/pmb2_description/share/pmb2_description/urdf/sensors/microphone.urdf.xacro
[4.900s] -- Symlinking: /home/claudio/tiago_public_ws/install/pmb2_description/share/pmb2_description/urdf/sensors/range.gazebo.xacro
[4.926s] -- Symlinking: /home/claudio/tiago_public_ws/install/pmb2_description/share/pmb2_description/urdf/sensors/range.urdf.xacro
[4.949s] -- Symlinking: /home/claudio/tiago_public_ws/install/pmb2_description/share/pmb2_description/urdf/sensors/sensors.ros2_control.xacro
[4.972s] -- Symlinking: /home/claudio/tiago_public_ws/install/pmb2_description/share/pmb2_description/urdf/sensors/sick_tim551_laser.gazebo.xacro
[4.988s] -- Symlinking: /home/claudio/tiago_public_ws/install/pmb2_description/share/pmb2_description/urdf/sensors/sick_tim551_laser.urdf.xacro
[5.008s] -- Symlinking: /home/claudio/tiago_public_ws/install/pmb2_description/share/pmb2_description/urdf/sensors/sick_tim561_laser.gazebo.xacro
[5.028s] -- Symlinking: /home/claudio/tiago_public_ws/install/pmb2_description/share/pmb2_description/urdf/sensors/sick_tim561_laser.urdf.xacro
[5.052s] -- Symlinking: /home/claudio/tiago_public_ws/install/pmb2_description/share/pmb2_description/urdf/sensors/sick_tim571_laser.gazebo.xacro
[5.073s] -- Symlinking: /home/claudio/tiago_public_ws/install/pmb2_description/share/pmb2_description/urdf/sensors/sick_tim571_laser.urdf.xacro
[5.094s] -- Symlinking: /home/claudio/tiago_public_ws/install/pmb2_description/share/pmb2_description/urdf/sensors/structure_sensor.gazebo.xacro
[5.112s] -- Symlinking: /home/claudio/tiago_public_ws/install/pmb2_description/share/pmb2_description/urdf/sensors/structure_sensor.urdf.xacro
[5.133s] -- Symlinking: /home/claudio/tiago_public_ws/install/pmb2_description/share/pmb2_description/urdf/wheels/caster.gazebo.xacro
[5.159s] -- Symlinking: /home/claudio/tiago_public_ws/install/pmb2_description/share/pmb2_description/urdf/wheels/caster.urdf.xacro
[5.181s] -- Symlinking: /home/claudio/tiago_public_ws/install/pmb2_description/share/pmb2_description/urdf/wheels/wheel.gazebo.xacro
[5.201s] -- Symlinking: /home/claudio/tiago_public_ws/install/pmb2_description/share/pmb2_description/urdf/wheels/wheel.ros2_control.xacro
[5.221s] -- Symlinking: /home/claudio/tiago_public_ws/install/pmb2_description/share/pmb2_description/urdf/wheels/wheel.urdf.xacro
[5.241s] -- Symlinking: /home/claudio/tiago_public_ws/install/pmb2_description/share/ament_index/resource_index/package_run_dependencies/pmb2_description
[5.267s] -- Symlinking: /home/claudio/tiago_public_ws/install/pmb2_description/share/ament_index/resource_index/parent_prefix_path/pmb2_description
[5.287s] -- Symlinking: /home/claudio/tiago_public_ws/install/pmb2_description/share/pmb2_description/environment/ament_prefix_path.sh
[5.307s] -- Symlinking: /home/claudio/tiago_public_ws/install/pmb2_description/share/pmb2_description/environment/ament_prefix_path.dsv
[5.327s] -- Symlinking: /home/claudio/tiago_public_ws/install/pmb2_description/share/pmb2_description/environment/path.sh
[5.352s] -- Symlinking: /home/claudio/tiago_public_ws/install/pmb2_description/share/pmb2_description/environment/path.dsv
[5.374s] -- Symlinking: /home/claudio/tiago_public_ws/install/pmb2_description/share/pmb2_description/local_setup.bash
[5.393s] -- Symlinking: /home/claudio/tiago_public_ws/install/pmb2_description/share/pmb2_description/local_setup.sh
[5.413s] -- Symlinking: /home/claudio/tiago_public_ws/install/pmb2_description/share/pmb2_description/local_setup.zsh
[5.435s] -- Symlinking: /home/claudio/tiago_public_ws/install/pmb2_description/share/pmb2_description/local_setup.dsv
[5.460s] -- Symlinking: /home/claudio/tiago_public_ws/install/pmb2_description/share/pmb2_description/package.dsv
[5.483s] -- Symlinking: /home/claudio/tiago_public_ws/install/pmb2_description/share/ament_index/resource_index/packages/pmb2_description
[5.505s] -- Symlinking: /home/claudio/tiago_public_ws/install/pmb2_description/share/pmb2_description/cmake/pmb2_descriptionConfig.cmake
[5.526s] -- Symlinking: /home/claudio/tiago_public_ws/install/pmb2_description/share/pmb2_description/cmake/pmb2_descriptionConfig-version.cmake
[5.547s] -- Symlinking: /home/claudio/tiago_public_ws/install/pmb2_description/share/pmb2_description/package.xml
[5.660s] Listing '/home/claudio/tiago_public_ws/install/pmb2_description/local/lib/python3.10/dist-packages/pmb2_description'...
[5.660s] Compiling '/home/claudio/tiago_public_ws/install/pmb2_description/local/lib/python3.10/dist-packages/pmb2_description/__init__.py'...
[5.660s] Compiling '/home/claudio/tiago_public_ws/install/pmb2_description/local/lib/python3.10/dist-packages/pmb2_description/launch_arguments.py'...
[5.671s] Invoked command in '/home/claudio/tiago_public_ws/build/pmb2_description' returned '0': AMENT_PREFIX_PATH=/home/claudio/tiago_public_ws/install/urdf_test:/home/claudio/tiago_public_ws/install/pal_urdf_utils:/home/claudio/tiago_public_ws/install/launch_pal:${AMENT_PREFIX_PATH} CMAKE_PREFIX_PATH=/home/claudio/tiago_public_ws/install/urdf_test:/home/claudio/tiago_public_ws/install/pal_urdf_utils:/opt/ros/humble PYTHONPATH=/home/claudio/tiago_public_ws/install/urdf_test/local/lib/python3.10/dist-packages:/home/claudio/tiago_public_ws/build/launch_pal:/home/claudio/tiago_public_ws/install/launch_pal/lib/python3.10/site-packages:${PYTHONPATH} /usr/bin/cmake --install /home/claudio/tiago_public_ws/build/pmb2_description
