[0.011s] Invoking command in '/home/claudio/Desktop/progetto_ros2/build/gazebo_ros_link_attacher': /usr/bin/cmake /home/claudio/Desktop/progetto_ros2/src/gazebo_ros_link_attacher -DCATKIN_INSTALL_INTO_PREFIX_ROOT=0 -DCMAKE_INSTALL_PREFIX=/home/claudio/Desktop/progetto_ros2/install/gazebo_ros_link_attacher
[0.035s] CMake Deprecation Warning at CMakeLists.txt:1 (cmake_minimum_required):
[0.035s]   Compatibility with CMake < 2.8.12 will be removed from a future version of
[0.035s]   CMake.
[0.035s] 
[0.035s]   Update the VERSION argument <min> value or use a ...<max> suffix to tell
[0.035s]   CMake that the project does not need compatibility with older versions.
[0.035s] 
[0.035s] 
[0.150s] -- The C compiler identification is GNU 11.4.0
[0.248s] -- The CXX compiler identification is GNU 11.4.0
[0.263s] -- Detecting C compiler ABI info
[0.328s] -- Detecting C compiler ABI info - done
[0.332s] -- Check for working C compiler: /usr/bin/cc - skipped
[0.332s] -- Detecting C compile features
[0.333s] -- Detecting C compile features - done
[0.336s] -- Detecting CXX compiler ABI info
[0.415s] -- Detecting CXX compiler ABI info - done
[0.420s] -- Check for working CXX compiler: /usr/bin/c++ - skipped
[0.420s] -- Detecting CXX compile features
[0.421s] -- Detecting CXX compile features - done
[0.423s] -- Performing Test COMPILER_SUPPORTS_CXX11
[0.481s] -- Performing Test COMPILER_SUPPORTS_CXX11 - Success
[0.481s] -- Performing Test COMPILER_SUPPORTS_CXX0X
[0.529s] -- Performing Test COMPILER_SUPPORTS_CXX0X - Success
[0.536s] CMake Error at CMakeLists.txt:20 (find_package):
[0.537s]   By not providing "Findcatkin.cmake" in CMAKE_MODULE_PATH this project has
[0.537s]   asked CMake to find a package configuration file provided by "catkin", but
[0.537s]   CMake did not find one.
[0.537s] 
[0.537s]   Could not find a package configuration file provided by "catkin" with any
[0.537s]   of the following names:
[0.537s] 
[0.537s]     catkinConfig.cmake
[0.537s]     catkin-config.cmake
[0.537s] 
[0.537s]   Add the installation prefix of "catkin" to CMAKE_PREFIX_PATH or set
[0.537s]   "catkin_DIR" to a directory containing one of the above files.  If "catkin"
[0.537s]   provides a separate development package or SDK, be sure it has been
[0.537s]   installed.
[0.538s] 
[0.538s] 
[0.538s] -- Configuring incomplete, errors occurred!
[0.538s] See also "/home/claudio/Desktop/progetto_ros2/build/gazebo_ros_link_attacher/CMakeFiles/CMakeOutput.log".
[0.540s] Invoked command in '/home/claudio/Desktop/progetto_ros2/build/gazebo_ros_link_attacher' returned '1': /usr/bin/cmake /home/claudio/Desktop/progetto_ros2/src/gazebo_ros_link_attacher -DCATKIN_INSTALL_INTO_PREFIX_ROOT=0 -DCMAKE_INSTALL_PREFIX=/home/claudio/Desktop/progetto_ros2/install/gazebo_ros_link_attacher
