running egg_info
writing ../../build/robot_nodes/robot_nodes.egg-info/PKG-INFO
writing dependency_links to ../../build/robot_nodes/robot_nodes.egg-info/dependency_links.txt
writing entry points to ../../build/robot_nodes/robot_nodes.egg-info/entry_points.txt
writing requirements to ../../build/robot_nodes/robot_nodes.egg-info/requires.txt
writing top-level names to ../../build/robot_nodes/robot_nodes.egg-info/top_level.txt
reading manifest file '../../build/robot_nodes/robot_nodes.egg-info/SOURCES.txt'
writing manifest file '../../build/robot_nodes/robot_nodes.egg-info/SOURCES.txt'
running build
running build_py
running install
running install_lib
running install_data
running install_egg_info
removing '/home/claudio/progetto_ros2/install/robot_nodes/lib/python3.10/site-packages/robot_nodes-0.0.0-py3.10.egg-info' (and everything under it)
Copying ../../build/robot_nodes/robot_nodes.egg-info to /home/claudio/progetto_ros2/install/robot_nodes/lib/python3.10/site-packages/robot_nodes-0.0.0-py3.10.egg-info
running install_scripts
Installing macchina_a_stati script to /home/claudio/progetto_ros2/install/robot_nodes/lib/robot_nodes
Installing testa_e_aruco script to /home/claudio/progetto_ros2/install/robot_nodes/lib/robot_nodes
writing list of installed files to '/home/claudio/progetto_ros2/build/robot_nodes/install.log'
