running egg_info
writing ../../build/robot_launcher/robot_launcher.egg-info/PKG-INFO
writing dependency_links to ../../build/robot_launcher/robot_launcher.egg-info/dependency_links.txt
writing entry points to ../../build/robot_launcher/robot_launcher.egg-info/entry_points.txt
writing requirements to ../../build/robot_launcher/robot_launcher.egg-info/requires.txt
writing top-level names to ../../build/robot_launcher/robot_launcher.egg-info/top_level.txt
reading manifest file '../../build/robot_launcher/robot_launcher.egg-info/SOURCES.txt'
writing manifest file '../../build/robot_launcher/robot_launcher.egg-info/SOURCES.txt'
running build
running build_py
copying robot_launcher/__init__.py -> /home/claudio/Desktop/progetto_ros2/build/robot_launcher/build/lib/robot_launcher
running install
running install_lib
copying /home/claudio/Desktop/progetto_ros2/build/robot_launcher/build/lib/robot_launcher/__init__.py -> /home/claudio/Desktop/progetto_ros2/install/robot_launcher/lib/python3.10/site-packages/robot_launcher
byte-compiling /home/claudio/Desktop/progetto_ros2/install/robot_launcher/lib/python3.10/site-packages/robot_launcher/__init__.py to __init__.cpython-310.pyc
running install_data
copying resource/robot_launcher -> /home/claudio/Desktop/progetto_ros2/install/robot_launcher/share/ament_index/resource_index/packages
copying launch/tiago_launch.py -> /home/claudio/Desktop/progetto_ros2/install/robot_launcher/share/robot_launcher/launch
running install_egg_info
removing '/home/claudio/Desktop/progetto_ros2/install/robot_launcher/lib/python3.10/site-packages/robot_launcher-0.0.0-py3.10.egg-info' (and everything under it)
Copying ../../build/robot_launcher/robot_launcher.egg-info to /home/claudio/Desktop/progetto_ros2/install/robot_launcher/lib/python3.10/site-packages/robot_launcher-0.0.0-py3.10.egg-info
running install_scripts
writing list of installed files to '/home/claudio/Desktop/progetto_ros2/build/robot_launcher/install.log'
