[0.832s] Invoking command in '/home/claudio/Desktop/progetto_ros2/src/robot_launcher': PYTHONPATH=/home/claudio/Desktop/progetto_ros2/build/robot_launcher/prefix_override:/usr/lib/python3/dist-packages/colcon_core/task/python/colcon_distutils_commands:/home/claudio/Desktop/progetto_ros2/install/robot_launcher/lib/python3.10/site-packages:${PYTHONPATH} /usr/bin/python3 -W ignore:setup.py install is deprecated -W ignore:easy_install command is deprecated setup.py egg_info --egg-base ../../build/robot_launcher build --build-base /home/claudio/Desktop/progetto_ros2/build/robot_launcher/build install --record /home/claudio/Desktop/progetto_ros2/build/robot_launcher/install.log --single-version-externally-managed install_data
[1.039s] running egg_info
[1.040s] writing ../../build/robot_launcher/robot_launcher.egg-info/PKG-INFO
[1.040s] writing dependency_links to ../../build/robot_launcher/robot_launcher.egg-info/dependency_links.txt
[1.040s] writing entry points to ../../build/robot_launcher/robot_launcher.egg-info/entry_points.txt
[1.040s] writing requirements to ../../build/robot_launcher/robot_launcher.egg-info/requires.txt
[1.040s] writing top-level names to ../../build/robot_launcher/robot_launcher.egg-info/top_level.txt
[1.041s] reading manifest file '../../build/robot_launcher/robot_launcher.egg-info/SOURCES.txt'
[1.042s] writing manifest file '../../build/robot_launcher/robot_launcher.egg-info/SOURCES.txt'
[1.042s] running build
[1.042s] running build_py
[1.043s] copying robot_launcher/__init__.py -> /home/claudio/Desktop/progetto_ros2/build/robot_launcher/build/lib/robot_launcher
[1.043s] running install
[1.043s] running install_lib
[1.043s] copying /home/claudio/Desktop/progetto_ros2/build/robot_launcher/build/lib/robot_launcher/__init__.py -> /home/claudio/Desktop/progetto_ros2/install/robot_launcher/lib/python3.10/site-packages/robot_launcher
[1.044s] byte-compiling /home/claudio/Desktop/progetto_ros2/install/robot_launcher/lib/python3.10/site-packages/robot_launcher/__init__.py to __init__.cpython-310.pyc
[1.044s] running install_data
[1.044s] copying resource/robot_launcher -> /home/claudio/Desktop/progetto_ros2/install/robot_launcher/share/ament_index/resource_index/packages
[1.044s] copying launch/tiago_launch.py -> /home/claudio/Desktop/progetto_ros2/install/robot_launcher/share/robot_launcher/launch
[1.044s] running install_egg_info
[1.045s] removing '/home/claudio/Desktop/progetto_ros2/install/robot_launcher/lib/python3.10/site-packages/robot_launcher-0.0.0-py3.10.egg-info' (and everything under it)
[1.045s] Copying ../../build/robot_launcher/robot_launcher.egg-info to /home/claudio/Desktop/progetto_ros2/install/robot_launcher/lib/python3.10/site-packages/robot_launcher-0.0.0-py3.10.egg-info
[1.046s] running install_scripts
[1.061s] writing list of installed files to '/home/claudio/Desktop/progetto_ros2/build/robot_launcher/install.log'
[1.096s] Invoked command in '/home/claudio/Desktop/progetto_ros2/src/robot_launcher' returned '0': PYTHONPATH=/home/claudio/Desktop/progetto_ros2/build/robot_launcher/prefix_override:/usr/lib/python3/dist-packages/colcon_core/task/python/colcon_distutils_commands:/home/claudio/Desktop/progetto_ros2/install/robot_launcher/lib/python3.10/site-packages:${PYTHONPATH} /usr/bin/python3 -W ignore:setup.py install is deprecated -W ignore:easy_install command is deprecated setup.py egg_info --egg-base ../../build/robot_launcher build --build-base /home/claudio/Desktop/progetto_ros2/build/robot_launcher/build install --record /home/claudio/Desktop/progetto_ros2/build/robot_launcher/install.log --single-version-externally-managed install_data
