[5.844s] Invoking command in '/home/claudio/progetto_ros2/src/robot_launcher': PYTHONPATH=/home/claudio/progetto_ros2/build/robot_launcher/prefix_override:/usr/lib/python3/dist-packages/colcon_core/task/python/colcon_distutils_commands:/home/claudio/progetto_ros2/install/robot_launcher/lib/python3.10/site-packages:${PYTHONPATH} /usr/bin/python3 -W ignore:setup.py install is deprecated -W ignore:easy_install command is deprecated setup.py egg_info --egg-base ../../build/robot_launcher build --build-base /home/claudio/progetto_ros2/build/robot_launcher/build install --record /home/claudio/progetto_ros2/build/robot_launcher/install.log --single-version-externally-managed install_data
[7.384s] running egg_info
[7.392s] writing ../../build/robot_launcher/robot_launcher.egg-info/PKG-INFO
[7.392s] writing dependency_links to ../../build/robot_launcher/robot_launcher.egg-info/dependency_links.txt
[7.394s] writing entry points to ../../build/robot_launcher/robot_launcher.egg-info/entry_points.txt
[7.396s] writing requirements to ../../build/robot_launcher/robot_launcher.egg-info/requires.txt
[7.397s] writing top-level names to ../../build/robot_launcher/robot_launcher.egg-info/top_level.txt
[7.408s] reading manifest file '../../build/robot_launcher/robot_launcher.egg-info/SOURCES.txt'
[7.417s] writing manifest file '../../build/robot_launcher/robot_launcher.egg-info/SOURCES.txt'
[7.419s] running build
[7.419s] running build_py
[7.425s] running install
[7.425s] running install_lib
[7.445s] running install_data
[7.446s] running install_egg_info
[7.457s] removing '/home/claudio/progetto_ros2/install/robot_launcher/lib/python3.10/site-packages/robot_launcher-0.0.0-py3.10.egg-info' (and everything under it)
[7.458s] Copying ../../build/robot_launcher/robot_launcher.egg-info to /home/claudio/progetto_ros2/install/robot_launcher/lib/python3.10/site-packages/robot_launcher-0.0.0-py3.10.egg-info
[7.470s] running install_scripts
[7.613s] writing list of installed files to '/home/claudio/progetto_ros2/build/robot_launcher/install.log'
[7.781s] Invoked command in '/home/claudio/progetto_ros2/src/robot_launcher' returned '0': PYTHONPATH=/home/claudio/progetto_ros2/build/robot_launcher/prefix_override:/usr/lib/python3/dist-packages/colcon_core/task/python/colcon_distutils_commands:/home/claudio/progetto_ros2/install/robot_launcher/lib/python3.10/site-packages:${PYTHONPATH} /usr/bin/python3 -W ignore:setup.py install is deprecated -W ignore:easy_install command is deprecated setup.py egg_info --egg-base ../../build/robot_launcher build --build-base /home/claudio/progetto_ros2/build/robot_launcher/build install --record /home/claudio/progetto_ros2/build/robot_launcher/install.log --single-version-externally-managed install_data
