[3.357s] Invoking command in '/home/claudio/progetto_ros2/src/robot_launcher': PYTHONPATH=/home/claudio/progetto_ros2/build/robot_launcher/prefix_override:/usr/lib/python3/dist-packages/colcon_core/task/python/colcon_distutils_commands:/home/claudio/progetto_ros2/install/robot_launcher/lib/python3.10/site-packages:${PYTHONPATH} /usr/bin/python3 -W ignore:setup.py install is deprecated -W ignore:easy_install command is deprecated setup.py egg_info --egg-base ../../build/robot_launcher build --build-base /home/claudio/progetto_ros2/build/robot_launcher/build install --record /home/claudio/progetto_ros2/build/robot_launcher/install.log --single-version-externally-managed install_data
[4.185s] running egg_info
[4.188s] writing ../../build/robot_launcher/robot_launcher.egg-info/PKG-INFO
[4.189s] writing dependency_links to ../../build/robot_launcher/robot_launcher.egg-info/dependency_links.txt
[4.192s] writing entry points to ../../build/robot_launcher/robot_launcher.egg-info/entry_points.txt
[4.192s] writing requirements to ../../build/robot_launcher/robot_launcher.egg-info/requires.txt
[4.192s] writing top-level names to ../../build/robot_launcher/robot_launcher.egg-info/top_level.txt
[4.198s] reading manifest file '../../build/robot_launcher/robot_launcher.egg-info/SOURCES.txt'
[4.201s] writing manifest file '../../build/robot_launcher/robot_launcher.egg-info/SOURCES.txt'
[4.202s] running build
[4.202s] running build_py
[4.204s] running install
[4.206s] running install_lib
[4.211s] running install_data
[4.212s] running install_egg_info
[4.216s] removing '/home/claudio/progetto_ros2/install/robot_launcher/lib/python3.10/site-packages/robot_launcher-0.0.0-py3.10.egg-info' (and everything under it)
[4.220s] Copying ../../build/robot_launcher/robot_launcher.egg-info to /home/claudio/progetto_ros2/install/robot_launcher/lib/python3.10/site-packages/robot_launcher-0.0.0-py3.10.egg-info
[4.221s] running install_scripts
[4.333s] writing list of installed files to '/home/claudio/progetto_ros2/build/robot_launcher/install.log'
[4.484s] Invoked command in '/home/claudio/progetto_ros2/src/robot_launcher' returned '0': PYTHONPATH=/home/claudio/progetto_ros2/build/robot_launcher/prefix_override:/usr/lib/python3/dist-packages/colcon_core/task/python/colcon_distutils_commands:/home/claudio/progetto_ros2/install/robot_launcher/lib/python3.10/site-packages:${PYTHONPATH} /usr/bin/python3 -W ignore:setup.py install is deprecated -W ignore:easy_install command is deprecated setup.py egg_info --egg-base ../../build/robot_launcher build --build-base /home/claudio/progetto_ros2/build/robot_launcher/build install --record /home/claudio/progetto_ros2/build/robot_launcher/install.log --single-version-externally-managed install_data
