[5.719s] Invoking command in '/home/claudio/progetto_ros2/src/robot_launcher': PYTHONPATH=/home/claudio/progetto_ros2/build/robot_launcher/prefix_override:/usr/lib/python3/dist-packages/colcon_core/task/python/colcon_distutils_commands:/home/claudio/progetto_ros2/install/robot_launcher/lib/python3.10/site-packages:${PYTHONPATH} /usr/bin/python3 -W ignore:setup.py install is deprecated -W ignore:easy_install command is deprecated setup.py egg_info --egg-base ../../build/robot_launcher build --build-base /home/claudio/progetto_ros2/build/robot_launcher/build install --record /home/claudio/progetto_ros2/build/robot_launcher/install.log --single-version-externally-managed install_data
[8.174s] running egg_info
[8.182s] writing ../../build/robot_launcher/robot_launcher.egg-info/PKG-INFO
[8.189s] writing dependency_links to ../../build/robot_launcher/robot_launcher.egg-info/dependency_links.txt
[8.190s] writing entry points to ../../build/robot_launcher/robot_launcher.egg-info/entry_points.txt
[8.200s] writing requirements to ../../build/robot_launcher/robot_launcher.egg-info/requires.txt
[8.201s] writing top-level names to ../../build/robot_launcher/robot_launcher.egg-info/top_level.txt
[8.202s] reading manifest file '../../build/robot_launcher/robot_launcher.egg-info/SOURCES.txt'
[8.212s] writing manifest file '../../build/robot_launcher/robot_launcher.egg-info/SOURCES.txt'
[8.212s] running build
[8.213s] running build_py
[8.227s] running install
[8.228s] running install_lib
[8.229s] running install_data
[8.238s] running install_egg_info
[8.258s] removing '/home/claudio/progetto_ros2/install/robot_launcher/lib/python3.10/site-packages/robot_launcher-0.0.0-py3.10.egg-info' (and everything under it)
[8.258s] Copying ../../build/robot_launcher/robot_launcher.egg-info to /home/claudio/progetto_ros2/install/robot_launcher/lib/python3.10/site-packages/robot_launcher-0.0.0-py3.10.egg-info
[8.281s] running install_scripts
[8.411s] writing list of installed files to '/home/claudio/progetto_ros2/build/robot_launcher/install.log'
[8.589s] Invoked command in '/home/claudio/progetto_ros2/src/robot_launcher' returned '0': PYTHONPATH=/home/claudio/progetto_ros2/build/robot_launcher/prefix_override:/usr/lib/python3/dist-packages/colcon_core/task/python/colcon_distutils_commands:/home/claudio/progetto_ros2/install/robot_launcher/lib/python3.10/site-packages:${PYTHONPATH} /usr/bin/python3 -W ignore:setup.py install is deprecated -W ignore:easy_install command is deprecated setup.py egg_info --egg-base ../../build/robot_launcher build --build-base /home/claudio/progetto_ros2/build/robot_launcher/build install --record /home/claudio/progetto_ros2/build/robot_launcher/install.log --single-version-externally-managed install_data
