[7.475s] Invoking command in '/home/claudio/progetto_ros2/src/robot_launcher': PYTHONPATH=/home/claudio/progetto_ros2/build/robot_launcher/prefix_override:/usr/lib/python3/dist-packages/colcon_core/task/python/colcon_distutils_commands:/home/claudio/progetto_ros2/install/robot_launcher/lib/python3.10/site-packages:${PYTHONPATH} /usr/bin/python3 -W ignore:setup.py install is deprecated -W ignore:easy_install command is deprecated setup.py egg_info --egg-base ../../build/robot_launcher build --build-base /home/claudio/progetto_ros2/build/robot_launcher/build install --record /home/claudio/progetto_ros2/build/robot_launcher/install.log --single-version-externally-managed install_data
[9.045s] running egg_info
[9.048s] writing ../../build/robot_launcher/robot_launcher.egg-info/PKG-INFO
[9.050s] writing dependency_links to ../../build/robot_launcher/robot_launcher.egg-info/dependency_links.txt
[9.050s] writing entry points to ../../build/robot_launcher/robot_launcher.egg-info/entry_points.txt
[9.052s] writing requirements to ../../build/robot_launcher/robot_launcher.egg-info/requires.txt
[9.053s] writing top-level names to ../../build/robot_launcher/robot_launcher.egg-info/top_level.txt
[9.064s] reading manifest file '../../build/robot_launcher/robot_launcher.egg-info/SOURCES.txt'
[9.064s] writing manifest file '../../build/robot_launcher/robot_launcher.egg-info/SOURCES.txt'
[9.064s] running build
[9.065s] running build_py
[9.065s] running install
[9.065s] running install_lib
[9.070s] running install_data
[9.070s] running install_egg_info
[9.072s] removing '/home/claudio/progetto_ros2/install/robot_launcher/lib/python3.10/site-packages/robot_launcher-0.0.0-py3.10.egg-info' (and everything under it)
[9.074s] Copying ../../build/robot_launcher/robot_launcher.egg-info to /home/claudio/progetto_ros2/install/robot_launcher/lib/python3.10/site-packages/robot_launcher-0.0.0-py3.10.egg-info
[9.084s] running install_scripts
[9.176s] writing list of installed files to '/home/claudio/progetto_ros2/build/robot_launcher/install.log'
[9.286s] Invoked command in '/home/claudio/progetto_ros2/src/robot_launcher' returned '0': PYTHONPATH=/home/claudio/progetto_ros2/build/robot_launcher/prefix_override:/usr/lib/python3/dist-packages/colcon_core/task/python/colcon_distutils_commands:/home/claudio/progetto_ros2/install/robot_launcher/lib/python3.10/site-packages:${PYTHONPATH} /usr/bin/python3 -W ignore:setup.py install is deprecated -W ignore:easy_install command is deprecated setup.py egg_info --egg-base ../../build/robot_launcher build --build-base /home/claudio/progetto_ros2/build/robot_launcher/build install --record /home/claudio/progetto_ros2/build/robot_launcher/install.log --single-version-externally-managed install_data
