[0.000000] (-) TimerEvent: {}
[0.002671] (robot_launcher) JobQueued: {'identifier': 'robot_launcher', 'dependencies': OrderedDict()}
[0.002985] (robot_nodes) JobQueued: {'identifier': 'robot_nodes', 'dependencies': OrderedDict()}
[0.003224] (robot_launcher) JobStarted: {'identifier': 'robot_launcher'}
[0.057840] (robot_nodes) JobStarted: {'identifier': 'robot_nodes'}
[0.099941] (-) TimerEvent: {}
[0.200927] (-) TimerEvent: {}
[0.304154] (-) TimerEvent: {}
[0.404878] (-) TimerEvent: {}
[0.505794] (-) TimerEvent: {}
[0.606658] (-) TimerEvent: {}
[0.709674] (-) TimerEvent: {}
[0.810280] (-) TimerEvent: {}
[0.913452] (-) TimerEvent: {}
[1.014206] (-) TimerEvent: {}
[1.114805] (-) TimerEvent: {}
[1.121308] (robot_launcher) JobEnded: {'identifier': 'robot_launcher', 'rc': 0}
[1.215670] (-) TimerEvent: {}
[1.316403] (-) TimerEvent: {}
[1.421148] (-) TimerEvent: {}
[1.522004] (-) TimerEvent: {}
[1.622756] (-) TimerEvent: {}
[1.723564] (-) TimerEvent: {}
[1.825183] (-) TimerEvent: {}
[1.929117] (-) TimerEvent: {}
[2.032258] (-) TimerEvent: {}
[2.134240] (-) TimerEvent: {}
[2.240234] (-) TimerEvent: {}
[2.340999] (-) TimerEvent: {}
[2.443725] (-) TimerEvent: {}
[2.549145] (-) TimerEvent: {}
[2.640541] (robot_nodes) JobEnded: {'identifier': 'robot_nodes', 'rc': 'SIGINT'}
[2.649343] (-) TimerEvent: {}
[2.656159] (-) EventReactorShutdown: {}
