[5.021s] Invoking command in '/home/claudio/progetto_ros2/src/robot_launcher': PYTHONPATH=/home/claudio/progetto_ros2/build/robot_launcher/prefix_override:/usr/lib/python3/dist-packages/colcon_core/task/python/colcon_distutils_commands:/home/claudio/progetto_ros2/install/robot_launcher/lib/python3.10/site-packages:${PYTHONPATH} /usr/bin/python3 -W ignore:setup.py install is deprecated -W ignore:easy_install command is deprecated setup.py egg_info --egg-base ../../build/robot_launcher build --build-base /home/claudio/progetto_ros2/build/robot_launcher/build install --record /home/claudio/progetto_ros2/build/robot_launcher/install.log --single-version-externally-managed install_data
[6.491s] running egg_info
[6.491s] writing ../../build/robot_launcher/robot_launcher.egg-info/PKG-INFO
[6.491s] writing dependency_links to ../../build/robot_launcher/robot_launcher.egg-info/dependency_links.txt
[6.493s] writing entry points to ../../build/robot_launcher/robot_launcher.egg-info/entry_points.txt
[6.493s] writing requirements to ../../build/robot_launcher/robot_launcher.egg-info/requires.txt
[6.493s] writing top-level names to ../../build/robot_launcher/robot_launcher.egg-info/top_level.txt
[6.497s] reading manifest file '../../build/robot_launcher/robot_launcher.egg-info/SOURCES.txt'
[6.500s] writing manifest file '../../build/robot_launcher/robot_launcher.egg-info/SOURCES.txt'
[6.501s] running build
[6.501s] running build_py
[6.502s] running install
[6.503s] running install_lib
[6.506s] running install_data
[6.507s] running install_egg_info
[6.517s] removing '/home/claudio/progetto_ros2/install/robot_launcher/lib/python3.10/site-packages/robot_launcher-0.0.0-py3.10.egg-info' (and everything under it)
[6.520s] Copying ../../build/robot_launcher/robot_launcher.egg-info to /home/claudio/progetto_ros2/install/robot_launcher/lib/python3.10/site-packages/robot_launcher-0.0.0-py3.10.egg-info
[6.525s] running install_scripts
[6.614s] writing list of installed files to '/home/claudio/progetto_ros2/build/robot_launcher/install.log'
[6.742s] Invoked command in '/home/claudio/progetto_ros2/src/robot_launcher' returned '0': PYTHONPATH=/home/claudio/progetto_ros2/build/robot_launcher/prefix_override:/usr/lib/python3/dist-packages/colcon_core/task/python/colcon_distutils_commands:/home/claudio/progetto_ros2/install/robot_launcher/lib/python3.10/site-packages:${PYTHONPATH} /usr/bin/python3 -W ignore:setup.py install is deprecated -W ignore:easy_install command is deprecated setup.py egg_info --egg-base ../../build/robot_launcher build --build-base /home/claudio/progetto_ros2/build/robot_launcher/build install --record /home/claudio/progetto_ros2/build/robot_launcher/install.log --single-version-externally-managed install_data
