[1.603s] Invoking command in '/home/claudio/progetto_ros2/build/robot_launcher': PYTHONPATH=/home/claudio/progetto_ros2/build/robot_launcher/prefix_override:/usr/lib/python3/dist-packages/colcon_core/task/python/colcon_distutils_commands:/home/claudio/progetto_ros2/install/robot_launcher/lib/python3.10/site-packages:${PYTHONPATH} /usr/bin/python3 -W ignore:setup.py install is deprecated -W ignore:easy_install command is deprecated setup.py develop --uninstall --editable --build-directory /home/claudio/progetto_ros2/build/robot_launcher/build
[2.038s] running develop
[2.331s] Removing /home/claudio/progetto_ros2/install/robot_launcher/lib/python3.10/site-packages/robot-launcher.egg-link (link to .)
[2.389s] Invoked command in '/home/claudio/progetto_ros2/build/robot_launcher' returned '0': PYTHONPATH=/home/claudio/progetto_ros2/build/robot_launcher/prefix_override:/usr/lib/python3/dist-packages/colcon_core/task/python/colcon_distutils_commands:/home/claudio/progetto_ros2/install/robot_launcher/lib/python3.10/site-packages:${PYTHONPATH} /usr/bin/python3 -W ignore:setup.py install is deprecated -W ignore:easy_install command is deprecated setup.py develop --uninstall --editable --build-directory /home/claudio/progetto_ros2/build/robot_launcher/build
[2.393s] Invoking command in '/home/claudio/progetto_ros2/src/robot_launcher': PYTHONPATH=/home/claudio/progetto_ros2/build/robot_launcher/prefix_override:/usr/lib/python3/dist-packages/colcon_core/task/python/colcon_distutils_commands:/home/claudio/progetto_ros2/install/robot_launcher/lib/python3.10/site-packages:${PYTHONPATH} /usr/bin/python3 -W ignore:setup.py install is deprecated -W ignore:easy_install command is deprecated setup.py egg_info --egg-base ../../build/robot_launcher build --build-base /home/claudio/progetto_ros2/build/robot_launcher/build install --record /home/claudio/progetto_ros2/build/robot_launcher/install.log --single-version-externally-managed install_data --force
[2.795s] running egg_info
[2.796s] writing ../../build/robot_launcher/robot_launcher.egg-info/PKG-INFO
[2.796s] writing dependency_links to ../../build/robot_launcher/robot_launcher.egg-info/dependency_links.txt
[2.797s] writing entry points to ../../build/robot_launcher/robot_launcher.egg-info/entry_points.txt
[2.797s] writing requirements to ../../build/robot_launcher/robot_launcher.egg-info/requires.txt
[2.797s] writing top-level names to ../../build/robot_launcher/robot_launcher.egg-info/top_level.txt
[2.800s] reading manifest file '../../build/robot_launcher/robot_launcher.egg-info/SOURCES.txt'
[2.802s] writing manifest file '../../build/robot_launcher/robot_launcher.egg-info/SOURCES.txt'
[2.802s] running build
[2.802s] running build_py
[2.803s] running install
[2.803s] running install_lib
[2.805s] creating /home/claudio/progetto_ros2/install/robot_launcher/lib/python3.10/site-packages/robot_launcher
[2.805s] copying /home/claudio/progetto_ros2/build/robot_launcher/build/lib/robot_launcher/__init__.py -> /home/claudio/progetto_ros2/install/robot_launcher/lib/python3.10/site-packages/robot_launcher
[2.806s] byte-compiling /home/claudio/progetto_ros2/install/robot_launcher/lib/python3.10/site-packages/robot_launcher/__init__.py to __init__.cpython-310.pyc
[2.806s] running install_data
[2.806s] copying resource/robot_launcher -> /home/claudio/progetto_ros2/install/robot_launcher/share/ament_index/resource_index/packages
[2.807s] copying launch/master_launch.py -> /home/claudio/progetto_ros2/install/robot_launcher/share/robot_launcher/launch
[2.807s] running install_egg_info
[2.811s] Copying ../../build/robot_launcher/robot_launcher.egg-info to /home/claudio/progetto_ros2/install/robot_launcher/lib/python3.10/site-packages/robot_launcher-0.0.0-py3.10.egg-info
[2.812s] running install_scripts
[2.853s] writing list of installed files to '/home/claudio/progetto_ros2/build/robot_launcher/install.log'
[2.897s] Invoked command in '/home/claudio/progetto_ros2/src/robot_launcher' returned '0': PYTHONPATH=/home/claudio/progetto_ros2/build/robot_launcher/prefix_override:/usr/lib/python3/dist-packages/colcon_core/task/python/colcon_distutils_commands:/home/claudio/progetto_ros2/install/robot_launcher/lib/python3.10/site-packages:${PYTHONPATH} /usr/bin/python3 -W ignore:setup.py install is deprecated -W ignore:easy_install command is deprecated setup.py egg_info --egg-base ../../build/robot_launcher build --build-base /home/claudio/progetto_ros2/build/robot_launcher/build install --record /home/claudio/progetto_ros2/build/robot_launcher/install.log --single-version-externally-managed install_data --force
