[0.666s] Invoking command in '/home/claudio/Desktop/progetto_ros2/src/robot_launcher': PYTHONPATH=/home/claudio/Desktop/progetto_ros2/build/robot_launcher/prefix_override:/usr/lib/python3/dist-packages/colcon_core/task/python/colcon_distutils_commands:/home/claudio/Desktop/progetto_ros2/install/robot_launcher/lib/python3.10/site-packages:${PYTHONPATH} /usr/bin/python3 -W ignore:setup.py install is deprecated -W ignore:easy_install command is deprecated setup.py egg_info --egg-base ../../build/robot_launcher build --build-base /home/claudio/Desktop/progetto_ros2/build/robot_launcher/build install --record /home/claudio/Desktop/progetto_ros2/build/robot_launcher/install.log --single-version-externally-managed install_data
[0.909s] running egg_info
[0.909s] writing ../../build/robot_launcher/robot_launcher.egg-info/PKG-INFO
[0.910s] writing dependency_links to ../../build/robot_launcher/robot_launcher.egg-info/dependency_links.txt
[0.910s] writing entry points to ../../build/robot_launcher/robot_launcher.egg-info/entry_points.txt
[0.910s] writing requirements to ../../build/robot_launcher/robot_launcher.egg-info/requires.txt
[0.910s] writing top-level names to ../../build/robot_launcher/robot_launcher.egg-info/top_level.txt
[0.912s] reading manifest file '../../build/robot_launcher/robot_launcher.egg-info/SOURCES.txt'
[0.912s] writing manifest file '../../build/robot_launcher/robot_launcher.egg-info/SOURCES.txt'
[0.913s] running build
[0.913s] running build_py
[0.913s] running install
[0.913s] running install_lib
[0.914s] running install_data
[0.914s] copying launch/full_system.launch.py -> /home/claudio/Desktop/progetto_ros2/install/robot_launcher/share/robot_launcher/launch
[0.914s] running install_egg_info
[0.916s] removing '/home/claudio/Desktop/progetto_ros2/install/robot_launcher/lib/python3.10/site-packages/robot_launcher-0.0.0-py3.10.egg-info' (and everything under it)
[0.916s] Copying ../../build/robot_launcher/robot_launcher.egg-info to /home/claudio/Desktop/progetto_ros2/install/robot_launcher/lib/python3.10/site-packages/robot_launcher-0.0.0-py3.10.egg-info
[0.917s] running install_scripts
[0.941s] writing list of installed files to '/home/claudio/Desktop/progetto_ros2/build/robot_launcher/install.log'
[0.964s] Invoked command in '/home/claudio/Desktop/progetto_ros2/src/robot_launcher' returned '0': PYTHONPATH=/home/claudio/Desktop/progetto_ros2/build/robot_launcher/prefix_override:/usr/lib/python3/dist-packages/colcon_core/task/python/colcon_distutils_commands:/home/claudio/Desktop/progetto_ros2/install/robot_launcher/lib/python3.10/site-packages:${PYTHONPATH} /usr/bin/python3 -W ignore:setup.py install is deprecated -W ignore:easy_install command is deprecated setup.py egg_info --egg-base ../../build/robot_launcher build --build-base /home/claudio/Desktop/progetto_ros2/build/robot_launcher/build install --record /home/claudio/Desktop/progetto_ros2/build/robot_launcher/install.log --single-version-externally-managed install_data
