[6.305s] Invoking command in '/home/claudio/progetto_ros2/src/robot_nodes': PYTHONPATH=/home/claudio/progetto_ros2/build/robot_nodes/prefix_override:/usr/lib/python3/dist-packages/colcon_core/task/python/colcon_distutils_commands:/home/claudio/progetto_ros2/install/robot_nodes/lib/python3.10/site-packages:${PYTHONPATH} /usr/bin/python3 -W ignore:setup.py install is deprecated -W ignore:easy_install command is deprecated setup.py egg_info --egg-base ../../build/robot_nodes build --build-base /home/claudio/progetto_ros2/build/robot_nodes/build install --record /home/claudio/progetto_ros2/build/robot_nodes/install.log --single-version-externally-managed install_data
[7.998s] running egg_info
[8.000s] writing ../../build/robot_nodes/robot_nodes.egg-info/PKG-INFO
[8.001s] writing dependency_links to ../../build/robot_nodes/robot_nodes.egg-info/dependency_links.txt
[8.002s] writing entry points to ../../build/robot_nodes/robot_nodes.egg-info/entry_points.txt
[8.002s] writing requirements to ../../build/robot_nodes/robot_nodes.egg-info/requires.txt
[8.003s] writing top-level names to ../../build/robot_nodes/robot_nodes.egg-info/top_level.txt
[8.015s] reading manifest file '../../build/robot_nodes/robot_nodes.egg-info/SOURCES.txt'
[8.017s] writing manifest file '../../build/robot_nodes/robot_nodes.egg-info/SOURCES.txt'
[8.017s] running build
[8.017s] running build_py
[8.018s] running install
[8.019s] running install_lib
[8.034s] running install_data
[8.035s] running install_egg_info
[8.043s] removing '/home/claudio/progetto_ros2/install/robot_nodes/lib/python3.10/site-packages/robot_nodes-0.0.0-py3.10.egg-info' (and everything under it)
[8.044s] Copying ../../build/robot_nodes/robot_nodes.egg-info to /home/claudio/progetto_ros2/install/robot_nodes/lib/python3.10/site-packages/robot_nodes-0.0.0-py3.10.egg-info
[8.047s] running install_scripts
[8.165s] Installing macchina_a_stati script to /home/claudio/progetto_ros2/install/robot_nodes/lib/robot_nodes
[8.166s] Installing testa_e_aruco script to /home/claudio/progetto_ros2/install/robot_nodes/lib/robot_nodes
[8.168s] writing list of installed files to '/home/claudio/progetto_ros2/build/robot_nodes/install.log'
[8.320s] Invoked command in '/home/claudio/progetto_ros2/src/robot_nodes' returned '0': PYTHONPATH=/home/claudio/progetto_ros2/build/robot_nodes/prefix_override:/usr/lib/python3/dist-packages/colcon_core/task/python/colcon_distutils_commands:/home/claudio/progetto_ros2/install/robot_nodes/lib/python3.10/site-packages:${PYTHONPATH} /usr/bin/python3 -W ignore:setup.py install is deprecated -W ignore:easy_install command is deprecated setup.py egg_info --egg-base ../../build/robot_nodes build --build-base /home/claudio/progetto_ros2/build/robot_nodes/build install --record /home/claudio/progetto_ros2/build/robot_nodes/install.log --single-version-externally-managed install_data
