running egg_info
creating ../../build/robot_launcher/robot_launcher.egg-info
writing ../../build/robot_launcher/robot_launcher.egg-info/PKG-INFO
writing dependency_links to ../../build/robot_launcher/robot_launcher.egg-info/dependency_links.txt
writing entry points to ../../build/robot_launcher/robot_launcher.egg-info/entry_points.txt
writing requirements to ../../build/robot_launcher/robot_launcher.egg-info/requires.txt
writing top-level names to ../../build/robot_launcher/robot_launcher.egg-info/top_level.txt
writing manifest file '../../build/robot_launcher/robot_launcher.egg-info/SOURCES.txt'
reading manifest file '../../build/robot_launcher/robot_launcher.egg-info/SOURCES.txt'
writing manifest file '../../build/robot_launcher/robot_launcher.egg-info/SOURCES.txt'
running build
running build_py
creating /home/claudio/Desktop/progetto_ros2/build/robot_launcher/build
creating /home/claudio/Desktop/progetto_ros2/build/robot_launcher/build/lib
creating /home/claudio/Desktop/progetto_ros2/build/robot_launcher/build/lib/robot_launcher
copying robot_launcher/__init__.py -> /home/claudio/Desktop/progetto_ros2/build/robot_launcher/build/lib/robot_launcher
running install
running install_lib
creating /home/claudio/Desktop/progetto_ros2/install/robot_launcher/lib/python3.10/site-packages/robot_launcher
copying /home/claudio/Desktop/progetto_ros2/build/robot_launcher/build/lib/robot_launcher/__init__.py -> /home/claudio/Desktop/progetto_ros2/install/robot_launcher/lib/python3.10/site-packages/robot_launcher
byte-compiling /home/claudio/Desktop/progetto_ros2/install/robot_launcher/lib/python3.10/site-packages/robot_launcher/__init__.py to __init__.cpython-310.pyc
running install_data
creating /home/claudio/Desktop/progetto_ros2/install/robot_launcher/share/ament_index
creating /home/claudio/Desktop/progetto_ros2/install/robot_launcher/share/ament_index/resource_index
creating /home/claudio/Desktop/progetto_ros2/install/robot_launcher/share/ament_index/resource_index/packages
copying resource/robot_launcher -> /home/claudio/Desktop/progetto_ros2/install/robot_launcher/share/ament_index/resource_index/packages
copying package.xml -> /home/claudio/Desktop/progetto_ros2/install/robot_launcher/share/robot_launcher
creating /home/claudio/Desktop/progetto_ros2/install/robot_launcher/share/robot_launcher/launch
copying launch/debug_system.launch.py -> /home/claudio/Desktop/progetto_ros2/install/robot_launcher/share/robot_launcher/launch
copying launch/tiago_launch.py -> /home/claudio/Desktop/progetto_ros2/install/robot_launcher/share/robot_launcher/launch
copying launch/full_system.launch.py -> /home/claudio/Desktop/progetto_ros2/install/robot_launcher/share/robot_launcher/launch
copying launch/main_system.launch.py -> /home/claudio/Desktop/progetto_ros2/install/robot_launcher/share/robot_launcher/launch
copying launch/alternative_system.launch.py -> /home/claudio/Desktop/progetto_ros2/install/robot_launcher/share/robot_launcher/launch
running install_egg_info
Copying ../../build/robot_launcher/robot_launcher.egg-info to /home/claudio/Desktop/progetto_ros2/install/robot_launcher/lib/python3.10/site-packages/robot_launcher-0.0.0-py3.10.egg-info
running install_scripts
writing list of installed files to '/home/claudio/Desktop/progetto_ros2/build/robot_launcher/install.log'
