[0.607s] DEBUG:colcon:Command line arguments: ['/usr/bin/colcon', 'build']
[0.607s] DEBUG:colcon:Parsed command line arguments: Namespace(log_base=None, log_level=None, verb_name='build', build_base='build', install_base='install', merge_install=False, symlink_install=False, test_result_base=None, continue_on_error=False, executor='parallel', parallel_workers=4, event_handlers=None, ignore_user_meta=False, metas=['./colcon.meta'], base_paths=['.'], packages_ignore=None, packages_ignore_regex=None, paths=None, packages_up_to=None, packages_up_to_regex=None, packages_above=None, packages_above_and_dependencies=None, packages_above_depth=None, packages_select_by_dep=None, packages_skip_by_dep=None, packages_skip_up_to=None, packages_select_build_failed=False, packages_skip_build_finished=False, packages_select_test_failures=False, packages_skip_test_passed=False, packages_select=None, packages_skip=None, packages_select_regex=None, packages_skip_regex=None, packages_start=None, packages_end=None, allow_overriding=[], cmake_args=None, cmake_target=None, cmake_target_skip_unavailable=False, cmake_clean_cache=False, cmake_clean_first=False, cmake_force_configure=False, ament_cmake_args=None, catkin_cmake_args=None, catkin_skip_building_tests=False, verb_parser=<colcon_defaults.argument_parser.defaults.DefaultArgumentsDecorator object at 0x7b1ff9d52920>, verb_extension=<colcon_core.verb.build.BuildVerb object at 0x7b1ff9e90400>, main=<bound method BuildVerb.main of <colcon_core.verb.build.BuildVerb object at 0x7b1ff9e90400>>)
[1.557s] Level 1:colcon.colcon_core.package_discovery:discover_packages(colcon_meta) check parameters
[1.557s] Level 1:colcon.colcon_core.package_discovery:discover_packages(recursive) check parameters
[1.557s] Level 1:colcon.colcon_core.package_discovery:discover_packages(ignore) check parameters
[1.558s] Level 1:colcon.colcon_core.package_discovery:discover_packages(path) check parameters
[1.558s] Level 1:colcon.colcon_core.package_discovery:discover_packages(colcon_meta) discover
[1.558s] Level 1:colcon.colcon_core.package_discovery:discover_packages(recursive) discover
[1.558s] INFO:colcon.colcon_core.package_discovery:Crawling recursively for packages in '/home/claudio/progetto_ros2'
[1.559s] Level 1:colcon.colcon_core.package_identification:_identify(.) by extensions ['ignore', 'ignore_ament_install']
[1.560s] Level 1:colcon.colcon_core.package_identification:_identify(.) by extension 'ignore'
[1.561s] Level 1:colcon.colcon_core.package_identification:_identify(.) by extension 'ignore_ament_install'
[1.561s] Level 1:colcon.colcon_core.package_identification:_identify(.) by extensions ['colcon_pkg']
[1.561s] Level 1:colcon.colcon_core.package_identification:_identify(.) by extension 'colcon_pkg'
[1.562s] Level 1:colcon.colcon_core.package_identification:_identify(.) by extensions ['colcon_meta']
[1.562s] Level 1:colcon.colcon_core.package_identification:_identify(.) by extension 'colcon_meta'
[1.562s] Level 1:colcon.colcon_core.package_identification:_identify(.) by extensions ['ros']
[1.563s] Level 1:colcon.colcon_core.package_identification:_identify(.) by extension 'ros'
[1.615s] Level 1:colcon.colcon_core.package_identification:_identify(.) by extensions ['cmake', 'python']
[1.615s] Level 1:colcon.colcon_core.package_identification:_identify(.) by extension 'cmake'
[1.616s] Level 1:colcon.colcon_core.package_identification:_identify(.) by extension 'python'
[1.617s] Level 1:colcon.colcon_core.package_identification:_identify(.) by extensions ['python_setup_py']
[1.617s] Level 1:colcon.colcon_core.package_identification:_identify(.) by extension 'python_setup_py'
[1.618s] Level 1:colcon.colcon_core.package_identification:_identify(build) by extensions ['ignore', 'ignore_ament_install']
[1.619s] Level 1:colcon.colcon_core.package_identification:_identify(build) by extension 'ignore'
[1.619s] Level 1:colcon.colcon_core.package_identification:_identify(build) ignored
[1.620s] Level 1:colcon.colcon_core.package_identification:_identify(install) by extensions ['ignore', 'ignore_ament_install']
[1.621s] Level 1:colcon.colcon_core.package_identification:_identify(install) by extension 'ignore'
[1.621s] Level 1:colcon.colcon_core.package_identification:_identify(install) ignored
[1.622s] Level 1:colcon.colcon_core.package_identification:_identify(log) by extensions ['ignore', 'ignore_ament_install']
[1.623s] Level 1:colcon.colcon_core.package_identification:_identify(log) by extension 'ignore'
[1.623s] Level 1:colcon.colcon_core.package_identification:_identify(log) ignored
[1.624s] Level 1:colcon.colcon_core.package_identification:_identify(src) by extensions ['ignore', 'ignore_ament_install']
[1.624s] Level 1:colcon.colcon_core.package_identification:_identify(src) by extension 'ignore'
[1.624s] Level 1:colcon.colcon_core.package_identification:_identify(src) by extension 'ignore_ament_install'
[1.624s] Level 1:colcon.colcon_core.package_identification:_identify(src) by extensions ['colcon_pkg']
[1.625s] Level 1:colcon.colcon_core.package_identification:_identify(src) by extension 'colcon_pkg'
[1.625s] Level 1:colcon.colcon_core.package_identification:_identify(src) by extensions ['colcon_meta']
[1.625s] Level 1:colcon.colcon_core.package_identification:_identify(src) by extension 'colcon_meta'
[1.625s] Level 1:colcon.colcon_core.package_identification:_identify(src) by extensions ['ros']
[1.626s] Level 1:colcon.colcon_core.package_identification:_identify(src) by extension 'ros'
[1.627s] Level 1:colcon.colcon_core.package_identification:_identify(src) by extensions ['cmake', 'python']
[1.628s] Level 1:colcon.colcon_core.package_identification:_identify(src) by extension 'cmake'
[1.629s] Level 1:colcon.colcon_core.package_identification:_identify(src) by extension 'python'
[1.630s] Level 1:colcon.colcon_core.package_identification:_identify(src) by extensions ['python_setup_py']
[1.631s] Level 1:colcon.colcon_core.package_identification:_identify(src) by extension 'python_setup_py'
[1.632s] Level 1:colcon.colcon_core.package_identification:_identify(src/robot_launcher) by extensions ['ignore', 'ignore_ament_install']
[1.633s] Level 1:colcon.colcon_core.package_identification:_identify(src/robot_launcher) by extension 'ignore'
[1.634s] Level 1:colcon.colcon_core.package_identification:_identify(src/robot_launcher) by extension 'ignore_ament_install'
[1.635s] Level 1:colcon.colcon_core.package_identification:_identify(src/robot_launcher) by extensions ['colcon_pkg']
[1.636s] Level 1:colcon.colcon_core.package_identification:_identify(src/robot_launcher) by extension 'colcon_pkg'
[1.637s] Level 1:colcon.colcon_core.package_identification:_identify(src/robot_launcher) by extensions ['colcon_meta']
[1.638s] Level 1:colcon.colcon_core.package_identification:_identify(src/robot_launcher) by extension 'colcon_meta'
[1.639s] Level 1:colcon.colcon_core.package_identification:_identify(src/robot_launcher) by extensions ['ros']
[1.640s] Level 1:colcon.colcon_core.package_identification:_identify(src/robot_launcher) by extension 'ros'
[1.653s] DEBUG:colcon.colcon_core.package_identification:Package 'src/robot_launcher' with type 'ros.ament_python' and name 'robot_launcher'
[1.654s] Level 1:colcon.colcon_core.package_identification:_identify(src/robot_nodes) by extensions ['ignore', 'ignore_ament_install']
[1.655s] Level 1:colcon.colcon_core.package_identification:_identify(src/robot_nodes) by extension 'ignore'
[1.655s] Level 1:colcon.colcon_core.package_identification:_identify(src/robot_nodes) by extension 'ignore_ament_install'
[1.656s] Level 1:colcon.colcon_core.package_identification:_identify(src/robot_nodes) by extensions ['colcon_pkg']
[1.656s] Level 1:colcon.colcon_core.package_identification:_identify(src/robot_nodes) by extension 'colcon_pkg'
[1.656s] Level 1:colcon.colcon_core.package_identification:_identify(src/robot_nodes) by extensions ['colcon_meta']
[1.657s] Level 1:colcon.colcon_core.package_identification:_identify(src/robot_nodes) by extension 'colcon_meta'
[1.657s] Level 1:colcon.colcon_core.package_identification:_identify(src/robot_nodes) by extensions ['ros']
[1.658s] Level 1:colcon.colcon_core.package_identification:_identify(src/robot_nodes) by extension 'ros'
[1.662s] DEBUG:colcon.colcon_core.package_identification:Package 'src/robot_nodes' with type 'ros.ament_python' and name 'robot_nodes'
[1.663s] Level 1:colcon.colcon_core.package_discovery:discover_packages(recursive) using defaults
[1.663s] Level 1:colcon.colcon_core.package_discovery:discover_packages(ignore) discover
[1.663s] Level 1:colcon.colcon_core.package_discovery:discover_packages(ignore) using defaults
[1.664s] Level 1:colcon.colcon_core.package_discovery:discover_packages(path) discover
[1.664s] Level 1:colcon.colcon_core.package_discovery:discover_packages(path) using defaults
[1.799s] Level 1:colcon.colcon_core.package_discovery:discover_packages(prefix_path) check parameters
[1.800s] Level 1:colcon.colcon_core.package_discovery:discover_packages(prefix_path) discover
[1.818s] DEBUG:colcon.colcon_installed_package_information.package_discovery:Found 2 installed packages in /home/claudio/progetto_ros2/install
[1.827s] DEBUG:colcon.colcon_installed_package_information.package_discovery:Found 39 installed packages in /home/claudio/tiago_public_ws/install
[1.836s] DEBUG:colcon.colcon_installed_package_information.package_discovery:Found 391 installed packages in /opt/ros/humble
[1.846s] Level 1:colcon.colcon_core.package_discovery:discover_packages(prefix_path) using defaults
[2.110s] Level 5:colcon.colcon_core.verb:set package 'robot_launcher' build argument 'cmake_args' from command line to 'None'
[2.111s] Level 5:colcon.colcon_core.verb:set package 'robot_launcher' build argument 'cmake_target' from command line to 'None'
[2.111s] Level 5:colcon.colcon_core.verb:set package 'robot_launcher' build argument 'cmake_target_skip_unavailable' from command line to 'False'
[2.112s] Level 5:colcon.colcon_core.verb:set package 'robot_launcher' build argument 'cmake_clean_cache' from command line to 'False'
[2.112s] Level 5:colcon.colcon_core.verb:set package 'robot_launcher' build argument 'cmake_clean_first' from command line to 'False'
[2.112s] Level 5:colcon.colcon_core.verb:set package 'robot_launcher' build argument 'cmake_force_configure' from command line to 'False'
[2.112s] Level 5:colcon.colcon_core.verb:set package 'robot_launcher' build argument 'ament_cmake_args' from command line to 'None'
[2.113s] Level 5:colcon.colcon_core.verb:set package 'robot_launcher' build argument 'catkin_cmake_args' from command line to 'None'
[2.113s] Level 5:colcon.colcon_core.verb:set package 'robot_launcher' build argument 'catkin_skip_building_tests' from command line to 'False'
[2.113s] DEBUG:colcon.colcon_core.verb:Building package 'robot_launcher' with the following arguments: {'ament_cmake_args': None, 'build_base': '/home/claudio/progetto_ros2/build/robot_launcher', 'catkin_cmake_args': None, 'catkin_skip_building_tests': False, 'cmake_args': None, 'cmake_clean_cache': False, 'cmake_clean_first': False, 'cmake_force_configure': False, 'cmake_target': None, 'cmake_target_skip_unavailable': False, 'install_base': '/home/claudio/progetto_ros2/install/robot_launcher', 'merge_install': False, 'path': '/home/claudio/progetto_ros2/src/robot_launcher', 'symlink_install': False, 'test_result_base': None}
[2.115s] Level 5:colcon.colcon_core.verb:set package 'robot_nodes' build argument 'cmake_args' from command line to 'None'
[2.116s] Level 5:colcon.colcon_core.verb:set package 'robot_nodes' build argument 'cmake_target' from command line to 'None'
[2.116s] Level 5:colcon.colcon_core.verb:set package 'robot_nodes' build argument 'cmake_target_skip_unavailable' from command line to 'False'
[2.117s] Level 5:colcon.colcon_core.verb:set package 'robot_nodes' build argument 'cmake_clean_cache' from command line to 'False'
[2.117s] Level 5:colcon.colcon_core.verb:set package 'robot_nodes' build argument 'cmake_clean_first' from command line to 'False'
[2.118s] Level 5:colcon.colcon_core.verb:set package 'robot_nodes' build argument 'cmake_force_configure' from command line to 'False'
[2.118s] Level 5:colcon.colcon_core.verb:set package 'robot_nodes' build argument 'ament_cmake_args' from command line to 'None'
[2.118s] Level 5:colcon.colcon_core.verb:set package 'robot_nodes' build argument 'catkin_cmake_args' from command line to 'None'
[2.119s] Level 5:colcon.colcon_core.verb:set package 'robot_nodes' build argument 'catkin_skip_building_tests' from command line to 'False'
[2.119s] DEBUG:colcon.colcon_core.verb:Building package 'robot_nodes' with the following arguments: {'ament_cmake_args': None, 'build_base': '/home/claudio/progetto_ros2/build/robot_nodes', 'catkin_cmake_args': None, 'catkin_skip_building_tests': False, 'cmake_args': None, 'cmake_clean_cache': False, 'cmake_clean_first': False, 'cmake_force_configure': False, 'cmake_target': None, 'cmake_target_skip_unavailable': False, 'install_base': '/home/claudio/progetto_ros2/install/robot_nodes', 'merge_install': False, 'path': '/home/claudio/progetto_ros2/src/robot_nodes', 'symlink_install': False, 'test_result_base': None}
[2.119s] INFO:colcon.colcon_core.executor:Executing jobs using 'parallel' executor
[2.125s] DEBUG:colcon.colcon_parallel_executor.executor.parallel:run_until_complete
[2.126s] INFO:colcon.colcon_ros.task.ament_python.build:Building ROS package in '/home/claudio/progetto_ros2/src/robot_launcher' with build type 'ament_python'
[2.126s] Level 1:colcon.colcon_core.shell:create_environment_hook('robot_launcher', 'ament_prefix_path')
[2.135s] INFO:colcon.colcon_core.plugin_system:Skipping extension 'colcon_core.shell.bat': Not used on non-Windows systems
[2.139s] INFO:colcon.colcon_core.shell:Creating environment hook '/home/claudio/progetto_ros2/install/robot_launcher/share/robot_launcher/hook/ament_prefix_path.ps1'
[2.145s] INFO:colcon.colcon_core.shell:Creating environment descriptor '/home/claudio/progetto_ros2/install/robot_launcher/share/robot_launcher/hook/ament_prefix_path.dsv'
[2.151s] INFO:colcon.colcon_core.shell:Creating environment hook '/home/claudio/progetto_ros2/install/robot_launcher/share/robot_launcher/hook/ament_prefix_path.sh'
[2.160s] INFO:colcon.colcon_core.shell:Skip shell extension 'powershell' for command environment: Not usable outside of PowerShell
[2.162s] DEBUG:colcon.colcon_core.shell:Skip shell extension 'dsv' for command environment
[2.196s] INFO:colcon.colcon_ros.task.ament_python.build:Building ROS package in '/home/claudio/progetto_ros2/src/robot_nodes' with build type 'ament_python'
[2.199s] Level 1:colcon.colcon_core.shell:create_environment_hook('robot_nodes', 'ament_prefix_path')
[2.204s] INFO:colcon.colcon_core.shell:Creating environment hook '/home/claudio/progetto_ros2/install/robot_nodes/share/robot_nodes/hook/ament_prefix_path.ps1'
[2.210s] INFO:colcon.colcon_core.shell:Creating environment descriptor '/home/claudio/progetto_ros2/install/robot_nodes/share/robot_nodes/hook/ament_prefix_path.dsv'
[2.213s] INFO:colcon.colcon_core.shell:Creating environment hook '/home/claudio/progetto_ros2/install/robot_nodes/share/robot_nodes/hook/ament_prefix_path.sh'
[2.220s] INFO:colcon.colcon_core.shell:Skip shell extension 'powershell' for command environment: Not usable outside of PowerShell
[2.220s] DEBUG:colcon.colcon_core.shell:Skip shell extension 'dsv' for command environment
[3.711s] WARNING:colcon.colcon_ros.task.ament_python.build:Package 'robot_launcher' doesn't explicitly install the 'package.xml' file (colcon-ros currently does it implicitly but that fallback will be removed in the future)
[3.716s] INFO:colcon.colcon_core.task.python.build:Building Python package in '/home/claudio/progetto_ros2/src/robot_launcher'
[3.718s] INFO:colcon.colcon_core.shell:Skip shell extension 'powershell' for command environment: Not usable outside of PowerShell
[3.718s] DEBUG:colcon.colcon_core.shell:Skip shell extension 'dsv' for command environment
[5.121s] INFO:colcon.colcon_core.task.python.build:Building Python package in '/home/claudio/progetto_ros2/src/robot_nodes'
[5.122s] INFO:colcon.colcon_core.shell:Skip shell extension 'powershell' for command environment: Not usable outside of PowerShell
[5.122s] DEBUG:colcon.colcon_core.shell:Skip shell extension 'dsv' for command environment
[7.544s] DEBUG:colcon.colcon_core.event_handler.log_command:Invoking command in '/home/claudio/progetto_ros2/src/robot_nodes': PYTHONPATH=/home/claudio/progetto_ros2/build/robot_nodes/prefix_override:/usr/lib/python3/dist-packages/colcon_core/task/python/colcon_distutils_commands:/home/claudio/progetto_ros2/install/robot_nodes/lib/python3.10/site-packages:${PYTHONPATH} /usr/bin/python3 -W ignore:setup.py install is deprecated -W ignore:easy_install command is deprecated setup.py egg_info --egg-base ../../build/robot_nodes build --build-base /home/claudio/progetto_ros2/build/robot_nodes/build install --record /home/claudio/progetto_ros2/build/robot_nodes/install.log --single-version-externally-managed install_data
[7.659s] DEBUG:colcon.colcon_core.event_handler.log_command:Invoking command in '/home/claudio/progetto_ros2/src/robot_launcher': PYTHONPATH=/home/claudio/progetto_ros2/build/robot_launcher/prefix_override:/usr/lib/python3/dist-packages/colcon_core/task/python/colcon_distutils_commands:/home/claudio/progetto_ros2/install/robot_launcher/lib/python3.10/site-packages:${PYTHONPATH} /usr/bin/python3 -W ignore:setup.py install is deprecated -W ignore:easy_install command is deprecated setup.py egg_info --egg-base ../../build/robot_launcher build --build-base /home/claudio/progetto_ros2/build/robot_launcher/build install --record /home/claudio/progetto_ros2/build/robot_launcher/install.log --single-version-externally-managed install_data
[9.474s] DEBUG:colcon.colcon_core.event_handler.log_command:Invoked command in '/home/claudio/progetto_ros2/src/robot_launcher' returned '0': PYTHONPATH=/home/claudio/progetto_ros2/build/robot_launcher/prefix_override:/usr/lib/python3/dist-packages/colcon_core/task/python/colcon_distutils_commands:/home/claudio/progetto_ros2/install/robot_launcher/lib/python3.10/site-packages:${PYTHONPATH} /usr/bin/python3 -W ignore:setup.py install is deprecated -W ignore:easy_install command is deprecated setup.py egg_info --egg-base ../../build/robot_launcher build --build-base /home/claudio/progetto_ros2/build/robot_launcher/build install --record /home/claudio/progetto_ros2/build/robot_launcher/install.log --single-version-externally-managed install_data
[9.483s] Level 1:colcon.colcon_core.environment:checking '/home/claudio/progetto_ros2/install/robot_launcher' for CMake module files
[9.484s] Level 1:colcon.colcon_core.environment:checking '/home/claudio/progetto_ros2/install/robot_launcher' for CMake config files
[9.487s] Level 1:colcon.colcon_core.environment:checking '/home/claudio/progetto_ros2/install/robot_launcher/lib'
[9.489s] Level 1:colcon.colcon_core.environment:checking '/home/claudio/progetto_ros2/install/robot_launcher/bin'
[9.489s] Level 1:colcon.colcon_core.environment:checking '/home/claudio/progetto_ros2/install/robot_launcher/lib/pkgconfig/robot_launcher.pc'
[9.490s] Level 1:colcon.colcon_core.environment:checking '/home/claudio/progetto_ros2/install/robot_launcher/lib/python3.10/site-packages'
[9.491s] Level 1:colcon.colcon_core.shell:create_environment_hook('robot_launcher', 'pythonpath')
[9.491s] INFO:colcon.colcon_core.shell:Creating environment hook '/home/claudio/progetto_ros2/install/robot_launcher/share/robot_launcher/hook/pythonpath.ps1'
[9.493s] INFO:colcon.colcon_core.shell:Creating environment descriptor '/home/claudio/progetto_ros2/install/robot_launcher/share/robot_launcher/hook/pythonpath.dsv'
[9.494s] INFO:colcon.colcon_core.shell:Creating environment hook '/home/claudio/progetto_ros2/install/robot_launcher/share/robot_launcher/hook/pythonpath.sh'
[9.496s] Level 1:colcon.colcon_core.environment:checking '/home/claudio/progetto_ros2/install/robot_launcher/bin'
[9.497s] Level 1:colcon.colcon_core.environment:create_environment_scripts_only(robot_launcher)
[9.498s] INFO:colcon.colcon_core.shell:Creating package script '/home/claudio/progetto_ros2/install/robot_launcher/share/robot_launcher/package.ps1'
[9.501s] INFO:colcon.colcon_core.shell:Creating package descriptor '/home/claudio/progetto_ros2/install/robot_launcher/share/robot_launcher/package.dsv'
[9.503s] INFO:colcon.colcon_core.shell:Creating package script '/home/claudio/progetto_ros2/install/robot_launcher/share/robot_launcher/package.sh'
[9.507s] INFO:colcon.colcon_core.shell:Creating package script '/home/claudio/progetto_ros2/install/robot_launcher/share/robot_launcher/package.bash'
[9.512s] INFO:colcon.colcon_core.shell:Creating package script '/home/claudio/progetto_ros2/install/robot_launcher/share/robot_launcher/package.zsh'
[9.519s] Level 1:colcon.colcon_core.environment:create_file_with_runtime_dependencies(/home/claudio/progetto_ros2/install/robot_launcher/share/colcon-core/packages/robot_launcher)
[9.839s] Level 1:colcon.colcon_core.environment:checking '/home/claudio/progetto_ros2/install/robot_nodes' for CMake module files
[9.844s] DEBUG:colcon.colcon_core.event_handler.log_command:Invoked command in '/home/claudio/progetto_ros2/src/robot_nodes' returned '0': PYTHONPATH=/home/claudio/progetto_ros2/build/robot_nodes/prefix_override:/usr/lib/python3/dist-packages/colcon_core/task/python/colcon_distutils_commands:/home/claudio/progetto_ros2/install/robot_nodes/lib/python3.10/site-packages:${PYTHONPATH} /usr/bin/python3 -W ignore:setup.py install is deprecated -W ignore:easy_install command is deprecated setup.py egg_info --egg-base ../../build/robot_nodes build --build-base /home/claudio/progetto_ros2/build/robot_nodes/build install --record /home/claudio/progetto_ros2/build/robot_nodes/install.log --single-version-externally-managed install_data
[9.846s] Level 1:colcon.colcon_core.environment:checking '/home/claudio/progetto_ros2/install/robot_nodes' for CMake config files
[9.850s] Level 1:colcon.colcon_core.environment:checking '/home/claudio/progetto_ros2/install/robot_nodes/lib'
[9.851s] Level 1:colcon.colcon_core.environment:checking '/home/claudio/progetto_ros2/install/robot_nodes/bin'
[9.852s] Level 1:colcon.colcon_core.environment:checking '/home/claudio/progetto_ros2/install/robot_nodes/lib/pkgconfig/robot_nodes.pc'
[9.854s] Level 1:colcon.colcon_core.environment:checking '/home/claudio/progetto_ros2/install/robot_nodes/lib/python3.10/site-packages'
[9.855s] Level 1:colcon.colcon_core.shell:create_environment_hook('robot_nodes', 'pythonpath')
[9.857s] INFO:colcon.colcon_core.shell:Creating environment hook '/home/claudio/progetto_ros2/install/robot_nodes/share/robot_nodes/hook/pythonpath.ps1'
[9.860s] INFO:colcon.colcon_core.shell:Creating environment descriptor '/home/claudio/progetto_ros2/install/robot_nodes/share/robot_nodes/hook/pythonpath.dsv'
[9.862s] INFO:colcon.colcon_core.shell:Creating environment hook '/home/claudio/progetto_ros2/install/robot_nodes/share/robot_nodes/hook/pythonpath.sh'
[9.865s] Level 1:colcon.colcon_core.environment:checking '/home/claudio/progetto_ros2/install/robot_nodes/bin'
[9.866s] Level 1:colcon.colcon_core.environment:create_environment_scripts_only(robot_nodes)
[9.867s] INFO:colcon.colcon_core.shell:Creating package script '/home/claudio/progetto_ros2/install/robot_nodes/share/robot_nodes/package.ps1'
[9.871s] INFO:colcon.colcon_core.shell:Creating package descriptor '/home/claudio/progetto_ros2/install/robot_nodes/share/robot_nodes/package.dsv'
[9.873s] INFO:colcon.colcon_core.shell:Creating package script '/home/claudio/progetto_ros2/install/robot_nodes/share/robot_nodes/package.sh'
[9.876s] INFO:colcon.colcon_core.shell:Creating package script '/home/claudio/progetto_ros2/install/robot_nodes/share/robot_nodes/package.bash'
[9.877s] INFO:colcon.colcon_core.shell:Creating package script '/home/claudio/progetto_ros2/install/robot_nodes/share/robot_nodes/package.zsh'
[9.879s] Level 1:colcon.colcon_core.environment:create_file_with_runtime_dependencies(/home/claudio/progetto_ros2/install/robot_nodes/share/colcon-core/packages/robot_nodes)
[9.882s] DEBUG:colcon.colcon_parallel_executor.executor.parallel:closing loop
[9.883s] DEBUG:colcon.colcon_parallel_executor.executor.parallel:loop closed
[9.884s] DEBUG:colcon.colcon_parallel_executor.executor.parallel:run_until_complete finished with '0'
[9.885s] DEBUG:colcon.colcon_core.event_reactor:joining thread
[9.910s] INFO:colcon.colcon_core.plugin_system:Skipping extension 'colcon_notification.desktop_notification.terminal_notifier': Not used on non-Darwin systems
[9.911s] INFO:colcon.colcon_core.plugin_system:Skipping extension 'colcon_notification.desktop_notification.win32': Not used on non-Windows systems
[9.912s] INFO:colcon.colcon_notification.desktop_notification:Sending desktop notification using 'notify2'
[9.978s] DEBUG:colcon.colcon_core.event_reactor:joined thread
[9.980s] INFO:colcon.colcon_core.shell:Creating prefix script '/home/claudio/progetto_ros2/install/local_setup.ps1'
[9.986s] INFO:colcon.colcon_core.shell:Creating prefix util module '/home/claudio/progetto_ros2/install/_local_setup_util_ps1.py'
[9.994s] INFO:colcon.colcon_core.shell:Creating prefix chain script '/home/claudio/progetto_ros2/install/setup.ps1'
[10.009s] INFO:colcon.colcon_core.shell:Creating prefix script '/home/claudio/progetto_ros2/install/local_setup.sh'
[10.012s] INFO:colcon.colcon_core.shell:Creating prefix util module '/home/claudio/progetto_ros2/install/_local_setup_util_sh.py'
[10.015s] INFO:colcon.colcon_core.shell:Creating prefix chain script '/home/claudio/progetto_ros2/install/setup.sh'
[10.028s] INFO:colcon.colcon_core.shell:Creating prefix script '/home/claudio/progetto_ros2/install/local_setup.bash'
[10.031s] INFO:colcon.colcon_core.shell:Creating prefix chain script '/home/claudio/progetto_ros2/install/setup.bash'
[10.051s] INFO:colcon.colcon_core.shell:Creating prefix script '/home/claudio/progetto_ros2/install/local_setup.zsh'
[10.054s] INFO:colcon.colcon_core.shell:Creating prefix chain script '/home/claudio/progetto_ros2/install/setup.zsh'
