-- Found ament_cmake_auto: 1.3.11 (/opt/ros/humble/share/ament_cmake_auto/cmake)
-- Override CMake install command with custom implementation using symlinks instead of copying resources
-- Configuring done
-- Generating done
-- Build files have been written to: /home/claudio/tiago_public_ws/build/pal_navigation_cfg
-- Install configuration: ""
-- Execute custom install script
-- Up-to-date symlink: /home/claudio/tiago_public_ws/install/pal_navigation_cfg/share/ament_index/resource_index/package_run_dependencies/pal_navigation_cfg
-- Up-to-date symlink: /home/claudio/tiago_public_ws/install/pal_navigation_cfg/share/ament_index/resource_index/parent_prefix_path/pal_navigation_cfg
-- Up-to-date symlink: /home/claudio/tiago_public_ws/install/pal_navigation_cfg/share/pal_navigation_cfg/environment/ament_prefix_path.sh
-- Up-to-date symlink: /home/claudio/tiago_public_ws/install/pal_navigation_cfg/share/pal_navigation_cfg/environment/ament_prefix_path.dsv
-- Up-to-date symlink: /home/claudio/tiago_public_ws/install/pal_navigation_cfg/share/pal_navigation_cfg/environment/path.sh
-- Up-to-date symlink: /home/claudio/tiago_public_ws/install/pal_navigation_cfg/share/pal_navigation_cfg/environment/path.dsv
-- Up-to-date symlink: /home/claudio/tiago_public_ws/install/pal_navigation_cfg/share/pal_navigation_cfg/local_setup.bash
-- Up-to-date symlink: /home/claudio/tiago_public_ws/install/pal_navigation_cfg/share/pal_navigation_cfg/local_setup.sh
-- Up-to-date symlink: /home/claudio/tiago_public_ws/install/pal_navigation_cfg/share/pal_navigation_cfg/local_setup.zsh
-- Up-to-date symlink: /home/claudio/tiago_public_ws/install/pal_navigation_cfg/share/pal_navigation_cfg/local_setup.dsv
-- Symlinking: /home/claudio/tiago_public_ws/install/pal_navigation_cfg/share/pal_navigation_cfg/package.dsv
-- Up-to-date symlink: /home/claudio/tiago_public_ws/install/pal_navigation_cfg/share/ament_index/resource_index/packages/pal_navigation_cfg
-- Up-to-date symlink: /home/claudio/tiago_public_ws/install/pal_navigation_cfg/share/pal_navigation_cfg/cmake/pal_navigation_cfgConfig.cmake
-- Up-to-date symlink: /home/claudio/tiago_public_ws/install/pal_navigation_cfg/share/pal_navigation_cfg/cmake/pal_navigation_cfgConfig-version.cmake
-- Up-to-date symlink: /home/claudio/tiago_public_ws/install/pal_navigation_cfg/share/pal_navigation_cfg/package.xml
