[7.396s] Invoking command in '/home/claudio/progetto_ros2/src/robot_nodes': PYTHONPATH=/home/claudio/progetto_ros2/build/robot_nodes/prefix_override:/usr/lib/python3/dist-packages/colcon_core/task/python/colcon_distutils_commands:/home/claudio/progetto_ros2/install/robot_nodes/lib/python3.10/site-packages:${PYTHONPATH} /usr/bin/python3 -W ignore:setup.py install is deprecated -W ignore:easy_install command is deprecated setup.py egg_info --egg-base ../../build/robot_nodes build --build-base /home/claudio/progetto_ros2/build/robot_nodes/build install --record /home/claudio/progetto_ros2/build/robot_nodes/install.log --single-version-externally-managed install_data
[9.383s] running egg_info
[9.384s] writing ../../build/robot_nodes/robot_nodes.egg-info/PKG-INFO
[9.384s] writing dependency_links to ../../build/robot_nodes/robot_nodes.egg-info/dependency_links.txt
[9.386s] writing entry points to ../../build/robot_nodes/robot_nodes.egg-info/entry_points.txt
[9.386s] writing requirements to ../../build/robot_nodes/robot_nodes.egg-info/requires.txt
[9.386s] writing top-level names to ../../build/robot_nodes/robot_nodes.egg-info/top_level.txt
[9.393s] reading manifest file '../../build/robot_nodes/robot_nodes.egg-info/SOURCES.txt'
[9.400s] writing manifest file '../../build/robot_nodes/robot_nodes.egg-info/SOURCES.txt'
[9.401s] running build
[9.401s] running build_py
[9.404s] running install
[9.404s] running install_lib
[9.407s] running install_data
[9.408s] running install_egg_info
[9.418s] removing '/home/claudio/progetto_ros2/install/robot_nodes/lib/python3.10/site-packages/robot_nodes-0.0.0-py3.10.egg-info' (and everything under it)
[9.419s] Copying ../../build/robot_nodes/robot_nodes.egg-info to /home/claudio/progetto_ros2/install/robot_nodes/lib/python3.10/site-packages/robot_nodes-0.0.0-py3.10.egg-info
[9.421s] running install_scripts
[9.524s] Installing macchina_a_stati script to /home/claudio/progetto_ros2/install/robot_nodes/lib/robot_nodes
[9.525s] Installing testa_e_aruco script to /home/claudio/progetto_ros2/install/robot_nodes/lib/robot_nodes
[9.525s] writing list of installed files to '/home/claudio/progetto_ros2/build/robot_nodes/install.log'
[9.637s] Invoked command in '/home/claudio/progetto_ros2/src/robot_nodes' returned '0': PYTHONPATH=/home/claudio/progetto_ros2/build/robot_nodes/prefix_override:/usr/lib/python3/dist-packages/colcon_core/task/python/colcon_distutils_commands:/home/claudio/progetto_ros2/install/robot_nodes/lib/python3.10/site-packages:${PYTHONPATH} /usr/bin/python3 -W ignore:setup.py install is deprecated -W ignore:easy_install command is deprecated setup.py egg_info --egg-base ../../build/robot_nodes build --build-base /home/claudio/progetto_ros2/build/robot_nodes/build install --record /home/claudio/progetto_ros2/build/robot_nodes/install.log --single-version-externally-managed install_data
