[0.062s] Invoking command in '/home/claudio/tiago_public_ws/build/pal_gripper_simulation': AMENT_PREFIX_PATH=/home/claudio/tiago_public_ws/install/pal_gripper_description:/home/claudio/tiago_public_ws/install/urdf_test:/home/claudio/tiago_public_ws/install/pal_urdf_utils:/home/claudio/tiago_public_ws/install/pal_gripper_controller_configuration:/home/claudio/tiago_public_ws/install/pal_gazebo_worlds:${AMENT_PREFIX_PATH} CMAKE_PREFIX_PATH=/home/claudio/tiago_public_ws/install/pal_gripper_description:/home/claudio/tiago_public_ws/install/urdf_test:/home/claudio/tiago_public_ws/install/pal_urdf_utils:/home/claudio/tiago_public_ws/install/pal_gripper_controller_configuration:/home/claudio/tiago_public_ws/install/pal_gazebo_worlds:/opt/ros/humble PYTHONPATH=/home/claudio/tiago_public_ws/install/urdf_test/local/lib/python3.10/dist-packages:${PYTHONPATH} /usr/bin/cmake /home/claudio/tiago_public_ws/src/pal_gripper/pal_gripper_simulation -DAMENT_CMAKE_SYMLINK_INSTALL=1 -DCMAKE_INSTALL_PREFIX=/home/claudio/tiago_public_ws/install/pal_gripper_simulation
[0.329s] -- The C compiler identification is GNU 11.4.0
[0.628s] -- The CXX compiler identification is GNU 11.4.0
[0.682s] -- Detecting C compiler ABI info
[1.037s] -- Detecting C compiler ABI info - done
[1.089s] -- Check for working C compiler: /usr/bin/cc - skipped
[1.089s] -- Detecting C compile features
[1.089s] -- Detecting C compile features - done
[1.109s] -- Detecting CXX compiler ABI info
[1.456s] -- Detecting CXX compiler ABI info - done
[1.537s] -- Check for working CXX compiler: /usr/bin/c++ - skipped
[1.546s] -- Detecting CXX compile features
[1.548s] -- Detecting CXX compile features - done
[1.573s] -- Found ament_cmake_auto: 1.3.11 (/opt/ros/humble/share/ament_cmake_auto/cmake)
[2.314s] -- Found Python3: /usr/bin/python3 (found version "3.10.12") found components: Interpreter 
[2.696s] -- Override CMake install command with custom implementation using symlinks instead of copying resources
[3.084s] -- Found ament_lint_auto: 0.12.11 (/opt/ros/humble/share/ament_lint_auto/cmake)
[3.232s] -- Added test 'copyright' to check source files copyright and LICENSE
[3.240s] -- Added test 'flake8' to check Python code syntax and style conventions
[3.246s] -- Added test 'lint_cmake' to check CMake code style
[3.252s] -- Added test 'pep257' to check Python code against some of the docstring style conventions in PEP 257
[3.252s] -- Added test 'xmllint' to check XML markup files
[3.267s] -- Configuring done
[3.285s] -- Generating done
[3.292s] -- Build files have been written to: /home/claudio/tiago_public_ws/build/pal_gripper_simulation
[3.309s] Invoked command in '/home/claudio/tiago_public_ws/build/pal_gripper_simulation' returned '0': AMENT_PREFIX_PATH=/home/claudio/tiago_public_ws/install/pal_gripper_description:/home/claudio/tiago_public_ws/install/urdf_test:/home/claudio/tiago_public_ws/install/pal_urdf_utils:/home/claudio/tiago_public_ws/install/pal_gripper_controller_configuration:/home/claudio/tiago_public_ws/install/pal_gazebo_worlds:${AMENT_PREFIX_PATH} CMAKE_PREFIX_PATH=/home/claudio/tiago_public_ws/install/pal_gripper_description:/home/claudio/tiago_public_ws/install/urdf_test:/home/claudio/tiago_public_ws/install/pal_urdf_utils:/home/claudio/tiago_public_ws/install/pal_gripper_controller_configuration:/home/claudio/tiago_public_ws/install/pal_gazebo_worlds:/opt/ros/humble PYTHONPATH=/home/claudio/tiago_public_ws/install/urdf_test/local/lib/python3.10/dist-packages:${PYTHONPATH} /usr/bin/cmake /home/claudio/tiago_public_ws/src/pal_gripper/pal_gripper_simulation -DAMENT_CMAKE_SYMLINK_INSTALL=1 -DCMAKE_INSTALL_PREFIX=/home/claudio/tiago_public_ws/install/pal_gripper_simulation
[3.319s] Invoking command in '/home/claudio/tiago_public_ws/build/pal_gripper_simulation': AMENT_PREFIX_PATH=/home/claudio/tiago_public_ws/install/pal_gripper_description:/home/claudio/tiago_public_ws/install/urdf_test:/home/claudio/tiago_public_ws/install/pal_urdf_utils:/home/claudio/tiago_public_ws/install/pal_gripper_controller_configuration:/home/claudio/tiago_public_ws/install/pal_gazebo_worlds:${AMENT_PREFIX_PATH} CMAKE_PREFIX_PATH=/home/claudio/tiago_public_ws/install/pal_gripper_description:/home/claudio/tiago_public_ws/install/urdf_test:/home/claudio/tiago_public_ws/install/pal_urdf_utils:/home/claudio/tiago_public_ws/install/pal_gripper_controller_configuration:/home/claudio/tiago_public_ws/install/pal_gazebo_worlds:/opt/ros/humble PYTHONPATH=/home/claudio/tiago_public_ws/install/urdf_test/local/lib/python3.10/dist-packages:${PYTHONPATH} /usr/bin/cmake --build /home/claudio/tiago_public_ws/build/pal_gripper_simulation -- -j4 -l4
[3.470s] Invoked command in '/home/claudio/tiago_public_ws/build/pal_gripper_simulation' returned '0': AMENT_PREFIX_PATH=/home/claudio/tiago_public_ws/install/pal_gripper_description:/home/claudio/tiago_public_ws/install/urdf_test:/home/claudio/tiago_public_ws/install/pal_urdf_utils:/home/claudio/tiago_public_ws/install/pal_gripper_controller_configuration:/home/claudio/tiago_public_ws/install/pal_gazebo_worlds:${AMENT_PREFIX_PATH} CMAKE_PREFIX_PATH=/home/claudio/tiago_public_ws/install/pal_gripper_description:/home/claudio/tiago_public_ws/install/urdf_test:/home/claudio/tiago_public_ws/install/pal_urdf_utils:/home/claudio/tiago_public_ws/install/pal_gripper_controller_configuration:/home/claudio/tiago_public_ws/install/pal_gazebo_worlds:/opt/ros/humble PYTHONPATH=/home/claudio/tiago_public_ws/install/urdf_test/local/lib/python3.10/dist-packages:${PYTHONPATH} /usr/bin/cmake --build /home/claudio/tiago_public_ws/build/pal_gripper_simulation -- -j4 -l4
[3.471s] Invoking command in '/home/claudio/tiago_public_ws/build/pal_gripper_simulation': AMENT_PREFIX_PATH=/home/claudio/tiago_public_ws/install/pal_gripper_description:/home/claudio/tiago_public_ws/install/urdf_test:/home/claudio/tiago_public_ws/install/pal_urdf_utils:/home/claudio/tiago_public_ws/install/pal_gripper_controller_configuration:/home/claudio/tiago_public_ws/install/pal_gazebo_worlds:${AMENT_PREFIX_PATH} CMAKE_PREFIX_PATH=/home/claudio/tiago_public_ws/install/pal_gripper_description:/home/claudio/tiago_public_ws/install/urdf_test:/home/claudio/tiago_public_ws/install/pal_urdf_utils:/home/claudio/tiago_public_ws/install/pal_gripper_controller_configuration:/home/claudio/tiago_public_ws/install/pal_gazebo_worlds:/opt/ros/humble PYTHONPATH=/home/claudio/tiago_public_ws/install/urdf_test/local/lib/python3.10/dist-packages:${PYTHONPATH} /usr/bin/cmake --install /home/claudio/tiago_public_ws/build/pal_gripper_simulation
[3.497s] -- Install configuration: ""
[3.498s] -- Execute custom install script
[3.499s] -- Symlinking: /home/claudio/tiago_public_ws/install/pal_gripper_simulation/share/pal_gripper_simulation/launch/gazebo.launch.py
[3.535s] -- Symlinking: /home/claudio/tiago_public_ws/install/pal_gripper_simulation/share/pal_gripper_simulation/launch/gripper_spawn.launch.py
[3.572s] -- Symlinking: /home/claudio/tiago_public_ws/install/pal_gripper_simulation/share/pal_gripper_simulation/launch/robot_state_publisher.launch.py
[3.613s] -- Symlinking: /home/claudio/tiago_public_ws/install/pal_gripper_simulation/share/ament_index/resource_index/package_run_dependencies/pal_gripper_simulation
[3.650s] -- Symlinking: /home/claudio/tiago_public_ws/install/pal_gripper_simulation/share/ament_index/resource_index/parent_prefix_path/pal_gripper_simulation
[3.689s] -- Symlinking: /home/claudio/tiago_public_ws/install/pal_gripper_simulation/share/pal_gripper_simulation/environment/ament_prefix_path.sh
[3.729s] -- Symlinking: /home/claudio/tiago_public_ws/install/pal_gripper_simulation/share/pal_gripper_simulation/environment/ament_prefix_path.dsv
[3.765s] -- Symlinking: /home/claudio/tiago_public_ws/install/pal_gripper_simulation/share/pal_gripper_simulation/environment/path.sh
[3.802s] -- Symlinking: /home/claudio/tiago_public_ws/install/pal_gripper_simulation/share/pal_gripper_simulation/environment/path.dsv
[3.864s] -- Symlinking: /home/claudio/tiago_public_ws/install/pal_gripper_simulation/share/pal_gripper_simulation/local_setup.bash
[3.897s] -- Symlinking: /home/claudio/tiago_public_ws/install/pal_gripper_simulation/share/pal_gripper_simulation/local_setup.sh
[3.939s] -- Symlinking: /home/claudio/tiago_public_ws/install/pal_gripper_simulation/share/pal_gripper_simulation/local_setup.zsh
[3.978s] -- Symlinking: /home/claudio/tiago_public_ws/install/pal_gripper_simulation/share/pal_gripper_simulation/local_setup.dsv
[4.019s] -- Symlinking: /home/claudio/tiago_public_ws/install/pal_gripper_simulation/share/pal_gripper_simulation/package.dsv
[4.058s] -- Symlinking: /home/claudio/tiago_public_ws/install/pal_gripper_simulation/share/ament_index/resource_index/packages/pal_gripper_simulation
[4.099s] -- Symlinking: /home/claudio/tiago_public_ws/install/pal_gripper_simulation/share/pal_gripper_simulation/cmake/pal_gripper_simulationConfig.cmake
[4.136s] -- Symlinking: /home/claudio/tiago_public_ws/install/pal_gripper_simulation/share/pal_gripper_simulation/cmake/pal_gripper_simulationConfig-version.cmake
[4.175s] -- Symlinking: /home/claudio/tiago_public_ws/install/pal_gripper_simulation/share/pal_gripper_simulation/package.xml
[4.226s] Invoked command in '/home/claudio/tiago_public_ws/build/pal_gripper_simulation' returned '0': AMENT_PREFIX_PATH=/home/claudio/tiago_public_ws/install/pal_gripper_description:/home/claudio/tiago_public_ws/install/urdf_test:/home/claudio/tiago_public_ws/install/pal_urdf_utils:/home/claudio/tiago_public_ws/install/pal_gripper_controller_configuration:/home/claudio/tiago_public_ws/install/pal_gazebo_worlds:${AMENT_PREFIX_PATH} CMAKE_PREFIX_PATH=/home/claudio/tiago_public_ws/install/pal_gripper_description:/home/claudio/tiago_public_ws/install/urdf_test:/home/claudio/tiago_public_ws/install/pal_urdf_utils:/home/claudio/tiago_public_ws/install/pal_gripper_controller_configuration:/home/claudio/tiago_public_ws/install/pal_gazebo_worlds:/opt/ros/humble PYTHONPATH=/home/claudio/tiago_public_ws/install/urdf_test/local/lib/python3.10/dist-packages:${PYTHONPATH} /usr/bin/cmake --install /home/claudio/tiago_public_ws/build/pal_gripper_simulation
