[0.030s] Invoking command in '/home/claudio/tiago_public_ws/build/tiago_navigation': AMENT_PREFIX_PATH=/home/claudio/tiago_public_ws/install/tiago_2dnav:/home/claudio/tiago_public_ws/install/tiago_laser_sensors:/home/claudio/tiago_public_ws/install/pmb2_2dnav:/home/claudio/tiago_public_ws/install/tiago_rgbd_sensors:/home/claudio/tiago_public_ws/install/pmb2_laser_sensors:/home/claudio/tiago_public_ws/install/launch_pal:${AMENT_PREFIX_PATH} CMAKE_PREFIX_PATH=/home/claudio/tiago_public_ws/install/tiago_2dnav:/home/claudio/tiago_public_ws/install/tiago_laser_sensors:/home/claudio/tiago_public_ws/install/pmb2_2dnav:/home/claudio/tiago_public_ws/install/tiago_rgbd_sensors:/home/claudio/tiago_public_ws/install/pmb2_laser_sensors:/opt/ros/humble PYTHONPATH=/home/claudio/tiago_public_ws/install/launch_pal/lib/python3.10/site-packages:${PYTHONPATH} /usr/bin/cmake /home/claudio/tiago_public_ws/src/tiago_navigation/tiago_navigation -DCMAKE_INSTALL_PREFIX=/home/claudio/tiago_public_ws/install/tiago_navigation
[0.058s] -- Found ament_cmake_auto: 1.3.11 (/opt/ros/humble/share/ament_cmake_auto/cmake)
[0.370s] -- Override CMake install command with custom implementation using symlinks instead of copying resources
[0.539s] -- Configuring done
[0.548s] -- Generating done
[0.551s] -- Build files have been written to: /home/claudio/tiago_public_ws/build/tiago_navigation
[0.556s] Invoked command in '/home/claudio/tiago_public_ws/build/tiago_navigation' returned '0': AMENT_PREFIX_PATH=/home/claudio/tiago_public_ws/install/tiago_2dnav:/home/claudio/tiago_public_ws/install/tiago_laser_sensors:/home/claudio/tiago_public_ws/install/pmb2_2dnav:/home/claudio/tiago_public_ws/install/tiago_rgbd_sensors:/home/claudio/tiago_public_ws/install/pmb2_laser_sensors:/home/claudio/tiago_public_ws/install/launch_pal:${AMENT_PREFIX_PATH} CMAKE_PREFIX_PATH=/home/claudio/tiago_public_ws/install/tiago_2dnav:/home/claudio/tiago_public_ws/install/tiago_laser_sensors:/home/claudio/tiago_public_ws/install/pmb2_2dnav:/home/claudio/tiago_public_ws/install/tiago_rgbd_sensors:/home/claudio/tiago_public_ws/install/pmb2_laser_sensors:/opt/ros/humble PYTHONPATH=/home/claudio/tiago_public_ws/install/launch_pal/lib/python3.10/site-packages:${PYTHONPATH} /usr/bin/cmake /home/claudio/tiago_public_ws/src/tiago_navigation/tiago_navigation -DCMAKE_INSTALL_PREFIX=/home/claudio/tiago_public_ws/install/tiago_navigation
[0.559s] Invoking command in '/home/claudio/tiago_public_ws/build/tiago_navigation': AMENT_PREFIX_PATH=/home/claudio/tiago_public_ws/install/tiago_2dnav:/home/claudio/tiago_public_ws/install/tiago_laser_sensors:/home/claudio/tiago_public_ws/install/pmb2_2dnav:/home/claudio/tiago_public_ws/install/tiago_rgbd_sensors:/home/claudio/tiago_public_ws/install/pmb2_laser_sensors:/home/claudio/tiago_public_ws/install/launch_pal:${AMENT_PREFIX_PATH} CMAKE_PREFIX_PATH=/home/claudio/tiago_public_ws/install/tiago_2dnav:/home/claudio/tiago_public_ws/install/tiago_laser_sensors:/home/claudio/tiago_public_ws/install/pmb2_2dnav:/home/claudio/tiago_public_ws/install/tiago_rgbd_sensors:/home/claudio/tiago_public_ws/install/pmb2_laser_sensors:/opt/ros/humble PYTHONPATH=/home/claudio/tiago_public_ws/install/launch_pal/lib/python3.10/site-packages:${PYTHONPATH} /usr/bin/cmake --build /home/claudio/tiago_public_ws/build/tiago_navigation -- -j4 -l4
[0.632s] Invoked command in '/home/claudio/tiago_public_ws/build/tiago_navigation' returned '0': AMENT_PREFIX_PATH=/home/claudio/tiago_public_ws/install/tiago_2dnav:/home/claudio/tiago_public_ws/install/tiago_laser_sensors:/home/claudio/tiago_public_ws/install/pmb2_2dnav:/home/claudio/tiago_public_ws/install/tiago_rgbd_sensors:/home/claudio/tiago_public_ws/install/pmb2_laser_sensors:/home/claudio/tiago_public_ws/install/launch_pal:${AMENT_PREFIX_PATH} CMAKE_PREFIX_PATH=/home/claudio/tiago_public_ws/install/tiago_2dnav:/home/claudio/tiago_public_ws/install/tiago_laser_sensors:/home/claudio/tiago_public_ws/install/pmb2_2dnav:/home/claudio/tiago_public_ws/install/tiago_rgbd_sensors:/home/claudio/tiago_public_ws/install/pmb2_laser_sensors:/opt/ros/humble PYTHONPATH=/home/claudio/tiago_public_ws/install/launch_pal/lib/python3.10/site-packages:${PYTHONPATH} /usr/bin/cmake --build /home/claudio/tiago_public_ws/build/tiago_navigation -- -j4 -l4
[0.634s] Invoking command in '/home/claudio/tiago_public_ws/build/tiago_navigation': AMENT_PREFIX_PATH=/home/claudio/tiago_public_ws/install/tiago_2dnav:/home/claudio/tiago_public_ws/install/tiago_laser_sensors:/home/claudio/tiago_public_ws/install/pmb2_2dnav:/home/claudio/tiago_public_ws/install/tiago_rgbd_sensors:/home/claudio/tiago_public_ws/install/pmb2_laser_sensors:/home/claudio/tiago_public_ws/install/launch_pal:${AMENT_PREFIX_PATH} CMAKE_PREFIX_PATH=/home/claudio/tiago_public_ws/install/tiago_2dnav:/home/claudio/tiago_public_ws/install/tiago_laser_sensors:/home/claudio/tiago_public_ws/install/pmb2_2dnav:/home/claudio/tiago_public_ws/install/tiago_rgbd_sensors:/home/claudio/tiago_public_ws/install/pmb2_laser_sensors:/opt/ros/humble PYTHONPATH=/home/claudio/tiago_public_ws/install/launch_pal/lib/python3.10/site-packages:${PYTHONPATH} /usr/bin/cmake --install /home/claudio/tiago_public_ws/build/tiago_navigation
[0.648s] -- Install configuration: ""
[0.649s] -- Execute custom install script
[0.650s] -- Up-to-date symlink: /home/claudio/tiago_public_ws/install/tiago_navigation/share/ament_index/resource_index/package_run_dependencies/tiago_navigation
[0.651s] -- Up-to-date symlink: /home/claudio/tiago_public_ws/install/tiago_navigation/share/ament_index/resource_index/parent_prefix_path/tiago_navigation
[0.654s] -- Up-to-date symlink: /home/claudio/tiago_public_ws/install/tiago_navigation/share/tiago_navigation/environment/ament_prefix_path.sh
[0.655s] -- Up-to-date symlink: /home/claudio/tiago_public_ws/install/tiago_navigation/share/tiago_navigation/environment/ament_prefix_path.dsv
[0.655s] -- Up-to-date symlink: /home/claudio/tiago_public_ws/install/tiago_navigation/share/tiago_navigation/environment/path.sh
[0.655s] -- Up-to-date symlink: /home/claudio/tiago_public_ws/install/tiago_navigation/share/tiago_navigation/environment/path.dsv
[0.655s] -- Up-to-date symlink: /home/claudio/tiago_public_ws/install/tiago_navigation/share/tiago_navigation/local_setup.bash
[0.655s] -- Up-to-date symlink: /home/claudio/tiago_public_ws/install/tiago_navigation/share/tiago_navigation/local_setup.sh
[0.656s] -- Up-to-date symlink: /home/claudio/tiago_public_ws/install/tiago_navigation/share/tiago_navigation/local_setup.zsh
[0.657s] -- Up-to-date symlink: /home/claudio/tiago_public_ws/install/tiago_navigation/share/tiago_navigation/local_setup.dsv
[0.657s] -- Symlinking: /home/claudio/tiago_public_ws/install/tiago_navigation/share/tiago_navigation/package.dsv
[0.676s] -- Up-to-date symlink: /home/claudio/tiago_public_ws/install/tiago_navigation/share/ament_index/resource_index/packages/tiago_navigation
[0.677s] -- Up-to-date symlink: /home/claudio/tiago_public_ws/install/tiago_navigation/share/tiago_navigation/cmake/tiago_navigationConfig.cmake
[0.677s] -- Up-to-date symlink: /home/claudio/tiago_public_ws/install/tiago_navigation/share/tiago_navigation/cmake/tiago_navigationConfig-version.cmake
[0.678s] -- Up-to-date symlink: /home/claudio/tiago_public_ws/install/tiago_navigation/share/tiago_navigation/package.xml
[0.682s] Invoked command in '/home/claudio/tiago_public_ws/build/tiago_navigation' returned '0': AMENT_PREFIX_PATH=/home/claudio/tiago_public_ws/install/tiago_2dnav:/home/claudio/tiago_public_ws/install/tiago_laser_sensors:/home/claudio/tiago_public_ws/install/pmb2_2dnav:/home/claudio/tiago_public_ws/install/tiago_rgbd_sensors:/home/claudio/tiago_public_ws/install/pmb2_laser_sensors:/home/claudio/tiago_public_ws/install/launch_pal:${AMENT_PREFIX_PATH} CMAKE_PREFIX_PATH=/home/claudio/tiago_public_ws/install/tiago_2dnav:/home/claudio/tiago_public_ws/install/tiago_laser_sensors:/home/claudio/tiago_public_ws/install/pmb2_2dnav:/home/claudio/tiago_public_ws/install/tiago_rgbd_sensors:/home/claudio/tiago_public_ws/install/pmb2_laser_sensors:/opt/ros/humble PYTHONPATH=/home/claudio/tiago_public_ws/install/launch_pal/lib/python3.10/site-packages:${PYTHONPATH} /usr/bin/cmake --install /home/claudio/tiago_public_ws/build/tiago_navigation
