[0.617s] Invoking command in '/home/claudio/Desktop/progetto_ros2/src/robot_nodes': PYTHONPATH=/home/claudio/Desktop/progetto_ros2/build/robot_nodes/prefix_override:/usr/lib/python3/dist-packages/colcon_core/task/python/colcon_distutils_commands:/home/claudio/Desktop/progetto_ros2/install/robot_nodes/lib/python3.10/site-packages:${PYTHONPATH} /usr/bin/python3 -W ignore:setup.py install is deprecated -W ignore:easy_install command is deprecated setup.py egg_info --egg-base ../../build/robot_nodes build --build-base /home/claudio/Desktop/progetto_ros2/build/robot_nodes/build install --record /home/claudio/Desktop/progetto_ros2/build/robot_nodes/install.log --single-version-externally-managed install_data
[0.902s] running egg_info
[0.902s] writing ../../build/robot_nodes/robot_nodes.egg-info/PKG-INFO
[0.903s] writing dependency_links to ../../build/robot_nodes/robot_nodes.egg-info/dependency_links.txt
[0.903s] writing entry points to ../../build/robot_nodes/robot_nodes.egg-info/entry_points.txt
[0.903s] writing requirements to ../../build/robot_nodes/robot_nodes.egg-info/requires.txt
[0.903s] writing top-level names to ../../build/robot_nodes/robot_nodes.egg-info/top_level.txt
[0.905s] reading manifest file '../../build/robot_nodes/robot_nodes.egg-info/SOURCES.txt'
[0.907s] writing manifest file '../../build/robot_nodes/robot_nodes.egg-info/SOURCES.txt'
[0.907s] running build
[0.907s] running build_py
[0.907s] copying robot_nodes/state_machine.py -> /home/claudio/Desktop/progetto_ros2/build/robot_nodes/build/lib/robot_nodes
[0.908s] copying robot_nodes/ik.py -> /home/claudio/Desktop/progetto_ros2/build/robot_nodes/build/lib/robot_nodes
[0.908s] running install
[0.908s] running install_lib
[0.909s] copying /home/claudio/Desktop/progetto_ros2/build/robot_nodes/build/lib/robot_nodes/state_machine.py -> /home/claudio/Desktop/progetto_ros2/install/robot_nodes/lib/python3.10/site-packages/robot_nodes
[0.909s] copying /home/claudio/Desktop/progetto_ros2/build/robot_nodes/build/lib/robot_nodes/ik.py -> /home/claudio/Desktop/progetto_ros2/install/robot_nodes/lib/python3.10/site-packages/robot_nodes
[0.910s] byte-compiling /home/claudio/Desktop/progetto_ros2/install/robot_nodes/lib/python3.10/site-packages/robot_nodes/state_machine.py to state_machine.cpython-310.pyc
[0.911s] byte-compiling /home/claudio/Desktop/progetto_ros2/install/robot_nodes/lib/python3.10/site-packages/robot_nodes/ik.py to ik.cpython-310.pyc
[0.916s] running install_data
[0.916s] running install_egg_info
[0.918s] removing '/home/claudio/Desktop/progetto_ros2/install/robot_nodes/lib/python3.10/site-packages/robot_nodes-0.0.0-py3.10.egg-info' (and everything under it)
[0.919s] Copying ../../build/robot_nodes/robot_nodes.egg-info to /home/claudio/Desktop/progetto_ros2/install/robot_nodes/lib/python3.10/site-packages/robot_nodes-0.0.0-py3.10.egg-info
[0.920s] running install_scripts
[0.943s] Installing aruco_detector_node script to /home/claudio/Desktop/progetto_ros2/install/robot_nodes/lib/robot_nodes
[0.943s] Installing head_movement_action_node script to /home/claudio/Desktop/progetto_ros2/install/robot_nodes/lib/robot_nodes
[0.944s] Installing ik script to /home/claudio/Desktop/progetto_ros2/install/robot_nodes/lib/robot_nodes
[0.944s] Installing state_machine script to /home/claudio/Desktop/progetto_ros2/install/robot_nodes/lib/robot_nodes
[0.944s] writing list of installed files to '/home/claudio/Desktop/progetto_ros2/build/robot_nodes/install.log'
[0.968s] Invoked command in '/home/claudio/Desktop/progetto_ros2/src/robot_nodes' returned '0': PYTHONPATH=/home/claudio/Desktop/progetto_ros2/build/robot_nodes/prefix_override:/usr/lib/python3/dist-packages/colcon_core/task/python/colcon_distutils_commands:/home/claudio/Desktop/progetto_ros2/install/robot_nodes/lib/python3.10/site-packages:${PYTHONPATH} /usr/bin/python3 -W ignore:setup.py install is deprecated -W ignore:easy_install command is deprecated setup.py egg_info --egg-base ../../build/robot_nodes build --build-base /home/claudio/Desktop/progetto_ros2/build/robot_nodes/build install --record /home/claudio/Desktop/progetto_ros2/build/robot_nodes/install.log --single-version-externally-managed install_data
