[5.881s] Invoking command in '/home/claudio/progetto_ros2/src/robot_nodes': PYTHONPATH=/home/claudio/progetto_ros2/build/robot_nodes/prefix_override:/usr/lib/python3/dist-packages/colcon_core/task/python/colcon_distutils_commands:/home/claudio/progetto_ros2/install/robot_nodes/lib/python3.10/site-packages:${PYTHONPATH} /usr/bin/python3 -W ignore:setup.py install is deprecated -W ignore:easy_install command is deprecated setup.py egg_info --egg-base ../../build/robot_nodes build --build-base /home/claudio/progetto_ros2/build/robot_nodes/build install --record /home/claudio/progetto_ros2/build/robot_nodes/install.log --single-version-externally-managed install_data
[7.342s] running egg_info
[7.350s] writing ../../build/robot_nodes/robot_nodes.egg-info/PKG-INFO
[7.350s] writing dependency_links to ../../build/robot_nodes/robot_nodes.egg-info/dependency_links.txt
[7.353s] writing entry points to ../../build/robot_nodes/robot_nodes.egg-info/entry_points.txt
[7.353s] writing requirements to ../../build/robot_nodes/robot_nodes.egg-info/requires.txt
[7.353s] writing top-level names to ../../build/robot_nodes/robot_nodes.egg-info/top_level.txt
[7.353s] reading manifest file '../../build/robot_nodes/robot_nodes.egg-info/SOURCES.txt'
[7.358s] writing manifest file '../../build/robot_nodes/robot_nodes.egg-info/SOURCES.txt'
[7.359s] running build
[7.359s] running build_py
[7.359s] copying robot_nodes/macchina_a_stati.py -> /home/claudio/progetto_ros2/build/robot_nodes/build/lib/robot_nodes
[7.359s] running install
[7.360s] running install_lib
[7.366s] copying /home/claudio/progetto_ros2/build/robot_nodes/build/lib/robot_nodes/macchina_a_stati.py -> /home/claudio/progetto_ros2/install/robot_nodes/lib/python3.10/site-packages/robot_nodes
[7.367s] byte-compiling /home/claudio/progetto_ros2/install/robot_nodes/lib/python3.10/site-packages/robot_nodes/macchina_a_stati.py to macchina_a_stati.cpython-310.pyc
[7.376s] running install_data
[7.378s] running install_egg_info
[7.379s] removing '/home/claudio/progetto_ros2/install/robot_nodes/lib/python3.10/site-packages/robot_nodes-0.0.0-py3.10.egg-info' (and everything under it)
[7.379s] Copying ../../build/robot_nodes/robot_nodes.egg-info to /home/claudio/progetto_ros2/install/robot_nodes/lib/python3.10/site-packages/robot_nodes-0.0.0-py3.10.egg-info
[7.379s] running install_scripts
[7.456s] Installing macchina_a_stati script to /home/claudio/progetto_ros2/install/robot_nodes/lib/robot_nodes
[7.457s] Installing testa_e_aruco script to /home/claudio/progetto_ros2/install/robot_nodes/lib/robot_nodes
[7.458s] writing list of installed files to '/home/claudio/progetto_ros2/build/robot_nodes/install.log'
[7.571s] Invoked command in '/home/claudio/progetto_ros2/src/robot_nodes' returned '0': PYTHONPATH=/home/claudio/progetto_ros2/build/robot_nodes/prefix_override:/usr/lib/python3/dist-packages/colcon_core/task/python/colcon_distutils_commands:/home/claudio/progetto_ros2/install/robot_nodes/lib/python3.10/site-packages:${PYTHONPATH} /usr/bin/python3 -W ignore:setup.py install is deprecated -W ignore:easy_install command is deprecated setup.py egg_info --egg-base ../../build/robot_nodes build --build-base /home/claudio/progetto_ros2/build/robot_nodes/build install --record /home/claudio/progetto_ros2/build/robot_nodes/install.log --single-version-externally-managed install_data
