[0.000000] (-) TimerEvent: {}
[0.003074] (robot_launcher) JobQueued: {'identifier': 'robot_launcher', 'dependencies': OrderedDict()}
[0.003237] (robot_nodes) JobQueued: {'identifier': 'robot_nodes', 'dependencies': OrderedDict()}
[0.003326] (robot_launcher) JobStarted: {'identifier': 'robot_launcher'}
[0.063103] (robot_nodes) JobStarted: {'identifier': 'robot_nodes'}
[0.100346] (-) TimerEvent: {}
[0.201317] (-) TimerEvent: {}
[0.302576] (-) TimerEvent: {}
[0.403602] (-) TimerEvent: {}
[0.504496] (-) TimerEvent: {}
[0.606295] (-) TimerEvent: {}
[0.706792] (-) TimerEvent: {}
[0.808681] (-) TimerEvent: {}
[0.911711] (-) TimerEvent: {}
[1.013634] (-) TimerEvent: {}
[1.114125] (-) TimerEvent: {}
[1.214822] (-) TimerEvent: {}
[1.315830] (-) TimerEvent: {}
[1.417027] (-) TimerEvent: {}
[1.521139] (-) TimerEvent: {}
[1.621755] (-) TimerEvent: {}
[1.724951] (-) TimerEvent: {}
[1.828455] (-) TimerEvent: {}
[1.929916] (-) TimerEvent: {}
[2.031821] (-) TimerEvent: {}
[2.135792] (-) TimerEvent: {}
[2.236698] (-) TimerEvent: {}
[2.337221] (-) TimerEvent: {}
[2.438179] (-) TimerEvent: {}
[2.541607] (-) TimerEvent: {}
[2.642828] (-) TimerEvent: {}
[2.743569] (-) TimerEvent: {}
[2.844089] (-) TimerEvent: {}
[2.945800] (-) TimerEvent: {}
[3.049518] (-) TimerEvent: {}
[3.154310] (-) TimerEvent: {}
[3.254944] (-) TimerEvent: {}
[3.356122] (-) TimerEvent: {}
[3.464355] (-) TimerEvent: {}
[3.565809] (-) TimerEvent: {}
[3.670198] (-) TimerEvent: {}
[3.771589] (-) TimerEvent: {}
[3.872679] (-) TimerEvent: {}
[3.980278] (-) TimerEvent: {}
[4.085568] (-) TimerEvent: {}
[4.186019] (-) TimerEvent: {}
[4.289612] (-) TimerEvent: {}
[4.394539] (-) TimerEvent: {}
[4.496110] (-) TimerEvent: {}
[4.599286] (-) TimerEvent: {}
[4.701341] (-) TimerEvent: {}
[4.808024] (-) TimerEvent: {}
[4.911291] (-) TimerEvent: {}
[5.012108] (-) TimerEvent: {}
[5.115331] (-) TimerEvent: {}
[5.215990] (-) TimerEvent: {}
[5.318615] (-) TimerEvent: {}
[5.419134] (-) TimerEvent: {}
[5.453547] (robot_launcher) StderrLine: {'line': b'Traceback (most recent call last):\n  File "/usr/lib/python3/dist-packages/colcon_parallel_executor/executor/parallel.py", line 75, in execute\n    loop.run_until_complete(future)\n  File "/usr/lib/python3.10/asyncio/base_events.py", line 636, in run_until_complete\n    self.run_forever()\n  File "/usr/lib/python3.10/asyncio/base_events.py", line 603, in run_forever\n    self._run_once()\n  File "/usr/lib/python3.10/asyncio/base_events.py", line 1871, in _run_once\n    event_list = self._selector.select(timeout)\n  File "/usr/lib/python3.10/selectors.py", line 469, in select\n    fd_event_list = self._selector.poll(timeout, max_ev)\nKeyboardInterrupt\n\nDuring handling of the above exception, another exception occurred:\n\nTraceback (most recent call last):\n  File "/usr/lib/python3/dist-packages/colcon_core/executor/__init__.py", line 91, in __call__\n    rc = await self.task(*args, **kwargs)\n  File "/usr/lib/python3/dist-packages/colcon_core/task/__init__.py", line 93, in __call__\n    return await task_method(*args, **kwargs)\n  File "/usr/lib/python3/dist-packages/colcon_ros/task/ament_python/build.py", line 102, in build\n    return await extension.build(additional_hooks=additional_hooks)\n  File "/usr/lib/python3/dist-packages/colcon_core/task/python/build.py", line 96, in build\n    available_commands = await self._get_available_commands(\n  File "/usr/lib/python3/dist-packages/colcon_core/task/python/build.py", line 194, in _get_available_commands\n    output = await check_output(\n  File "/usr/lib/python3/dist-packages/colcon_core/subprocess.py", line 129, in check_output\n    assert not rc, f\'Expected {args} to pass: {stderr_data}\'\nAssertionError: Expected [\'/usr/bin/python3\', \'-W\', \'ignore:setup.py install is deprecated\', \'-W\', \'ignore:easy_install command is deprecated\', \'setup.py\', \'--help-commands\'] to pass: Traceback (most recent call last):\n  File "/home/claudio/.local/lib/python3.10/site-packages/wheel/bdist_wheel.py", line 21, in <module>\n    from setuptools.command.bdist_wheel import bdist_wheel\nModuleNotFoundError: No module named \'setuptools.command.bdist_wheel\'\n\nDuring handling of the above exception, another exception occurred:\n\nTraceback (most recent call last):\n  File "/home/claudio/progetto_ros2/src/robot_launcher/setup.py", line 5, in <module>\n    setup(\n  File "/usr/lib/python3/dist-packages/setuptools/__init__.py", line 153, in setup\n    return distutils.core.setup(**attrs)\n  File "/usr/lib/python3.10/distutils/core.py", line 134, in setup\n    ok = dist.parse_command_line()\n  File "/usr/lib/python3.10/distutils/dist.py", line 480, in parse_command_line\n    if self.handle_display_options(option_order):\n  File "/usr/lib/python3/dist-packages/setuptools/dist.py", line 1126, in handle_display_options\n    return _Distribution.handle_display_options(self, option_order)\n  File "/usr/lib/python3.10/distutils/dist.py", line 683, in handle_display_options\n    self.print_commands()\n  File "/usr/lib/python3/dist-packages/setuptools/dist.py", line 902, in print_commands\n    cmdclass = ep.resolve()\n  File "/usr/lib/python3/dist-packages/pkg_resources/__init__.py", line 2471, in resolve\n    module = __import__(self.module_name, fromlist=[\'__name__\'], level=0)\n  File "/home/claudio/.local/lib/python3.10/site-packages/wheel/bdist_wheel.py", line 26, in <module>\n    from ._bdist_wheel import bdist_wheel as bdist_wheel\n  File "/home/claudio/.local/lib/python3.10/site-packages/wheel/_bdist_wheel.py", line 18, in <module>\n    from email.policy import EmailPolicy\n  File "/usr/lib/python3.10/email/policy.py", line 9, in <module>\n    from email.headerregistry import HeaderRegistry as HeaderRegistry\n  File "/usr/lib/python3.10/email/headerregistry.py", line 10, in <module>\n    from email import _header_value_parser as parser\n  File "<frozen importlib._bootstrap>", line 1027, in _find_and_load\n  File "<frozen importlib._bootstrap>", line 1006, in _find_and_load_unlocked\n  File "<frozen importlib._bootstrap>", line 688, in _load_unlocked\n  File "<frozen importlib._bootstrap_external>", line 879, in exec_module\n  File "<frozen importlib._bootstrap_external>", line 1012, in get_code\n  File "<frozen importlib._bootstrap_external>", line 672, in _compile_bytecode\nKeyboardInterrupt\n\n'}
[5.455151] (robot_launcher) JobEnded: {'identifier': 'robot_launcher', 'rc': 'SIGINT'}
[5.515628] (robot_nodes) JobEnded: {'identifier': 'robot_nodes', 'rc': 'SIGINT'}
[5.519995] (-) TimerEvent: {}
[5.530630] (-) EventReactorShutdown: {}
