[0.013s] Invoking command in '/home/claudio/tiago_public_ws/build/pal_hey5_description': AMENT_PREFIX_PATH=/home/claudio/tiago_public_ws/install/pal_urdf_utils:${AMENT_PREFIX_PATH} CMAKE_PREFIX_PATH=/home/claudio/tiago_public_ws/install/pal_urdf_utils:/opt/ros/humble /usr/bin/cmake /home/claudio/tiago_public_ws/src/pal_hey5/pal_hey5_description -DAMENT_CMAKE_SYMLINK_INSTALL=1 -DCMAKE_INSTALL_PREFIX=/home/claudio/tiago_public_ws/install/pal_hey5_description
[0.141s] -- The C compiler identification is GNU 11.4.0
[0.275s] -- The CXX compiler identification is GNU 11.4.0
[0.290s] -- Detecting C compiler ABI info
[0.436s] -- Detecting C compiler ABI info - done
[0.458s] -- Check for working C compiler: /usr/bin/cc - skipped
[0.458s] -- Detecting C compile features
[0.461s] -- Detecting C compile features - done
[0.467s] -- Detecting CXX compiler ABI info
[0.643s] -- Detecting CXX compiler ABI info - done
[0.667s] -- Check for working CXX compiler: /usr/bin/c++ - skipped
[0.667s] -- Detecting CXX compile features
[0.671s] -- Detecting CXX compile features - done
[0.677s] -- Found ament_cmake_auto: 1.3.11 (/opt/ros/humble/share/ament_cmake_auto/cmake)
[1.038s] -- Found Python3: /usr/bin/python3 (found version "3.10.12") found components: Interpreter 
[1.200s] -- Override CMake install command with custom implementation using symlinks instead of copying resources
[1.280s] -- Found ament_lint_auto: 0.12.11 (/opt/ros/humble/share/ament_lint_auto/cmake)
[1.489s] -- Added test 'copyright' to check source files copyright and LICENSE
[1.497s] -- Added test 'lint_cmake' to check CMake code style
[1.502s] -- Added test 'xmllint' to check XML markup files
[1.505s] -- Configuring done
[1.512s] -- Generating done
[1.517s] -- Build files have been written to: /home/claudio/tiago_public_ws/build/pal_hey5_description
[1.530s] Invoked command in '/home/claudio/tiago_public_ws/build/pal_hey5_description' returned '0': AMENT_PREFIX_PATH=/home/claudio/tiago_public_ws/install/pal_urdf_utils:${AMENT_PREFIX_PATH} CMAKE_PREFIX_PATH=/home/claudio/tiago_public_ws/install/pal_urdf_utils:/opt/ros/humble /usr/bin/cmake /home/claudio/tiago_public_ws/src/pal_hey5/pal_hey5_description -DAMENT_CMAKE_SYMLINK_INSTALL=1 -DCMAKE_INSTALL_PREFIX=/home/claudio/tiago_public_ws/install/pal_hey5_description
[1.531s] Invoking command in '/home/claudio/tiago_public_ws/build/pal_hey5_description': AMENT_PREFIX_PATH=/home/claudio/tiago_public_ws/install/pal_urdf_utils:${AMENT_PREFIX_PATH} CMAKE_PREFIX_PATH=/home/claudio/tiago_public_ws/install/pal_urdf_utils:/opt/ros/humble /usr/bin/cmake --build /home/claudio/tiago_public_ws/build/pal_hey5_description -- -j4 -l4
[1.608s] Invoked command in '/home/claudio/tiago_public_ws/build/pal_hey5_description' returned '0': AMENT_PREFIX_PATH=/home/claudio/tiago_public_ws/install/pal_urdf_utils:${AMENT_PREFIX_PATH} CMAKE_PREFIX_PATH=/home/claudio/tiago_public_ws/install/pal_urdf_utils:/opt/ros/humble /usr/bin/cmake --build /home/claudio/tiago_public_ws/build/pal_hey5_description -- -j4 -l4
[1.609s] Invoking command in '/home/claudio/tiago_public_ws/build/pal_hey5_description': AMENT_PREFIX_PATH=/home/claudio/tiago_public_ws/install/pal_urdf_utils:${AMENT_PREFIX_PATH} CMAKE_PREFIX_PATH=/home/claudio/tiago_public_ws/install/pal_urdf_utils:/opt/ros/humble /usr/bin/cmake --install /home/claudio/tiago_public_ws/build/pal_hey5_description
[1.625s] -- Install configuration: ""
[1.626s] -- Execute custom install script
[1.628s] -- Symlinking: /home/claudio/tiago_public_ws/install/pal_hey5_description/share/pal_hey5_description/config/two_hands.rviz
[1.645s] -- Symlinking: /home/claudio/tiago_public_ws/install/pal_hey5_description/share/pal_hey5_description/gazebo/gazebo.urdf.xacro
[1.665s] -- Symlinking: /home/claudio/tiago_public_ws/install/pal_hey5_description/share/pal_hey5_description/launch/pal_hey5_kinematics_test.launch
[1.684s] -- Symlinking: /home/claudio/tiago_public_ws/install/pal_hey5_description/share/pal_hey5_description/meshes/finger_abd_collision.stl
[1.703s] -- Symlinking: /home/claudio/tiago_public_ws/install/pal_hey5_description/share/pal_hey5_description/meshes/finger_flex_collision.stl
[1.721s] -- Symlinking: /home/claudio/tiago_public_ws/install/pal_hey5_description/share/pal_hey5_description/meshes/finger_flex_tip_collision.stl
[1.737s] -- Symlinking: /home/claudio/tiago_public_ws/install/pal_hey5_description/share/pal_hey5_description/meshes/palm.stl
[1.755s] -- Symlinking: /home/claudio/tiago_public_ws/install/pal_hey5_description/share/pal_hey5_description/meshes/palm_collision.stl
[1.772s] -- Symlinking: /home/claudio/tiago_public_ws/install/pal_hey5_description/share/pal_hey5_description/meshes/thumb_abd_collision.stl
[1.790s] -- Symlinking: /home/claudio/tiago_public_ws/install/pal_hey5_description/share/pal_hey5_description/robots/pal_hey5_test.urdf.xacro
[1.808s] -- Symlinking: /home/claudio/tiago_public_ws/install/pal_hey5_description/share/pal_hey5_description/urdf/actuators.urdf.xacro
[1.826s] -- Symlinking: /home/claudio/tiago_public_ws/install/pal_hey5_description/share/pal_hey5_description/urdf/fingers.urdf.xacro
[1.844s] -- Symlinking: /home/claudio/tiago_public_ws/install/pal_hey5_description/share/pal_hey5_description/urdf/pal_hey5.ros2_control.xacro
[1.864s] -- Symlinking: /home/claudio/tiago_public_ws/install/pal_hey5_description/share/pal_hey5_description/urdf/pal_hey5.transmission.xacro
[1.884s] -- Symlinking: /home/claudio/tiago_public_ws/install/pal_hey5_description/share/pal_hey5_description/urdf/pal_hey5_hand.urdf.xacro
[1.901s] -- Symlinking: /home/claudio/tiago_public_ws/install/pal_hey5_description/share/pal_hey5_description/urdf/palm.urdf.xacro
[1.920s] -- Symlinking: /home/claudio/tiago_public_ws/install/pal_hey5_description/share/pal_hey5_description/urdf/transmissions.urdf.xacro
[1.940s] -- Symlinking: /home/claudio/tiago_public_ws/install/pal_hey5_description/share/ament_index/resource_index/package_run_dependencies/pal_hey5_description
[1.960s] -- Symlinking: /home/claudio/tiago_public_ws/install/pal_hey5_description/share/ament_index/resource_index/parent_prefix_path/pal_hey5_description
[1.981s] -- Symlinking: /home/claudio/tiago_public_ws/install/pal_hey5_description/share/pal_hey5_description/environment/ament_prefix_path.sh
[2.002s] -- Symlinking: /home/claudio/tiago_public_ws/install/pal_hey5_description/share/pal_hey5_description/environment/ament_prefix_path.dsv
[2.020s] -- Symlinking: /home/claudio/tiago_public_ws/install/pal_hey5_description/share/pal_hey5_description/environment/path.sh
[2.038s] -- Symlinking: /home/claudio/tiago_public_ws/install/pal_hey5_description/share/pal_hey5_description/environment/path.dsv
[2.056s] -- Symlinking: /home/claudio/tiago_public_ws/install/pal_hey5_description/share/pal_hey5_description/local_setup.bash
[2.078s] -- Symlinking: /home/claudio/tiago_public_ws/install/pal_hey5_description/share/pal_hey5_description/local_setup.sh
[2.096s] -- Symlinking: /home/claudio/tiago_public_ws/install/pal_hey5_description/share/pal_hey5_description/local_setup.zsh
[2.123s] -- Symlinking: /home/claudio/tiago_public_ws/install/pal_hey5_description/share/pal_hey5_description/local_setup.dsv
[2.133s] -- Symlinking: /home/claudio/tiago_public_ws/install/pal_hey5_description/share/pal_hey5_description/package.dsv
[2.155s] -- Symlinking: /home/claudio/tiago_public_ws/install/pal_hey5_description/share/ament_index/resource_index/packages/pal_hey5_description
[2.171s] -- Symlinking: /home/claudio/tiago_public_ws/install/pal_hey5_description/share/pal_hey5_description/cmake/pal_hey5_descriptionConfig.cmake
[2.190s] -- Symlinking: /home/claudio/tiago_public_ws/install/pal_hey5_description/share/pal_hey5_description/cmake/pal_hey5_descriptionConfig-version.cmake
[2.210s] -- Symlinking: /home/claudio/tiago_public_ws/install/pal_hey5_description/share/pal_hey5_description/package.xml
[2.232s] Invoked command in '/home/claudio/tiago_public_ws/build/pal_hey5_description' returned '0': AMENT_PREFIX_PATH=/home/claudio/tiago_public_ws/install/pal_urdf_utils:${AMENT_PREFIX_PATH} CMAKE_PREFIX_PATH=/home/claudio/tiago_public_ws/install/pal_urdf_utils:/opt/ros/humble /usr/bin/cmake --install /home/claudio/tiago_public_ws/build/pal_hey5_description
