[0.554s] Invoking command in '/home/claudio/Desktop/progetto_ros2/src/robot_launcher': PYTHONPATH=/home/claudio/Desktop/progetto_ros2/build/robot_launcher/prefix_override:/usr/lib/python3/dist-packages/colcon_core/task/python/colcon_distutils_commands:/home/claudio/Desktop/progetto_ros2/install/robot_launcher/lib/python3.10/site-packages:${PYTHONPATH} /usr/bin/python3 -W ignore:setup.py install is deprecated -W ignore:easy_install command is deprecated setup.py egg_info --egg-base ../../build/robot_launcher build --build-base /home/claudio/Desktop/progetto_ros2/build/robot_launcher/build install --record /home/claudio/Desktop/progetto_ros2/build/robot_launcher/install.log --single-version-externally-managed install_data
[0.704s] running egg_info
[0.704s] writing ../../build/robot_launcher/robot_launcher.egg-info/PKG-INFO
[0.704s] writing dependency_links to ../../build/robot_launcher/robot_launcher.egg-info/dependency_links.txt
[0.704s] writing entry points to ../../build/robot_launcher/robot_launcher.egg-info/entry_points.txt
[0.704s] writing requirements to ../../build/robot_launcher/robot_launcher.egg-info/requires.txt
[0.704s] writing top-level names to ../../build/robot_launcher/robot_launcher.egg-info/top_level.txt
[0.705s] reading manifest file '../../build/robot_launcher/robot_launcher.egg-info/SOURCES.txt'
[0.705s] writing manifest file '../../build/robot_launcher/robot_launcher.egg-info/SOURCES.txt'
[0.705s] running build
[0.705s] running build_py
[0.706s] running install
[0.706s] running install_lib
[0.706s] running install_data
[0.706s] running install_egg_info
[0.707s] removing '/home/claudio/Desktop/progetto_ros2/install/robot_launcher/lib/python3.10/site-packages/robot_launcher-0.0.0-py3.10.egg-info' (and everything under it)
[0.707s] Copying ../../build/robot_launcher/robot_launcher.egg-info to /home/claudio/Desktop/progetto_ros2/install/robot_launcher/lib/python3.10/site-packages/robot_launcher-0.0.0-py3.10.egg-info
[0.708s] running install_scripts
[0.722s] writing list of installed files to '/home/claudio/Desktop/progetto_ros2/build/robot_launcher/install.log'
[0.741s] Invoked command in '/home/claudio/Desktop/progetto_ros2/src/robot_launcher' returned '0': PYTHONPATH=/home/claudio/Desktop/progetto_ros2/build/robot_launcher/prefix_override:/usr/lib/python3/dist-packages/colcon_core/task/python/colcon_distutils_commands:/home/claudio/Desktop/progetto_ros2/install/robot_launcher/lib/python3.10/site-packages:${PYTHONPATH} /usr/bin/python3 -W ignore:setup.py install is deprecated -W ignore:easy_install command is deprecated setup.py egg_info --egg-base ../../build/robot_launcher build --build-base /home/claudio/Desktop/progetto_ros2/build/robot_launcher/build install --record /home/claudio/Desktop/progetto_ros2/build/robot_launcher/install.log --single-version-externally-managed install_data
