[1.598s] Invoking command in '/home/claudio/progetto_ros2/src/robot_launcher': PYTHONPATH=/home/claudio/progetto_ros2/build/robot_launcher/prefix_override:/usr/lib/python3/dist-packages/colcon_core/task/python/colcon_distutils_commands:/home/claudio/progetto_ros2/install/robot_launcher/lib/python3.10/site-packages:${PYTHONPATH} /usr/bin/python3 -W ignore:setup.py install is deprecated -W ignore:easy_install command is deprecated setup.py egg_info --egg-base ../../build/robot_launcher build --build-base /home/claudio/progetto_ros2/build/robot_launcher/build install --record /home/claudio/progetto_ros2/build/robot_launcher/install.log --single-version-externally-managed install_data
[2.007s] running egg_info
[2.008s] writing ../../build/robot_launcher/robot_launcher.egg-info/PKG-INFO
[2.010s] writing dependency_links to ../../build/robot_launcher/robot_launcher.egg-info/dependency_links.txt
[2.010s] writing entry points to ../../build/robot_launcher/robot_launcher.egg-info/entry_points.txt
[2.010s] writing requirements to ../../build/robot_launcher/robot_launcher.egg-info/requires.txt
[2.011s] writing top-level names to ../../build/robot_launcher/robot_launcher.egg-info/top_level.txt
[2.013s] reading manifest file '../../build/robot_launcher/robot_launcher.egg-info/SOURCES.txt'
[2.016s] writing manifest file '../../build/robot_launcher/robot_launcher.egg-info/SOURCES.txt'
[2.016s] running build
[2.016s] running build_py
[2.017s] running install
[2.018s] running install_lib
[2.020s] running install_data
[2.021s] running install_egg_info
[2.024s] removing '/home/claudio/progetto_ros2/install/robot_launcher/lib/python3.10/site-packages/robot_launcher-0.0.0-py3.10.egg-info' (and everything under it)
[2.024s] Copying ../../build/robot_launcher/robot_launcher.egg-info to /home/claudio/progetto_ros2/install/robot_launcher/lib/python3.10/site-packages/robot_launcher-0.0.0-py3.10.egg-info
[2.026s] running install_scripts
[2.061s] writing list of installed files to '/home/claudio/progetto_ros2/build/robot_launcher/install.log'
[2.112s] Invoked command in '/home/claudio/progetto_ros2/src/robot_launcher' returned '0': PYTHONPATH=/home/claudio/progetto_ros2/build/robot_launcher/prefix_override:/usr/lib/python3/dist-packages/colcon_core/task/python/colcon_distutils_commands:/home/claudio/progetto_ros2/install/robot_launcher/lib/python3.10/site-packages:${PYTHONPATH} /usr/bin/python3 -W ignore:setup.py install is deprecated -W ignore:easy_install command is deprecated setup.py egg_info --egg-base ../../build/robot_launcher build --build-base /home/claudio/progetto_ros2/build/robot_launcher/build install --record /home/claudio/progetto_ros2/build/robot_launcher/install.log --single-version-externally-managed install_data
