[1.698s] Invoking command in '/home/claudio/progetto_ros2/src/robot_launcher': PYTHONPATH=/home/claudio/progetto_ros2/build/robot_launcher/prefix_override:/usr/lib/python3/dist-packages/colcon_core/task/python/colcon_distutils_commands:/home/claudio/progetto_ros2/install/robot_launcher/lib/python3.10/site-packages:${PYTHONPATH} /usr/bin/python3 -W ignore:setup.py install is deprecated -W ignore:easy_install command is deprecated setup.py egg_info --egg-base ../../build/robot_launcher build --build-base /home/claudio/progetto_ros2/build/robot_launcher/build install --record /home/claudio/progetto_ros2/build/robot_launcher/install.log --single-version-externally-managed install_data
[2.072s] running egg_info
[2.073s] creating ../../build/robot_launcher/robot_launcher.egg-info
[2.073s] writing ../../build/robot_launcher/robot_launcher.egg-info/PKG-INFO
[2.073s] writing dependency_links to ../../build/robot_launcher/robot_launcher.egg-info/dependency_links.txt
[2.074s] writing entry points to ../../build/robot_launcher/robot_launcher.egg-info/entry_points.txt
[2.074s] writing requirements to ../../build/robot_launcher/robot_launcher.egg-info/requires.txt
[2.074s] writing top-level names to ../../build/robot_launcher/robot_launcher.egg-info/top_level.txt
[2.074s] writing manifest file '../../build/robot_launcher/robot_launcher.egg-info/SOURCES.txt'
[2.077s] reading manifest file '../../build/robot_launcher/robot_launcher.egg-info/SOURCES.txt'
[2.078s] writing manifest file '../../build/robot_launcher/robot_launcher.egg-info/SOURCES.txt'
[2.078s] running build
[2.079s] running build_py
[2.079s] creating /home/claudio/progetto_ros2/build/robot_launcher/build
[2.079s] creating /home/claudio/progetto_ros2/build/robot_launcher/build/lib
[2.079s] creating /home/claudio/progetto_ros2/build/robot_launcher/build/lib/robot_launcher
[2.080s] copying robot_launcher/__init__.py -> /home/claudio/progetto_ros2/build/robot_launcher/build/lib/robot_launcher
[2.080s] running install
[2.080s] running install_lib
[2.081s] creating /home/claudio/progetto_ros2/install/robot_launcher/lib/python3.10/site-packages/robot_launcher
[2.081s] copying /home/claudio/progetto_ros2/build/robot_launcher/build/lib/robot_launcher/__init__.py -> /home/claudio/progetto_ros2/install/robot_launcher/lib/python3.10/site-packages/robot_launcher
[2.082s] byte-compiling /home/claudio/progetto_ros2/install/robot_launcher/lib/python3.10/site-packages/robot_launcher/__init__.py to __init__.cpython-310.pyc
[2.082s] running install_data
[2.083s] creating /home/claudio/progetto_ros2/install/robot_launcher/share/ament_index
[2.083s] creating /home/claudio/progetto_ros2/install/robot_launcher/share/ament_index/resource_index
[2.083s] creating /home/claudio/progetto_ros2/install/robot_launcher/share/ament_index/resource_index/packages
[2.084s] copying resource/robot_launcher -> /home/claudio/progetto_ros2/install/robot_launcher/share/ament_index/resource_index/packages
[2.084s] copying package.xml -> /home/claudio/progetto_ros2/install/robot_launcher/share/robot_launcher
[2.084s] running install_egg_info
[2.086s] Copying ../../build/robot_launcher/robot_launcher.egg-info to /home/claudio/progetto_ros2/install/robot_launcher/lib/python3.10/site-packages/robot_launcher-0.0.0-py3.10.egg-info
[2.087s] running install_scripts
[2.121s] writing list of installed files to '/home/claudio/progetto_ros2/build/robot_launcher/install.log'
[2.168s] Invoked command in '/home/claudio/progetto_ros2/src/robot_launcher' returned '0': PYTHONPATH=/home/claudio/progetto_ros2/build/robot_launcher/prefix_override:/usr/lib/python3/dist-packages/colcon_core/task/python/colcon_distutils_commands:/home/claudio/progetto_ros2/install/robot_launcher/lib/python3.10/site-packages:${PYTHONPATH} /usr/bin/python3 -W ignore:setup.py install is deprecated -W ignore:easy_install command is deprecated setup.py egg_info --egg-base ../../build/robot_launcher build --build-base /home/claudio/progetto_ros2/build/robot_launcher/build install --record /home/claudio/progetto_ros2/build/robot_launcher/install.log --single-version-externally-managed install_data
