[0.061s] Invoking command in '/home/claudio/tiago_public_ws/build/play_motion2_msgs': CMAKE_PREFIX_PATH=/opt/ros/humble /usr/bin/cmake /home/claudio/tiago_public_ws/src/play_motion2/play_motion2_msgs -DCMAKE_INSTALL_PREFIX=/home/claudio/tiago_public_ws/install/play_motion2_msgs
[0.088s] -- Found ament_cmake: 1.3.11 (/opt/ros/humble/share/ament_cmake/cmake)
[0.398s] -- Override CMake install command with custom implementation using symlinks instead of copying resources
[0.416s] -- Found builtin_interfaces: 1.2.1 (/opt/ros/humble/share/builtin_interfaces/cmake)
[0.494s] -- Found rosidl_generator_c: 3.1.6 (/opt/ros/humble/share/rosidl_generator_c/cmake)
[0.506s] -- Found rosidl_adapter: 3.1.6 (/opt/ros/humble/share/rosidl_adapter/cmake)
[0.535s] -- Found rosidl_generator_cpp: 3.1.6 (/opt/ros/humble/share/rosidl_generator_cpp/cmake)
[0.577s] -- Using all available rosidl_typesupport_c: rosidl_typesupport_fastrtps_c;rosidl_typesupport_introspection_c
[0.617s] -- Using all available rosidl_typesupport_cpp: rosidl_typesupport_fastrtps_cpp;rosidl_typesupport_introspection_cpp
[0.658s] -- Found rosidl_default_generators: 1.2.0 (/opt/ros/humble/share/rosidl_default_generators/cmake)
[1.552s] -- Found ament_cmake_cppcheck: 0.12.11 (/opt/ros/humble/share/ament_cmake_cppcheck/cmake)
[1.553s] -- Found ament_cmake_cpplint: 0.12.11 (/opt/ros/humble/share/ament_cmake_cpplint/cmake)
[1.555s] -- Found ament_cmake_uncrustify: 0.12.11 (/opt/ros/humble/share/ament_cmake_uncrustify/cmake)
[1.559s] -- Found ament_cmake_ros: 0.10.0 (/opt/ros/humble/share/ament_cmake_ros/cmake)
[2.376s] -- Using all available rosidl_typesupport_c: rosidl_typesupport_fastrtps_c;rosidl_typesupport_introspection_c
[2.685s] -- Using all available rosidl_typesupport_cpp: rosidl_typesupport_fastrtps_cpp;rosidl_typesupport_introspection_cpp
[2.741s] -- Found python_cmake_module: 0.10.0 (/opt/ros/humble/share/python_cmake_module/cmake)
[2.792s] -- Using PYTHON_EXECUTABLE: /usr/bin/python3
[2.792s] -- Using PYTHON_INCLUDE_DIRS: /usr/include/python3.10
[2.792s] -- Using PYTHON_LIBRARIES: /usr/lib/x86_64-linux-gnu/libpython3.10.so
[2.849s] -- Found ament_cmake_flake8: 0.12.11 (/opt/ros/humble/share/ament_cmake_flake8/cmake)
[2.851s] -- Found ament_cmake_pep257: 0.12.11 (/opt/ros/humble/share/ament_cmake_pep257/cmake)
[2.891s] -- Configuring done
[3.061s] -- Generating done
[3.097s] -- Build files have been written to: /home/claudio/tiago_public_ws/build/play_motion2_msgs
[3.113s] Invoked command in '/home/claudio/tiago_public_ws/build/play_motion2_msgs' returned '0': CMAKE_PREFIX_PATH=/opt/ros/humble /usr/bin/cmake /home/claudio/tiago_public_ws/src/play_motion2/play_motion2_msgs -DCMAKE_INSTALL_PREFIX=/home/claudio/tiago_public_ws/install/play_motion2_msgs
[3.118s] Invoking command in '/home/claudio/tiago_public_ws/build/play_motion2_msgs': CMAKE_PREFIX_PATH=/opt/ros/humble /usr/bin/cmake --build /home/claudio/tiago_public_ws/build/play_motion2_msgs -- -j4 -l4
[3.224s] [35m[1mConsolidate compiler generated dependencies of target play_motion2_msgs__rosidl_generator_c[0m
[3.229s] [  1%] Built target play_motion2_msgs__cpp
[3.262s] [35m[1mConsolidate compiler generated dependencies of target play_motion2_msgs__rosidl_typesupport_cpp[0m
[3.275s] [  1%] Built target ament_cmake_python_symlink_play_motion2_msgs
[3.284s] [ 12%] Built target play_motion2_msgs__rosidl_generator_c
[3.286s] [35m[1mConsolidate compiler generated dependencies of target play_motion2_msgs__rosidl_typesupport_fastrtps_cpp[0m
[3.333s] [35m[1mConsolidate compiler generated dependencies of target play_motion2_msgs__rosidl_typesupport_introspection_cpp[0m
[3.346s] [ 31%] Built target play_motion2_msgs__rosidl_typesupport_cpp
[3.346s] [ 35%] Built target play_motion2_msgs__rosidl_typesupport_fastrtps_cpp
[3.393s] [35m[1mConsolidate compiler generated dependencies of target play_motion2_msgs__rosidl_typesupport_fastrtps_c[0m
[3.393s] [35m[1mConsolidate compiler generated dependencies of target play_motion2_msgs__rosidl_typesupport_introspection_c[0m
[3.405s] [ 46%] Built target play_motion2_msgs__rosidl_typesupport_introspection_cpp
[3.449s] [ 58%] Built target play_motion2_msgs__rosidl_typesupport_introspection_c
[3.459s] [35m[1mConsolidate compiler generated dependencies of target play_motion2_msgs__rosidl_typesupport_c[0m
[3.472s] [ 69%] Built target play_motion2_msgs__rosidl_typesupport_fastrtps_c
[3.495s] [ 81%] Built target play_motion2_msgs__rosidl_typesupport_c
[3.559s] [ 81%] Built target play_motion2_msgs
[3.633s] [ 82%] Built target play_motion2_msgs__py
[3.664s] [35m[1mConsolidate compiler generated dependencies of target play_motion2_msgs__rosidl_generator_py[0m
[3.718s] [ 92%] Built target play_motion2_msgs__rosidl_generator_py
[3.762s] [35m[1mConsolidate compiler generated dependencies of target play_motion2_msgs__rosidl_typesupport_c__pyext[0m
[3.776s] [35m[1mConsolidate compiler generated dependencies of target play_motion2_msgs__rosidl_typesupport_fastrtps_c__pyext[0m
[3.781s] [35m[1mConsolidate compiler generated dependencies of target play_motion2_msgs__rosidl_typesupport_introspection_c__pyext[0m
[3.805s] [ 94%] Built target play_motion2_msgs__rosidl_typesupport_c__pyext
[3.845s] [ 97%] Built target play_motion2_msgs__rosidl_typesupport_fastrtps_c__pyext
[3.847s] [100%] Built target play_motion2_msgs__rosidl_typesupport_introspection_c__pyext
[4.101s] running egg_info
[4.105s] writing play_motion2_msgs.egg-info/PKG-INFO
[4.105s] writing dependency_links to play_motion2_msgs.egg-info/dependency_links.txt
[4.106s] writing top-level names to play_motion2_msgs.egg-info/top_level.txt
[4.112s] reading manifest file 'play_motion2_msgs.egg-info/SOURCES.txt'
[4.114s] writing manifest file 'play_motion2_msgs.egg-info/SOURCES.txt'
[4.188s] [100%] Built target ament_cmake_python_build_play_motion2_msgs_egg
[4.232s] Invoked command in '/home/claudio/tiago_public_ws/build/play_motion2_msgs' returned '0': CMAKE_PREFIX_PATH=/opt/ros/humble /usr/bin/cmake --build /home/claudio/tiago_public_ws/build/play_motion2_msgs -- -j4 -l4
[4.233s] Invoking command in '/home/claudio/tiago_public_ws/build/play_motion2_msgs': CMAKE_PREFIX_PATH=/opt/ros/humble /usr/bin/cmake --install /home/claudio/tiago_public_ws/build/play_motion2_msgs
[4.250s] -- Install configuration: ""
[4.250s] -- Execute custom install script
[4.252s] -- Up-to-date symlink: /home/claudio/tiago_public_ws/install/play_motion2_msgs/share/ament_index/resource_index/rosidl_interfaces/play_motion2_msgs
[4.256s] -- Up-to-date symlink: /home/claudio/tiago_public_ws/install/play_motion2_msgs/include/play_motion2_msgs/play_motion2_msgs/action/detail/play_motion2__functions.h
[4.256s] -- Up-to-date symlink: /home/claudio/tiago_public_ws/install/play_motion2_msgs/include/play_motion2_msgs/play_motion2_msgs/action/detail/play_motion2__struct.h
[4.257s] -- Up-to-date symlink: /home/claudio/tiago_public_ws/install/play_motion2_msgs/include/play_motion2_msgs/play_motion2_msgs/action/detail/play_motion2__type_support.h
[4.258s] -- Up-to-date symlink: /home/claudio/tiago_public_ws/install/play_motion2_msgs/include/play_motion2_msgs/play_motion2_msgs/action/play_motion2.h
[4.259s] -- Up-to-date symlink: /home/claudio/tiago_public_ws/install/play_motion2_msgs/include/play_motion2_msgs/play_motion2_msgs/msg/detail/motion__functions.h
[4.260s] -- Up-to-date symlink: /home/claudio/tiago_public_ws/install/play_motion2_msgs/include/play_motion2_msgs/play_motion2_msgs/msg/detail/motion__struct.h
[4.260s] -- Up-to-date symlink: /home/claudio/tiago_public_ws/install/play_motion2_msgs/include/play_motion2_msgs/play_motion2_msgs/msg/detail/motion__type_support.h
[4.261s] -- Up-to-date symlink: /home/claudio/tiago_public_ws/install/play_motion2_msgs/include/play_motion2_msgs/play_motion2_msgs/msg/motion.h
[4.262s] -- Up-to-date symlink: /home/claudio/tiago_public_ws/install/play_motion2_msgs/include/play_motion2_msgs/play_motion2_msgs/msg/rosidl_generator_c__visibility_control.h
[4.263s] -- Up-to-date symlink: /home/claudio/tiago_public_ws/install/play_motion2_msgs/include/play_motion2_msgs/play_motion2_msgs/srv/add_motion.h
[4.264s] -- Up-to-date symlink: /home/claudio/tiago_public_ws/install/play_motion2_msgs/include/play_motion2_msgs/play_motion2_msgs/srv/detail/add_motion__functions.h
[4.265s] -- Up-to-date symlink: /home/claudio/tiago_public_ws/install/play_motion2_msgs/include/play_motion2_msgs/play_motion2_msgs/srv/detail/add_motion__struct.h
[4.266s] -- Up-to-date symlink: /home/claudio/tiago_public_ws/install/play_motion2_msgs/include/play_motion2_msgs/play_motion2_msgs/srv/detail/add_motion__type_support.h
[4.267s] -- Up-to-date symlink: /home/claudio/tiago_public_ws/install/play_motion2_msgs/include/play_motion2_msgs/play_motion2_msgs/srv/detail/get_motion_info__functions.h
[4.268s] -- Up-to-date symlink: /home/claudio/tiago_public_ws/install/play_motion2_msgs/include/play_motion2_msgs/play_motion2_msgs/srv/detail/get_motion_info__struct.h
[4.268s] -- Up-to-date symlink: /home/claudio/tiago_public_ws/install/play_motion2_msgs/include/play_motion2_msgs/play_motion2_msgs/srv/detail/get_motion_info__type_support.h
[4.270s] -- Up-to-date symlink: /home/claudio/tiago_public_ws/install/play_motion2_msgs/include/play_motion2_msgs/play_motion2_msgs/srv/detail/is_motion_ready__functions.h
[4.270s] -- Up-to-date symlink: /home/claudio/tiago_public_ws/install/play_motion2_msgs/include/play_motion2_msgs/play_motion2_msgs/srv/detail/is_motion_ready__struct.h
[4.271s] -- Up-to-date symlink: /home/claudio/tiago_public_ws/install/play_motion2_msgs/include/play_motion2_msgs/play_motion2_msgs/srv/detail/is_motion_ready__type_support.h
[4.272s] -- Up-to-date symlink: /home/claudio/tiago_public_ws/install/play_motion2_msgs/include/play_motion2_msgs/play_motion2_msgs/srv/detail/list_motions__functions.h
[4.272s] -- Up-to-date symlink: /home/claudio/tiago_public_ws/install/play_motion2_msgs/include/play_motion2_msgs/play_motion2_msgs/srv/detail/list_motions__struct.h
[4.273s] -- Up-to-date symlink: /home/claudio/tiago_public_ws/install/play_motion2_msgs/include/play_motion2_msgs/play_motion2_msgs/srv/detail/list_motions__type_support.h
[4.275s] -- Up-to-date symlink: /home/claudio/tiago_public_ws/install/play_motion2_msgs/include/play_motion2_msgs/play_motion2_msgs/srv/detail/remove_motion__functions.h
[4.276s] -- Up-to-date symlink: /home/claudio/tiago_public_ws/install/play_motion2_msgs/include/play_motion2_msgs/play_motion2_msgs/srv/detail/remove_motion__struct.h
[4.276s] -- Up-to-date symlink: /home/claudio/tiago_public_ws/install/play_motion2_msgs/include/play_motion2_msgs/play_motion2_msgs/srv/detail/remove_motion__type_support.h
[4.277s] -- Up-to-date symlink: /home/claudio/tiago_public_ws/install/play_motion2_msgs/include/play_motion2_msgs/play_motion2_msgs/srv/get_motion_info.h
[4.278s] -- Up-to-date symlink: /home/claudio/tiago_public_ws/install/play_motion2_msgs/include/play_motion2_msgs/play_motion2_msgs/srv/is_motion_ready.h
[4.279s] -- Up-to-date symlink: /home/claudio/tiago_public_ws/install/play_motion2_msgs/include/play_motion2_msgs/play_motion2_msgs/srv/list_motions.h
[4.279s] -- Up-to-date symlink: /home/claudio/tiago_public_ws/install/play_motion2_msgs/include/play_motion2_msgs/play_motion2_msgs/srv/remove_motion.h
[4.281s] -- Up-to-date symlink: /home/claudio/tiago_public_ws/install/play_motion2_msgs/share/play_motion2_msgs/environment/library_path.sh
[4.282s] -- Up-to-date symlink: /home/claudio/tiago_public_ws/install/play_motion2_msgs/share/play_motion2_msgs/environment/library_path.dsv
[4.284s] -- Up-to-date symlink: /home/claudio/tiago_public_ws/install/play_motion2_msgs/include/play_motion2_msgs/play_motion2_msgs/action/detail/play_motion2__rosidl_typesupport_fastrtps_c.h
[4.286s] -- Up-to-date symlink: /home/claudio/tiago_public_ws/install/play_motion2_msgs/include/play_motion2_msgs/play_motion2_msgs/msg/detail/motion__rosidl_typesupport_fastrtps_c.h
[4.287s] -- Up-to-date symlink: /home/claudio/tiago_public_ws/install/play_motion2_msgs/include/play_motion2_msgs/play_motion2_msgs/msg/rosidl_typesupport_fastrtps_c__visibility_control.h
[4.287s] -- Up-to-date symlink: /home/claudio/tiago_public_ws/install/play_motion2_msgs/include/play_motion2_msgs/play_motion2_msgs/srv/detail/add_motion__rosidl_typesupport_fastrtps_c.h
[4.288s] -- Up-to-date symlink: /home/claudio/tiago_public_ws/install/play_motion2_msgs/include/play_motion2_msgs/play_motion2_msgs/srv/detail/get_motion_info__rosidl_typesupport_fastrtps_c.h
[4.289s] -- Up-to-date symlink: /home/claudio/tiago_public_ws/install/play_motion2_msgs/include/play_motion2_msgs/play_motion2_msgs/srv/detail/is_motion_ready__rosidl_typesupport_fastrtps_c.h
[4.292s] -- Up-to-date symlink: /home/claudio/tiago_public_ws/install/play_motion2_msgs/include/play_motion2_msgs/play_motion2_msgs/srv/detail/list_motions__rosidl_typesupport_fastrtps_c.h
[4.294s] -- Up-to-date symlink: /home/claudio/tiago_public_ws/install/play_motion2_msgs/include/play_motion2_msgs/play_motion2_msgs/srv/detail/remove_motion__rosidl_typesupport_fastrtps_c.h
[4.295s] -- Up-to-date symlink: /home/claudio/tiago_public_ws/install/play_motion2_msgs/include/play_motion2_msgs/play_motion2_msgs/action/detail/play_motion2__builder.hpp
[4.296s] -- Up-to-date symlink: /home/claudio/tiago_public_ws/install/play_motion2_msgs/include/play_motion2_msgs/play_motion2_msgs/action/detail/play_motion2__struct.hpp
[4.296s] -- Up-to-date symlink: /home/claudio/tiago_public_ws/install/play_motion2_msgs/include/play_motion2_msgs/play_motion2_msgs/action/detail/play_motion2__traits.hpp
[4.298s] -- Up-to-date symlink: /home/claudio/tiago_public_ws/install/play_motion2_msgs/include/play_motion2_msgs/play_motion2_msgs/action/detail/play_motion2__type_support.hpp
[4.298s] -- Up-to-date symlink: /home/claudio/tiago_public_ws/install/play_motion2_msgs/include/play_motion2_msgs/play_motion2_msgs/action/play_motion2.hpp
[4.299s] -- Up-to-date symlink: /home/claudio/tiago_public_ws/install/play_motion2_msgs/include/play_motion2_msgs/play_motion2_msgs/msg/detail/motion__builder.hpp
[4.300s] -- Up-to-date symlink: /home/claudio/tiago_public_ws/install/play_motion2_msgs/include/play_motion2_msgs/play_motion2_msgs/msg/detail/motion__struct.hpp
[4.301s] -- Up-to-date symlink: /home/claudio/tiago_public_ws/install/play_motion2_msgs/include/play_motion2_msgs/play_motion2_msgs/msg/detail/motion__traits.hpp
[4.302s] -- Up-to-date symlink: /home/claudio/tiago_public_ws/install/play_motion2_msgs/include/play_motion2_msgs/play_motion2_msgs/msg/detail/motion__type_support.hpp
[4.302s] -- Up-to-date symlink: /home/claudio/tiago_public_ws/install/play_motion2_msgs/include/play_motion2_msgs/play_motion2_msgs/msg/motion.hpp
[4.304s] -- Up-to-date symlink: /home/claudio/tiago_public_ws/install/play_motion2_msgs/include/play_motion2_msgs/play_motion2_msgs/msg/rosidl_generator_cpp__visibility_control.hpp
[4.305s] -- Up-to-date symlink: /home/claudio/tiago_public_ws/install/play_motion2_msgs/include/play_motion2_msgs/play_motion2_msgs/srv/add_motion.hpp
[4.305s] -- Up-to-date symlink: /home/claudio/tiago_public_ws/install/play_motion2_msgs/include/play_motion2_msgs/play_motion2_msgs/srv/detail/add_motion__builder.hpp
[4.306s] -- Up-to-date symlink: /home/claudio/tiago_public_ws/install/play_motion2_msgs/include/play_motion2_msgs/play_motion2_msgs/srv/detail/add_motion__struct.hpp
[4.307s] -- Up-to-date symlink: /home/claudio/tiago_public_ws/install/play_motion2_msgs/include/play_motion2_msgs/play_motion2_msgs/srv/detail/add_motion__traits.hpp
[4.308s] -- Up-to-date symlink: /home/claudio/tiago_public_ws/install/play_motion2_msgs/include/play_motion2_msgs/play_motion2_msgs/srv/detail/add_motion__type_support.hpp
[4.309s] -- Up-to-date symlink: /home/claudio/tiago_public_ws/install/play_motion2_msgs/include/play_motion2_msgs/play_motion2_msgs/srv/detail/get_motion_info__builder.hpp
[4.310s] -- Up-to-date symlink: /home/claudio/tiago_public_ws/install/play_motion2_msgs/include/play_motion2_msgs/play_motion2_msgs/srv/detail/get_motion_info__struct.hpp
[4.310s] -- Up-to-date symlink: /home/claudio/tiago_public_ws/install/play_motion2_msgs/include/play_motion2_msgs/play_motion2_msgs/srv/detail/get_motion_info__traits.hpp
[4.311s] -- Up-to-date symlink: /home/claudio/tiago_public_ws/install/play_motion2_msgs/include/play_motion2_msgs/play_motion2_msgs/srv/detail/get_motion_info__type_support.hpp
[4.312s] -- Up-to-date symlink: /home/claudio/tiago_public_ws/install/play_motion2_msgs/include/play_motion2_msgs/play_motion2_msgs/srv/detail/is_motion_ready__builder.hpp
[4.313s] -- Up-to-date symlink: /home/claudio/tiago_public_ws/install/play_motion2_msgs/include/play_motion2_msgs/play_motion2_msgs/srv/detail/is_motion_ready__struct.hpp
[4.314s] -- Up-to-date symlink: /home/claudio/tiago_public_ws/install/play_motion2_msgs/include/play_motion2_msgs/play_motion2_msgs/srv/detail/is_motion_ready__traits.hpp
[4.315s] -- Up-to-date symlink: /home/claudio/tiago_public_ws/install/play_motion2_msgs/include/play_motion2_msgs/play_motion2_msgs/srv/detail/is_motion_ready__type_support.hpp
[4.315s] -- Up-to-date symlink: /home/claudio/tiago_public_ws/install/play_motion2_msgs/include/play_motion2_msgs/play_motion2_msgs/srv/detail/list_motions__builder.hpp
[4.316s] -- Up-to-date symlink: /home/claudio/tiago_public_ws/install/play_motion2_msgs/include/play_motion2_msgs/play_motion2_msgs/srv/detail/list_motions__struct.hpp
[4.317s] -- Up-to-date symlink: /home/claudio/tiago_public_ws/install/play_motion2_msgs/include/play_motion2_msgs/play_motion2_msgs/srv/detail/list_motions__traits.hpp
[4.318s] -- Up-to-date symlink: /home/claudio/tiago_public_ws/install/play_motion2_msgs/include/play_motion2_msgs/play_motion2_msgs/srv/detail/list_motions__type_support.hpp
[4.319s] -- Up-to-date symlink: /home/claudio/tiago_public_ws/install/play_motion2_msgs/include/play_motion2_msgs/play_motion2_msgs/srv/detail/remove_motion__builder.hpp
[4.319s] -- Up-to-date symlink: /home/claudio/tiago_public_ws/install/play_motion2_msgs/include/play_motion2_msgs/play_motion2_msgs/srv/detail/remove_motion__struct.hpp
[4.320s] -- Up-to-date symlink: /home/claudio/tiago_public_ws/install/play_motion2_msgs/include/play_motion2_msgs/play_motion2_msgs/srv/detail/remove_motion__traits.hpp
[4.321s] -- Up-to-date symlink: /home/claudio/tiago_public_ws/install/play_motion2_msgs/include/play_motion2_msgs/play_motion2_msgs/srv/detail/remove_motion__type_support.hpp
[4.322s] -- Up-to-date symlink: /home/claudio/tiago_public_ws/install/play_motion2_msgs/include/play_motion2_msgs/play_motion2_msgs/srv/get_motion_info.hpp
[4.323s] -- Up-to-date symlink: /home/claudio/tiago_public_ws/install/play_motion2_msgs/include/play_motion2_msgs/play_motion2_msgs/srv/is_motion_ready.hpp
[4.324s] -- Up-to-date symlink: /home/claudio/tiago_public_ws/install/play_motion2_msgs/include/play_motion2_msgs/play_motion2_msgs/srv/list_motions.hpp
[4.326s] -- Up-to-date symlink: /home/claudio/tiago_public_ws/install/play_motion2_msgs/include/play_motion2_msgs/play_motion2_msgs/srv/remove_motion.hpp
[4.327s] -- Up-to-date symlink: /home/claudio/tiago_public_ws/install/play_motion2_msgs/include/play_motion2_msgs/play_motion2_msgs/action/detail/play_motion2__rosidl_typesupport_fastrtps_cpp.hpp
[4.328s] -- Up-to-date symlink: /home/claudio/tiago_public_ws/install/play_motion2_msgs/include/play_motion2_msgs/play_motion2_msgs/msg/detail/motion__rosidl_typesupport_fastrtps_cpp.hpp
[4.329s] -- Up-to-date symlink: /home/claudio/tiago_public_ws/install/play_motion2_msgs/include/play_motion2_msgs/play_motion2_msgs/msg/rosidl_typesupport_fastrtps_cpp__visibility_control.h
[4.330s] -- Up-to-date symlink: /home/claudio/tiago_public_ws/install/play_motion2_msgs/include/play_motion2_msgs/play_motion2_msgs/srv/detail/add_motion__rosidl_typesupport_fastrtps_cpp.hpp
[4.331s] -- Up-to-date symlink: /home/claudio/tiago_public_ws/install/play_motion2_msgs/include/play_motion2_msgs/play_motion2_msgs/srv/detail/get_motion_info__rosidl_typesupport_fastrtps_cpp.hpp
[4.332s] -- Up-to-date symlink: /home/claudio/tiago_public_ws/install/play_motion2_msgs/include/play_motion2_msgs/play_motion2_msgs/srv/detail/is_motion_ready__rosidl_typesupport_fastrtps_cpp.hpp
[4.332s] -- Up-to-date symlink: /home/claudio/tiago_public_ws/install/play_motion2_msgs/include/play_motion2_msgs/play_motion2_msgs/srv/detail/list_motions__rosidl_typesupport_fastrtps_cpp.hpp
[4.334s] -- Up-to-date symlink: /home/claudio/tiago_public_ws/install/play_motion2_msgs/include/play_motion2_msgs/play_motion2_msgs/srv/detail/remove_motion__rosidl_typesupport_fastrtps_cpp.hpp
[4.335s] -- Up-to-date symlink: /home/claudio/tiago_public_ws/install/play_motion2_msgs/include/play_motion2_msgs/play_motion2_msgs/action/detail/play_motion2__rosidl_typesupport_introspection_c.h
[4.336s] -- Up-to-date symlink: /home/claudio/tiago_public_ws/install/play_motion2_msgs/include/play_motion2_msgs/play_motion2_msgs/msg/detail/motion__rosidl_typesupport_introspection_c.h
[4.337s] -- Up-to-date symlink: /home/claudio/tiago_public_ws/install/play_motion2_msgs/include/play_motion2_msgs/play_motion2_msgs/msg/rosidl_typesupport_introspection_c__visibility_control.h
[4.338s] -- Up-to-date symlink: /home/claudio/tiago_public_ws/install/play_motion2_msgs/include/play_motion2_msgs/play_motion2_msgs/srv/detail/add_motion__rosidl_typesupport_introspection_c.h
[4.339s] -- Up-to-date symlink: /home/claudio/tiago_public_ws/install/play_motion2_msgs/include/play_motion2_msgs/play_motion2_msgs/srv/detail/get_motion_info__rosidl_typesupport_introspection_c.h
[4.339s] -- Up-to-date symlink: /home/claudio/tiago_public_ws/install/play_motion2_msgs/include/play_motion2_msgs/play_motion2_msgs/srv/detail/is_motion_ready__rosidl_typesupport_introspection_c.h
[4.341s] -- Up-to-date symlink: /home/claudio/tiago_public_ws/install/play_motion2_msgs/include/play_motion2_msgs/play_motion2_msgs/srv/detail/list_motions__rosidl_typesupport_introspection_c.h
[4.342s] -- Up-to-date symlink: /home/claudio/tiago_public_ws/install/play_motion2_msgs/include/play_motion2_msgs/play_motion2_msgs/srv/detail/remove_motion__rosidl_typesupport_introspection_c.h
[4.343s] -- Up-to-date symlink: /home/claudio/tiago_public_ws/install/play_motion2_msgs/include/play_motion2_msgs/play_motion2_msgs/action/detail/play_motion2__rosidl_typesupport_introspection_cpp.hpp
[4.344s] -- Up-to-date symlink: /home/claudio/tiago_public_ws/install/play_motion2_msgs/include/play_motion2_msgs/play_motion2_msgs/msg/detail/motion__rosidl_typesupport_introspection_cpp.hpp
[4.345s] -- Up-to-date symlink: /home/claudio/tiago_public_ws/install/play_motion2_msgs/include/play_motion2_msgs/play_motion2_msgs/srv/detail/add_motion__rosidl_typesupport_introspection_cpp.hpp
[4.345s] -- Up-to-date symlink: /home/claudio/tiago_public_ws/install/play_motion2_msgs/include/play_motion2_msgs/play_motion2_msgs/srv/detail/get_motion_info__rosidl_typesupport_introspection_cpp.hpp
[4.347s] -- Up-to-date symlink: /home/claudio/tiago_public_ws/install/play_motion2_msgs/include/play_motion2_msgs/play_motion2_msgs/srv/detail/is_motion_ready__rosidl_typesupport_introspection_cpp.hpp
[4.348s] -- Up-to-date symlink: /home/claudio/tiago_public_ws/install/play_motion2_msgs/include/play_motion2_msgs/play_motion2_msgs/srv/detail/list_motions__rosidl_typesupport_introspection_cpp.hpp
[4.349s] -- Up-to-date symlink: /home/claudio/tiago_public_ws/install/play_motion2_msgs/include/play_motion2_msgs/play_motion2_msgs/srv/detail/remove_motion__rosidl_typesupport_introspection_cpp.hpp
[4.349s] -- Up-to-date symlink: /home/claudio/tiago_public_ws/install/play_motion2_msgs/share/play_motion2_msgs/environment/pythonpath.sh
[4.351s] -- Up-to-date symlink: /home/claudio/tiago_public_ws/install/play_motion2_msgs/share/play_motion2_msgs/environment/pythonpath.dsv
[4.353s] -- Up-to-date symlink: /home/claudio/tiago_public_ws/install/play_motion2_msgs/local/lib/python3.10/dist-packages/play_motion2_msgs-1.5.1-py3.10.egg-info/PKG-INFO
[4.354s] -- Up-to-date symlink: /home/claudio/tiago_public_ws/install/play_motion2_msgs/local/lib/python3.10/dist-packages/play_motion2_msgs-1.5.1-py3.10.egg-info/SOURCES.txt
[4.354s] -- Up-to-date symlink: /home/claudio/tiago_public_ws/install/play_motion2_msgs/local/lib/python3.10/dist-packages/play_motion2_msgs-1.5.1-py3.10.egg-info/dependency_links.txt
[4.357s] -- Up-to-date symlink: /home/claudio/tiago_public_ws/install/play_motion2_msgs/local/lib/python3.10/dist-packages/play_motion2_msgs-1.5.1-py3.10.egg-info/top_level.txt
[4.358s] -- Up-to-date symlink: /home/claudio/tiago_public_ws/install/play_motion2_msgs/local/lib/python3.10/dist-packages/play_motion2_msgs/__init__.py
[4.359s] -- Up-to-date symlink: /home/claudio/tiago_public_ws/install/play_motion2_msgs/local/lib/python3.10/dist-packages/play_motion2_msgs/_play_motion2_msgs_s.ep.rosidl_typesupport_c.c
[4.360s] -- Up-to-date symlink: /home/claudio/tiago_public_ws/install/play_motion2_msgs/local/lib/python3.10/dist-packages/play_motion2_msgs/_play_motion2_msgs_s.ep.rosidl_typesupport_fastrtps_c.c
[4.361s] -- Up-to-date symlink: /home/claudio/tiago_public_ws/install/play_motion2_msgs/local/lib/python3.10/dist-packages/play_motion2_msgs/_play_motion2_msgs_s.ep.rosidl_typesupport_introspection_c.c
[4.362s] -- Up-to-date symlink: /home/claudio/tiago_public_ws/install/play_motion2_msgs/local/lib/python3.10/dist-packages/play_motion2_msgs/action/__init__.py
[4.364s] -- Up-to-date symlink: /home/claudio/tiago_public_ws/install/play_motion2_msgs/local/lib/python3.10/dist-packages/play_motion2_msgs/action/_play_motion2.py
[4.364s] -- Up-to-date symlink: /home/claudio/tiago_public_ws/install/play_motion2_msgs/local/lib/python3.10/dist-packages/play_motion2_msgs/action/_play_motion2_s.c
[4.365s] -- Up-to-date symlink: /home/claudio/tiago_public_ws/install/play_motion2_msgs/local/lib/python3.10/dist-packages/play_motion2_msgs/libplay_motion2_msgs__rosidl_generator_py.so
[4.366s] -- Up-to-date symlink: /home/claudio/tiago_public_ws/install/play_motion2_msgs/local/lib/python3.10/dist-packages/play_motion2_msgs/msg/__init__.py
[4.367s] -- Up-to-date symlink: /home/claudio/tiago_public_ws/install/play_motion2_msgs/local/lib/python3.10/dist-packages/play_motion2_msgs/msg/_motion.py
[4.368s] -- Up-to-date symlink: /home/claudio/tiago_public_ws/install/play_motion2_msgs/local/lib/python3.10/dist-packages/play_motion2_msgs/msg/_motion_s.c
[4.369s] -- Up-to-date symlink: /home/claudio/tiago_public_ws/install/play_motion2_msgs/local/lib/python3.10/dist-packages/play_motion2_msgs/play_motion2_msgs_s__rosidl_typesupport_c.cpython-310-x86_64-linux-gnu.so
[4.370s] -- Up-to-date symlink: /home/claudio/tiago_public_ws/install/play_motion2_msgs/local/lib/python3.10/dist-packages/play_motion2_msgs/play_motion2_msgs_s__rosidl_typesupport_fastrtps_c.cpython-310-x86_64-linux-gnu.so
[4.370s] -- Up-to-date symlink: /home/claudio/tiago_public_ws/install/play_motion2_msgs/local/lib/python3.10/dist-packages/play_motion2_msgs/play_motion2_msgs_s__rosidl_typesupport_introspection_c.cpython-310-x86_64-linux-gnu.so
[4.372s] -- Up-to-date symlink: /home/claudio/tiago_public_ws/install/play_motion2_msgs/local/lib/python3.10/dist-packages/play_motion2_msgs/srv/__init__.py
[4.372s] -- Up-to-date symlink: /home/claudio/tiago_public_ws/install/play_motion2_msgs/local/lib/python3.10/dist-packages/play_motion2_msgs/srv/_add_motion.py
[4.373s] -- Up-to-date symlink: /home/claudio/tiago_public_ws/install/play_motion2_msgs/local/lib/python3.10/dist-packages/play_motion2_msgs/srv/_add_motion_s.c
[4.374s] -- Up-to-date symlink: /home/claudio/tiago_public_ws/install/play_motion2_msgs/local/lib/python3.10/dist-packages/play_motion2_msgs/srv/_get_motion_info.py
[4.375s] -- Up-to-date symlink: /home/claudio/tiago_public_ws/install/play_motion2_msgs/local/lib/python3.10/dist-packages/play_motion2_msgs/srv/_get_motion_info_s.c
[4.376s] -- Up-to-date symlink: /home/claudio/tiago_public_ws/install/play_motion2_msgs/local/lib/python3.10/dist-packages/play_motion2_msgs/srv/_is_motion_ready.py
[4.376s] -- Up-to-date symlink: /home/claudio/tiago_public_ws/install/play_motion2_msgs/local/lib/python3.10/dist-packages/play_motion2_msgs/srv/_is_motion_ready_s.c
[4.378s] -- Up-to-date symlink: /home/claudio/tiago_public_ws/install/play_motion2_msgs/local/lib/python3.10/dist-packages/play_motion2_msgs/srv/_list_motions.py
[4.379s] -- Up-to-date symlink: /home/claudio/tiago_public_ws/install/play_motion2_msgs/local/lib/python3.10/dist-packages/play_motion2_msgs/srv/_list_motions_s.c
[4.379s] -- Up-to-date symlink: /home/claudio/tiago_public_ws/install/play_motion2_msgs/local/lib/python3.10/dist-packages/play_motion2_msgs/srv/_remove_motion.py
[4.381s] -- Up-to-date symlink: /home/claudio/tiago_public_ws/install/play_motion2_msgs/local/lib/python3.10/dist-packages/play_motion2_msgs/srv/_remove_motion_s.c
[4.381s] -- Up-to-date symlink: /home/claudio/tiago_public_ws/install/play_motion2_msgs/local/lib/python3.10/dist-packages/play_motion2_msgs/play_motion2_msgs_s__rosidl_typesupport_fastrtps_c.cpython-310-x86_64-linux-gnu.so
[4.382s] -- Up-to-date symlink: /home/claudio/tiago_public_ws/install/play_motion2_msgs/local/lib/python3.10/dist-packages/play_motion2_msgs/play_motion2_msgs_s__rosidl_typesupport_introspection_c.cpython-310-x86_64-linux-gnu.so
[4.384s] -- Up-to-date symlink: /home/claudio/tiago_public_ws/install/play_motion2_msgs/local/lib/python3.10/dist-packages/play_motion2_msgs/play_motion2_msgs_s__rosidl_typesupport_c.cpython-310-x86_64-linux-gnu.so
[4.385s] -- Up-to-date symlink: /home/claudio/tiago_public_ws/install/play_motion2_msgs/share/play_motion2_msgs/action/PlayMotion2.idl
[4.386s] -- Up-to-date symlink: /home/claudio/tiago_public_ws/install/play_motion2_msgs/share/play_motion2_msgs/msg/Motion.idl
[4.388s] -- Up-to-date symlink: /home/claudio/tiago_public_ws/install/play_motion2_msgs/share/play_motion2_msgs/srv/AddMotion.idl
[4.389s] -- Up-to-date symlink: /home/claudio/tiago_public_ws/install/play_motion2_msgs/share/play_motion2_msgs/srv/GetMotionInfo.idl
[4.392s] -- Up-to-date symlink: /home/claudio/tiago_public_ws/install/play_motion2_msgs/share/play_motion2_msgs/srv/IsMotionReady.idl
[4.393s] -- Up-to-date symlink: /home/claudio/tiago_public_ws/install/play_motion2_msgs/share/play_motion2_msgs/srv/ListMotions.idl
[4.394s] -- Up-to-date symlink: /home/claudio/tiago_public_ws/install/play_motion2_msgs/share/play_motion2_msgs/srv/RemoveMotion.idl
[4.395s] -- Up-to-date symlink: /home/claudio/tiago_public_ws/install/play_motion2_msgs/share/play_motion2_msgs/action/PlayMotion2.action
[4.395s] -- Up-to-date symlink: /home/claudio/tiago_public_ws/install/play_motion2_msgs/share/play_motion2_msgs/msg/Motion.msg
[4.396s] -- Up-to-date symlink: /home/claudio/tiago_public_ws/install/play_motion2_msgs/share/play_motion2_msgs/srv/AddMotion.srv
[4.397s] -- Up-to-date symlink: /home/claudio/tiago_public_ws/install/play_motion2_msgs/share/play_motion2_msgs/srv/AddMotion_Request.msg
[4.398s] -- Up-to-date symlink: /home/claudio/tiago_public_ws/install/play_motion2_msgs/share/play_motion2_msgs/srv/AddMotion_Response.msg
[4.399s] -- Up-to-date symlink: /home/claudio/tiago_public_ws/install/play_motion2_msgs/share/play_motion2_msgs/srv/GetMotionInfo.srv
[4.400s] -- Up-to-date symlink: /home/claudio/tiago_public_ws/install/play_motion2_msgs/share/play_motion2_msgs/srv/GetMotionInfo_Request.msg
[4.402s] -- Up-to-date symlink: /home/claudio/tiago_public_ws/install/play_motion2_msgs/share/play_motion2_msgs/srv/GetMotionInfo_Response.msg
[4.404s] -- Up-to-date symlink: /home/claudio/tiago_public_ws/install/play_motion2_msgs/share/play_motion2_msgs/srv/IsMotionReady.srv
[4.405s] -- Up-to-date symlink: /home/claudio/tiago_public_ws/install/play_motion2_msgs/share/play_motion2_msgs/srv/IsMotionReady_Request.msg
[4.405s] -- Up-to-date symlink: /home/claudio/tiago_public_ws/install/play_motion2_msgs/share/play_motion2_msgs/srv/IsMotionReady_Response.msg
[4.407s] -- Up-to-date symlink: /home/claudio/tiago_public_ws/install/play_motion2_msgs/share/play_motion2_msgs/srv/ListMotions.srv
[4.408s] -- Up-to-date symlink: /home/claudio/tiago_public_ws/install/play_motion2_msgs/share/play_motion2_msgs/srv/ListMotions_Request.msg
[4.408s] -- Up-to-date symlink: /home/claudio/tiago_public_ws/install/play_motion2_msgs/share/play_motion2_msgs/srv/ListMotions_Response.msg
[4.409s] -- Up-to-date symlink: /home/claudio/tiago_public_ws/install/play_motion2_msgs/share/play_motion2_msgs/srv/RemoveMotion.srv
[4.410s] -- Up-to-date symlink: /home/claudio/tiago_public_ws/install/play_motion2_msgs/share/play_motion2_msgs/srv/RemoveMotion_Request.msg
[4.411s] -- Up-to-date symlink: /home/claudio/tiago_public_ws/install/play_motion2_msgs/share/play_motion2_msgs/srv/RemoveMotion_Response.msg
[4.412s] -- Up-to-date symlink: /home/claudio/tiago_public_ws/install/play_motion2_msgs/share/ament_index/resource_index/package_run_dependencies/play_motion2_msgs
[4.414s] -- Up-to-date symlink: /home/claudio/tiago_public_ws/install/play_motion2_msgs/share/ament_index/resource_index/parent_prefix_path/play_motion2_msgs
[4.414s] -- Up-to-date symlink: /home/claudio/tiago_public_ws/install/play_motion2_msgs/share/play_motion2_msgs/environment/ament_prefix_path.sh
[4.416s] -- Up-to-date symlink: /home/claudio/tiago_public_ws/install/play_motion2_msgs/share/play_motion2_msgs/environment/ament_prefix_path.dsv
[4.417s] -- Up-to-date symlink: /home/claudio/tiago_public_ws/install/play_motion2_msgs/share/play_motion2_msgs/environment/path.sh
[4.417s] -- Up-to-date symlink: /home/claudio/tiago_public_ws/install/play_motion2_msgs/share/play_motion2_msgs/environment/path.dsv
[4.419s] -- Up-to-date symlink: /home/claudio/tiago_public_ws/install/play_motion2_msgs/share/play_motion2_msgs/local_setup.bash
[4.420s] -- Up-to-date symlink: /home/claudio/tiago_public_ws/install/play_motion2_msgs/share/play_motion2_msgs/local_setup.sh
[4.420s] -- Up-to-date symlink: /home/claudio/tiago_public_ws/install/play_motion2_msgs/share/play_motion2_msgs/local_setup.zsh
[4.421s] -- Up-to-date symlink: /home/claudio/tiago_public_ws/install/play_motion2_msgs/share/play_motion2_msgs/local_setup.dsv
[4.421s] -- Symlinking: /home/claudio/tiago_public_ws/install/play_motion2_msgs/share/play_motion2_msgs/package.dsv
[4.441s] -- Up-to-date symlink: /home/claudio/tiago_public_ws/install/play_motion2_msgs/share/ament_index/resource_index/packages/play_motion2_msgs
[4.441s] -- Up-to-date symlink: /home/claudio/tiago_public_ws/install/play_motion2_msgs/share/play_motion2_msgs/cmake/rosidl_cmake-extras.cmake
[4.443s] -- Up-to-date symlink: /home/claudio/tiago_public_ws/install/play_motion2_msgs/share/play_motion2_msgs/cmake/ament_cmake_export_dependencies-extras.cmake
[4.446s] -- Up-to-date symlink: /home/claudio/tiago_public_ws/install/play_motion2_msgs/share/play_motion2_msgs/cmake/ament_cmake_export_include_directories-extras.cmake
[4.447s] -- Up-to-date symlink: /home/claudio/tiago_public_ws/install/play_motion2_msgs/share/play_motion2_msgs/cmake/ament_cmake_export_libraries-extras.cmake
[4.448s] -- Up-to-date symlink: /home/claudio/tiago_public_ws/install/play_motion2_msgs/share/play_motion2_msgs/cmake/ament_cmake_export_targets-extras.cmake
[4.449s] -- Up-to-date symlink: /home/claudio/tiago_public_ws/install/play_motion2_msgs/share/play_motion2_msgs/cmake/rosidl_cmake_export_typesupport_targets-extras.cmake
[4.450s] -- Up-to-date symlink: /home/claudio/tiago_public_ws/install/play_motion2_msgs/share/play_motion2_msgs/cmake/rosidl_cmake_export_typesupport_libraries-extras.cmake
[4.451s] -- Up-to-date symlink: /home/claudio/tiago_public_ws/install/play_motion2_msgs/share/play_motion2_msgs/cmake/play_motion2_msgsConfig.cmake
[4.452s] -- Up-to-date symlink: /home/claudio/tiago_public_ws/install/play_motion2_msgs/share/play_motion2_msgs/cmake/play_motion2_msgsConfig-version.cmake
[4.453s] -- Up-to-date symlink: /home/claudio/tiago_public_ws/install/play_motion2_msgs/share/play_motion2_msgs/package.xml
[4.455s] -- Up-to-date: /home/claudio/tiago_public_ws/install/play_motion2_msgs/lib/libplay_motion2_msgs__rosidl_generator_c.so
[4.457s] -- Up-to-date: /home/claudio/tiago_public_ws/install/play_motion2_msgs/lib/libplay_motion2_msgs__rosidl_typesupport_fastrtps_c.so
[4.458s] -- Up-to-date: /home/claudio/tiago_public_ws/install/play_motion2_msgs/lib/libplay_motion2_msgs__rosidl_typesupport_fastrtps_cpp.so
[4.460s] -- Up-to-date: /home/claudio/tiago_public_ws/install/play_motion2_msgs/lib/libplay_motion2_msgs__rosidl_typesupport_introspection_c.so
[4.463s] -- Up-to-date: /home/claudio/tiago_public_ws/install/play_motion2_msgs/lib/libplay_motion2_msgs__rosidl_typesupport_c.so
[4.464s] -- Up-to-date: /home/claudio/tiago_public_ws/install/play_motion2_msgs/lib/libplay_motion2_msgs__rosidl_typesupport_introspection_cpp.so
[4.467s] -- Up-to-date: /home/claudio/tiago_public_ws/install/play_motion2_msgs/lib/libplay_motion2_msgs__rosidl_typesupport_cpp.so
[4.554s] Listing '/home/claudio/tiago_public_ws/install/play_motion2_msgs/local/lib/python3.10/dist-packages/play_motion2_msgs'...
[4.554s] Compiling '/home/claudio/tiago_public_ws/install/play_motion2_msgs/local/lib/python3.10/dist-packages/play_motion2_msgs/__init__.py'...
[4.554s] Listing '/home/claudio/tiago_public_ws/install/play_motion2_msgs/local/lib/python3.10/dist-packages/play_motion2_msgs/action'...
[4.555s] Listing '/home/claudio/tiago_public_ws/install/play_motion2_msgs/local/lib/python3.10/dist-packages/play_motion2_msgs/msg'...
[4.555s] Listing '/home/claudio/tiago_public_ws/install/play_motion2_msgs/local/lib/python3.10/dist-packages/play_motion2_msgs/srv'...
[4.568s] -- Up-to-date: /home/claudio/tiago_public_ws/install/play_motion2_msgs/lib/libplay_motion2_msgs__rosidl_generator_py.so
[4.569s] -- Up-to-date: /home/claudio/tiago_public_ws/install/play_motion2_msgs/share/play_motion2_msgs/cmake/export_play_motion2_msgs__rosidl_generator_cExport.cmake
[4.570s] -- Up-to-date: /home/claudio/tiago_public_ws/install/play_motion2_msgs/share/play_motion2_msgs/cmake/export_play_motion2_msgs__rosidl_generator_cExport-noconfig.cmake
[4.571s] -- Up-to-date: /home/claudio/tiago_public_ws/install/play_motion2_msgs/share/play_motion2_msgs/cmake/export_play_motion2_msgs__rosidl_typesupport_fastrtps_cExport.cmake
[4.571s] -- Up-to-date: /home/claudio/tiago_public_ws/install/play_motion2_msgs/share/play_motion2_msgs/cmake/export_play_motion2_msgs__rosidl_typesupport_fastrtps_cExport-noconfig.cmake
[4.571s] -- Up-to-date: /home/claudio/tiago_public_ws/install/play_motion2_msgs/share/play_motion2_msgs/cmake/export_play_motion2_msgs__rosidl_generator_cppExport.cmake
[4.572s] -- Up-to-date: /home/claudio/tiago_public_ws/install/play_motion2_msgs/share/play_motion2_msgs/cmake/export_play_motion2_msgs__rosidl_typesupport_fastrtps_cppExport.cmake
[4.572s] -- Up-to-date: /home/claudio/tiago_public_ws/install/play_motion2_msgs/share/play_motion2_msgs/cmake/export_play_motion2_msgs__rosidl_typesupport_fastrtps_cppExport-noconfig.cmake
[4.573s] -- Up-to-date: /home/claudio/tiago_public_ws/install/play_motion2_msgs/share/play_motion2_msgs/cmake/play_motion2_msgs__rosidl_typesupport_introspection_cExport.cmake
[4.573s] -- Up-to-date: /home/claudio/tiago_public_ws/install/play_motion2_msgs/share/play_motion2_msgs/cmake/play_motion2_msgs__rosidl_typesupport_introspection_cExport-noconfig.cmake
[4.573s] -- Up-to-date: /home/claudio/tiago_public_ws/install/play_motion2_msgs/share/play_motion2_msgs/cmake/play_motion2_msgs__rosidl_typesupport_cExport.cmake
[4.574s] -- Up-to-date: /home/claudio/tiago_public_ws/install/play_motion2_msgs/share/play_motion2_msgs/cmake/play_motion2_msgs__rosidl_typesupport_cExport-noconfig.cmake
[4.574s] -- Up-to-date: /home/claudio/tiago_public_ws/install/play_motion2_msgs/share/play_motion2_msgs/cmake/play_motion2_msgs__rosidl_typesupport_introspection_cppExport.cmake
[4.575s] -- Up-to-date: /home/claudio/tiago_public_ws/install/play_motion2_msgs/share/play_motion2_msgs/cmake/play_motion2_msgs__rosidl_typesupport_introspection_cppExport-noconfig.cmake
[4.575s] -- Up-to-date: /home/claudio/tiago_public_ws/install/play_motion2_msgs/share/play_motion2_msgs/cmake/play_motion2_msgs__rosidl_typesupport_cppExport.cmake
[4.577s] -- Up-to-date: /home/claudio/tiago_public_ws/install/play_motion2_msgs/share/play_motion2_msgs/cmake/play_motion2_msgs__rosidl_typesupport_cppExport-noconfig.cmake
[4.577s] -- Up-to-date: /home/claudio/tiago_public_ws/install/play_motion2_msgs/share/play_motion2_msgs/cmake/export_play_motion2_msgs__rosidl_generator_pyExport.cmake
[4.579s] -- Up-to-date: /home/claudio/tiago_public_ws/install/play_motion2_msgs/share/play_motion2_msgs/cmake/export_play_motion2_msgs__rosidl_generator_pyExport-noconfig.cmake
[4.582s] Invoked command in '/home/claudio/tiago_public_ws/build/play_motion2_msgs' returned '0': CMAKE_PREFIX_PATH=/opt/ros/humble /usr/bin/cmake --install /home/claudio/tiago_public_ws/build/play_motion2_msgs
