[1.008s] Invoking command in '/home/claudio/Desktop/progetto_ros2/src/robot_launcher': PYTHONPATH=/home/claudio/Desktop/progetto_ros2/build/robot_launcher/prefix_override:/usr/lib/python3/dist-packages/colcon_core/task/python/colcon_distutils_commands:/home/claudio/Desktop/progetto_ros2/install/robot_launcher/lib/python3.10/site-packages:${PYTHONPATH} /usr/bin/python3 -W ignore:setup.py install is deprecated -W ignore:easy_install command is deprecated setup.py egg_info --egg-base ../../build/robot_launcher build --build-base /home/claudio/Desktop/progetto_ros2/build/robot_launcher/build install --record /home/claudio/Desktop/progetto_ros2/build/robot_launcher/install.log --single-version-externally-managed install_data
[1.322s] running egg_info
[1.323s] writing ../../build/robot_launcher/robot_launcher.egg-info/PKG-INFO
[1.323s] writing dependency_links to ../../build/robot_launcher/robot_launcher.egg-info/dependency_links.txt
[1.323s] writing entry points to ../../build/robot_launcher/robot_launcher.egg-info/entry_points.txt
[1.323s] writing requirements to ../../build/robot_launcher/robot_launcher.egg-info/requires.txt
[1.323s] writing top-level names to ../../build/robot_launcher/robot_launcher.egg-info/top_level.txt
[1.325s] reading manifest file '../../build/robot_launcher/robot_launcher.egg-info/SOURCES.txt'
[1.326s] writing manifest file '../../build/robot_launcher/robot_launcher.egg-info/SOURCES.txt'
[1.326s] running build
[1.326s] running build_py
[1.326s] running install
[1.326s] running install_lib
[1.328s] running install_data
[1.328s] copying launch/full_system.launch.py -> /home/claudio/Desktop/progetto_ros2/install/robot_launcher/share/robot_launcher/launch
[1.328s] running install_egg_info
[1.330s] removing '/home/claudio/Desktop/progetto_ros2/install/robot_launcher/lib/python3.10/site-packages/robot_launcher-0.0.0-py3.10.egg-info' (and everything under it)
[1.330s] Copying ../../build/robot_launcher/robot_launcher.egg-info to /home/claudio/Desktop/progetto_ros2/install/robot_launcher/lib/python3.10/site-packages/robot_launcher-0.0.0-py3.10.egg-info
[1.331s] running install_scripts
[1.356s] writing list of installed files to '/home/claudio/Desktop/progetto_ros2/build/robot_launcher/install.log'
[1.373s] Invoked command in '/home/claudio/Desktop/progetto_ros2/src/robot_launcher' returned '0': PYTHONPATH=/home/claudio/Desktop/progetto_ros2/build/robot_launcher/prefix_override:/usr/lib/python3/dist-packages/colcon_core/task/python/colcon_distutils_commands:/home/claudio/Desktop/progetto_ros2/install/robot_launcher/lib/python3.10/site-packages:${PYTHONPATH} /usr/bin/python3 -W ignore:setup.py install is deprecated -W ignore:easy_install command is deprecated setup.py egg_info --egg-base ../../build/robot_launcher build --build-base /home/claudio/Desktop/progetto_ros2/build/robot_launcher/build install --record /home/claudio/Desktop/progetto_ros2/build/robot_launcher/install.log --single-version-externally-managed install_data
