[3.940s] Invoking command in '/home/claudio/progetto_ros2/src/robot_nodes': PYTHONPATH=/home/claudio/progetto_ros2/build/robot_nodes/prefix_override:/usr/lib/python3/dist-packages/colcon_core/task/python/colcon_distutils_commands:/home/claudio/progetto_ros2/install/robot_nodes/lib/python3.10/site-packages:${PYTHONPATH} /usr/bin/python3 -W ignore:setup.py install is deprecated -W ignore:easy_install command is deprecated setup.py egg_info --egg-base ../../build/robot_nodes build --build-base /home/claudio/progetto_ros2/build/robot_nodes/build install --record /home/claudio/progetto_ros2/build/robot_nodes/install.log --single-version-externally-managed install_data
[4.795s] running egg_info
[4.804s] writing ../../build/robot_nodes/robot_nodes.egg-info/PKG-INFO
[4.807s] writing dependency_links to ../../build/robot_nodes/robot_nodes.egg-info/dependency_links.txt
[4.808s] writing entry points to ../../build/robot_nodes/robot_nodes.egg-info/entry_points.txt
[4.811s] writing requirements to ../../build/robot_nodes/robot_nodes.egg-info/requires.txt
[4.812s] writing top-level names to ../../build/robot_nodes/robot_nodes.egg-info/top_level.txt
[4.831s] reading manifest file '../../build/robot_nodes/robot_nodes.egg-info/SOURCES.txt'
[4.850s] writing manifest file '../../build/robot_nodes/robot_nodes.egg-info/SOURCES.txt'
[4.850s] running build
[4.850s] running build_py
[4.850s] copying robot_nodes/macchina_a_stati.py -> /home/claudio/progetto_ros2/build/robot_nodes/build/lib/robot_nodes
[4.864s] running install
[4.869s] running install_lib
[4.869s] copying /home/claudio/progetto_ros2/build/robot_nodes/build/lib/robot_nodes/macchina_a_stati.py -> /home/claudio/progetto_ros2/install/robot_nodes/lib/python3.10/site-packages/robot_nodes
[4.869s] byte-compiling /home/claudio/progetto_ros2/install/robot_nodes/lib/python3.10/site-packages/robot_nodes/macchina_a_stati.py to macchina_a_stati.cpython-310.pyc
[4.873s] running install_data
[4.873s] running install_egg_info
[4.878s] removing '/home/claudio/progetto_ros2/install/robot_nodes/lib/python3.10/site-packages/robot_nodes-0.0.0-py3.10.egg-info' (and everything under it)
[4.883s] Copying ../../build/robot_nodes/robot_nodes.egg-info to /home/claudio/progetto_ros2/install/robot_nodes/lib/python3.10/site-packages/robot_nodes-0.0.0-py3.10.egg-info
[4.883s] running install_scripts
[4.930s] Installing macchina_a_stati script to /home/claudio/progetto_ros2/install/robot_nodes/lib/robot_nodes
[4.930s] Installing testa_e_aruco script to /home/claudio/progetto_ros2/install/robot_nodes/lib/robot_nodes
[4.934s] writing list of installed files to '/home/claudio/progetto_ros2/build/robot_nodes/install.log'
[5.007s] Invoked command in '/home/claudio/progetto_ros2/src/robot_nodes' returned '0': PYTHONPATH=/home/claudio/progetto_ros2/build/robot_nodes/prefix_override:/usr/lib/python3/dist-packages/colcon_core/task/python/colcon_distutils_commands:/home/claudio/progetto_ros2/install/robot_nodes/lib/python3.10/site-packages:${PYTHONPATH} /usr/bin/python3 -W ignore:setup.py install is deprecated -W ignore:easy_install command is deprecated setup.py egg_info --egg-base ../../build/robot_nodes build --build-base /home/claudio/progetto_ros2/build/robot_nodes/build install --record /home/claudio/progetto_ros2/build/robot_nodes/install.log --single-version-externally-managed install_data
