[0.032s] Invoking command in '/home/claudio/tiago_public_ws/build/pmb2_rgbd_sensors': AMENT_PREFIX_PATH=/home/claudio/tiago_public_ws/install/launch_pal:${AMENT_PREFIX_PATH} CMAKE_PREFIX_PATH=/opt/ros/humble PYTHONPATH=/home/claudio/tiago_public_ws/build/launch_pal:/home/claudio/tiago_public_ws/install/launch_pal/lib/python3.10/site-packages:${PYTHONPATH} /usr/bin/cmake /home/claudio/tiago_public_ws/src/pmb2_navigation/pmb2_rgbd_sensors -DAMENT_CMAKE_SYMLINK_INSTALL=1 -DCMAKE_INSTALL_PREFIX=/home/claudio/tiago_public_ws/install/pmb2_rgbd_sensors
[0.204s] -- The C compiler identification is GNU 11.4.0
[0.341s] -- The CXX compiler identification is GNU 11.4.0
[0.361s] -- Detecting C compiler ABI info
[0.608s] -- Detecting C compiler ABI info - done
[0.639s] -- Check for working C compiler: /usr/bin/cc - skipped
[0.640s] -- Detecting C compile features
[0.642s] -- Detecting C compile features - done
[0.650s] -- Detecting CXX compiler ABI info
[0.832s] -- Detecting CXX compiler ABI info - done
[0.857s] -- Check for working CXX compiler: /usr/bin/c++ - skipped
[0.859s] -- Detecting CXX compile features
[0.860s] -- Detecting CXX compile features - done
[0.867s] -- Found ament_cmake_auto: 1.3.11 (/opt/ros/humble/share/ament_cmake_auto/cmake)
[1.530s] -- Found Python3: /usr/bin/python3 (found version "3.10.12") found components: Interpreter 
[1.943s] -- Override CMake install command with custom implementation using symlinks instead of copying resources
[2.436s] -- Added test 'copyright' to check source files copyright and LICENSE
[2.446s] -- Added test 'flake8' to check Python code syntax and style conventions
[2.450s] -- Added test 'lint_cmake' to check CMake code style
[2.450s] -- Added test 'pep257' to check Python code against some of the docstring style conventions in PEP 257
[2.456s] -- Added test 'xmllint' to check XML markup files
[2.464s] -- Configuring done
[2.475s] -- Generating done
[2.482s] -- Build files have been written to: /home/claudio/tiago_public_ws/build/pmb2_rgbd_sensors
[2.511s] Invoked command in '/home/claudio/tiago_public_ws/build/pmb2_rgbd_sensors' returned '0': AMENT_PREFIX_PATH=/home/claudio/tiago_public_ws/install/launch_pal:${AMENT_PREFIX_PATH} CMAKE_PREFIX_PATH=/opt/ros/humble PYTHONPATH=/home/claudio/tiago_public_ws/build/launch_pal:/home/claudio/tiago_public_ws/install/launch_pal/lib/python3.10/site-packages:${PYTHONPATH} /usr/bin/cmake /home/claudio/tiago_public_ws/src/pmb2_navigation/pmb2_rgbd_sensors -DAMENT_CMAKE_SYMLINK_INSTALL=1 -DCMAKE_INSTALL_PREFIX=/home/claudio/tiago_public_ws/install/pmb2_rgbd_sensors
[2.512s] Invoking command in '/home/claudio/tiago_public_ws/build/pmb2_rgbd_sensors': AMENT_PREFIX_PATH=/home/claudio/tiago_public_ws/install/launch_pal:${AMENT_PREFIX_PATH} CMAKE_PREFIX_PATH=/opt/ros/humble PYTHONPATH=/home/claudio/tiago_public_ws/build/launch_pal:/home/claudio/tiago_public_ws/install/launch_pal/lib/python3.10/site-packages:${PYTHONPATH} /usr/bin/cmake --build /home/claudio/tiago_public_ws/build/pmb2_rgbd_sensors -- -j4 -l4
[2.699s] Invoked command in '/home/claudio/tiago_public_ws/build/pmb2_rgbd_sensors' returned '0': AMENT_PREFIX_PATH=/home/claudio/tiago_public_ws/install/launch_pal:${AMENT_PREFIX_PATH} CMAKE_PREFIX_PATH=/opt/ros/humble PYTHONPATH=/home/claudio/tiago_public_ws/build/launch_pal:/home/claudio/tiago_public_ws/install/launch_pal/lib/python3.10/site-packages:${PYTHONPATH} /usr/bin/cmake --build /home/claudio/tiago_public_ws/build/pmb2_rgbd_sensors -- -j4 -l4
[2.708s] Invoking command in '/home/claudio/tiago_public_ws/build/pmb2_rgbd_sensors': AMENT_PREFIX_PATH=/home/claudio/tiago_public_ws/install/launch_pal:${AMENT_PREFIX_PATH} CMAKE_PREFIX_PATH=/opt/ros/humble PYTHONPATH=/home/claudio/tiago_public_ws/build/launch_pal:/home/claudio/tiago_public_ws/install/launch_pal/lib/python3.10/site-packages:${PYTHONPATH} /usr/bin/cmake --install /home/claudio/tiago_public_ws/build/pmb2_rgbd_sensors
[2.742s] -- Install configuration: ""
[2.747s] -- Execute custom install script
[2.748s] -- Symlinking: /home/claudio/tiago_public_ws/install/pmb2_rgbd_sensors/share/pmb2_rgbd_sensors/launch/rgbd_cobra_realsense-d435.launch.py
[2.789s] -- Symlinking: /home/claudio/tiago_public_ws/install/pmb2_rgbd_sensors/share/pmb2_rgbd_sensors/launch/rgbd_cobra_realsense-d435i.launch.py
[2.830s] -- Symlinking: /home/claudio/tiago_public_ws/install/pmb2_rgbd_sensors/share/pmb2_rgbd_sensors/launch/rgbd_cobra_structure.launch.py
[2.870s] -- Symlinking: /home/claudio/tiago_public_ws/install/pmb2_rgbd_sensors/share/ament_index/resource_index/package_run_dependencies/pmb2_rgbd_sensors
[2.908s] -- Symlinking: /home/claudio/tiago_public_ws/install/pmb2_rgbd_sensors/share/ament_index/resource_index/parent_prefix_path/pmb2_rgbd_sensors
[2.943s] -- Symlinking: /home/claudio/tiago_public_ws/install/pmb2_rgbd_sensors/share/pmb2_rgbd_sensors/environment/ament_prefix_path.sh
[2.974s] -- Symlinking: /home/claudio/tiago_public_ws/install/pmb2_rgbd_sensors/share/pmb2_rgbd_sensors/environment/ament_prefix_path.dsv
[3.013s] -- Symlinking: /home/claudio/tiago_public_ws/install/pmb2_rgbd_sensors/share/pmb2_rgbd_sensors/environment/path.sh
[3.053s] -- Symlinking: /home/claudio/tiago_public_ws/install/pmb2_rgbd_sensors/share/pmb2_rgbd_sensors/environment/path.dsv
[3.091s] -- Symlinking: /home/claudio/tiago_public_ws/install/pmb2_rgbd_sensors/share/pmb2_rgbd_sensors/local_setup.bash
[3.116s] -- Symlinking: /home/claudio/tiago_public_ws/install/pmb2_rgbd_sensors/share/pmb2_rgbd_sensors/local_setup.sh
[3.152s] -- Symlinking: /home/claudio/tiago_public_ws/install/pmb2_rgbd_sensors/share/pmb2_rgbd_sensors/local_setup.zsh
[3.178s] -- Symlinking: /home/claudio/tiago_public_ws/install/pmb2_rgbd_sensors/share/pmb2_rgbd_sensors/local_setup.dsv
[3.197s] -- Symlinking: /home/claudio/tiago_public_ws/install/pmb2_rgbd_sensors/share/pmb2_rgbd_sensors/package.dsv
[3.218s] -- Symlinking: /home/claudio/tiago_public_ws/install/pmb2_rgbd_sensors/share/ament_index/resource_index/packages/pmb2_rgbd_sensors
[3.257s] -- Symlinking: /home/claudio/tiago_public_ws/install/pmb2_rgbd_sensors/share/pmb2_rgbd_sensors/cmake/pmb2_rgbd_sensorsConfig.cmake
[3.295s] -- Symlinking: /home/claudio/tiago_public_ws/install/pmb2_rgbd_sensors/share/pmb2_rgbd_sensors/cmake/pmb2_rgbd_sensorsConfig-version.cmake
[3.338s] -- Symlinking: /home/claudio/tiago_public_ws/install/pmb2_rgbd_sensors/share/pmb2_rgbd_sensors/package.xml
[3.366s] Invoked command in '/home/claudio/tiago_public_ws/build/pmb2_rgbd_sensors' returned '0': AMENT_PREFIX_PATH=/home/claudio/tiago_public_ws/install/launch_pal:${AMENT_PREFIX_PATH} CMAKE_PREFIX_PATH=/opt/ros/humble PYTHONPATH=/home/claudio/tiago_public_ws/build/launch_pal:/home/claudio/tiago_public_ws/install/launch_pal/lib/python3.10/site-packages:${PYTHONPATH} /usr/bin/cmake --install /home/claudio/tiago_public_ws/build/pmb2_rgbd_sensors
