[3.132s] Invoking command in '/home/claudio/progetto_ros2/src/robot_nodes': PYTHONPATH=/home/claudio/progetto_ros2/build/robot_nodes/prefix_override:/usr/lib/python3/dist-packages/colcon_core/task/python/colcon_distutils_commands:/home/claudio/progetto_ros2/install/robot_nodes/lib/python3.10/site-packages:${PYTHONPATH} /usr/bin/python3 -W ignore:setup.py install is deprecated -W ignore:easy_install command is deprecated setup.py egg_info --egg-base ../../build/robot_nodes build --build-base /home/claudio/progetto_ros2/build/robot_nodes/build install --record /home/claudio/progetto_ros2/build/robot_nodes/install.log --single-version-externally-managed install_data
[4.508s] running egg_info
[4.515s] writing ../../build/robot_nodes/robot_nodes.egg-info/PKG-INFO
[4.515s] writing dependency_links to ../../build/robot_nodes/robot_nodes.egg-info/dependency_links.txt
[4.520s] writing entry points to ../../build/robot_nodes/robot_nodes.egg-info/entry_points.txt
[4.521s] writing requirements to ../../build/robot_nodes/robot_nodes.egg-info/requires.txt
[4.521s] writing top-level names to ../../build/robot_nodes/robot_nodes.egg-info/top_level.txt
[4.527s] reading manifest file '../../build/robot_nodes/robot_nodes.egg-info/SOURCES.txt'
[4.535s] writing manifest file '../../build/robot_nodes/robot_nodes.egg-info/SOURCES.txt'
[4.535s] running build
[4.535s] running build_py
[4.535s] copying robot_nodes/macchina_a_stati.py -> /home/claudio/progetto_ros2/build/robot_nodes/build/lib/robot_nodes
[4.536s] running install
[4.541s] running install_lib
[4.545s] copying /home/claudio/progetto_ros2/build/robot_nodes/build/lib/robot_nodes/macchina_a_stati.py -> /home/claudio/progetto_ros2/install/robot_nodes/lib/python3.10/site-packages/robot_nodes
[4.547s] byte-compiling /home/claudio/progetto_ros2/install/robot_nodes/lib/python3.10/site-packages/robot_nodes/macchina_a_stati.py to macchina_a_stati.cpython-310.pyc
[4.562s] running install_data
[4.563s] running install_egg_info
[4.576s] removing '/home/claudio/progetto_ros2/install/robot_nodes/lib/python3.10/site-packages/robot_nodes-0.0.0-py3.10.egg-info' (and everything under it)
[4.579s] Copying ../../build/robot_nodes/robot_nodes.egg-info to /home/claudio/progetto_ros2/install/robot_nodes/lib/python3.10/site-packages/robot_nodes-0.0.0-py3.10.egg-info
[4.587s] running install_scripts
[4.720s] Installing macchina_a_stati script to /home/claudio/progetto_ros2/install/robot_nodes/lib/robot_nodes
[4.721s] Installing testa_e_aruco script to /home/claudio/progetto_ros2/install/robot_nodes/lib/robot_nodes
[4.722s] writing list of installed files to '/home/claudio/progetto_ros2/build/robot_nodes/install.log'
[4.821s] Invoked command in '/home/claudio/progetto_ros2/src/robot_nodes' returned '0': PYTHONPATH=/home/claudio/progetto_ros2/build/robot_nodes/prefix_override:/usr/lib/python3/dist-packages/colcon_core/task/python/colcon_distutils_commands:/home/claudio/progetto_ros2/install/robot_nodes/lib/python3.10/site-packages:${PYTHONPATH} /usr/bin/python3 -W ignore:setup.py install is deprecated -W ignore:easy_install command is deprecated setup.py egg_info --egg-base ../../build/robot_nodes build --build-base /home/claudio/progetto_ros2/build/robot_nodes/build install --record /home/claudio/progetto_ros2/build/robot_nodes/install.log --single-version-externally-managed install_data
